ARM GAS  /tmp/ccvYmeZr.s 			page 1


   1              		.cpu cortex-m4
   2              		.eabi_attribute 27, 1
   3              		.eabi_attribute 28, 1
   4              		.eabi_attribute 20, 1
   5              		.eabi_attribute 21, 1
   6              		.eabi_attribute 23, 3
   7              		.eabi_attribute 24, 1
   8              		.eabi_attribute 25, 1
   9              		.eabi_attribute 26, 1
  10              		.eabi_attribute 30, 1
  11              		.eabi_attribute 34, 1
  12              		.eabi_attribute 18, 4
  13              		.file	"stm32f4xx_it.c"
  14              		.text
  15              	.Ltext0:
  16              		.cfi_sections	.debug_frame
  17              		.section	.text.SysTick_Handler,"ax",%progbits
  18              		.align	1
  19              		.global	SysTick_Handler
  20              		.syntax unified
  21              		.thumb
  22              		.thumb_func
  23              		.fpu fpv4-sp-d16
  25              	SysTick_Handler:
  26              	.LFB126:
  27              		.file 1 "Src/stm32f4xx_it.c"
   1:Src/stm32f4xx_it.c **** /**
   2:Src/stm32f4xx_it.c ****   ******************************************************************************
   3:Src/stm32f4xx_it.c ****   * @file    stm32f4xx_it.c
   4:Src/stm32f4xx_it.c ****   * @brief   Interrupt Service Routines.
   5:Src/stm32f4xx_it.c ****   ******************************************************************************
   6:Src/stm32f4xx_it.c ****   *
   7:Src/stm32f4xx_it.c ****   * COPYRIGHT(c) 2018 STMicroelectronics
   8:Src/stm32f4xx_it.c ****   *
   9:Src/stm32f4xx_it.c ****   * Redistribution and use in source and binary forms, with or without modification,
  10:Src/stm32f4xx_it.c ****   * are permitted provided that the following conditions are met:
  11:Src/stm32f4xx_it.c ****   *   1. Redistributions of source code must retain the above copyright notice,
  12:Src/stm32f4xx_it.c ****   *      this list of conditions and the following disclaimer.
  13:Src/stm32f4xx_it.c ****   *   2. Redistributions in binary form must reproduce the above copyright notice,
  14:Src/stm32f4xx_it.c ****   *      this list of conditions and the following disclaimer in the documentation
  15:Src/stm32f4xx_it.c ****   *      and/or other materials provided with the distribution.
  16:Src/stm32f4xx_it.c ****   *   3. Neither the name of STMicroelectronics nor the names of its contributors
  17:Src/stm32f4xx_it.c ****   *      may be used to endorse or promote products derived from this software
  18:Src/stm32f4xx_it.c ****   *      without specific prior written permission.
  19:Src/stm32f4xx_it.c ****   *
  20:Src/stm32f4xx_it.c ****   * THIS SOFTWARE IS PROVIDED BY THE COPYRIGHT HOLDERS AND CONTRIBUTORS "AS IS"
  21:Src/stm32f4xx_it.c ****   * AND ANY EXPRESS OR IMPLIED WARRANTIES, INCLUDING, BUT NOT LIMITED TO, THE
  22:Src/stm32f4xx_it.c ****   * IMPLIED WARRANTIES OF MERCHANTABILITY AND FITNESS FOR A PARTICULAR PURPOSE ARE
  23:Src/stm32f4xx_it.c ****   * DISCLAIMED. IN NO EVENT SHALL THE COPYRIGHT HOLDER OR CONTRIBUTORS BE LIABLE
  24:Src/stm32f4xx_it.c ****   * FOR ANY DIRECT, INDIRECT, INCIDENTAL, SPECIAL, EXEMPLARY, OR CONSEQUENTIAL
  25:Src/stm32f4xx_it.c ****   * DAMAGES (INCLUDING, BUT NOT LIMITED TO, PROCUREMENT OF SUBSTITUTE GOODS OR
  26:Src/stm32f4xx_it.c ****   * SERVICES; LOSS OF USE, DATA, OR PROFITS; OR BUSINESS INTERRUPTION) HOWEVER
  27:Src/stm32f4xx_it.c ****   * CAUSED AND ON ANY THEORY OF LIABILITY, WHETHER IN CONTRACT, STRICT LIABILITY,
  28:Src/stm32f4xx_it.c ****   * OR TORT (INCLUDING NEGLIGENCE OR OTHERWISE) ARISING IN ANY WAY OUT OF THE USE
  29:Src/stm32f4xx_it.c ****   * OF THIS SOFTWARE, EVEN IF ADVISED OF THE POSSIBILITY OF SUCH DAMAGE.
  30:Src/stm32f4xx_it.c ****   *
  31:Src/stm32f4xx_it.c ****   ******************************************************************************
ARM GAS  /tmp/ccvYmeZr.s 			page 2


  32:Src/stm32f4xx_it.c ****   */
  33:Src/stm32f4xx_it.c **** /* Includes ------------------------------------------------------------------*/
  34:Src/stm32f4xx_it.c **** #include "stm32f4xx_hal.h"
  35:Src/stm32f4xx_it.c **** #include "stm32f4xx.h"
  36:Src/stm32f4xx_it.c **** #include "stm32f4xx_it.h"
  37:Src/stm32f4xx_it.c **** 
  38:Src/stm32f4xx_it.c **** /* USER CODE BEGIN 0 */
  39:Src/stm32f4xx_it.c **** 
  40:Src/stm32f4xx_it.c **** /* USER CODE END 0 */
  41:Src/stm32f4xx_it.c **** 
  42:Src/stm32f4xx_it.c **** /* External variables --------------------------------------------------------*/
  43:Src/stm32f4xx_it.c **** extern I2C_HandleTypeDef hi2c3;
  44:Src/stm32f4xx_it.c **** extern DMA_HandleTypeDef hdma_usart1_rx;
  45:Src/stm32f4xx_it.c **** extern DMA_HandleTypeDef hdma_usart2_rx;
  46:Src/stm32f4xx_it.c **** extern DMA_HandleTypeDef hdma_usart6_rx;
  47:Src/stm32f4xx_it.c **** extern UART_HandleTypeDef huart1;
  48:Src/stm32f4xx_it.c **** extern UART_HandleTypeDef huart2;
  49:Src/stm32f4xx_it.c **** extern UART_HandleTypeDef huart6;
  50:Src/stm32f4xx_it.c **** 
  51:Src/stm32f4xx_it.c **** /******************************************************************************/
  52:Src/stm32f4xx_it.c **** /*            Cortex-M4 Processor Interruption and Exception Handlers         */ 
  53:Src/stm32f4xx_it.c **** /******************************************************************************/
  54:Src/stm32f4xx_it.c **** 
  55:Src/stm32f4xx_it.c **** /**
  56:Src/stm32f4xx_it.c **** * @brief This function handles System tick timer.
  57:Src/stm32f4xx_it.c **** */
  58:Src/stm32f4xx_it.c **** void SysTick_Handler(void)
  59:Src/stm32f4xx_it.c **** {
  28              		.loc 1 59 0
  29              		.cfi_startproc
  30              		@ args = 0, pretend = 0, frame = 0
  31              		@ frame_needed = 0, uses_anonymous_args = 0
  32 0000 08B5     		push	{r3, lr}
  33              	.LCFI0:
  34              		.cfi_def_cfa_offset 8
  35              		.cfi_offset 3, -8
  36              		.cfi_offset 14, -4
  60:Src/stm32f4xx_it.c ****   /* USER CODE BEGIN SysTick_IRQn 0 */
  61:Src/stm32f4xx_it.c **** 
  62:Src/stm32f4xx_it.c ****   /* USER CODE END SysTick_IRQn 0 */
  63:Src/stm32f4xx_it.c ****   HAL_IncTick();
  37              		.loc 1 63 0
  38 0002 FFF7FEFF 		bl	HAL_IncTick
  39              	.LVL0:
  64:Src/stm32f4xx_it.c ****   HAL_SYSTICK_IRQHandler();
  40              		.loc 1 64 0
  41 0006 FFF7FEFF 		bl	HAL_SYSTICK_IRQHandler
  42              	.LVL1:
  65:Src/stm32f4xx_it.c ****   /* USER CODE BEGIN SysTick_IRQn 1 */
  66:Src/stm32f4xx_it.c **** 
  67:Src/stm32f4xx_it.c ****   /* USER CODE END SysTick_IRQn 1 */
  68:Src/stm32f4xx_it.c **** }
  43              		.loc 1 68 0
  44 000a 08BD     		pop	{r3, pc}
  45              		.cfi_endproc
  46              	.LFE126:
  48              		.section	.text.DMA1_Stream5_IRQHandler,"ax",%progbits
ARM GAS  /tmp/ccvYmeZr.s 			page 3


  49              		.align	1
  50              		.global	DMA1_Stream5_IRQHandler
  51              		.syntax unified
  52              		.thumb
  53              		.thumb_func
  54              		.fpu fpv4-sp-d16
  56              	DMA1_Stream5_IRQHandler:
  57              	.LFB127:
  69:Src/stm32f4xx_it.c **** 
  70:Src/stm32f4xx_it.c **** /******************************************************************************/
  71:Src/stm32f4xx_it.c **** /* STM32F4xx Peripheral Interrupt Handlers                                    */
  72:Src/stm32f4xx_it.c **** /* Add here the Interrupt Handlers for the used peripherals.                  */
  73:Src/stm32f4xx_it.c **** /* For the available peripheral interrupt handler names,                      */
  74:Src/stm32f4xx_it.c **** /* please refer to the startup file (startup_stm32f4xx.s).                    */
  75:Src/stm32f4xx_it.c **** /******************************************************************************/
  76:Src/stm32f4xx_it.c **** 
  77:Src/stm32f4xx_it.c **** /**
  78:Src/stm32f4xx_it.c **** * @brief This function handles DMA1 stream5 global interrupt.
  79:Src/stm32f4xx_it.c **** */
  80:Src/stm32f4xx_it.c **** void DMA1_Stream5_IRQHandler(void)
  81:Src/stm32f4xx_it.c **** {
  58              		.loc 1 81 0
  59              		.cfi_startproc
  60              		@ args = 0, pretend = 0, frame = 0
  61              		@ frame_needed = 0, uses_anonymous_args = 0
  62 0000 08B5     		push	{r3, lr}
  63              	.LCFI1:
  64              		.cfi_def_cfa_offset 8
  65              		.cfi_offset 3, -8
  66              		.cfi_offset 14, -4
  82:Src/stm32f4xx_it.c ****   /* USER CODE BEGIN DMA1_Stream5_IRQn 0 */
  83:Src/stm32f4xx_it.c **** 
  84:Src/stm32f4xx_it.c ****   /* USER CODE END DMA1_Stream5_IRQn 0 */
  85:Src/stm32f4xx_it.c ****   HAL_DMA_IRQHandler(&hdma_usart2_rx);
  67              		.loc 1 85 0
  68 0002 0248     		ldr	r0, .L5
  69 0004 FFF7FEFF 		bl	HAL_DMA_IRQHandler
  70              	.LVL2:
  86:Src/stm32f4xx_it.c ****   /* USER CODE BEGIN DMA1_Stream5_IRQn 1 */
  87:Src/stm32f4xx_it.c **** 
  88:Src/stm32f4xx_it.c ****   /* USER CODE END DMA1_Stream5_IRQn 1 */
  89:Src/stm32f4xx_it.c **** }
  71              		.loc 1 89 0
  72 0008 08BD     		pop	{r3, pc}
  73              	.L6:
  74 000a 00BF     		.align	2
  75              	.L5:
  76 000c 00000000 		.word	hdma_usart2_rx
  77              		.cfi_endproc
  78              	.LFE127:
  80              		.section	.text.USART1_IRQHandler,"ax",%progbits
  81              		.align	1
  82              		.global	USART1_IRQHandler
  83              		.syntax unified
  84              		.thumb
  85              		.thumb_func
  86              		.fpu fpv4-sp-d16
ARM GAS  /tmp/ccvYmeZr.s 			page 4


  88              	USART1_IRQHandler:
  89              	.LFB128:
  90:Src/stm32f4xx_it.c **** 
  91:Src/stm32f4xx_it.c **** /**
  92:Src/stm32f4xx_it.c **** * @brief This function handles USART1 global interrupt.
  93:Src/stm32f4xx_it.c **** */
  94:Src/stm32f4xx_it.c **** void USART1_IRQHandler(void)
  95:Src/stm32f4xx_it.c **** {
  90              		.loc 1 95 0
  91              		.cfi_startproc
  92              		@ args = 0, pretend = 0, frame = 0
  93              		@ frame_needed = 0, uses_anonymous_args = 0
  94 0000 08B5     		push	{r3, lr}
  95              	.LCFI2:
  96              		.cfi_def_cfa_offset 8
  97              		.cfi_offset 3, -8
  98              		.cfi_offset 14, -4
  96:Src/stm32f4xx_it.c ****   /* USER CODE BEGIN USART1_IRQn 0 */
  97:Src/stm32f4xx_it.c **** 
  98:Src/stm32f4xx_it.c ****   /* USER CODE END USART1_IRQn 0 */
  99:Src/stm32f4xx_it.c ****   HAL_UART_IRQHandler(&huart1);
  99              		.loc 1 99 0
 100 0002 0248     		ldr	r0, .L9
 101 0004 FFF7FEFF 		bl	HAL_UART_IRQHandler
 102              	.LVL3:
 100:Src/stm32f4xx_it.c ****   /* USER CODE BEGIN USART1_IRQn 1 */
 101:Src/stm32f4xx_it.c **** 
 102:Src/stm32f4xx_it.c ****   /* USER CODE END USART1_IRQn 1 */
 103:Src/stm32f4xx_it.c **** }
 103              		.loc 1 103 0
 104 0008 08BD     		pop	{r3, pc}
 105              	.L10:
 106 000a 00BF     		.align	2
 107              	.L9:
 108 000c 00000000 		.word	huart1
 109              		.cfi_endproc
 110              	.LFE128:
 112              		.section	.text.USART2_IRQHandler,"ax",%progbits
 113              		.align	1
 114              		.global	USART2_IRQHandler
 115              		.syntax unified
 116              		.thumb
 117              		.thumb_func
 118              		.fpu fpv4-sp-d16
 120              	USART2_IRQHandler:
 121              	.LFB129:
 104:Src/stm32f4xx_it.c **** 
 105:Src/stm32f4xx_it.c **** /**
 106:Src/stm32f4xx_it.c **** * @brief This function handles USART2 global interrupt.
 107:Src/stm32f4xx_it.c **** */
 108:Src/stm32f4xx_it.c **** void USART2_IRQHandler(void)
 109:Src/stm32f4xx_it.c **** {
 122              		.loc 1 109 0
 123              		.cfi_startproc
 124              		@ args = 0, pretend = 0, frame = 0
 125              		@ frame_needed = 0, uses_anonymous_args = 0
 126 0000 08B5     		push	{r3, lr}
ARM GAS  /tmp/ccvYmeZr.s 			page 5


 127              	.LCFI3:
 128              		.cfi_def_cfa_offset 8
 129              		.cfi_offset 3, -8
 130              		.cfi_offset 14, -4
 110:Src/stm32f4xx_it.c ****   /* USER CODE BEGIN USART2_IRQn 0 */
 111:Src/stm32f4xx_it.c **** 
 112:Src/stm32f4xx_it.c ****   /* USER CODE END USART2_IRQn 0 */
 113:Src/stm32f4xx_it.c ****   HAL_UART_IRQHandler(&huart2);
 131              		.loc 1 113 0
 132 0002 0248     		ldr	r0, .L13
 133 0004 FFF7FEFF 		bl	HAL_UART_IRQHandler
 134              	.LVL4:
 114:Src/stm32f4xx_it.c ****   /* USER CODE BEGIN USART2_IRQn 1 */
 115:Src/stm32f4xx_it.c **** 
 116:Src/stm32f4xx_it.c ****   /* USER CODE END USART2_IRQn 1 */
 117:Src/stm32f4xx_it.c **** }
 135              		.loc 1 117 0
 136 0008 08BD     		pop	{r3, pc}
 137              	.L14:
 138 000a 00BF     		.align	2
 139              	.L13:
 140 000c 00000000 		.word	huart2
 141              		.cfi_endproc
 142              	.LFE129:
 144              		.section	.text.DMA2_Stream1_IRQHandler,"ax",%progbits
 145              		.align	1
 146              		.global	DMA2_Stream1_IRQHandler
 147              		.syntax unified
 148              		.thumb
 149              		.thumb_func
 150              		.fpu fpv4-sp-d16
 152              	DMA2_Stream1_IRQHandler:
 153              	.LFB130:
 118:Src/stm32f4xx_it.c **** 
 119:Src/stm32f4xx_it.c **** /**
 120:Src/stm32f4xx_it.c **** * @brief This function handles DMA2 stream1 global interrupt.
 121:Src/stm32f4xx_it.c **** */
 122:Src/stm32f4xx_it.c **** void DMA2_Stream1_IRQHandler(void)
 123:Src/stm32f4xx_it.c **** {
 154              		.loc 1 123 0
 155              		.cfi_startproc
 156              		@ args = 0, pretend = 0, frame = 0
 157              		@ frame_needed = 0, uses_anonymous_args = 0
 158 0000 08B5     		push	{r3, lr}
 159              	.LCFI4:
 160              		.cfi_def_cfa_offset 8
 161              		.cfi_offset 3, -8
 162              		.cfi_offset 14, -4
 124:Src/stm32f4xx_it.c ****   /* USER CODE BEGIN DMA2_Stream1_IRQn 0 */
 125:Src/stm32f4xx_it.c **** 
 126:Src/stm32f4xx_it.c ****   /* USER CODE END DMA2_Stream1_IRQn 0 */
 127:Src/stm32f4xx_it.c ****   HAL_DMA_IRQHandler(&hdma_usart6_rx);
 163              		.loc 1 127 0
 164 0002 0248     		ldr	r0, .L17
 165 0004 FFF7FEFF 		bl	HAL_DMA_IRQHandler
 166              	.LVL5:
 128:Src/stm32f4xx_it.c ****   /* USER CODE BEGIN DMA2_Stream1_IRQn 1 */
ARM GAS  /tmp/ccvYmeZr.s 			page 6


 129:Src/stm32f4xx_it.c **** 
 130:Src/stm32f4xx_it.c ****   /* USER CODE END DMA2_Stream1_IRQn 1 */
 131:Src/stm32f4xx_it.c **** }
 167              		.loc 1 131 0
 168 0008 08BD     		pop	{r3, pc}
 169              	.L18:
 170 000a 00BF     		.align	2
 171              	.L17:
 172 000c 00000000 		.word	hdma_usart6_rx
 173              		.cfi_endproc
 174              	.LFE130:
 176              		.section	.text.DMA2_Stream2_IRQHandler,"ax",%progbits
 177              		.align	1
 178              		.global	DMA2_Stream2_IRQHandler
 179              		.syntax unified
 180              		.thumb
 181              		.thumb_func
 182              		.fpu fpv4-sp-d16
 184              	DMA2_Stream2_IRQHandler:
 185              	.LFB131:
 132:Src/stm32f4xx_it.c **** 
 133:Src/stm32f4xx_it.c **** /**
 134:Src/stm32f4xx_it.c **** * @brief This function handles DMA2 stream2 global interrupt.
 135:Src/stm32f4xx_it.c **** */
 136:Src/stm32f4xx_it.c **** void DMA2_Stream2_IRQHandler(void)
 137:Src/stm32f4xx_it.c **** {
 186              		.loc 1 137 0
 187              		.cfi_startproc
 188              		@ args = 0, pretend = 0, frame = 0
 189              		@ frame_needed = 0, uses_anonymous_args = 0
 190 0000 08B5     		push	{r3, lr}
 191              	.LCFI5:
 192              		.cfi_def_cfa_offset 8
 193              		.cfi_offset 3, -8
 194              		.cfi_offset 14, -4
 138:Src/stm32f4xx_it.c ****   /* USER CODE BEGIN DMA2_Stream2_IRQn 0 */
 139:Src/stm32f4xx_it.c **** 
 140:Src/stm32f4xx_it.c ****   /* USER CODE END DMA2_Stream2_IRQn 0 */
 141:Src/stm32f4xx_it.c ****   HAL_DMA_IRQHandler(&hdma_usart1_rx);
 195              		.loc 1 141 0
 196 0002 0248     		ldr	r0, .L21
 197 0004 FFF7FEFF 		bl	HAL_DMA_IRQHandler
 198              	.LVL6:
 142:Src/stm32f4xx_it.c ****   /* USER CODE BEGIN DMA2_Stream2_IRQn 1 */
 143:Src/stm32f4xx_it.c **** 
 144:Src/stm32f4xx_it.c ****   /* USER CODE END DMA2_Stream2_IRQn 1 */
 145:Src/stm32f4xx_it.c **** }
 199              		.loc 1 145 0
 200 0008 08BD     		pop	{r3, pc}
 201              	.L22:
 202 000a 00BF     		.align	2
 203              	.L21:
 204 000c 00000000 		.word	hdma_usart1_rx
 205              		.cfi_endproc
 206              	.LFE131:
 208              		.section	.text.USART6_IRQHandler,"ax",%progbits
 209              		.align	1
ARM GAS  /tmp/ccvYmeZr.s 			page 7


 210              		.global	USART6_IRQHandler
 211              		.syntax unified
 212              		.thumb
 213              		.thumb_func
 214              		.fpu fpv4-sp-d16
 216              	USART6_IRQHandler:
 217              	.LFB132:
 146:Src/stm32f4xx_it.c **** 
 147:Src/stm32f4xx_it.c **** /**
 148:Src/stm32f4xx_it.c **** * @brief This function handles USART6 global interrupt.
 149:Src/stm32f4xx_it.c **** */
 150:Src/stm32f4xx_it.c **** void USART6_IRQHandler(void)
 151:Src/stm32f4xx_it.c **** {
 218              		.loc 1 151 0
 219              		.cfi_startproc
 220              		@ args = 0, pretend = 0, frame = 0
 221              		@ frame_needed = 0, uses_anonymous_args = 0
 222 0000 08B5     		push	{r3, lr}
 223              	.LCFI6:
 224              		.cfi_def_cfa_offset 8
 225              		.cfi_offset 3, -8
 226              		.cfi_offset 14, -4
 152:Src/stm32f4xx_it.c ****   /* USER CODE BEGIN USART6_IRQn 0 */
 153:Src/stm32f4xx_it.c **** 
 154:Src/stm32f4xx_it.c ****   /* USER CODE END USART6_IRQn 0 */
 155:Src/stm32f4xx_it.c ****   HAL_UART_IRQHandler(&huart6);
 227              		.loc 1 155 0
 228 0002 0248     		ldr	r0, .L25
 229 0004 FFF7FEFF 		bl	HAL_UART_IRQHandler
 230              	.LVL7:
 156:Src/stm32f4xx_it.c ****   /* USER CODE BEGIN USART6_IRQn 1 */
 157:Src/stm32f4xx_it.c **** 
 158:Src/stm32f4xx_it.c ****   /* USER CODE END USART6_IRQn 1 */
 159:Src/stm32f4xx_it.c **** }
 231              		.loc 1 159 0
 232 0008 08BD     		pop	{r3, pc}
 233              	.L26:
 234 000a 00BF     		.align	2
 235              	.L25:
 236 000c 00000000 		.word	huart6
 237              		.cfi_endproc
 238              	.LFE132:
 240              		.section	.text.I2C3_EV_IRQHandler,"ax",%progbits
 241              		.align	1
 242              		.global	I2C3_EV_IRQHandler
 243              		.syntax unified
 244              		.thumb
 245              		.thumb_func
 246              		.fpu fpv4-sp-d16
 248              	I2C3_EV_IRQHandler:
 249              	.LFB133:
 160:Src/stm32f4xx_it.c **** 
 161:Src/stm32f4xx_it.c **** /**
 162:Src/stm32f4xx_it.c **** * @brief This function handles I2C3 event interrupt.
 163:Src/stm32f4xx_it.c **** */
 164:Src/stm32f4xx_it.c **** void I2C3_EV_IRQHandler(void)
 165:Src/stm32f4xx_it.c **** {
ARM GAS  /tmp/ccvYmeZr.s 			page 8


 250              		.loc 1 165 0
 251              		.cfi_startproc
 252              		@ args = 0, pretend = 0, frame = 0
 253              		@ frame_needed = 0, uses_anonymous_args = 0
 254 0000 08B5     		push	{r3, lr}
 255              	.LCFI7:
 256              		.cfi_def_cfa_offset 8
 257              		.cfi_offset 3, -8
 258              		.cfi_offset 14, -4
 166:Src/stm32f4xx_it.c ****   /* USER CODE BEGIN I2C3_EV_IRQn 0 */
 167:Src/stm32f4xx_it.c **** 
 168:Src/stm32f4xx_it.c ****   /* USER CODE END I2C3_EV_IRQn 0 */
 169:Src/stm32f4xx_it.c ****   HAL_I2C_EV_IRQHandler(&hi2c3);
 259              		.loc 1 169 0
 260 0002 0248     		ldr	r0, .L29
 261 0004 FFF7FEFF 		bl	HAL_I2C_EV_IRQHandler
 262              	.LVL8:
 170:Src/stm32f4xx_it.c ****   /* USER CODE BEGIN I2C3_EV_IRQn 1 */
 171:Src/stm32f4xx_it.c **** 
 172:Src/stm32f4xx_it.c ****   /* USER CODE END I2C3_EV_IRQn 1 */
 173:Src/stm32f4xx_it.c **** }
 263              		.loc 1 173 0
 264 0008 08BD     		pop	{r3, pc}
 265              	.L30:
 266 000a 00BF     		.align	2
 267              	.L29:
 268 000c 00000000 		.word	hi2c3
 269              		.cfi_endproc
 270              	.LFE133:
 272              		.text
 273              	.Letext0:
 274              		.file 2 "/usr/arm-none-eabi/include/machine/_default_types.h"
 275              		.file 3 "/usr/arm-none-eabi/include/sys/_stdint.h"
 276              		.file 4 "Drivers/CMSIS/Include/core_cm4.h"
 277              		.file 5 "Drivers/CMSIS/Device/ST/STM32F4xx/Include/system_stm32f4xx.h"
 278              		.file 6 "Drivers/CMSIS/Device/ST/STM32F4xx/Include/stm32f401xe.h"
 279              		.file 7 "/usr/arm-none-eabi/include/sys/lock.h"
 280              		.file 8 "/usr/arm-none-eabi/include/sys/_types.h"
 281              		.file 9 "/usr/lib/gcc/arm-none-eabi/7.3.0/include/stddef.h"
 282              		.file 10 "/usr/arm-none-eabi/include/sys/reent.h"
 283              		.file 11 "Drivers/STM32F4xx_HAL_Driver/Inc/stm32f4xx_hal_def.h"
 284              		.file 12 "Drivers/STM32F4xx_HAL_Driver/Inc/stm32f4xx_hal_dma.h"
 285              		.file 13 "Drivers/STM32F4xx_HAL_Driver/Inc/stm32f4xx_hal_i2c.h"
 286              		.file 14 "Drivers/STM32F4xx_HAL_Driver/Inc/stm32f4xx_hal_uart.h"
 287              		.file 15 "Drivers/STM32F4xx_HAL_Driver/Inc/stm32f4xx_hal.h"
 288              		.file 16 "Drivers/STM32F4xx_HAL_Driver/Inc/stm32f4xx_hal_cortex.h"
ARM GAS  /tmp/ccvYmeZr.s 			page 9


DEFINED SYMBOLS
                            *ABS*:0000000000000000 stm32f4xx_it.c
     /tmp/ccvYmeZr.s:18     .text.SysTick_Handler:0000000000000000 $t
     /tmp/ccvYmeZr.s:25     .text.SysTick_Handler:0000000000000000 SysTick_Handler
     /tmp/ccvYmeZr.s:49     .text.DMA1_Stream5_IRQHandler:0000000000000000 $t
     /tmp/ccvYmeZr.s:56     .text.DMA1_Stream5_IRQHandler:0000000000000000 DMA1_Stream5_IRQHandler
     /tmp/ccvYmeZr.s:76     .text.DMA1_Stream5_IRQHandler:000000000000000c $d
     /tmp/ccvYmeZr.s:81     .text.USART1_IRQHandler:0000000000000000 $t
     /tmp/ccvYmeZr.s:88     .text.USART1_IRQHandler:0000000000000000 USART1_IRQHandler
     /tmp/ccvYmeZr.s:108    .text.USART1_IRQHandler:000000000000000c $d
     /tmp/ccvYmeZr.s:113    .text.USART2_IRQHandler:0000000000000000 $t
     /tmp/ccvYmeZr.s:120    .text.USART2_IRQHandler:0000000000000000 USART2_IRQHandler
     /tmp/ccvYmeZr.s:140    .text.USART2_IRQHandler:000000000000000c $d
     /tmp/ccvYmeZr.s:145    .text.DMA2_Stream1_IRQHandler:0000000000000000 $t
     /tmp/ccvYmeZr.s:152    .text.DMA2_Stream1_IRQHandler:0000000000000000 DMA2_Stream1_IRQHandler
     /tmp/ccvYmeZr.s:172    .text.DMA2_Stream1_IRQHandler:000000000000000c $d
     /tmp/ccvYmeZr.s:177    .text.DMA2_Stream2_IRQHandler:0000000000000000 $t
     /tmp/ccvYmeZr.s:184    .text.DMA2_Stream2_IRQHandler:0000000000000000 DMA2_Stream2_IRQHandler
     /tmp/ccvYmeZr.s:204    .text.DMA2_Stream2_IRQHandler:000000000000000c $d
     /tmp/ccvYmeZr.s:209    .text.USART6_IRQHandler:0000000000000000 $t
     /tmp/ccvYmeZr.s:216    .text.USART6_IRQHandler:0000000000000000 USART6_IRQHandler
     /tmp/ccvYmeZr.s:236    .text.USART6_IRQHandler:000000000000000c $d
     /tmp/ccvYmeZr.s:241    .text.I2C3_EV_IRQHandler:0000000000000000 $t
     /tmp/ccvYmeZr.s:248    .text.I2C3_EV_IRQHandler:0000000000000000 I2C3_EV_IRQHandler
     /tmp/ccvYmeZr.s:268    .text.I2C3_EV_IRQHandler:000000000000000c $d

UNDEFINED SYMBOLS
HAL_IncTick
HAL_SYSTICK_IRQHandler
HAL_DMA_IRQHandler
hdma_usart2_rx
HAL_UART_IRQHandler
huart1
huart2
hdma_usart6_rx
hdma_usart1_rx
huart6
HAL_I2C_EV_IRQHandler
hi2c3
