ARM GAS  /tmp/ccFmGkf0.s 			page 1


   1              		.cpu cortex-m4
   2              		.eabi_attribute 27, 1
   3              		.eabi_attribute 28, 1
   4              		.eabi_attribute 20, 1
   5              		.eabi_attribute 21, 1
   6              		.eabi_attribute 23, 3
   7              		.eabi_attribute 24, 1
   8              		.eabi_attribute 25, 1
   9              		.eabi_attribute 26, 1
  10              		.eabi_attribute 30, 1
  11              		.eabi_attribute 34, 1
  12              		.eabi_attribute 18, 4
  13              		.file	"vl53l0x_platform_log.c"
  14              		.text
  15              	.Ltext0:
  16              		.cfi_sections	.debug_frame
  17              		.global	_trace_functions
  18              		.global	_trace_modules
  19              		.global	_trace_level
  20              		.section	.bss._trace_functions,"aw",%nobits
  21              		.align	2
  24              	_trace_functions:
  25 0000 00000000 		.space	4
  26              		.section	.bss._trace_modules,"aw",%nobits
  27              		.align	2
  30              	_trace_modules:
  31 0000 00000000 		.space	4
  32              		.section	.data._trace_level,"aw",%progbits
  33              		.align	2
  36              	_trace_level:
  37 0000 02000000 		.word	2
  38              		.text
  39              	.Letext0:
  40              		.file 1 "/usr/arm-none-eabi/include/machine/_default_types.h"
  41              		.file 2 "/usr/arm-none-eabi/include/sys/lock.h"
  42              		.file 3 "/usr/arm-none-eabi/include/sys/_types.h"
  43              		.file 4 "/usr/lib/gcc/arm-none-eabi/7.3.0/include/stddef.h"
  44              		.file 5 "/usr/arm-none-eabi/include/sys/reent.h"
  45              		.file 6 "/usr/arm-none-eabi/include/sys/_stdint.h"
  46              		.file 7 "Drivers/VL53L0X/API/vl53l0x_platform_log.h"
  47              		.file 8 "Drivers/VL53L0X/API/vl53l0x_platform_log.c"
ARM GAS  /tmp/ccFmGkf0.s 			page 2


DEFINED SYMBOLS
                            *ABS*:0000000000000000 vl53l0x_platform_log.c
     /tmp/ccFmGkf0.s:24     .bss._trace_functions:0000000000000000 _trace_functions
     /tmp/ccFmGkf0.s:30     .bss._trace_modules:0000000000000000 _trace_modules
     /tmp/ccFmGkf0.s:36     .data._trace_level:0000000000000000 _trace_level
     /tmp/ccFmGkf0.s:21     .bss._trace_functions:0000000000000000 $d
     /tmp/ccFmGkf0.s:27     .bss._trace_modules:0000000000000000 $d
     /tmp/ccFmGkf0.s:33     .data._trace_level:0000000000000000 $d

NO UNDEFINED SYMBOLS
