ARM GAS  /tmp/ccRv2ogP.s 			page 1


   1              		.cpu cortex-m4
   2              		.eabi_attribute 27, 1
   3              		.eabi_attribute 28, 1
   4              		.eabi_attribute 20, 1
   5              		.eabi_attribute 21, 1
   6              		.eabi_attribute 23, 3
   7              		.eabi_attribute 24, 1
   8              		.eabi_attribute 25, 1
   9              		.eabi_attribute 26, 1
  10              		.eabi_attribute 30, 6
  11              		.eabi_attribute 34, 1
  12              		.eabi_attribute 18, 4
  13              		.file	"fsm_position_pts.c"
  14              		.text
  15              	.Ltext0:
  16              		.cfi_sections	.debug_frame
  17              		.section	.rodata.CHANNEL_OFFSET_TAB,"a",%progbits
  18              		.align	2
  21              	CHANNEL_OFFSET_TAB:
  22 0000 08       		.byte	8
  23 0001 1C       		.byte	28
  24 0002 30       		.byte	48
  25 0003 44       		.byte	68
  26 0004 58       		.byte	88
  27 0005 6C       		.byte	108
  28 0006 80       		.byte	-128
  29              		.section	.text.FSM_Pts_Run,"ax",%progbits
  30              		.align	1
  31              		.global	FSM_Pts_Run
  32              		.syntax unified
  33              		.thumb
  34              		.thumb_func
  35              		.fpu fpv4-sp-d16
  37              	FSM_Pts_Run:
  38              	.LFB728:
  39              		.file 1 "Src/fsm_position_pts.c"
   1:Src/fsm_position_pts.c **** /* inspired by https://techthetroll.files.wordpress.com/2016/07/trajectoire_courbe.pdf
   2:Src/fsm_position_pts.c **** from Pierre-François GIMENEZ pierre-francois.gimenez@irit.fr
   3:Src/fsm_position_pts.c **** */
   4:Src/fsm_position_pts.c **** 
   5:Src/fsm_position_pts.c **** #include "fsm_position_pts.h"
   6:Src/fsm_position_pts.c **** 
   7:Src/fsm_position_pts.c **** extern PID_SPEED_DATA pid_sum;
   8:Src/fsm_position_pts.c **** extern PID_SPEED_DATA pid_diff;
   9:Src/fsm_position_pts.c **** 
  10:Src/fsm_position_pts.c **** void FSM_Pts_Run(FSM_Instance *fsm)
  11:Src/fsm_position_pts.c **** {
  40              		.loc 1 11 0
  41              		.cfi_startproc
  42              		@ args = 0, pretend = 0, frame = 8
  43              		@ frame_needed = 1, uses_anonymous_args = 0
  44              		@ link register save eliminated.
  45 0000 80B4     		push	{r7}
  46              	.LCFI0:
  47              		.cfi_def_cfa_offset 4
  48              		.cfi_offset 7, -4
  49 0002 83B0     		sub	sp, sp, #12
ARM GAS  /tmp/ccRv2ogP.s 			page 2


  50              	.LCFI1:
  51              		.cfi_def_cfa_offset 16
  52 0004 00AF     		add	r7, sp, #0
  53              	.LCFI2:
  54              		.cfi_def_cfa_register 7
  55 0006 7860     		str	r0, [r7, #4]
  12:Src/fsm_position_pts.c ****   
  13:Src/fsm_position_pts.c **** }
  56              		.loc 1 13 0
  57 0008 00BF     		nop
  58 000a 0C37     		adds	r7, r7, #12
  59              	.LCFI3:
  60              		.cfi_def_cfa_offset 4
  61 000c BD46     		mov	sp, r7
  62              	.LCFI4:
  63              		.cfi_def_cfa_register 13
  64              		@ sp needed
  65 000e 5DF8047B 		ldr	r7, [sp], #4
  66              	.LCFI5:
  67              		.cfi_restore 7
  68              		.cfi_def_cfa_offset 0
  69 0012 7047     		bx	lr
  70              		.cfi_endproc
  71              	.LFE728:
  73              		.text
  74              	.Letext0:
  75              		.file 2 "/usr/arm-none-eabi/include/machine/_default_types.h"
  76              		.file 3 "/usr/arm-none-eabi/include/sys/_stdint.h"
  77              		.file 4 "Drivers/CMSIS/Include/core_cm4.h"
  78              		.file 5 "Drivers/CMSIS/Device/ST/STM32F3xx/Include/system_stm32f3xx.h"
  79              		.file 6 "/usr/arm-none-eabi/include/sys/lock.h"
  80              		.file 7 "/usr/arm-none-eabi/include/sys/_types.h"
  81              		.file 8 "/usr/lib/gcc/arm-none-eabi/7.3.0/include/stddef.h"
  82              		.file 9 "/usr/arm-none-eabi/include/sys/reent.h"
  83              		.file 10 "Inc/fsm_master.h"
  84              		.file 11 "/usr/arm-none-eabi/include/stdlib.h"
  85              		.file 12 "Inc/Robotronik_corp_pid.h"
  86              		.file 13 "/usr/arm-none-eabi/include/math.h"
  87              		.file 14 "Drivers/STM32F3xx_HAL_Driver/Inc/stm32f3xx_ll_dma.h"
ARM GAS  /tmp/ccRv2ogP.s 			page 3


DEFINED SYMBOLS
                            *ABS*:0000000000000000 fsm_position_pts.c
     /tmp/ccRv2ogP.s:18     .rodata.CHANNEL_OFFSET_TAB:0000000000000000 $d
     /tmp/ccRv2ogP.s:21     .rodata.CHANNEL_OFFSET_TAB:0000000000000000 CHANNEL_OFFSET_TAB
     /tmp/ccRv2ogP.s:30     .text.FSM_Pts_Run:0000000000000000 $t
     /tmp/ccRv2ogP.s:37     .text.FSM_Pts_Run:0000000000000000 FSM_Pts_Run

NO UNDEFINED SYMBOLS
