ARM GAS  /tmp/ccMplG6C.s 			page 1


   1              		.cpu cortex-m4
   2              		.eabi_attribute 27, 1
   3              		.eabi_attribute 28, 1
   4              		.eabi_attribute 20, 1
   5              		.eabi_attribute 21, 1
   6              		.eabi_attribute 23, 3
   7              		.eabi_attribute 24, 1
   8              		.eabi_attribute 25, 1
   9              		.eabi_attribute 26, 1
  10              		.eabi_attribute 30, 6
  11              		.eabi_attribute 34, 1
  12              		.eabi_attribute 18, 4
  13              		.file	"i2c.c"
  14              		.text
  15              	.Ltext0:
  16              		.cfi_sections	.debug_frame
  17              		.section	.rodata.CHANNEL_OFFSET_TAB,"a",%progbits
  18              		.align	2
  21              	CHANNEL_OFFSET_TAB:
  22 0000 08       		.byte	8
  23 0001 1C       		.byte	28
  24 0002 30       		.byte	48
  25 0003 44       		.byte	68
  26 0004 58       		.byte	88
  27 0005 6C       		.byte	108
  28 0006 80       		.byte	-128
  29              		.comm	hi2c1,76,4
  30              		.section	.rodata
  31              		.align	2
  32              	.LC0:
  33 0000 5372632F 		.ascii	"Src/i2c.c\000"
  33      6932632E 
  33      6300
  34              		.section	.text.MX_I2C1_Init,"ax",%progbits
  35              		.align	1
  36              		.global	MX_I2C1_Init
  37              		.syntax unified
  38              		.thumb
  39              		.thumb_func
  40              		.fpu fpv4-sp-d16
  42              	MX_I2C1_Init:
  43              	.LFB695:
  44              		.file 1 "Src/i2c.c"
   1:Src/i2c.c     **** /**
   2:Src/i2c.c     ****   ******************************************************************************
   3:Src/i2c.c     ****   * File Name          : I2C.c
   4:Src/i2c.c     ****   * Description        : This file provides code for the configuration
   5:Src/i2c.c     ****   *                      of the I2C instances.
   6:Src/i2c.c     ****   ******************************************************************************
   7:Src/i2c.c     ****   ** This notice applies to any and all portions of this file
   8:Src/i2c.c     ****   * that are not between comment pairs USER CODE BEGIN and
   9:Src/i2c.c     ****   * USER CODE END. Other portions of this file, whether 
  10:Src/i2c.c     ****   * inserted by the user or by software development tools
  11:Src/i2c.c     ****   * are owned by their respective copyright owners.
  12:Src/i2c.c     ****   *
  13:Src/i2c.c     ****   * COPYRIGHT(c) 2018 STMicroelectronics
  14:Src/i2c.c     ****   *
ARM GAS  /tmp/ccMplG6C.s 			page 2


  15:Src/i2c.c     ****   * Redistribution and use in source and binary forms, with or without modification,
  16:Src/i2c.c     ****   * are permitted provided that the following conditions are met:
  17:Src/i2c.c     ****   *   1. Redistributions of source code must retain the above copyright notice,
  18:Src/i2c.c     ****   *      this list of conditions and the following disclaimer.
  19:Src/i2c.c     ****   *   2. Redistributions in binary form must reproduce the above copyright notice,
  20:Src/i2c.c     ****   *      this list of conditions and the following disclaimer in the documentation
  21:Src/i2c.c     ****   *      and/or other materials provided with the distribution.
  22:Src/i2c.c     ****   *   3. Neither the name of STMicroelectronics nor the names of its contributors
  23:Src/i2c.c     ****   *      may be used to endorse or promote products derived from this software
  24:Src/i2c.c     ****   *      without specific prior written permission.
  25:Src/i2c.c     ****   *
  26:Src/i2c.c     ****   * THIS SOFTWARE IS PROVIDED BY THE COPYRIGHT HOLDERS AND CONTRIBUTORS "AS IS"
  27:Src/i2c.c     ****   * AND ANY EXPRESS OR IMPLIED WARRANTIES, INCLUDING, BUT NOT LIMITED TO, THE
  28:Src/i2c.c     ****   * IMPLIED WARRANTIES OF MERCHANTABILITY AND FITNESS FOR A PARTICULAR PURPOSE ARE
  29:Src/i2c.c     ****   * DISCLAIMED. IN NO EVENT SHALL THE COPYRIGHT HOLDER OR CONTRIBUTORS BE LIABLE
  30:Src/i2c.c     ****   * FOR ANY DIRECT, INDIRECT, INCIDENTAL, SPECIAL, EXEMPLARY, OR CONSEQUENTIAL
  31:Src/i2c.c     ****   * DAMAGES (INCLUDING, BUT NOT LIMITED TO, PROCUREMENT OF SUBSTITUTE GOODS OR
  32:Src/i2c.c     ****   * SERVICES; LOSS OF USE, DATA, OR PROFITS; OR BUSINESS INTERRUPTION) HOWEVER
  33:Src/i2c.c     ****   * CAUSED AND ON ANY THEORY OF LIABILITY, WHETHER IN CONTRACT, STRICT LIABILITY,
  34:Src/i2c.c     ****   * OR TORT (INCLUDING NEGLIGENCE OR OTHERWISE) ARISING IN ANY WAY OUT OF THE USE
  35:Src/i2c.c     ****   * OF THIS SOFTWARE, EVEN IF ADVISED OF THE POSSIBILITY OF SUCH DAMAGE.
  36:Src/i2c.c     ****   *
  37:Src/i2c.c     ****   ******************************************************************************
  38:Src/i2c.c     ****   */
  39:Src/i2c.c     **** 
  40:Src/i2c.c     **** /* Includes ------------------------------------------------------------------*/
  41:Src/i2c.c     **** #include "i2c.h"
  42:Src/i2c.c     **** 
  43:Src/i2c.c     **** #include "gpio.h"
  44:Src/i2c.c     **** 
  45:Src/i2c.c     **** /* USER CODE BEGIN 0 */
  46:Src/i2c.c     **** 
  47:Src/i2c.c     **** /* USER CODE END 0 */
  48:Src/i2c.c     **** 
  49:Src/i2c.c     **** I2C_HandleTypeDef hi2c1;
  50:Src/i2c.c     **** 
  51:Src/i2c.c     **** /* I2C1 init function */
  52:Src/i2c.c     **** void MX_I2C1_Init(void)
  53:Src/i2c.c     **** {
  45              		.loc 1 53 0
  46              		.cfi_startproc
  47              		@ args = 0, pretend = 0, frame = 0
  48              		@ frame_needed = 1, uses_anonymous_args = 0
  49 0000 80B5     		push	{r7, lr}
  50              	.LCFI0:
  51              		.cfi_def_cfa_offset 8
  52              		.cfi_offset 7, -8
  53              		.cfi_offset 14, -4
  54 0002 00AF     		add	r7, sp, #0
  55              	.LCFI1:
  56              		.cfi_def_cfa_register 7
  54:Src/i2c.c     **** 
  55:Src/i2c.c     ****   hi2c1.Instance = I2C1;
  57              		.loc 1 55 0
  58 0004 1E4B     		ldr	r3, .L6
  59 0006 1F4A     		ldr	r2, .L6+4
  60 0008 1A60     		str	r2, [r3]
ARM GAS  /tmp/ccMplG6C.s 			page 3


  56:Src/i2c.c     ****   hi2c1.Init.Timing = 0x2000090E;
  61              		.loc 1 56 0
  62 000a 1D4B     		ldr	r3, .L6
  63 000c 1E4A     		ldr	r2, .L6+8
  64 000e 5A60     		str	r2, [r3, #4]
  57:Src/i2c.c     ****   hi2c1.Init.OwnAddress1 = 0;
  65              		.loc 1 57 0
  66 0010 1B4B     		ldr	r3, .L6
  67 0012 0022     		movs	r2, #0
  68 0014 9A60     		str	r2, [r3, #8]
  58:Src/i2c.c     ****   hi2c1.Init.AddressingMode = I2C_ADDRESSINGMODE_7BIT;
  69              		.loc 1 58 0
  70 0016 1A4B     		ldr	r3, .L6
  71 0018 0122     		movs	r2, #1
  72 001a DA60     		str	r2, [r3, #12]
  59:Src/i2c.c     ****   hi2c1.Init.DualAddressMode = I2C_DUALADDRESS_DISABLE;
  73              		.loc 1 59 0
  74 001c 184B     		ldr	r3, .L6
  75 001e 0022     		movs	r2, #0
  76 0020 1A61     		str	r2, [r3, #16]
  60:Src/i2c.c     ****   hi2c1.Init.OwnAddress2 = 0;
  77              		.loc 1 60 0
  78 0022 174B     		ldr	r3, .L6
  79 0024 0022     		movs	r2, #0
  80 0026 5A61     		str	r2, [r3, #20]
  61:Src/i2c.c     ****   hi2c1.Init.OwnAddress2Masks = I2C_OA2_NOMASK;
  81              		.loc 1 61 0
  82 0028 154B     		ldr	r3, .L6
  83 002a 0022     		movs	r2, #0
  84 002c 9A61     		str	r2, [r3, #24]
  62:Src/i2c.c     ****   hi2c1.Init.GeneralCallMode = I2C_GENERALCALL_DISABLE;
  85              		.loc 1 62 0
  86 002e 144B     		ldr	r3, .L6
  87 0030 0022     		movs	r2, #0
  88 0032 DA61     		str	r2, [r3, #28]
  63:Src/i2c.c     ****   hi2c1.Init.NoStretchMode = I2C_NOSTRETCH_DISABLE;
  89              		.loc 1 63 0
  90 0034 124B     		ldr	r3, .L6
  91 0036 0022     		movs	r2, #0
  92 0038 1A62     		str	r2, [r3, #32]
  64:Src/i2c.c     ****   if (HAL_I2C_Init(&hi2c1) != HAL_OK)
  93              		.loc 1 64 0
  94 003a 1148     		ldr	r0, .L6
  95 003c FFF7FEFF 		bl	HAL_I2C_Init
  96 0040 0346     		mov	r3, r0
  97 0042 002B     		cmp	r3, #0
  98 0044 03D0     		beq	.L2
  65:Src/i2c.c     ****   {
  66:Src/i2c.c     ****     _Error_Handler(__FILE__, __LINE__);
  99              		.loc 1 66 0
 100 0046 4221     		movs	r1, #66
 101 0048 1048     		ldr	r0, .L6+12
 102 004a FFF7FEFF 		bl	_Error_Handler
 103              	.L2:
  67:Src/i2c.c     ****   }
  68:Src/i2c.c     **** 
  69:Src/i2c.c     ****     /**Configure Analogue filter 
ARM GAS  /tmp/ccMplG6C.s 			page 4


  70:Src/i2c.c     ****     */
  71:Src/i2c.c     ****   if (HAL_I2CEx_ConfigAnalogFilter(&hi2c1, I2C_ANALOGFILTER_ENABLE) != HAL_OK)
 104              		.loc 1 71 0
 105 004e 0021     		movs	r1, #0
 106 0050 0B48     		ldr	r0, .L6
 107 0052 FFF7FEFF 		bl	HAL_I2CEx_ConfigAnalogFilter
 108 0056 0346     		mov	r3, r0
 109 0058 002B     		cmp	r3, #0
 110 005a 03D0     		beq	.L3
  72:Src/i2c.c     ****   {
  73:Src/i2c.c     ****     _Error_Handler(__FILE__, __LINE__);
 111              		.loc 1 73 0
 112 005c 4921     		movs	r1, #73
 113 005e 0B48     		ldr	r0, .L6+12
 114 0060 FFF7FEFF 		bl	_Error_Handler
 115              	.L3:
  74:Src/i2c.c     ****   }
  75:Src/i2c.c     **** 
  76:Src/i2c.c     ****     /**Configure Digital filter 
  77:Src/i2c.c     ****     */
  78:Src/i2c.c     ****   if (HAL_I2CEx_ConfigDigitalFilter(&hi2c1, 0) != HAL_OK)
 116              		.loc 1 78 0
 117 0064 0021     		movs	r1, #0
 118 0066 0648     		ldr	r0, .L6
 119 0068 FFF7FEFF 		bl	HAL_I2CEx_ConfigDigitalFilter
 120 006c 0346     		mov	r3, r0
 121 006e 002B     		cmp	r3, #0
 122 0070 03D0     		beq	.L5
  79:Src/i2c.c     ****   {
  80:Src/i2c.c     ****     _Error_Handler(__FILE__, __LINE__);
 123              		.loc 1 80 0
 124 0072 5021     		movs	r1, #80
 125 0074 0548     		ldr	r0, .L6+12
 126 0076 FFF7FEFF 		bl	_Error_Handler
 127              	.L5:
  81:Src/i2c.c     ****   }
  82:Src/i2c.c     **** 
  83:Src/i2c.c     **** }
 128              		.loc 1 83 0
 129 007a 00BF     		nop
 130 007c 80BD     		pop	{r7, pc}
 131              	.L7:
 132 007e 00BF     		.align	2
 133              	.L6:
 134 0080 00000000 		.word	hi2c1
 135 0084 00540040 		.word	1073763328
 136 0088 0E090020 		.word	536873230
 137 008c 00000000 		.word	.LC0
 138              		.cfi_endproc
 139              	.LFE695:
 141              		.section	.text.HAL_I2C_MspInit,"ax",%progbits
 142              		.align	1
 143              		.global	HAL_I2C_MspInit
 144              		.syntax unified
 145              		.thumb
 146              		.thumb_func
 147              		.fpu fpv4-sp-d16
ARM GAS  /tmp/ccMplG6C.s 			page 5


 149              	HAL_I2C_MspInit:
 150              	.LFB696:
  84:Src/i2c.c     **** 
  85:Src/i2c.c     **** void HAL_I2C_MspInit(I2C_HandleTypeDef* i2cHandle)
  86:Src/i2c.c     **** {
 151              		.loc 1 86 0
 152              		.cfi_startproc
 153              		@ args = 0, pretend = 0, frame = 32
 154              		@ frame_needed = 1, uses_anonymous_args = 0
 155 0000 80B5     		push	{r7, lr}
 156              	.LCFI2:
 157              		.cfi_def_cfa_offset 8
 158              		.cfi_offset 7, -8
 159              		.cfi_offset 14, -4
 160 0002 88B0     		sub	sp, sp, #32
 161              	.LCFI3:
 162              		.cfi_def_cfa_offset 40
 163 0004 00AF     		add	r7, sp, #0
 164              	.LCFI4:
 165              		.cfi_def_cfa_register 7
 166 0006 7860     		str	r0, [r7, #4]
  87:Src/i2c.c     **** 
  88:Src/i2c.c     ****   GPIO_InitTypeDef GPIO_InitStruct;
  89:Src/i2c.c     ****   if(i2cHandle->Instance==I2C1)
 167              		.loc 1 89 0
 168 0008 7B68     		ldr	r3, [r7, #4]
 169 000a 1B68     		ldr	r3, [r3]
 170 000c 114A     		ldr	r2, .L11
 171 000e 9342     		cmp	r3, r2
 172 0010 1BD1     		bne	.L10
  90:Src/i2c.c     ****   {
  91:Src/i2c.c     ****   /* USER CODE BEGIN I2C1_MspInit 0 */
  92:Src/i2c.c     **** 
  93:Src/i2c.c     ****   /* USER CODE END I2C1_MspInit 0 */
  94:Src/i2c.c     ****   
  95:Src/i2c.c     ****     /**I2C1 GPIO Configuration    
  96:Src/i2c.c     ****     PB6     ------> I2C1_SCL
  97:Src/i2c.c     ****     PB7     ------> I2C1_SDA 
  98:Src/i2c.c     ****     */
  99:Src/i2c.c     ****     GPIO_InitStruct.Pin = GPIO_PIN_6|GPIO_PIN_7;
 173              		.loc 1 99 0
 174 0012 C023     		movs	r3, #192
 175 0014 FB60     		str	r3, [r7, #12]
 100:Src/i2c.c     ****     GPIO_InitStruct.Mode = GPIO_MODE_AF_OD;
 176              		.loc 1 100 0
 177 0016 1223     		movs	r3, #18
 178 0018 3B61     		str	r3, [r7, #16]
 101:Src/i2c.c     ****     GPIO_InitStruct.Pull = GPIO_PULLUP;
 179              		.loc 1 101 0
 180 001a 0123     		movs	r3, #1
 181 001c 7B61     		str	r3, [r7, #20]
 102:Src/i2c.c     ****     GPIO_InitStruct.Speed = GPIO_SPEED_FREQ_HIGH;
 182              		.loc 1 102 0
 183 001e 0323     		movs	r3, #3
 184 0020 BB61     		str	r3, [r7, #24]
 103:Src/i2c.c     ****     GPIO_InitStruct.Alternate = GPIO_AF4_I2C1;
 185              		.loc 1 103 0
ARM GAS  /tmp/ccMplG6C.s 			page 6


 186 0022 0423     		movs	r3, #4
 187 0024 FB61     		str	r3, [r7, #28]
 104:Src/i2c.c     ****     HAL_GPIO_Init(GPIOB, &GPIO_InitStruct);
 188              		.loc 1 104 0
 189 0026 07F10C03 		add	r3, r7, #12
 190 002a 1946     		mov	r1, r3
 191 002c 0A48     		ldr	r0, .L11+4
 192 002e FFF7FEFF 		bl	HAL_GPIO_Init
 193              	.LBB2:
 105:Src/i2c.c     **** 
 106:Src/i2c.c     ****     /* I2C1 clock enable */
 107:Src/i2c.c     ****     __HAL_RCC_I2C1_CLK_ENABLE();
 194              		.loc 1 107 0
 195 0032 0A4B     		ldr	r3, .L11+8
 196 0034 DB69     		ldr	r3, [r3, #28]
 197 0036 094A     		ldr	r2, .L11+8
 198 0038 43F40013 		orr	r3, r3, #2097152
 199 003c D361     		str	r3, [r2, #28]
 200 003e 074B     		ldr	r3, .L11+8
 201 0040 DB69     		ldr	r3, [r3, #28]
 202 0042 03F40013 		and	r3, r3, #2097152
 203 0046 BB60     		str	r3, [r7, #8]
 204 0048 BB68     		ldr	r3, [r7, #8]
 205              	.L10:
 206              	.LBE2:
 108:Src/i2c.c     ****   /* USER CODE BEGIN I2C1_MspInit 1 */
 109:Src/i2c.c     **** 
 110:Src/i2c.c     ****   /* USER CODE END I2C1_MspInit 1 */
 111:Src/i2c.c     ****   }
 112:Src/i2c.c     **** }
 207              		.loc 1 112 0
 208 004a 00BF     		nop
 209 004c 2037     		adds	r7, r7, #32
 210              	.LCFI5:
 211              		.cfi_def_cfa_offset 8
 212 004e BD46     		mov	sp, r7
 213              	.LCFI6:
 214              		.cfi_def_cfa_register 13
 215              		@ sp needed
 216 0050 80BD     		pop	{r7, pc}
 217              	.L12:
 218 0052 00BF     		.align	2
 219              	.L11:
 220 0054 00540040 		.word	1073763328
 221 0058 00040048 		.word	1207960576
 222 005c 00100240 		.word	1073876992
 223              		.cfi_endproc
 224              	.LFE696:
 226              		.section	.text.HAL_I2C_MspDeInit,"ax",%progbits
 227              		.align	1
 228              		.global	HAL_I2C_MspDeInit
 229              		.syntax unified
 230              		.thumb
 231              		.thumb_func
 232              		.fpu fpv4-sp-d16
 234              	HAL_I2C_MspDeInit:
 235              	.LFB697:
ARM GAS  /tmp/ccMplG6C.s 			page 7


 113:Src/i2c.c     **** 
 114:Src/i2c.c     **** void HAL_I2C_MspDeInit(I2C_HandleTypeDef* i2cHandle)
 115:Src/i2c.c     **** {
 236              		.loc 1 115 0
 237              		.cfi_startproc
 238              		@ args = 0, pretend = 0, frame = 8
 239              		@ frame_needed = 1, uses_anonymous_args = 0
 240 0000 80B5     		push	{r7, lr}
 241              	.LCFI7:
 242              		.cfi_def_cfa_offset 8
 243              		.cfi_offset 7, -8
 244              		.cfi_offset 14, -4
 245 0002 82B0     		sub	sp, sp, #8
 246              	.LCFI8:
 247              		.cfi_def_cfa_offset 16
 248 0004 00AF     		add	r7, sp, #0
 249              	.LCFI9:
 250              		.cfi_def_cfa_register 7
 251 0006 7860     		str	r0, [r7, #4]
 116:Src/i2c.c     **** 
 117:Src/i2c.c     ****   if(i2cHandle->Instance==I2C1)
 252              		.loc 1 117 0
 253 0008 7B68     		ldr	r3, [r7, #4]
 254 000a 1B68     		ldr	r3, [r3]
 255 000c 084A     		ldr	r2, .L16
 256 000e 9342     		cmp	r3, r2
 257 0010 09D1     		bne	.L15
 118:Src/i2c.c     ****   {
 119:Src/i2c.c     ****   /* USER CODE BEGIN I2C1_MspDeInit 0 */
 120:Src/i2c.c     **** 
 121:Src/i2c.c     ****   /* USER CODE END I2C1_MspDeInit 0 */
 122:Src/i2c.c     ****     /* Peripheral clock disable */
 123:Src/i2c.c     ****     __HAL_RCC_I2C1_CLK_DISABLE();
 258              		.loc 1 123 0
 259 0012 084B     		ldr	r3, .L16+4
 260 0014 DB69     		ldr	r3, [r3, #28]
 261 0016 074A     		ldr	r2, .L16+4
 262 0018 23F40013 		bic	r3, r3, #2097152
 263 001c D361     		str	r3, [r2, #28]
 124:Src/i2c.c     ****   
 125:Src/i2c.c     ****     /**I2C1 GPIO Configuration    
 126:Src/i2c.c     ****     PB6     ------> I2C1_SCL
 127:Src/i2c.c     ****     PB7     ------> I2C1_SDA 
 128:Src/i2c.c     ****     */
 129:Src/i2c.c     ****     HAL_GPIO_DeInit(GPIOB, GPIO_PIN_6|GPIO_PIN_7);
 264              		.loc 1 129 0
 265 001e C021     		movs	r1, #192
 266 0020 0548     		ldr	r0, .L16+8
 267 0022 FFF7FEFF 		bl	HAL_GPIO_DeInit
 268              	.L15:
 130:Src/i2c.c     **** 
 131:Src/i2c.c     ****   /* USER CODE BEGIN I2C1_MspDeInit 1 */
 132:Src/i2c.c     **** 
 133:Src/i2c.c     ****   /* USER CODE END I2C1_MspDeInit 1 */
 134:Src/i2c.c     ****   }
 135:Src/i2c.c     **** } 
 269              		.loc 1 135 0
ARM GAS  /tmp/ccMplG6C.s 			page 8


 270 0026 00BF     		nop
 271 0028 0837     		adds	r7, r7, #8
 272              	.LCFI10:
 273              		.cfi_def_cfa_offset 8
 274 002a BD46     		mov	sp, r7
 275              	.LCFI11:
 276              		.cfi_def_cfa_register 13
 277              		@ sp needed
 278 002c 80BD     		pop	{r7, pc}
 279              	.L17:
 280 002e 00BF     		.align	2
 281              	.L16:
 282 0030 00540040 		.word	1073763328
 283 0034 00100240 		.word	1073876992
 284 0038 00040048 		.word	1207960576
 285              		.cfi_endproc
 286              	.LFE697:
 288              		.text
 289              	.Letext0:
 290              		.file 2 "/usr/arm-none-eabi/include/machine/_default_types.h"
 291              		.file 3 "/usr/arm-none-eabi/include/sys/_stdint.h"
 292              		.file 4 "Drivers/CMSIS/Include/core_cm4.h"
 293              		.file 5 "Drivers/CMSIS/Device/ST/STM32F3xx/Include/system_stm32f3xx.h"
 294              		.file 6 "Drivers/CMSIS/Device/ST/STM32F3xx/Include/stm32f303x8.h"
 295              		.file 7 "/usr/arm-none-eabi/include/sys/lock.h"
 296              		.file 8 "/usr/arm-none-eabi/include/sys/_types.h"
 297              		.file 9 "/usr/lib/gcc/arm-none-eabi/7.3.0/include/stddef.h"
 298              		.file 10 "/usr/arm-none-eabi/include/sys/reent.h"
 299              		.file 11 "Drivers/STM32F3xx_HAL_Driver/Inc/stm32f3xx_hal_def.h"
 300              		.file 12 "Drivers/STM32F3xx_HAL_Driver/Inc/stm32f3xx_hal_gpio.h"
 301              		.file 13 "Drivers/STM32F3xx_HAL_Driver/Inc/stm32f3xx_hal_dma.h"
 302              		.file 14 "Drivers/STM32F3xx_HAL_Driver/Inc/stm32f3xx_hal_i2c.h"
 303              		.file 15 "Inc/i2c.h"
 304              		.file 16 "Drivers/STM32F3xx_HAL_Driver/Inc/stm32f3xx_ll_dma.h"
ARM GAS  /tmp/ccMplG6C.s 			page 9


DEFINED SYMBOLS
                            *ABS*:0000000000000000 i2c.c
     /tmp/ccMplG6C.s:18     .rodata.CHANNEL_OFFSET_TAB:0000000000000000 $d
     /tmp/ccMplG6C.s:21     .rodata.CHANNEL_OFFSET_TAB:0000000000000000 CHANNEL_OFFSET_TAB
                            *COM*:000000000000004c hi2c1
     /tmp/ccMplG6C.s:31     .rodata:0000000000000000 $d
     /tmp/ccMplG6C.s:35     .text.MX_I2C1_Init:0000000000000000 $t
     /tmp/ccMplG6C.s:42     .text.MX_I2C1_Init:0000000000000000 MX_I2C1_Init
     /tmp/ccMplG6C.s:134    .text.MX_I2C1_Init:0000000000000080 $d
     /tmp/ccMplG6C.s:142    .text.HAL_I2C_MspInit:0000000000000000 $t
     /tmp/ccMplG6C.s:149    .text.HAL_I2C_MspInit:0000000000000000 HAL_I2C_MspInit
     /tmp/ccMplG6C.s:220    .text.HAL_I2C_MspInit:0000000000000054 $d
     /tmp/ccMplG6C.s:227    .text.HAL_I2C_MspDeInit:0000000000000000 $t
     /tmp/ccMplG6C.s:234    .text.HAL_I2C_MspDeInit:0000000000000000 HAL_I2C_MspDeInit
     /tmp/ccMplG6C.s:282    .text.HAL_I2C_MspDeInit:0000000000000030 $d

UNDEFINED SYMBOLS
HAL_I2C_Init
_Error_Handler
HAL_I2CEx_ConfigAnalogFilter
HAL_I2CEx_ConfigDigitalFilter
HAL_GPIO_Init
HAL_GPIO_DeInit
