ARM GAS  /tmp/ccAmI4Gz.s 			page 1


   1              		.cpu cortex-m4
   2              		.eabi_attribute 27, 1
   3              		.eabi_attribute 28, 1
   4              		.eabi_attribute 20, 1
   5              		.eabi_attribute 21, 1
   6              		.eabi_attribute 23, 3
   7              		.eabi_attribute 24, 1
   8              		.eabi_attribute 25, 1
   9              		.eabi_attribute 26, 1
  10              		.eabi_attribute 30, 1
  11              		.eabi_attribute 34, 1
  12              		.eabi_attribute 18, 4
  13              		.file	"Robotronik_corp_pid.c"
  14              		.text
  15              	.Ltext0:
  16              		.cfi_sections	.debug_frame
  17              		.section	.text.pid_init,"ax",%progbits
  18              		.align	1
  19              		.global	pid_init
  20              		.syntax unified
  21              		.thumb
  22              		.thumb_func
  23              		.fpu fpv4-sp-d16
  25              	pid_init:
  26              	.LFB0:
  27              		.file 1 "Src/Robotronik_corp_pid.c"
   1:Src/Robotronik_corp_pid.c **** #include "Robotronik_corp_pid.h"
   2:Src/Robotronik_corp_pid.c **** 
   3:Src/Robotronik_corp_pid.c **** void pid_init(PID_DATA *pid)
   4:Src/Robotronik_corp_pid.c **** {
  28              		.loc 1 4 0
  29              		.cfi_startproc
  30              		@ args = 0, pretend = 0, frame = 0
  31              		@ frame_needed = 0, uses_anonymous_args = 0
  32              		@ link register save eliminated.
  33              	.LVL0:
   5:Src/Robotronik_corp_pid.c ****   pid->prev_eps=0;
  34              		.loc 1 5 0
  35 0000 0023     		movs	r3, #0
  36 0002 C360     		str	r3, [r0, #12]	@ float
   6:Src/Robotronik_corp_pid.c ****   pid->integral=0;
  37              		.loc 1 6 0
  38 0004 0361     		str	r3, [r0, #16]	@ float
   7:Src/Robotronik_corp_pid.c **** }
  39              		.loc 1 7 0
  40 0006 7047     		bx	lr
  41              		.cfi_endproc
  42              	.LFE0:
  44              		.section	.text.pid,"ax",%progbits
  45              		.align	1
  46              		.global	pid
  47              		.syntax unified
  48              		.thumb
  49              		.thumb_func
  50              		.fpu fpv4-sp-d16
  52              	pid:
  53              	.LFB1:
ARM GAS  /tmp/ccAmI4Gz.s 			page 2


   8:Src/Robotronik_corp_pid.c **** 
   9:Src/Robotronik_corp_pid.c **** float pid(PID_DATA *pid, int eps)
  10:Src/Robotronik_corp_pid.c **** {
  54              		.loc 1 10 0
  55              		.cfi_startproc
  56              		@ args = 0, pretend = 0, frame = 0
  57              		@ frame_needed = 0, uses_anonymous_args = 0
  58              		@ link register save eliminated.
  59              	.LVL1:
  11:Src/Robotronik_corp_pid.c ****   float output;
  12:Src/Robotronik_corp_pid.c ****   pid->integral=pid->integral+pid->Te*eps;
  60              		.loc 1 12 0
  61 0000 D0ED047A 		vldr.32	s15, [r0, #16]
  62 0004 D0ED055A 		vldr.32	s11, [r0, #20]
  63 0008 07EE101A 		vmov	s14, r1	@ int
  64 000c B8EEC77A 		vcvt.f32.s32	s14, s14
  65 0010 25EE870A 		vmul.f32	s0, s11, s14
  66 0014 77EE807A 		vadd.f32	s15, s15, s0
  67 0018 C0ED047A 		vstr.32	s15, [r0, #16]
  13:Src/Robotronik_corp_pid.c ****   output=eps*pid->Kp+pid->Ki*pid->integral+pid->Kd*(eps-pid->prev_eps)/pid->Te;
  68              		.loc 1 13 0
  69 001c 90ED000A 		vldr.32	s0, [r0]
  70 0020 27EE000A 		vmul.f32	s0, s14, s0
  71 0024 D0ED016A 		vldr.32	s13, [r0, #4]
  72 0028 67EEA67A 		vmul.f32	s15, s15, s13
  73 002c 70EE277A 		vadd.f32	s15, s0, s15
  74 0030 D0ED026A 		vldr.32	s13, [r0, #8]
  75 0034 90ED036A 		vldr.32	s12, [r0, #12]
  76 0038 37EE466A 		vsub.f32	s12, s14, s12
  77 003c 66EE866A 		vmul.f32	s13, s13, s12
  78 0040 86EEA50A 		vdiv.f32	s0, s13, s11
  79              	.LVL2:
  14:Src/Robotronik_corp_pid.c ****   pid->prev_eps=eps;
  80              		.loc 1 14 0
  81 0044 80ED037A 		vstr.32	s14, [r0, #12]
  15:Src/Robotronik_corp_pid.c ****   return output;
  16:Src/Robotronik_corp_pid.c **** }
  82              		.loc 1 16 0
  83 0048 37EE800A 		vadd.f32	s0, s15, s0
  84              	.LVL3:
  85 004c 7047     		bx	lr
  86              		.cfi_endproc
  87              	.LFE1:
  89              		.text
  90              	.Letext0:
  91              		.file 2 "Inc/Robotronik_corp_pid.h"
ARM GAS  /tmp/ccAmI4Gz.s 			page 3


DEFINED SYMBOLS
                            *ABS*:0000000000000000 Robotronik_corp_pid.c
     /tmp/ccAmI4Gz.s:18     .text.pid_init:0000000000000000 $t
     /tmp/ccAmI4Gz.s:25     .text.pid_init:0000000000000000 pid_init
     /tmp/ccAmI4Gz.s:45     .text.pid:0000000000000000 $t
     /tmp/ccAmI4Gz.s:52     .text.pid:0000000000000000 pid

NO UNDEFINED SYMBOLS
