ARM GAS  /tmp/ccIPqaIy.s 			page 1


   1              		.cpu cortex-m4
   2              		.eabi_attribute 27, 1
   3              		.eabi_attribute 28, 1
   4              		.eabi_attribute 20, 1
   5              		.eabi_attribute 21, 1
   6              		.eabi_attribute 23, 3
   7              		.eabi_attribute 24, 1
   8              		.eabi_attribute 25, 1
   9              		.eabi_attribute 26, 1
  10              		.eabi_attribute 30, 1
  11              		.eabi_attribute 34, 1
  12              		.eabi_attribute 18, 4
  13              		.file	"stm32f3xx_it.c"
  14              		.text
  15              	.Ltext0:
  16              		.cfi_sections	.debug_frame
  17              		.section	.text.NMI_Handler,"ax",%progbits
  18              		.align	1
  19              		.global	NMI_Handler
  20              		.syntax unified
  21              		.thumb
  22              		.thumb_func
  23              		.fpu fpv4-sp-d16
  25              	NMI_Handler:
  26              	.LFB126:
  27              		.file 1 "Src/stm32f3xx_it.c"
   1:Src/stm32f3xx_it.c **** /**
   2:Src/stm32f3xx_it.c ****   ******************************************************************************
   3:Src/stm32f3xx_it.c ****   * @file    stm32f3xx_it.c
   4:Src/stm32f3xx_it.c ****   * @brief   Interrupt Service Routines.
   5:Src/stm32f3xx_it.c ****   ******************************************************************************
   6:Src/stm32f3xx_it.c ****   *
   7:Src/stm32f3xx_it.c ****   * COPYRIGHT(c) 2018 STMicroelectronics
   8:Src/stm32f3xx_it.c ****   *
   9:Src/stm32f3xx_it.c ****   * Redistribution and use in source and binary forms, with or without modification,
  10:Src/stm32f3xx_it.c ****   * are permitted provided that the following conditions are met:
  11:Src/stm32f3xx_it.c ****   *   1. Redistributions of source code must retain the above copyright notice,
  12:Src/stm32f3xx_it.c ****   *      this list of conditions and the following disclaimer.
  13:Src/stm32f3xx_it.c ****   *   2. Redistributions in binary form must reproduce the above copyright notice,
  14:Src/stm32f3xx_it.c ****   *      this list of conditions and the following disclaimer in the documentation
  15:Src/stm32f3xx_it.c ****   *      and/or other materials provided with the distribution.
  16:Src/stm32f3xx_it.c ****   *   3. Neither the name of STMicroelectronics nor the names of its contributors
  17:Src/stm32f3xx_it.c ****   *      may be used to endorse or promote products derived from this software
  18:Src/stm32f3xx_it.c ****   *      without specific prior written permission.
  19:Src/stm32f3xx_it.c ****   *
  20:Src/stm32f3xx_it.c ****   * THIS SOFTWARE IS PROVIDED BY THE COPYRIGHT HOLDERS AND CONTRIBUTORS "AS IS"
  21:Src/stm32f3xx_it.c ****   * AND ANY EXPRESS OR IMPLIED WARRANTIES, INCLUDING, BUT NOT LIMITED TO, THE
  22:Src/stm32f3xx_it.c ****   * IMPLIED WARRANTIES OF MERCHANTABILITY AND FITNESS FOR A PARTICULAR PURPOSE ARE
  23:Src/stm32f3xx_it.c ****   * DISCLAIMED. IN NO EVENT SHALL THE COPYRIGHT HOLDER OR CONTRIBUTORS BE LIABLE
  24:Src/stm32f3xx_it.c ****   * FOR ANY DIRECT, INDIRECT, INCIDENTAL, SPECIAL, EXEMPLARY, OR CONSEQUENTIAL
  25:Src/stm32f3xx_it.c ****   * DAMAGES (INCLUDING, BUT NOT LIMITED TO, PROCUREMENT OF SUBSTITUTE GOODS OR
  26:Src/stm32f3xx_it.c ****   * SERVICES; LOSS OF USE, DATA, OR PROFITS; OR BUSINESS INTERRUPTION) HOWEVER
  27:Src/stm32f3xx_it.c ****   * CAUSED AND ON ANY THEORY OF LIABILITY, WHETHER IN CONTRACT, STRICT LIABILITY,
  28:Src/stm32f3xx_it.c ****   * OR TORT (INCLUDING NEGLIGENCE OR OTHERWISE) ARISING IN ANY WAY OUT OF THE USE
  29:Src/stm32f3xx_it.c ****   * OF THIS SOFTWARE, EVEN IF ADVISED OF THE POSSIBILITY OF SUCH DAMAGE.
  30:Src/stm32f3xx_it.c ****   *
  31:Src/stm32f3xx_it.c ****   ******************************************************************************
ARM GAS  /tmp/ccIPqaIy.s 			page 2


  32:Src/stm32f3xx_it.c ****   */
  33:Src/stm32f3xx_it.c **** /* Includes ------------------------------------------------------------------*/
  34:Src/stm32f3xx_it.c **** #include "stm32f3xx_hal.h"
  35:Src/stm32f3xx_it.c **** #include "stm32f3xx.h"
  36:Src/stm32f3xx_it.c **** #include "stm32f3xx_it.h"
  37:Src/stm32f3xx_it.c **** 
  38:Src/stm32f3xx_it.c **** /* USER CODE BEGIN 0 */
  39:Src/stm32f3xx_it.c **** 
  40:Src/stm32f3xx_it.c **** /* USER CODE END 0 */
  41:Src/stm32f3xx_it.c **** 
  42:Src/stm32f3xx_it.c **** /* External variables --------------------------------------------------------*/
  43:Src/stm32f3xx_it.c **** extern TIM_HandleTypeDef htim1;
  44:Src/stm32f3xx_it.c **** extern TIM_HandleTypeDef htim2;
  45:Src/stm32f3xx_it.c **** 
  46:Src/stm32f3xx_it.c **** /******************************************************************************/
  47:Src/stm32f3xx_it.c **** /*            Cortex-M4 Processor Interruption and Exception Handlers         */ 
  48:Src/stm32f3xx_it.c **** /******************************************************************************/
  49:Src/stm32f3xx_it.c **** 
  50:Src/stm32f3xx_it.c **** /**
  51:Src/stm32f3xx_it.c **** * @brief This function handles Non maskable interrupt.
  52:Src/stm32f3xx_it.c **** */
  53:Src/stm32f3xx_it.c **** void NMI_Handler(void)
  54:Src/stm32f3xx_it.c **** {
  28              		.loc 1 54 0
  29              		.cfi_startproc
  30              		@ args = 0, pretend = 0, frame = 0
  31              		@ frame_needed = 0, uses_anonymous_args = 0
  32              		@ link register save eliminated.
  55:Src/stm32f3xx_it.c ****   /* USER CODE BEGIN NonMaskableInt_IRQn 0 */
  56:Src/stm32f3xx_it.c **** 
  57:Src/stm32f3xx_it.c ****   /* USER CODE END NonMaskableInt_IRQn 0 */
  58:Src/stm32f3xx_it.c ****   /* USER CODE BEGIN NonMaskableInt_IRQn 1 */
  59:Src/stm32f3xx_it.c **** 
  60:Src/stm32f3xx_it.c ****   /* USER CODE END NonMaskableInt_IRQn 1 */
  61:Src/stm32f3xx_it.c **** }
  33              		.loc 1 61 0
  34 0000 7047     		bx	lr
  35              		.cfi_endproc
  36              	.LFE126:
  38              		.section	.text.HardFault_Handler,"ax",%progbits
  39              		.align	1
  40              		.global	HardFault_Handler
  41              		.syntax unified
  42              		.thumb
  43              		.thumb_func
  44              		.fpu fpv4-sp-d16
  46              	HardFault_Handler:
  47              	.LFB127:
  62:Src/stm32f3xx_it.c **** 
  63:Src/stm32f3xx_it.c **** /**
  64:Src/stm32f3xx_it.c **** * @brief This function handles Hard fault interrupt.
  65:Src/stm32f3xx_it.c **** */
  66:Src/stm32f3xx_it.c **** void HardFault_Handler(void)
  67:Src/stm32f3xx_it.c **** {
  48              		.loc 1 67 0
  49              		.cfi_startproc
  50              		@ Volatile: function does not return.
ARM GAS  /tmp/ccIPqaIy.s 			page 3


  51              		@ args = 0, pretend = 0, frame = 0
  52              		@ frame_needed = 0, uses_anonymous_args = 0
  53              		@ link register save eliminated.
  54              	.L3:
  55 0000 FEE7     		b	.L3
  56              		.cfi_endproc
  57              	.LFE127:
  59              		.section	.text.MemManage_Handler,"ax",%progbits
  60              		.align	1
  61              		.global	MemManage_Handler
  62              		.syntax unified
  63              		.thumb
  64              		.thumb_func
  65              		.fpu fpv4-sp-d16
  67              	MemManage_Handler:
  68              	.LFB128:
  68:Src/stm32f3xx_it.c ****   /* USER CODE BEGIN HardFault_IRQn 0 */
  69:Src/stm32f3xx_it.c **** 
  70:Src/stm32f3xx_it.c ****   /* USER CODE END HardFault_IRQn 0 */
  71:Src/stm32f3xx_it.c ****   while (1)
  72:Src/stm32f3xx_it.c ****   {
  73:Src/stm32f3xx_it.c ****     /* USER CODE BEGIN W1_HardFault_IRQn 0 */
  74:Src/stm32f3xx_it.c ****     /* USER CODE END W1_HardFault_IRQn 0 */
  75:Src/stm32f3xx_it.c ****   }
  76:Src/stm32f3xx_it.c ****   /* USER CODE BEGIN HardFault_IRQn 1 */
  77:Src/stm32f3xx_it.c **** 
  78:Src/stm32f3xx_it.c ****   /* USER CODE END HardFault_IRQn 1 */
  79:Src/stm32f3xx_it.c **** }
  80:Src/stm32f3xx_it.c **** 
  81:Src/stm32f3xx_it.c **** /**
  82:Src/stm32f3xx_it.c **** * @brief This function handles Memory management fault.
  83:Src/stm32f3xx_it.c **** */
  84:Src/stm32f3xx_it.c **** void MemManage_Handler(void)
  85:Src/stm32f3xx_it.c **** {
  69              		.loc 1 85 0
  70              		.cfi_startproc
  71              		@ Volatile: function does not return.
  72              		@ args = 0, pretend = 0, frame = 0
  73              		@ frame_needed = 0, uses_anonymous_args = 0
  74              		@ link register save eliminated.
  75              	.L5:
  76 0000 FEE7     		b	.L5
  77              		.cfi_endproc
  78              	.LFE128:
  80              		.section	.text.BusFault_Handler,"ax",%progbits
  81              		.align	1
  82              		.global	BusFault_Handler
  83              		.syntax unified
  84              		.thumb
  85              		.thumb_func
  86              		.fpu fpv4-sp-d16
  88              	BusFault_Handler:
  89              	.LFB129:
  86:Src/stm32f3xx_it.c ****   /* USER CODE BEGIN MemoryManagement_IRQn 0 */
  87:Src/stm32f3xx_it.c **** 
  88:Src/stm32f3xx_it.c ****   /* USER CODE END MemoryManagement_IRQn 0 */
  89:Src/stm32f3xx_it.c ****   while (1)
ARM GAS  /tmp/ccIPqaIy.s 			page 4


  90:Src/stm32f3xx_it.c ****   {
  91:Src/stm32f3xx_it.c ****     /* USER CODE BEGIN W1_MemoryManagement_IRQn 0 */
  92:Src/stm32f3xx_it.c ****     /* USER CODE END W1_MemoryManagement_IRQn 0 */
  93:Src/stm32f3xx_it.c ****   }
  94:Src/stm32f3xx_it.c ****   /* USER CODE BEGIN MemoryManagement_IRQn 1 */
  95:Src/stm32f3xx_it.c **** 
  96:Src/stm32f3xx_it.c ****   /* USER CODE END MemoryManagement_IRQn 1 */
  97:Src/stm32f3xx_it.c **** }
  98:Src/stm32f3xx_it.c **** 
  99:Src/stm32f3xx_it.c **** /**
 100:Src/stm32f3xx_it.c **** * @brief This function handles Pre-fetch fault, memory access fault.
 101:Src/stm32f3xx_it.c **** */
 102:Src/stm32f3xx_it.c **** void BusFault_Handler(void)
 103:Src/stm32f3xx_it.c **** {
  90              		.loc 1 103 0
  91              		.cfi_startproc
  92              		@ Volatile: function does not return.
  93              		@ args = 0, pretend = 0, frame = 0
  94              		@ frame_needed = 0, uses_anonymous_args = 0
  95              		@ link register save eliminated.
  96              	.L7:
  97 0000 FEE7     		b	.L7
  98              		.cfi_endproc
  99              	.LFE129:
 101              		.section	.text.UsageFault_Handler,"ax",%progbits
 102              		.align	1
 103              		.global	UsageFault_Handler
 104              		.syntax unified
 105              		.thumb
 106              		.thumb_func
 107              		.fpu fpv4-sp-d16
 109              	UsageFault_Handler:
 110              	.LFB130:
 104:Src/stm32f3xx_it.c ****   /* USER CODE BEGIN BusFault_IRQn 0 */
 105:Src/stm32f3xx_it.c **** 
 106:Src/stm32f3xx_it.c ****   /* USER CODE END BusFault_IRQn 0 */
 107:Src/stm32f3xx_it.c ****   while (1)
 108:Src/stm32f3xx_it.c ****   {
 109:Src/stm32f3xx_it.c ****     /* USER CODE BEGIN W1_BusFault_IRQn 0 */
 110:Src/stm32f3xx_it.c ****     /* USER CODE END W1_BusFault_IRQn 0 */
 111:Src/stm32f3xx_it.c ****   }
 112:Src/stm32f3xx_it.c ****   /* USER CODE BEGIN BusFault_IRQn 1 */
 113:Src/stm32f3xx_it.c **** 
 114:Src/stm32f3xx_it.c ****   /* USER CODE END BusFault_IRQn 1 */
 115:Src/stm32f3xx_it.c **** }
 116:Src/stm32f3xx_it.c **** 
 117:Src/stm32f3xx_it.c **** /**
 118:Src/stm32f3xx_it.c **** * @brief This function handles Undefined instruction or illegal state.
 119:Src/stm32f3xx_it.c **** */
 120:Src/stm32f3xx_it.c **** void UsageFault_Handler(void)
 121:Src/stm32f3xx_it.c **** {
 111              		.loc 1 121 0
 112              		.cfi_startproc
 113              		@ Volatile: function does not return.
 114              		@ args = 0, pretend = 0, frame = 0
 115              		@ frame_needed = 0, uses_anonymous_args = 0
 116              		@ link register save eliminated.
ARM GAS  /tmp/ccIPqaIy.s 			page 5


 117              	.L9:
 118 0000 FEE7     		b	.L9
 119              		.cfi_endproc
 120              	.LFE130:
 122              		.section	.text.SVC_Handler,"ax",%progbits
 123              		.align	1
 124              		.global	SVC_Handler
 125              		.syntax unified
 126              		.thumb
 127              		.thumb_func
 128              		.fpu fpv4-sp-d16
 130              	SVC_Handler:
 131              	.LFB131:
 122:Src/stm32f3xx_it.c ****   /* USER CODE BEGIN UsageFault_IRQn 0 */
 123:Src/stm32f3xx_it.c **** 
 124:Src/stm32f3xx_it.c ****   /* USER CODE END UsageFault_IRQn 0 */
 125:Src/stm32f3xx_it.c ****   while (1)
 126:Src/stm32f3xx_it.c ****   {
 127:Src/stm32f3xx_it.c ****     /* USER CODE BEGIN W1_UsageFault_IRQn 0 */
 128:Src/stm32f3xx_it.c ****     /* USER CODE END W1_UsageFault_IRQn 0 */
 129:Src/stm32f3xx_it.c ****   }
 130:Src/stm32f3xx_it.c ****   /* USER CODE BEGIN UsageFault_IRQn 1 */
 131:Src/stm32f3xx_it.c **** 
 132:Src/stm32f3xx_it.c ****   /* USER CODE END UsageFault_IRQn 1 */
 133:Src/stm32f3xx_it.c **** }
 134:Src/stm32f3xx_it.c **** 
 135:Src/stm32f3xx_it.c **** /**
 136:Src/stm32f3xx_it.c **** * @brief This function handles System service call via SWI instruction.
 137:Src/stm32f3xx_it.c **** */
 138:Src/stm32f3xx_it.c **** void SVC_Handler(void)
 139:Src/stm32f3xx_it.c **** {
 132              		.loc 1 139 0
 133              		.cfi_startproc
 134              		@ args = 0, pretend = 0, frame = 0
 135              		@ frame_needed = 0, uses_anonymous_args = 0
 136              		@ link register save eliminated.
 140:Src/stm32f3xx_it.c ****   /* USER CODE BEGIN SVCall_IRQn 0 */
 141:Src/stm32f3xx_it.c **** 
 142:Src/stm32f3xx_it.c ****   /* USER CODE END SVCall_IRQn 0 */
 143:Src/stm32f3xx_it.c ****   /* USER CODE BEGIN SVCall_IRQn 1 */
 144:Src/stm32f3xx_it.c **** 
 145:Src/stm32f3xx_it.c ****   /* USER CODE END SVCall_IRQn 1 */
 146:Src/stm32f3xx_it.c **** }
 137              		.loc 1 146 0
 138 0000 7047     		bx	lr
 139              		.cfi_endproc
 140              	.LFE131:
 142              		.section	.text.DebugMon_Handler,"ax",%progbits
 143              		.align	1
 144              		.global	DebugMon_Handler
 145              		.syntax unified
 146              		.thumb
 147              		.thumb_func
 148              		.fpu fpv4-sp-d16
 150              	DebugMon_Handler:
 151              	.LFB132:
 147:Src/stm32f3xx_it.c **** 
ARM GAS  /tmp/ccIPqaIy.s 			page 6


 148:Src/stm32f3xx_it.c **** /**
 149:Src/stm32f3xx_it.c **** * @brief This function handles Debug monitor.
 150:Src/stm32f3xx_it.c **** */
 151:Src/stm32f3xx_it.c **** void DebugMon_Handler(void)
 152:Src/stm32f3xx_it.c **** {
 152              		.loc 1 152 0
 153              		.cfi_startproc
 154              		@ args = 0, pretend = 0, frame = 0
 155              		@ frame_needed = 0, uses_anonymous_args = 0
 156              		@ link register save eliminated.
 153:Src/stm32f3xx_it.c ****   /* USER CODE BEGIN DebugMonitor_IRQn 0 */
 154:Src/stm32f3xx_it.c **** 
 155:Src/stm32f3xx_it.c ****   /* USER CODE END DebugMonitor_IRQn 0 */
 156:Src/stm32f3xx_it.c ****   /* USER CODE BEGIN DebugMonitor_IRQn 1 */
 157:Src/stm32f3xx_it.c **** 
 158:Src/stm32f3xx_it.c ****   /* USER CODE END DebugMonitor_IRQn 1 */
 159:Src/stm32f3xx_it.c **** }
 157              		.loc 1 159 0
 158 0000 7047     		bx	lr
 159              		.cfi_endproc
 160              	.LFE132:
 162              		.section	.text.PendSV_Handler,"ax",%progbits
 163              		.align	1
 164              		.global	PendSV_Handler
 165              		.syntax unified
 166              		.thumb
 167              		.thumb_func
 168              		.fpu fpv4-sp-d16
 170              	PendSV_Handler:
 171              	.LFB133:
 160:Src/stm32f3xx_it.c **** 
 161:Src/stm32f3xx_it.c **** /**
 162:Src/stm32f3xx_it.c **** * @brief This function handles Pendable request for system service.
 163:Src/stm32f3xx_it.c **** */
 164:Src/stm32f3xx_it.c **** void PendSV_Handler(void)
 165:Src/stm32f3xx_it.c **** {
 172              		.loc 1 165 0
 173              		.cfi_startproc
 174              		@ args = 0, pretend = 0, frame = 0
 175              		@ frame_needed = 0, uses_anonymous_args = 0
 176              		@ link register save eliminated.
 166:Src/stm32f3xx_it.c ****   /* USER CODE BEGIN PendSV_IRQn 0 */
 167:Src/stm32f3xx_it.c **** 
 168:Src/stm32f3xx_it.c ****   /* USER CODE END PendSV_IRQn 0 */
 169:Src/stm32f3xx_it.c ****   /* USER CODE BEGIN PendSV_IRQn 1 */
 170:Src/stm32f3xx_it.c **** 
 171:Src/stm32f3xx_it.c ****   /* USER CODE END PendSV_IRQn 1 */
 172:Src/stm32f3xx_it.c **** }
 177              		.loc 1 172 0
 178 0000 7047     		bx	lr
 179              		.cfi_endproc
 180              	.LFE133:
 182              		.section	.text.SysTick_Handler,"ax",%progbits
 183              		.align	1
 184              		.global	SysTick_Handler
 185              		.syntax unified
 186              		.thumb
ARM GAS  /tmp/ccIPqaIy.s 			page 7


 187              		.thumb_func
 188              		.fpu fpv4-sp-d16
 190              	SysTick_Handler:
 191              	.LFB134:
 173:Src/stm32f3xx_it.c **** 
 174:Src/stm32f3xx_it.c **** /**
 175:Src/stm32f3xx_it.c **** * @brief This function handles System tick timer.
 176:Src/stm32f3xx_it.c **** */
 177:Src/stm32f3xx_it.c **** void SysTick_Handler(void)
 178:Src/stm32f3xx_it.c **** {
 192              		.loc 1 178 0
 193              		.cfi_startproc
 194              		@ args = 0, pretend = 0, frame = 0
 195              		@ frame_needed = 0, uses_anonymous_args = 0
 196 0000 08B5     		push	{r3, lr}
 197              	.LCFI0:
 198              		.cfi_def_cfa_offset 8
 199              		.cfi_offset 3, -8
 200              		.cfi_offset 14, -4
 179:Src/stm32f3xx_it.c ****   /* USER CODE BEGIN SysTick_IRQn 0 */
 180:Src/stm32f3xx_it.c **** 
 181:Src/stm32f3xx_it.c ****   /* USER CODE END SysTick_IRQn 0 */
 182:Src/stm32f3xx_it.c ****   HAL_IncTick();
 201              		.loc 1 182 0
 202 0002 FFF7FEFF 		bl	HAL_IncTick
 203              	.LVL0:
 183:Src/stm32f3xx_it.c ****   HAL_SYSTICK_IRQHandler();
 204              		.loc 1 183 0
 205 0006 FFF7FEFF 		bl	HAL_SYSTICK_IRQHandler
 206              	.LVL1:
 184:Src/stm32f3xx_it.c ****   /* USER CODE BEGIN SysTick_IRQn 1 */
 185:Src/stm32f3xx_it.c **** 
 186:Src/stm32f3xx_it.c ****   /* USER CODE END SysTick_IRQn 1 */
 187:Src/stm32f3xx_it.c **** }
 207              		.loc 1 187 0
 208 000a 08BD     		pop	{r3, pc}
 209              		.cfi_endproc
 210              	.LFE134:
 212              		.section	.text.TIM1_CC_IRQHandler,"ax",%progbits
 213              		.align	1
 214              		.global	TIM1_CC_IRQHandler
 215              		.syntax unified
 216              		.thumb
 217              		.thumb_func
 218              		.fpu fpv4-sp-d16
 220              	TIM1_CC_IRQHandler:
 221              	.LFB135:
 188:Src/stm32f3xx_it.c **** 
 189:Src/stm32f3xx_it.c **** /******************************************************************************/
 190:Src/stm32f3xx_it.c **** /* STM32F3xx Peripheral Interrupt Handlers                                    */
 191:Src/stm32f3xx_it.c **** /* Add here the Interrupt Handlers for the used peripherals.                  */
 192:Src/stm32f3xx_it.c **** /* For the available peripheral interrupt handler names,                      */
 193:Src/stm32f3xx_it.c **** /* please refer to the startup file (startup_stm32f3xx.s).                    */
 194:Src/stm32f3xx_it.c **** /******************************************************************************/
 195:Src/stm32f3xx_it.c **** 
 196:Src/stm32f3xx_it.c **** /**
 197:Src/stm32f3xx_it.c **** * @brief This function handles TIM1 capture compare interrupt.
ARM GAS  /tmp/ccIPqaIy.s 			page 8


 198:Src/stm32f3xx_it.c **** */
 199:Src/stm32f3xx_it.c **** void TIM1_CC_IRQHandler(void)
 200:Src/stm32f3xx_it.c **** {
 222              		.loc 1 200 0
 223              		.cfi_startproc
 224              		@ args = 0, pretend = 0, frame = 0
 225              		@ frame_needed = 0, uses_anonymous_args = 0
 226 0000 08B5     		push	{r3, lr}
 227              	.LCFI1:
 228              		.cfi_def_cfa_offset 8
 229              		.cfi_offset 3, -8
 230              		.cfi_offset 14, -4
 201:Src/stm32f3xx_it.c ****   /* USER CODE BEGIN TIM1_CC_IRQn 0 */
 202:Src/stm32f3xx_it.c **** 
 203:Src/stm32f3xx_it.c ****   /* USER CODE END TIM1_CC_IRQn 0 */
 204:Src/stm32f3xx_it.c ****   HAL_TIM_IRQHandler(&htim1);
 231              		.loc 1 204 0
 232 0002 0248     		ldr	r0, .L17
 233 0004 FFF7FEFF 		bl	HAL_TIM_IRQHandler
 234              	.LVL2:
 205:Src/stm32f3xx_it.c ****   /* USER CODE BEGIN TIM1_CC_IRQn 1 */
 206:Src/stm32f3xx_it.c **** 
 207:Src/stm32f3xx_it.c ****   /* USER CODE END TIM1_CC_IRQn 1 */
 208:Src/stm32f3xx_it.c **** }
 235              		.loc 1 208 0
 236 0008 08BD     		pop	{r3, pc}
 237              	.L18:
 238 000a 00BF     		.align	2
 239              	.L17:
 240 000c 00000000 		.word	htim1
 241              		.cfi_endproc
 242              	.LFE135:
 244              		.section	.text.TIM2_IRQHandler,"ax",%progbits
 245              		.align	1
 246              		.global	TIM2_IRQHandler
 247              		.syntax unified
 248              		.thumb
 249              		.thumb_func
 250              		.fpu fpv4-sp-d16
 252              	TIM2_IRQHandler:
 253              	.LFB136:
 209:Src/stm32f3xx_it.c **** 
 210:Src/stm32f3xx_it.c **** /**
 211:Src/stm32f3xx_it.c **** * @brief This function handles TIM2 global interrupt.
 212:Src/stm32f3xx_it.c **** */
 213:Src/stm32f3xx_it.c **** void TIM2_IRQHandler(void)
 214:Src/stm32f3xx_it.c **** {
 254              		.loc 1 214 0
 255              		.cfi_startproc
 256              		@ args = 0, pretend = 0, frame = 0
 257              		@ frame_needed = 0, uses_anonymous_args = 0
 258 0000 08B5     		push	{r3, lr}
 259              	.LCFI2:
 260              		.cfi_def_cfa_offset 8
 261              		.cfi_offset 3, -8
 262              		.cfi_offset 14, -4
 215:Src/stm32f3xx_it.c ****   /* USER CODE BEGIN TIM2_IRQn 0 */
ARM GAS  /tmp/ccIPqaIy.s 			page 9


 216:Src/stm32f3xx_it.c **** 
 217:Src/stm32f3xx_it.c ****   /* USER CODE END TIM2_IRQn 0 */
 218:Src/stm32f3xx_it.c ****   HAL_TIM_IRQHandler(&htim2);
 263              		.loc 1 218 0
 264 0002 0248     		ldr	r0, .L21
 265 0004 FFF7FEFF 		bl	HAL_TIM_IRQHandler
 266              	.LVL3:
 219:Src/stm32f3xx_it.c ****   /* USER CODE BEGIN TIM2_IRQn 1 */
 220:Src/stm32f3xx_it.c **** 
 221:Src/stm32f3xx_it.c ****   /* USER CODE END TIM2_IRQn 1 */
 222:Src/stm32f3xx_it.c **** }
 267              		.loc 1 222 0
 268 0008 08BD     		pop	{r3, pc}
 269              	.L22:
 270 000a 00BF     		.align	2
 271              	.L21:
 272 000c 00000000 		.word	htim2
 273              		.cfi_endproc
 274              	.LFE136:
 276              		.text
 277              	.Letext0:
 278              		.file 2 "/usr/arm-none-eabi/include/machine/_default_types.h"
 279              		.file 3 "/usr/arm-none-eabi/include/sys/_stdint.h"
 280              		.file 4 "Drivers/CMSIS/Include/core_cm4.h"
 281              		.file 5 "Drivers/CMSIS/Device/ST/STM32F3xx/Include/system_stm32f3xx.h"
 282              		.file 6 "Drivers/CMSIS/Device/ST/STM32F3xx/Include/stm32f303x8.h"
 283              		.file 7 "/usr/arm-none-eabi/include/sys/lock.h"
 284              		.file 8 "/usr/arm-none-eabi/include/sys/_types.h"
 285              		.file 9 "/usr/lib/gcc/arm-none-eabi/7.3.0/include/stddef.h"
 286              		.file 10 "/usr/arm-none-eabi/include/sys/reent.h"
 287              		.file 11 "Drivers/STM32F3xx_HAL_Driver/Inc/stm32f3xx_hal_def.h"
 288              		.file 12 "Drivers/STM32F3xx_HAL_Driver/Inc/stm32f3xx_hal_dma.h"
 289              		.file 13 "Drivers/STM32F3xx_HAL_Driver/Inc/stm32f3xx_hal_tim.h"
 290              		.file 14 "Drivers/STM32F3xx_HAL_Driver/Inc/stm32f3xx_hal.h"
 291              		.file 15 "Drivers/STM32F3xx_HAL_Driver/Inc/stm32f3xx_hal_cortex.h"
ARM GAS  /tmp/ccIPqaIy.s 			page 10


DEFINED SYMBOLS
                            *ABS*:0000000000000000 stm32f3xx_it.c
     /tmp/ccIPqaIy.s:18     .text.NMI_Handler:0000000000000000 $t
     /tmp/ccIPqaIy.s:25     .text.NMI_Handler:0000000000000000 NMI_Handler
     /tmp/ccIPqaIy.s:39     .text.HardFault_Handler:0000000000000000 $t
     /tmp/ccIPqaIy.s:46     .text.HardFault_Handler:0000000000000000 HardFault_Handler
     /tmp/ccIPqaIy.s:60     .text.MemManage_Handler:0000000000000000 $t
     /tmp/ccIPqaIy.s:67     .text.MemManage_Handler:0000000000000000 MemManage_Handler
     /tmp/ccIPqaIy.s:81     .text.BusFault_Handler:0000000000000000 $t
     /tmp/ccIPqaIy.s:88     .text.BusFault_Handler:0000000000000000 BusFault_Handler
     /tmp/ccIPqaIy.s:102    .text.UsageFault_Handler:0000000000000000 $t
     /tmp/ccIPqaIy.s:109    .text.UsageFault_Handler:0000000000000000 UsageFault_Handler
     /tmp/ccIPqaIy.s:123    .text.SVC_Handler:0000000000000000 $t
     /tmp/ccIPqaIy.s:130    .text.SVC_Handler:0000000000000000 SVC_Handler
     /tmp/ccIPqaIy.s:143    .text.DebugMon_Handler:0000000000000000 $t
     /tmp/ccIPqaIy.s:150    .text.DebugMon_Handler:0000000000000000 DebugMon_Handler
     /tmp/ccIPqaIy.s:163    .text.PendSV_Handler:0000000000000000 $t
     /tmp/ccIPqaIy.s:170    .text.PendSV_Handler:0000000000000000 PendSV_Handler
     /tmp/ccIPqaIy.s:183    .text.SysTick_Handler:0000000000000000 $t
     /tmp/ccIPqaIy.s:190    .text.SysTick_Handler:0000000000000000 SysTick_Handler
     /tmp/ccIPqaIy.s:213    .text.TIM1_CC_IRQHandler:0000000000000000 $t
     /tmp/ccIPqaIy.s:220    .text.TIM1_CC_IRQHandler:0000000000000000 TIM1_CC_IRQHandler
     /tmp/ccIPqaIy.s:240    .text.TIM1_CC_IRQHandler:000000000000000c $d
     /tmp/ccIPqaIy.s:245    .text.TIM2_IRQHandler:0000000000000000 $t
     /tmp/ccIPqaIy.s:252    .text.TIM2_IRQHandler:0000000000000000 TIM2_IRQHandler
     /tmp/ccIPqaIy.s:272    .text.TIM2_IRQHandler:000000000000000c $d

UNDEFINED SYMBOLS
HAL_IncTick
HAL_SYSTICK_IRQHandler
HAL_TIM_IRQHandler
htim1
htim2
