ARM GAS  /tmp/cc1M0k5G.s 			page 1


   1              		.cpu cortex-m4
   2              		.eabi_attribute 27, 1
   3              		.eabi_attribute 28, 1
   4              		.eabi_attribute 20, 1
   5              		.eabi_attribute 21, 1
   6              		.eabi_attribute 23, 3
   7              		.eabi_attribute 24, 1
   8              		.eabi_attribute 25, 1
   9              		.eabi_attribute 26, 1
  10              		.eabi_attribute 30, 6
  11              		.eabi_attribute 34, 1
  12              		.eabi_attribute 18, 4
  13              		.file	"stm32f3xx_hal_wwdg.c"
  14              		.text
  15              	.Ltext0:
  16              		.cfi_sections	.debug_frame
  17              		.section	.rodata.CHANNEL_OFFSET_TAB,"a",%progbits
  18              		.align	2
  21              	CHANNEL_OFFSET_TAB:
  22 0000 08       		.byte	8
  23 0001 1C       		.byte	28
  24 0002 30       		.byte	48
  25 0003 44       		.byte	68
  26 0004 58       		.byte	88
  27 0005 6C       		.byte	108
  28 0006 80       		.byte	-128
  29              		.section	.text.HAL_WWDG_Init,"ax",%progbits
  30              		.align	1
  31              		.global	HAL_WWDG_Init
  32              		.syntax unified
  33              		.thumb
  34              		.thumb_func
  35              		.fpu fpv4-sp-d16
  37              	HAL_WWDG_Init:
  38              	.LFB695:
  39              		.file 1 "Drivers/STM32F3xx_HAL_Driver/Src/stm32f3xx_hal_wwdg.c"
   1:Drivers/STM32F3xx_HAL_Driver/Src/stm32f3xx_hal_wwdg.c **** /**
   2:Drivers/STM32F3xx_HAL_Driver/Src/stm32f3xx_hal_wwdg.c ****   ******************************************************************************
   3:Drivers/STM32F3xx_HAL_Driver/Src/stm32f3xx_hal_wwdg.c ****   * @file    stm32f3xx_hal_wwdg.c
   4:Drivers/STM32F3xx_HAL_Driver/Src/stm32f3xx_hal_wwdg.c ****   * @author  MCD Application Team
   5:Drivers/STM32F3xx_HAL_Driver/Src/stm32f3xx_hal_wwdg.c ****   * @brief   WWDG HAL module driver.
   6:Drivers/STM32F3xx_HAL_Driver/Src/stm32f3xx_hal_wwdg.c ****   *          This file provides firmware functions to manage the following 
   7:Drivers/STM32F3xx_HAL_Driver/Src/stm32f3xx_hal_wwdg.c ****   *          functionalities of the Window Watchdog (WWDG) peripheral:
   8:Drivers/STM32F3xx_HAL_Driver/Src/stm32f3xx_hal_wwdg.c ****   *           + Initialization and Configuration function
   9:Drivers/STM32F3xx_HAL_Driver/Src/stm32f3xx_hal_wwdg.c ****   *           + IO operation functions
  10:Drivers/STM32F3xx_HAL_Driver/Src/stm32f3xx_hal_wwdg.c ****   @verbatim
  11:Drivers/STM32F3xx_HAL_Driver/Src/stm32f3xx_hal_wwdg.c ****   ==============================================================================
  12:Drivers/STM32F3xx_HAL_Driver/Src/stm32f3xx_hal_wwdg.c ****                       ##### WWDG specific features #####
  13:Drivers/STM32F3xx_HAL_Driver/Src/stm32f3xx_hal_wwdg.c ****   ==============================================================================
  14:Drivers/STM32F3xx_HAL_Driver/Src/stm32f3xx_hal_wwdg.c ****   [..]
  15:Drivers/STM32F3xx_HAL_Driver/Src/stm32f3xx_hal_wwdg.c ****     Once enabled the WWDG generates a system reset on expiry of a programmed
  16:Drivers/STM32F3xx_HAL_Driver/Src/stm32f3xx_hal_wwdg.c ****     time period, unless the program refreshes the counter (T[6U;0] downcounter)
  17:Drivers/STM32F3xx_HAL_Driver/Src/stm32f3xx_hal_wwdg.c ****     before reaching 0x3F value (i.e. a reset is generated when the counter
  18:Drivers/STM32F3xx_HAL_Driver/Src/stm32f3xx_hal_wwdg.c ****     value rolls over from 0x40 to 0x3FU).
  19:Drivers/STM32F3xx_HAL_Driver/Src/stm32f3xx_hal_wwdg.c **** 
  20:Drivers/STM32F3xx_HAL_Driver/Src/stm32f3xx_hal_wwdg.c ****     (+) An MCU reset is also generated if the counter value is refreshed
  21:Drivers/STM32F3xx_HAL_Driver/Src/stm32f3xx_hal_wwdg.c ****         before the counter has reached the refresh window value. This
ARM GAS  /tmp/cc1M0k5G.s 			page 2


  22:Drivers/STM32F3xx_HAL_Driver/Src/stm32f3xx_hal_wwdg.c ****         implies that the counter must be refreshed in a limited window.
  23:Drivers/STM32F3xx_HAL_Driver/Src/stm32f3xx_hal_wwdg.c **** 
  24:Drivers/STM32F3xx_HAL_Driver/Src/stm32f3xx_hal_wwdg.c ****     (+) Once enabled the WWDG cannot be disabled except by a system reset.
  25:Drivers/STM32F3xx_HAL_Driver/Src/stm32f3xx_hal_wwdg.c **** 
  26:Drivers/STM32F3xx_HAL_Driver/Src/stm32f3xx_hal_wwdg.c ****     (+) WWDGRST flag in RCC_CSR register informs when a WWDG reset has 
  27:Drivers/STM32F3xx_HAL_Driver/Src/stm32f3xx_hal_wwdg.c ****         occurred (check available with __HAL_RCC_GET_FLAG(RCC_FLAG_WWDGRST)).
  28:Drivers/STM32F3xx_HAL_Driver/Src/stm32f3xx_hal_wwdg.c **** 
  29:Drivers/STM32F3xx_HAL_Driver/Src/stm32f3xx_hal_wwdg.c ****     (+) The WWDG downcounter input clock is derived from the APB clock divided
  30:Drivers/STM32F3xx_HAL_Driver/Src/stm32f3xx_hal_wwdg.c ****         by a programmable prescaler.
  31:Drivers/STM32F3xx_HAL_Driver/Src/stm32f3xx_hal_wwdg.c **** 
  32:Drivers/STM32F3xx_HAL_Driver/Src/stm32f3xx_hal_wwdg.c ****     (+) WWDG downcounter clock (Hz) = PCLK1 / (4096U * Prescaler)
  33:Drivers/STM32F3xx_HAL_Driver/Src/stm32f3xx_hal_wwdg.c **** 
  34:Drivers/STM32F3xx_HAL_Driver/Src/stm32f3xx_hal_wwdg.c ****     (+) WWDG timeout (ms) = (1000U * (T[5U;0] + 1U)) / (WWDG downcounter clock)
  35:Drivers/STM32F3xx_HAL_Driver/Src/stm32f3xx_hal_wwdg.c ****         where T[5U;0] are the lowest 6 bits of downcounter.
  36:Drivers/STM32F3xx_HAL_Driver/Src/stm32f3xx_hal_wwdg.c **** 
  37:Drivers/STM32F3xx_HAL_Driver/Src/stm32f3xx_hal_wwdg.c ****     (+) WWDG Counter refresh is allowed between the following limits :
  38:Drivers/STM32F3xx_HAL_Driver/Src/stm32f3xx_hal_wwdg.c ****         (++) min time (ms) = (1000U * (T[5U;0] - Window)) / (WWDG downcounter clock)
  39:Drivers/STM32F3xx_HAL_Driver/Src/stm32f3xx_hal_wwdg.c ****         (++) max time (ms) = (1000U * (T[5U;0] - 0x40U)) / (WWDG downcounter clock)
  40:Drivers/STM32F3xx_HAL_Driver/Src/stm32f3xx_hal_wwdg.c **** 
  41:Drivers/STM32F3xx_HAL_Driver/Src/stm32f3xx_hal_wwdg.c ****     (+) Min-max timeout value @42 MHz(PCLK1): ~97.5 us / ~49.9 ms
  42:Drivers/STM32F3xx_HAL_Driver/Src/stm32f3xx_hal_wwdg.c **** 
  43:Drivers/STM32F3xx_HAL_Driver/Src/stm32f3xx_hal_wwdg.c ****     (+) The Early Wakeup Interrupt (EWI) can be used if specific safety 
  44:Drivers/STM32F3xx_HAL_Driver/Src/stm32f3xx_hal_wwdg.c ****         operations or data logging must be performed before the actual reset is
  45:Drivers/STM32F3xx_HAL_Driver/Src/stm32f3xx_hal_wwdg.c ****         generated. When the downcounter reaches the value 0x40U, an EWI interrupt
  46:Drivers/STM32F3xx_HAL_Driver/Src/stm32f3xx_hal_wwdg.c ****         is generated and the corresponding interrupt service routine (ISR) can 
  47:Drivers/STM32F3xx_HAL_Driver/Src/stm32f3xx_hal_wwdg.c ****         be used to trigger specific actions (such as communications or data 
  48:Drivers/STM32F3xx_HAL_Driver/Src/stm32f3xx_hal_wwdg.c ****         logging), before resetting the device.
  49:Drivers/STM32F3xx_HAL_Driver/Src/stm32f3xx_hal_wwdg.c ****         In some applications, the EWI interrupt can be used to manage a software
  50:Drivers/STM32F3xx_HAL_Driver/Src/stm32f3xx_hal_wwdg.c ****         system check and/or system recovery/graceful degradation, without 
  51:Drivers/STM32F3xx_HAL_Driver/Src/stm32f3xx_hal_wwdg.c ****         generating a WWDG reset. In this case, the corresponding interrupt 
  52:Drivers/STM32F3xx_HAL_Driver/Src/stm32f3xx_hal_wwdg.c ****         service routine (ISR) should reload the WWDG counter to avoid the WWDG 
  53:Drivers/STM32F3xx_HAL_Driver/Src/stm32f3xx_hal_wwdg.c ****         reset, then trigger the required actions.
  54:Drivers/STM32F3xx_HAL_Driver/Src/stm32f3xx_hal_wwdg.c ****         Note:When the EWI interrupt cannot be served, e.g. due to a system lock 
  55:Drivers/STM32F3xx_HAL_Driver/Src/stm32f3xx_hal_wwdg.c ****         in a higher priority task, the WWDG reset will eventually be generated.
  56:Drivers/STM32F3xx_HAL_Driver/Src/stm32f3xx_hal_wwdg.c **** 
  57:Drivers/STM32F3xx_HAL_Driver/Src/stm32f3xx_hal_wwdg.c ****     (+) Debug mode : When the microcontroller enters debug mode (core halted),
  58:Drivers/STM32F3xx_HAL_Driver/Src/stm32f3xx_hal_wwdg.c ****         the WWDG counter either continues to work normally or stops, depending 
  59:Drivers/STM32F3xx_HAL_Driver/Src/stm32f3xx_hal_wwdg.c ****         on DBG_WWDG_STOP configuration bit in DBG module, accessible through
  60:Drivers/STM32F3xx_HAL_Driver/Src/stm32f3xx_hal_wwdg.c ****         __HAL_DBGMCU_FREEZE_WWDG() and __HAL_DBGMCU_UNFREEZE_WWDG() macros
  61:Drivers/STM32F3xx_HAL_Driver/Src/stm32f3xx_hal_wwdg.c **** 
  62:Drivers/STM32F3xx_HAL_Driver/Src/stm32f3xx_hal_wwdg.c ****                      ##### How to use this driver #####
  63:Drivers/STM32F3xx_HAL_Driver/Src/stm32f3xx_hal_wwdg.c ****   ==============================================================================
  64:Drivers/STM32F3xx_HAL_Driver/Src/stm32f3xx_hal_wwdg.c ****   [..]
  65:Drivers/STM32F3xx_HAL_Driver/Src/stm32f3xx_hal_wwdg.c ****     (+) Enable WWDG APB1 clock using __HAL_RCC_WWDG_CLK_ENABLE().
  66:Drivers/STM32F3xx_HAL_Driver/Src/stm32f3xx_hal_wwdg.c **** 
  67:Drivers/STM32F3xx_HAL_Driver/Src/stm32f3xx_hal_wwdg.c ****     (+) Set the WWDG prescaler, refresh window, counter value and Early Wakeup 
  68:Drivers/STM32F3xx_HAL_Driver/Src/stm32f3xx_hal_wwdg.c ****         Interrupt mode using using HAL_WWDG_Init() function.
  69:Drivers/STM32F3xx_HAL_Driver/Src/stm32f3xx_hal_wwdg.c ****         This enables WWDG peripheral and the downcounter starts downcounting 
  70:Drivers/STM32F3xx_HAL_Driver/Src/stm32f3xx_hal_wwdg.c ****         from given counter value.
  71:Drivers/STM32F3xx_HAL_Driver/Src/stm32f3xx_hal_wwdg.c ****         Init function can be called again to modify all watchdog parameters, 
  72:Drivers/STM32F3xx_HAL_Driver/Src/stm32f3xx_hal_wwdg.c ****         however if EWI mode has been set once, it can't be clear until next 
  73:Drivers/STM32F3xx_HAL_Driver/Src/stm32f3xx_hal_wwdg.c ****         reset.
  74:Drivers/STM32F3xx_HAL_Driver/Src/stm32f3xx_hal_wwdg.c **** 
  75:Drivers/STM32F3xx_HAL_Driver/Src/stm32f3xx_hal_wwdg.c ****     (+) The application program must refresh the WWDG counter at regular
  76:Drivers/STM32F3xx_HAL_Driver/Src/stm32f3xx_hal_wwdg.c ****         intervals during normal operation to prevent an MCU reset using
  77:Drivers/STM32F3xx_HAL_Driver/Src/stm32f3xx_hal_wwdg.c ****         HAL_WWDG_Refresh() function. This operation must occur only when
  78:Drivers/STM32F3xx_HAL_Driver/Src/stm32f3xx_hal_wwdg.c ****         the counter is lower than the window value already programmed.
ARM GAS  /tmp/cc1M0k5G.s 			page 3


  79:Drivers/STM32F3xx_HAL_Driver/Src/stm32f3xx_hal_wwdg.c **** 
  80:Drivers/STM32F3xx_HAL_Driver/Src/stm32f3xx_hal_wwdg.c ****     (+) if Early Wakeup Interrupt mode is enable an interrupt is generated when 
  81:Drivers/STM32F3xx_HAL_Driver/Src/stm32f3xx_hal_wwdg.c ****         the counter reaches 0x40. User can add his own code in weak function 
  82:Drivers/STM32F3xx_HAL_Driver/Src/stm32f3xx_hal_wwdg.c ****         HAL_WWDG_EarlyWakeupCallback().
  83:Drivers/STM32F3xx_HAL_Driver/Src/stm32f3xx_hal_wwdg.c **** 
  84:Drivers/STM32F3xx_HAL_Driver/Src/stm32f3xx_hal_wwdg.c ****      *** WWDG HAL driver macros list ***
  85:Drivers/STM32F3xx_HAL_Driver/Src/stm32f3xx_hal_wwdg.c ****      ==================================
  86:Drivers/STM32F3xx_HAL_Driver/Src/stm32f3xx_hal_wwdg.c ****      [..]
  87:Drivers/STM32F3xx_HAL_Driver/Src/stm32f3xx_hal_wwdg.c ****        Below the list of most used macros in WWDG HAL driver.
  88:Drivers/STM32F3xx_HAL_Driver/Src/stm32f3xx_hal_wwdg.c **** 
  89:Drivers/STM32F3xx_HAL_Driver/Src/stm32f3xx_hal_wwdg.c ****       (+) __HAL_WWDG_GET_IT_SOURCE: Check the selected WWDG's interrupt source.
  90:Drivers/STM32F3xx_HAL_Driver/Src/stm32f3xx_hal_wwdg.c ****       (+) __HAL_WWDG_GET_FLAG: Get the selected WWDG's flag status.
  91:Drivers/STM32F3xx_HAL_Driver/Src/stm32f3xx_hal_wwdg.c ****       (+) __HAL_WWDG_CLEAR_FLAG: Clear the WWDG's pending flags.
  92:Drivers/STM32F3xx_HAL_Driver/Src/stm32f3xx_hal_wwdg.c **** 
  93:Drivers/STM32F3xx_HAL_Driver/Src/stm32f3xx_hal_wwdg.c ****   @endverbatim
  94:Drivers/STM32F3xx_HAL_Driver/Src/stm32f3xx_hal_wwdg.c ****   ******************************************************************************
  95:Drivers/STM32F3xx_HAL_Driver/Src/stm32f3xx_hal_wwdg.c ****   * @attention
  96:Drivers/STM32F3xx_HAL_Driver/Src/stm32f3xx_hal_wwdg.c ****   *
  97:Drivers/STM32F3xx_HAL_Driver/Src/stm32f3xx_hal_wwdg.c ****   * <h2><center>&copy; COPYRIGHT(c) 2016 STMicroelectronics</center></h2>
  98:Drivers/STM32F3xx_HAL_Driver/Src/stm32f3xx_hal_wwdg.c ****   *
  99:Drivers/STM32F3xx_HAL_Driver/Src/stm32f3xx_hal_wwdg.c ****   * Redistribution and use in source and binary forms, with or without modification,
 100:Drivers/STM32F3xx_HAL_Driver/Src/stm32f3xx_hal_wwdg.c ****   * are permitted provided that the following conditions are met:
 101:Drivers/STM32F3xx_HAL_Driver/Src/stm32f3xx_hal_wwdg.c ****   *   1. Redistributions of source code must retain the above copyright notice,
 102:Drivers/STM32F3xx_HAL_Driver/Src/stm32f3xx_hal_wwdg.c ****   *      this list of conditions and the following disclaimer.
 103:Drivers/STM32F3xx_HAL_Driver/Src/stm32f3xx_hal_wwdg.c ****   *   2. Redistributions in binary form must reproduce the above copyright notice,
 104:Drivers/STM32F3xx_HAL_Driver/Src/stm32f3xx_hal_wwdg.c ****   *      this list of conditions and the following disclaimer in the documentation
 105:Drivers/STM32F3xx_HAL_Driver/Src/stm32f3xx_hal_wwdg.c ****   *      and/or other materials provided with the distribution.
 106:Drivers/STM32F3xx_HAL_Driver/Src/stm32f3xx_hal_wwdg.c ****   *   3. Neither the name of STMicroelectronics nor the names of its contributors
 107:Drivers/STM32F3xx_HAL_Driver/Src/stm32f3xx_hal_wwdg.c ****   *      may be used to endorse or promote products derived from this software
 108:Drivers/STM32F3xx_HAL_Driver/Src/stm32f3xx_hal_wwdg.c ****   *      without specific prior written permission.
 109:Drivers/STM32F3xx_HAL_Driver/Src/stm32f3xx_hal_wwdg.c ****   *
 110:Drivers/STM32F3xx_HAL_Driver/Src/stm32f3xx_hal_wwdg.c ****   * THIS SOFTWARE IS PROVIDED BY THE COPYRIGHT HOLDERS AND CONTRIBUTORS "AS IS"
 111:Drivers/STM32F3xx_HAL_Driver/Src/stm32f3xx_hal_wwdg.c ****   * AND ANY EXPRESS OR IMPLIED WARRANTIES, INCLUDING, BUT NOT LIMITED TO, THE
 112:Drivers/STM32F3xx_HAL_Driver/Src/stm32f3xx_hal_wwdg.c ****   * IMPLIED WARRANTIES OF MERCHANTABILITY AND FITNESS FOR A PARTICULAR PURPOSE ARE
 113:Drivers/STM32F3xx_HAL_Driver/Src/stm32f3xx_hal_wwdg.c ****   * DISCLAIMED. IN NO EVENT SHALL THE COPYRIGHT HOLDER OR CONTRIBUTORS BE LIABLE
 114:Drivers/STM32F3xx_HAL_Driver/Src/stm32f3xx_hal_wwdg.c ****   * FOR ANY DIRECT, INDIRECT, INCIDENTAL, SPECIAL, EXEMPLARY, OR CONSEQUENTIAL
 115:Drivers/STM32F3xx_HAL_Driver/Src/stm32f3xx_hal_wwdg.c ****   * DAMAGES (INCLUDING, BUT NOT LIMITED TO, PROCUREMENT OF SUBSTITUTE GOODS OR
 116:Drivers/STM32F3xx_HAL_Driver/Src/stm32f3xx_hal_wwdg.c ****   * SERVICES; LOSS OF USE, DATA, OR PROFITS; OR BUSINESS INTERRUPTION) HOWEVER
 117:Drivers/STM32F3xx_HAL_Driver/Src/stm32f3xx_hal_wwdg.c ****   * CAUSED AND ON ANY THEORY OF LIABILITY, WHETHER IN CONTRACT, STRICT LIABILITY,
 118:Drivers/STM32F3xx_HAL_Driver/Src/stm32f3xx_hal_wwdg.c ****   * OR TORT (INCLUDING NEGLIGENCE OR OTHERWISE) ARISING IN ANY WAY OUT OF THE USE
 119:Drivers/STM32F3xx_HAL_Driver/Src/stm32f3xx_hal_wwdg.c ****   * OF THIS SOFTWARE, EVEN IF ADVISED OF THE POSSIBILITY OF SUCH DAMAGE.
 120:Drivers/STM32F3xx_HAL_Driver/Src/stm32f3xx_hal_wwdg.c ****   *
 121:Drivers/STM32F3xx_HAL_Driver/Src/stm32f3xx_hal_wwdg.c ****   ******************************************************************************
 122:Drivers/STM32F3xx_HAL_Driver/Src/stm32f3xx_hal_wwdg.c ****   */
 123:Drivers/STM32F3xx_HAL_Driver/Src/stm32f3xx_hal_wwdg.c **** 
 124:Drivers/STM32F3xx_HAL_Driver/Src/stm32f3xx_hal_wwdg.c **** /* Includes ------------------------------------------------------------------*/
 125:Drivers/STM32F3xx_HAL_Driver/Src/stm32f3xx_hal_wwdg.c **** #include "stm32f3xx_hal.h"
 126:Drivers/STM32F3xx_HAL_Driver/Src/stm32f3xx_hal_wwdg.c **** 
 127:Drivers/STM32F3xx_HAL_Driver/Src/stm32f3xx_hal_wwdg.c **** /** @addtogroup STM32F3xx_HAL_Driver
 128:Drivers/STM32F3xx_HAL_Driver/Src/stm32f3xx_hal_wwdg.c ****   * @{
 129:Drivers/STM32F3xx_HAL_Driver/Src/stm32f3xx_hal_wwdg.c ****   */
 130:Drivers/STM32F3xx_HAL_Driver/Src/stm32f3xx_hal_wwdg.c **** 
 131:Drivers/STM32F3xx_HAL_Driver/Src/stm32f3xx_hal_wwdg.c **** #ifdef HAL_WWDG_MODULE_ENABLED
 132:Drivers/STM32F3xx_HAL_Driver/Src/stm32f3xx_hal_wwdg.c **** /** @defgroup WWDG WWDG
 133:Drivers/STM32F3xx_HAL_Driver/Src/stm32f3xx_hal_wwdg.c ****   * @brief WWDG HAL module driver.
 134:Drivers/STM32F3xx_HAL_Driver/Src/stm32f3xx_hal_wwdg.c ****   * @{
 135:Drivers/STM32F3xx_HAL_Driver/Src/stm32f3xx_hal_wwdg.c ****   */
ARM GAS  /tmp/cc1M0k5G.s 			page 4


 136:Drivers/STM32F3xx_HAL_Driver/Src/stm32f3xx_hal_wwdg.c **** 
 137:Drivers/STM32F3xx_HAL_Driver/Src/stm32f3xx_hal_wwdg.c **** /* Private typedef -----------------------------------------------------------*/
 138:Drivers/STM32F3xx_HAL_Driver/Src/stm32f3xx_hal_wwdg.c **** /* Private define ------------------------------------------------------------*/
 139:Drivers/STM32F3xx_HAL_Driver/Src/stm32f3xx_hal_wwdg.c **** /* Private macro -------------------------------------------------------------*/
 140:Drivers/STM32F3xx_HAL_Driver/Src/stm32f3xx_hal_wwdg.c **** /* Private variables ---------------------------------------------------------*/
 141:Drivers/STM32F3xx_HAL_Driver/Src/stm32f3xx_hal_wwdg.c **** /* Private function prototypes -----------------------------------------------*/
 142:Drivers/STM32F3xx_HAL_Driver/Src/stm32f3xx_hal_wwdg.c **** /* Exported functions --------------------------------------------------------*/
 143:Drivers/STM32F3xx_HAL_Driver/Src/stm32f3xx_hal_wwdg.c **** 
 144:Drivers/STM32F3xx_HAL_Driver/Src/stm32f3xx_hal_wwdg.c **** /** @defgroup WWDG_Exported_Functions WWDG Exported Functions
 145:Drivers/STM32F3xx_HAL_Driver/Src/stm32f3xx_hal_wwdg.c ****   * @{
 146:Drivers/STM32F3xx_HAL_Driver/Src/stm32f3xx_hal_wwdg.c ****   */
 147:Drivers/STM32F3xx_HAL_Driver/Src/stm32f3xx_hal_wwdg.c **** 
 148:Drivers/STM32F3xx_HAL_Driver/Src/stm32f3xx_hal_wwdg.c **** /** @defgroup WWDG_Exported_Functions_Group1 Initialization and Configuration functions
 149:Drivers/STM32F3xx_HAL_Driver/Src/stm32f3xx_hal_wwdg.c ****  *  @brief    Initialization and Configuration functions.
 150:Drivers/STM32F3xx_HAL_Driver/Src/stm32f3xx_hal_wwdg.c ****  *
 151:Drivers/STM32F3xx_HAL_Driver/Src/stm32f3xx_hal_wwdg.c **** @verbatim
 152:Drivers/STM32F3xx_HAL_Driver/Src/stm32f3xx_hal_wwdg.c ****   ==============================================================================
 153:Drivers/STM32F3xx_HAL_Driver/Src/stm32f3xx_hal_wwdg.c ****           ##### Initialization and Configuration functions #####
 154:Drivers/STM32F3xx_HAL_Driver/Src/stm32f3xx_hal_wwdg.c ****   ==============================================================================
 155:Drivers/STM32F3xx_HAL_Driver/Src/stm32f3xx_hal_wwdg.c ****   [..]  
 156:Drivers/STM32F3xx_HAL_Driver/Src/stm32f3xx_hal_wwdg.c ****     This section provides functions allowing to:
 157:Drivers/STM32F3xx_HAL_Driver/Src/stm32f3xx_hal_wwdg.c ****       (+) Initialize and start the WWDG according to the specified parameters
 158:Drivers/STM32F3xx_HAL_Driver/Src/stm32f3xx_hal_wwdg.c ****           in the WWDG_InitTypeDef of associated handle.
 159:Drivers/STM32F3xx_HAL_Driver/Src/stm32f3xx_hal_wwdg.c ****       (+) Initialize the WWDG MSP.
 160:Drivers/STM32F3xx_HAL_Driver/Src/stm32f3xx_hal_wwdg.c **** 
 161:Drivers/STM32F3xx_HAL_Driver/Src/stm32f3xx_hal_wwdg.c **** @endverbatim
 162:Drivers/STM32F3xx_HAL_Driver/Src/stm32f3xx_hal_wwdg.c ****   * @{
 163:Drivers/STM32F3xx_HAL_Driver/Src/stm32f3xx_hal_wwdg.c ****   */
 164:Drivers/STM32F3xx_HAL_Driver/Src/stm32f3xx_hal_wwdg.c **** 
 165:Drivers/STM32F3xx_HAL_Driver/Src/stm32f3xx_hal_wwdg.c **** /**
 166:Drivers/STM32F3xx_HAL_Driver/Src/stm32f3xx_hal_wwdg.c ****   * @brief  Initialize the WWDG according to the specified.
 167:Drivers/STM32F3xx_HAL_Driver/Src/stm32f3xx_hal_wwdg.c ****   *         parameters in the WWDG_InitTypeDef of  associated handle.
 168:Drivers/STM32F3xx_HAL_Driver/Src/stm32f3xx_hal_wwdg.c ****   * @param  hwwdg  pointer to a WWDG_HandleTypeDef structure that contains
 169:Drivers/STM32F3xx_HAL_Driver/Src/stm32f3xx_hal_wwdg.c ****   *                the configuration information for the specified WWDG module.
 170:Drivers/STM32F3xx_HAL_Driver/Src/stm32f3xx_hal_wwdg.c ****   * @retval HAL status
 171:Drivers/STM32F3xx_HAL_Driver/Src/stm32f3xx_hal_wwdg.c ****   */
 172:Drivers/STM32F3xx_HAL_Driver/Src/stm32f3xx_hal_wwdg.c **** HAL_StatusTypeDef HAL_WWDG_Init(WWDG_HandleTypeDef *hwwdg)
 173:Drivers/STM32F3xx_HAL_Driver/Src/stm32f3xx_hal_wwdg.c **** {
  40              		.loc 1 173 0
  41              		.cfi_startproc
  42              		@ args = 0, pretend = 0, frame = 8
  43              		@ frame_needed = 1, uses_anonymous_args = 0
  44 0000 80B5     		push	{r7, lr}
  45              	.LCFI0:
  46              		.cfi_def_cfa_offset 8
  47              		.cfi_offset 7, -8
  48              		.cfi_offset 14, -4
  49 0002 82B0     		sub	sp, sp, #8
  50              	.LCFI1:
  51              		.cfi_def_cfa_offset 16
  52 0004 00AF     		add	r7, sp, #0
  53              	.LCFI2:
  54              		.cfi_def_cfa_register 7
  55 0006 7860     		str	r0, [r7, #4]
 174:Drivers/STM32F3xx_HAL_Driver/Src/stm32f3xx_hal_wwdg.c ****   /* Check the WWDG handle allocation */
 175:Drivers/STM32F3xx_HAL_Driver/Src/stm32f3xx_hal_wwdg.c ****   if(hwwdg == NULL)
  56              		.loc 1 175 0
ARM GAS  /tmp/cc1M0k5G.s 			page 5


  57 0008 7B68     		ldr	r3, [r7, #4]
  58 000a 002B     		cmp	r3, #0
  59 000c 01D1     		bne	.L2
 176:Drivers/STM32F3xx_HAL_Driver/Src/stm32f3xx_hal_wwdg.c ****   {
 177:Drivers/STM32F3xx_HAL_Driver/Src/stm32f3xx_hal_wwdg.c ****     return HAL_ERROR;
  60              		.loc 1 177 0
  61 000e 0123     		movs	r3, #1
  62 0010 16E0     		b	.L3
  63              	.L2:
 178:Drivers/STM32F3xx_HAL_Driver/Src/stm32f3xx_hal_wwdg.c ****   }
 179:Drivers/STM32F3xx_HAL_Driver/Src/stm32f3xx_hal_wwdg.c **** 
 180:Drivers/STM32F3xx_HAL_Driver/Src/stm32f3xx_hal_wwdg.c ****   /* Check the parameters */
 181:Drivers/STM32F3xx_HAL_Driver/Src/stm32f3xx_hal_wwdg.c ****   assert_param(IS_WWDG_ALL_INSTANCE(hwwdg->Instance));
 182:Drivers/STM32F3xx_HAL_Driver/Src/stm32f3xx_hal_wwdg.c ****   assert_param(IS_WWDG_PRESCALER(hwwdg->Init.Prescaler));
 183:Drivers/STM32F3xx_HAL_Driver/Src/stm32f3xx_hal_wwdg.c ****   assert_param(IS_WWDG_WINDOW(hwwdg->Init.Window));
 184:Drivers/STM32F3xx_HAL_Driver/Src/stm32f3xx_hal_wwdg.c ****   assert_param(IS_WWDG_COUNTER(hwwdg->Init.Counter));
 185:Drivers/STM32F3xx_HAL_Driver/Src/stm32f3xx_hal_wwdg.c ****   assert_param(IS_WWDG_EWI_MODE(hwwdg->Init.EWIMode));
 186:Drivers/STM32F3xx_HAL_Driver/Src/stm32f3xx_hal_wwdg.c **** 
 187:Drivers/STM32F3xx_HAL_Driver/Src/stm32f3xx_hal_wwdg.c ****   /* Init the low level hardware */
 188:Drivers/STM32F3xx_HAL_Driver/Src/stm32f3xx_hal_wwdg.c ****   HAL_WWDG_MspInit(hwwdg);
  64              		.loc 1 188 0
  65 0012 7868     		ldr	r0, [r7, #4]
  66 0014 FFF7FEFF 		bl	HAL_WWDG_MspInit
 189:Drivers/STM32F3xx_HAL_Driver/Src/stm32f3xx_hal_wwdg.c **** 
 190:Drivers/STM32F3xx_HAL_Driver/Src/stm32f3xx_hal_wwdg.c ****   /* Set WWDG Counter */
 191:Drivers/STM32F3xx_HAL_Driver/Src/stm32f3xx_hal_wwdg.c ****   WRITE_REG(hwwdg->Instance->CR, (WWDG_CR_WDGA | hwwdg->Init.Counter));
  67              		.loc 1 191 0
  68 0018 7B68     		ldr	r3, [r7, #4]
  69 001a DA68     		ldr	r2, [r3, #12]
  70 001c 7B68     		ldr	r3, [r7, #4]
  71 001e 1B68     		ldr	r3, [r3]
  72 0020 42F08002 		orr	r2, r2, #128
  73 0024 1A60     		str	r2, [r3]
 192:Drivers/STM32F3xx_HAL_Driver/Src/stm32f3xx_hal_wwdg.c **** 
 193:Drivers/STM32F3xx_HAL_Driver/Src/stm32f3xx_hal_wwdg.c ****   /* Set WWDG Prescaler and Window */
 194:Drivers/STM32F3xx_HAL_Driver/Src/stm32f3xx_hal_wwdg.c ****   WRITE_REG(hwwdg->Instance->CFR, (hwwdg->Init.EWIMode | hwwdg->Init.Prescaler | hwwdg->Init.Window
  74              		.loc 1 194 0
  75 0026 7B68     		ldr	r3, [r7, #4]
  76 0028 1A69     		ldr	r2, [r3, #16]
  77 002a 7B68     		ldr	r3, [r7, #4]
  78 002c 5B68     		ldr	r3, [r3, #4]
  79 002e 42EA0301 		orr	r1, r2, r3
  80 0032 7B68     		ldr	r3, [r7, #4]
  81 0034 9A68     		ldr	r2, [r3, #8]
  82 0036 7B68     		ldr	r3, [r7, #4]
  83 0038 1B68     		ldr	r3, [r3]
  84 003a 0A43     		orrs	r2, r2, r1
  85 003c 5A60     		str	r2, [r3, #4]
 195:Drivers/STM32F3xx_HAL_Driver/Src/stm32f3xx_hal_wwdg.c **** 
 196:Drivers/STM32F3xx_HAL_Driver/Src/stm32f3xx_hal_wwdg.c ****   /* Return function status */
 197:Drivers/STM32F3xx_HAL_Driver/Src/stm32f3xx_hal_wwdg.c ****   return HAL_OK;
  86              		.loc 1 197 0
  87 003e 0023     		movs	r3, #0
  88              	.L3:
 198:Drivers/STM32F3xx_HAL_Driver/Src/stm32f3xx_hal_wwdg.c **** }
  89              		.loc 1 198 0
  90 0040 1846     		mov	r0, r3
ARM GAS  /tmp/cc1M0k5G.s 			page 6


  91 0042 0837     		adds	r7, r7, #8
  92              	.LCFI3:
  93              		.cfi_def_cfa_offset 8
  94 0044 BD46     		mov	sp, r7
  95              	.LCFI4:
  96              		.cfi_def_cfa_register 13
  97              		@ sp needed
  98 0046 80BD     		pop	{r7, pc}
  99              		.cfi_endproc
 100              	.LFE695:
 102              		.section	.text.HAL_WWDG_MspInit,"ax",%progbits
 103              		.align	1
 104              		.weak	HAL_WWDG_MspInit
 105              		.syntax unified
 106              		.thumb
 107              		.thumb_func
 108              		.fpu fpv4-sp-d16
 110              	HAL_WWDG_MspInit:
 111              	.LFB696:
 199:Drivers/STM32F3xx_HAL_Driver/Src/stm32f3xx_hal_wwdg.c **** 
 200:Drivers/STM32F3xx_HAL_Driver/Src/stm32f3xx_hal_wwdg.c **** 
 201:Drivers/STM32F3xx_HAL_Driver/Src/stm32f3xx_hal_wwdg.c **** /**
 202:Drivers/STM32F3xx_HAL_Driver/Src/stm32f3xx_hal_wwdg.c ****   * @brief  Initialize the WWDG MSP.
 203:Drivers/STM32F3xx_HAL_Driver/Src/stm32f3xx_hal_wwdg.c ****   * @param  hwwdg  pointer to a WWDG_HandleTypeDef structure that contains
 204:Drivers/STM32F3xx_HAL_Driver/Src/stm32f3xx_hal_wwdg.c ****   *                the configuration information for the specified WWDG module.
 205:Drivers/STM32F3xx_HAL_Driver/Src/stm32f3xx_hal_wwdg.c ****   * @note   When rewriting this function in user file, mechanism may be added
 206:Drivers/STM32F3xx_HAL_Driver/Src/stm32f3xx_hal_wwdg.c ****   *         to avoid multiple initialize when HAL_WWDG_Init function is called
 207:Drivers/STM32F3xx_HAL_Driver/Src/stm32f3xx_hal_wwdg.c ****   *         again to change parameters.
 208:Drivers/STM32F3xx_HAL_Driver/Src/stm32f3xx_hal_wwdg.c ****   * @retval None
 209:Drivers/STM32F3xx_HAL_Driver/Src/stm32f3xx_hal_wwdg.c ****   */
 210:Drivers/STM32F3xx_HAL_Driver/Src/stm32f3xx_hal_wwdg.c **** __weak void HAL_WWDG_MspInit(WWDG_HandleTypeDef *hwwdg)
 211:Drivers/STM32F3xx_HAL_Driver/Src/stm32f3xx_hal_wwdg.c **** {
 112              		.loc 1 211 0
 113              		.cfi_startproc
 114              		@ args = 0, pretend = 0, frame = 8
 115              		@ frame_needed = 1, uses_anonymous_args = 0
 116              		@ link register save eliminated.
 117 0000 80B4     		push	{r7}
 118              	.LCFI5:
 119              		.cfi_def_cfa_offset 4
 120              		.cfi_offset 7, -4
 121 0002 83B0     		sub	sp, sp, #12
 122              	.LCFI6:
 123              		.cfi_def_cfa_offset 16
 124 0004 00AF     		add	r7, sp, #0
 125              	.LCFI7:
 126              		.cfi_def_cfa_register 7
 127 0006 7860     		str	r0, [r7, #4]
 212:Drivers/STM32F3xx_HAL_Driver/Src/stm32f3xx_hal_wwdg.c ****   /* Prevent unused argument(s) compilation warning */
 213:Drivers/STM32F3xx_HAL_Driver/Src/stm32f3xx_hal_wwdg.c ****   UNUSED(hwwdg);
 214:Drivers/STM32F3xx_HAL_Driver/Src/stm32f3xx_hal_wwdg.c **** 
 215:Drivers/STM32F3xx_HAL_Driver/Src/stm32f3xx_hal_wwdg.c ****   /* NOTE: This function should not be modified, when the callback is needed,
 216:Drivers/STM32F3xx_HAL_Driver/Src/stm32f3xx_hal_wwdg.c ****            the HAL_WWDG_MspInit could be implemented in the user file
 217:Drivers/STM32F3xx_HAL_Driver/Src/stm32f3xx_hal_wwdg.c ****    */
 218:Drivers/STM32F3xx_HAL_Driver/Src/stm32f3xx_hal_wwdg.c **** }
 128              		.loc 1 218 0
 129 0008 00BF     		nop
ARM GAS  /tmp/cc1M0k5G.s 			page 7


 130 000a 0C37     		adds	r7, r7, #12
 131              	.LCFI8:
 132              		.cfi_def_cfa_offset 4
 133 000c BD46     		mov	sp, r7
 134              	.LCFI9:
 135              		.cfi_def_cfa_register 13
 136              		@ sp needed
 137 000e 5DF8047B 		ldr	r7, [sp], #4
 138              	.LCFI10:
 139              		.cfi_restore 7
 140              		.cfi_def_cfa_offset 0
 141 0012 7047     		bx	lr
 142              		.cfi_endproc
 143              	.LFE696:
 145              		.section	.text.HAL_WWDG_Refresh,"ax",%progbits
 146              		.align	1
 147              		.global	HAL_WWDG_Refresh
 148              		.syntax unified
 149              		.thumb
 150              		.thumb_func
 151              		.fpu fpv4-sp-d16
 153              	HAL_WWDG_Refresh:
 154              	.LFB697:
 219:Drivers/STM32F3xx_HAL_Driver/Src/stm32f3xx_hal_wwdg.c **** 
 220:Drivers/STM32F3xx_HAL_Driver/Src/stm32f3xx_hal_wwdg.c **** /**
 221:Drivers/STM32F3xx_HAL_Driver/Src/stm32f3xx_hal_wwdg.c ****   * @}
 222:Drivers/STM32F3xx_HAL_Driver/Src/stm32f3xx_hal_wwdg.c ****   */
 223:Drivers/STM32F3xx_HAL_Driver/Src/stm32f3xx_hal_wwdg.c **** 
 224:Drivers/STM32F3xx_HAL_Driver/Src/stm32f3xx_hal_wwdg.c **** /** @defgroup WWDG_Exported_Functions_Group2 IO operation functions
 225:Drivers/STM32F3xx_HAL_Driver/Src/stm32f3xx_hal_wwdg.c ****  *  @brief    IO operation functions 
 226:Drivers/STM32F3xx_HAL_Driver/Src/stm32f3xx_hal_wwdg.c ****  *
 227:Drivers/STM32F3xx_HAL_Driver/Src/stm32f3xx_hal_wwdg.c **** @verbatim
 228:Drivers/STM32F3xx_HAL_Driver/Src/stm32f3xx_hal_wwdg.c ****   ==============================================================================
 229:Drivers/STM32F3xx_HAL_Driver/Src/stm32f3xx_hal_wwdg.c ****                       ##### IO operation functions #####
 230:Drivers/STM32F3xx_HAL_Driver/Src/stm32f3xx_hal_wwdg.c ****   ==============================================================================  
 231:Drivers/STM32F3xx_HAL_Driver/Src/stm32f3xx_hal_wwdg.c ****   [..]
 232:Drivers/STM32F3xx_HAL_Driver/Src/stm32f3xx_hal_wwdg.c ****     This section provides functions allowing to:
 233:Drivers/STM32F3xx_HAL_Driver/Src/stm32f3xx_hal_wwdg.c ****     (+) Refresh the WWDG.
 234:Drivers/STM32F3xx_HAL_Driver/Src/stm32f3xx_hal_wwdg.c ****     (+) Handle WWDG interrupt request and associated function callback.
 235:Drivers/STM32F3xx_HAL_Driver/Src/stm32f3xx_hal_wwdg.c **** 
 236:Drivers/STM32F3xx_HAL_Driver/Src/stm32f3xx_hal_wwdg.c **** @endverbatim
 237:Drivers/STM32F3xx_HAL_Driver/Src/stm32f3xx_hal_wwdg.c ****   * @{
 238:Drivers/STM32F3xx_HAL_Driver/Src/stm32f3xx_hal_wwdg.c ****   */
 239:Drivers/STM32F3xx_HAL_Driver/Src/stm32f3xx_hal_wwdg.c **** 
 240:Drivers/STM32F3xx_HAL_Driver/Src/stm32f3xx_hal_wwdg.c **** /**
 241:Drivers/STM32F3xx_HAL_Driver/Src/stm32f3xx_hal_wwdg.c ****   * @brief  Refresh the WWDG.
 242:Drivers/STM32F3xx_HAL_Driver/Src/stm32f3xx_hal_wwdg.c ****   * @param  hwwdg  pointer to a WWDG_HandleTypeDef structure that contains
 243:Drivers/STM32F3xx_HAL_Driver/Src/stm32f3xx_hal_wwdg.c ****   *                the configuration information for the specified WWDG module.
 244:Drivers/STM32F3xx_HAL_Driver/Src/stm32f3xx_hal_wwdg.c ****   * @retval HAL status
 245:Drivers/STM32F3xx_HAL_Driver/Src/stm32f3xx_hal_wwdg.c ****   */
 246:Drivers/STM32F3xx_HAL_Driver/Src/stm32f3xx_hal_wwdg.c **** HAL_StatusTypeDef HAL_WWDG_Refresh(WWDG_HandleTypeDef *hwwdg)
 247:Drivers/STM32F3xx_HAL_Driver/Src/stm32f3xx_hal_wwdg.c **** {
 155              		.loc 1 247 0
 156              		.cfi_startproc
 157              		@ args = 0, pretend = 0, frame = 8
 158              		@ frame_needed = 1, uses_anonymous_args = 0
 159              		@ link register save eliminated.
ARM GAS  /tmp/cc1M0k5G.s 			page 8


 160 0000 80B4     		push	{r7}
 161              	.LCFI11:
 162              		.cfi_def_cfa_offset 4
 163              		.cfi_offset 7, -4
 164 0002 83B0     		sub	sp, sp, #12
 165              	.LCFI12:
 166              		.cfi_def_cfa_offset 16
 167 0004 00AF     		add	r7, sp, #0
 168              	.LCFI13:
 169              		.cfi_def_cfa_register 7
 170 0006 7860     		str	r0, [r7, #4]
 248:Drivers/STM32F3xx_HAL_Driver/Src/stm32f3xx_hal_wwdg.c ****   /* Write to WWDG CR the WWDG Counter value to refresh with */
 249:Drivers/STM32F3xx_HAL_Driver/Src/stm32f3xx_hal_wwdg.c ****   WRITE_REG(hwwdg->Instance->CR, (hwwdg->Init.Counter));
 171              		.loc 1 249 0
 172 0008 7B68     		ldr	r3, [r7, #4]
 173 000a 1B68     		ldr	r3, [r3]
 174 000c 7A68     		ldr	r2, [r7, #4]
 175 000e D268     		ldr	r2, [r2, #12]
 176 0010 1A60     		str	r2, [r3]
 250:Drivers/STM32F3xx_HAL_Driver/Src/stm32f3xx_hal_wwdg.c **** 
 251:Drivers/STM32F3xx_HAL_Driver/Src/stm32f3xx_hal_wwdg.c ****   /* Return function status */
 252:Drivers/STM32F3xx_HAL_Driver/Src/stm32f3xx_hal_wwdg.c ****   return HAL_OK;
 177              		.loc 1 252 0
 178 0012 0023     		movs	r3, #0
 253:Drivers/STM32F3xx_HAL_Driver/Src/stm32f3xx_hal_wwdg.c **** }
 179              		.loc 1 253 0
 180 0014 1846     		mov	r0, r3
 181 0016 0C37     		adds	r7, r7, #12
 182              	.LCFI14:
 183              		.cfi_def_cfa_offset 4
 184 0018 BD46     		mov	sp, r7
 185              	.LCFI15:
 186              		.cfi_def_cfa_register 13
 187              		@ sp needed
 188 001a 5DF8047B 		ldr	r7, [sp], #4
 189              	.LCFI16:
 190              		.cfi_restore 7
 191              		.cfi_def_cfa_offset 0
 192 001e 7047     		bx	lr
 193              		.cfi_endproc
 194              	.LFE697:
 196              		.section	.text.HAL_WWDG_IRQHandler,"ax",%progbits
 197              		.align	1
 198              		.global	HAL_WWDG_IRQHandler
 199              		.syntax unified
 200              		.thumb
 201              		.thumb_func
 202              		.fpu fpv4-sp-d16
 204              	HAL_WWDG_IRQHandler:
 205              	.LFB698:
 254:Drivers/STM32F3xx_HAL_Driver/Src/stm32f3xx_hal_wwdg.c **** 
 255:Drivers/STM32F3xx_HAL_Driver/Src/stm32f3xx_hal_wwdg.c **** /**
 256:Drivers/STM32F3xx_HAL_Driver/Src/stm32f3xx_hal_wwdg.c ****   * @brief  Handle WWDG interrupt request.
 257:Drivers/STM32F3xx_HAL_Driver/Src/stm32f3xx_hal_wwdg.c ****   * @note   The Early Wakeup Interrupt (EWI) can be used if specific safety operations
 258:Drivers/STM32F3xx_HAL_Driver/Src/stm32f3xx_hal_wwdg.c ****   *         or data logging must be performed before the actual reset is generated.
 259:Drivers/STM32F3xx_HAL_Driver/Src/stm32f3xx_hal_wwdg.c ****   *         The EWI interrupt is enabled by calling HAL_WWDG_Init function with 
 260:Drivers/STM32F3xx_HAL_Driver/Src/stm32f3xx_hal_wwdg.c ****   *         EWIMode set to WWDG_EWI_ENABLE.
ARM GAS  /tmp/cc1M0k5G.s 			page 9


 261:Drivers/STM32F3xx_HAL_Driver/Src/stm32f3xx_hal_wwdg.c ****   *         When the downcounter reaches the value 0x40, and EWI interrupt is
 262:Drivers/STM32F3xx_HAL_Driver/Src/stm32f3xx_hal_wwdg.c ****   *         generated and the corresponding Interrupt Service Routine (ISR) can
 263:Drivers/STM32F3xx_HAL_Driver/Src/stm32f3xx_hal_wwdg.c ****   *         be used to trigger specific actions (such as communications or data
 264:Drivers/STM32F3xx_HAL_Driver/Src/stm32f3xx_hal_wwdg.c ****   *         logging), before resetting the device.
 265:Drivers/STM32F3xx_HAL_Driver/Src/stm32f3xx_hal_wwdg.c ****   * @param  hwwdg  pointer to a WWDG_HandleTypeDef structure that contains
 266:Drivers/STM32F3xx_HAL_Driver/Src/stm32f3xx_hal_wwdg.c ****   *                the configuration information for the specified WWDG module.
 267:Drivers/STM32F3xx_HAL_Driver/Src/stm32f3xx_hal_wwdg.c ****   * @retval None
 268:Drivers/STM32F3xx_HAL_Driver/Src/stm32f3xx_hal_wwdg.c ****   */
 269:Drivers/STM32F3xx_HAL_Driver/Src/stm32f3xx_hal_wwdg.c **** void HAL_WWDG_IRQHandler(WWDG_HandleTypeDef *hwwdg)
 270:Drivers/STM32F3xx_HAL_Driver/Src/stm32f3xx_hal_wwdg.c **** {
 206              		.loc 1 270 0
 207              		.cfi_startproc
 208              		@ args = 0, pretend = 0, frame = 8
 209              		@ frame_needed = 1, uses_anonymous_args = 0
 210 0000 80B5     		push	{r7, lr}
 211              	.LCFI17:
 212              		.cfi_def_cfa_offset 8
 213              		.cfi_offset 7, -8
 214              		.cfi_offset 14, -4
 215 0002 82B0     		sub	sp, sp, #8
 216              	.LCFI18:
 217              		.cfi_def_cfa_offset 16
 218 0004 00AF     		add	r7, sp, #0
 219              	.LCFI19:
 220              		.cfi_def_cfa_register 7
 221 0006 7860     		str	r0, [r7, #4]
 271:Drivers/STM32F3xx_HAL_Driver/Src/stm32f3xx_hal_wwdg.c ****   /* Check if Early Wakeup Interrupt is enable */
 272:Drivers/STM32F3xx_HAL_Driver/Src/stm32f3xx_hal_wwdg.c ****   if(__HAL_WWDG_GET_IT_SOURCE(hwwdg, WWDG_IT_EWI) != RESET)
 222              		.loc 1 272 0
 223 0008 7B68     		ldr	r3, [r7, #4]
 224 000a 1B68     		ldr	r3, [r3]
 225 000c 5B68     		ldr	r3, [r3, #4]
 226 000e 03F40073 		and	r3, r3, #512
 227 0012 B3F5007F 		cmp	r3, #512
 228 0016 0ED1     		bne	.L9
 273:Drivers/STM32F3xx_HAL_Driver/Src/stm32f3xx_hal_wwdg.c ****   {
 274:Drivers/STM32F3xx_HAL_Driver/Src/stm32f3xx_hal_wwdg.c ****     /* Check if WWDG Early Wakeup Interrupt occurred */
 275:Drivers/STM32F3xx_HAL_Driver/Src/stm32f3xx_hal_wwdg.c ****     if(__HAL_WWDG_GET_FLAG(hwwdg, WWDG_FLAG_EWIF) != RESET)
 229              		.loc 1 275 0
 230 0018 7B68     		ldr	r3, [r7, #4]
 231 001a 1B68     		ldr	r3, [r3]
 232 001c 9B68     		ldr	r3, [r3, #8]
 233 001e 03F00103 		and	r3, r3, #1
 234 0022 012B     		cmp	r3, #1
 235 0024 07D1     		bne	.L9
 276:Drivers/STM32F3xx_HAL_Driver/Src/stm32f3xx_hal_wwdg.c ****     {
 277:Drivers/STM32F3xx_HAL_Driver/Src/stm32f3xx_hal_wwdg.c ****       /* Clear the WWDG Early Wakeup flag */
 278:Drivers/STM32F3xx_HAL_Driver/Src/stm32f3xx_hal_wwdg.c ****       __HAL_WWDG_CLEAR_FLAG(hwwdg, WWDG_FLAG_EWIF);
 236              		.loc 1 278 0
 237 0026 7B68     		ldr	r3, [r7, #4]
 238 0028 1B68     		ldr	r3, [r3]
 239 002a 6FF00102 		mvn	r2, #1
 240 002e 9A60     		str	r2, [r3, #8]
 279:Drivers/STM32F3xx_HAL_Driver/Src/stm32f3xx_hal_wwdg.c **** 
 280:Drivers/STM32F3xx_HAL_Driver/Src/stm32f3xx_hal_wwdg.c ****       /* Early Wakeup callback */ 
 281:Drivers/STM32F3xx_HAL_Driver/Src/stm32f3xx_hal_wwdg.c ****       HAL_WWDG_EarlyWakeupCallback(hwwdg);
 241              		.loc 1 281 0
ARM GAS  /tmp/cc1M0k5G.s 			page 10


 242 0030 7868     		ldr	r0, [r7, #4]
 243 0032 FFF7FEFF 		bl	HAL_WWDG_EarlyWakeupCallback
 244              	.L9:
 282:Drivers/STM32F3xx_HAL_Driver/Src/stm32f3xx_hal_wwdg.c ****     }
 283:Drivers/STM32F3xx_HAL_Driver/Src/stm32f3xx_hal_wwdg.c ****   }
 284:Drivers/STM32F3xx_HAL_Driver/Src/stm32f3xx_hal_wwdg.c **** }
 245              		.loc 1 284 0
 246 0036 00BF     		nop
 247 0038 0837     		adds	r7, r7, #8
 248              	.LCFI20:
 249              		.cfi_def_cfa_offset 8
 250 003a BD46     		mov	sp, r7
 251              	.LCFI21:
 252              		.cfi_def_cfa_register 13
 253              		@ sp needed
 254 003c 80BD     		pop	{r7, pc}
 255              		.cfi_endproc
 256              	.LFE698:
 258              		.section	.text.HAL_WWDG_EarlyWakeupCallback,"ax",%progbits
 259              		.align	1
 260              		.weak	HAL_WWDG_EarlyWakeupCallback
 261              		.syntax unified
 262              		.thumb
 263              		.thumb_func
 264              		.fpu fpv4-sp-d16
 266              	HAL_WWDG_EarlyWakeupCallback:
 267              	.LFB699:
 285:Drivers/STM32F3xx_HAL_Driver/Src/stm32f3xx_hal_wwdg.c **** 
 286:Drivers/STM32F3xx_HAL_Driver/Src/stm32f3xx_hal_wwdg.c **** /**
 287:Drivers/STM32F3xx_HAL_Driver/Src/stm32f3xx_hal_wwdg.c ****   * @brief  WWDG Early Wakeup callback.
 288:Drivers/STM32F3xx_HAL_Driver/Src/stm32f3xx_hal_wwdg.c ****   * @param  hwwdg  pointer to a WWDG_HandleTypeDef structure that contains
 289:Drivers/STM32F3xx_HAL_Driver/Src/stm32f3xx_hal_wwdg.c ****   *                the configuration information for the specified WWDG module.
 290:Drivers/STM32F3xx_HAL_Driver/Src/stm32f3xx_hal_wwdg.c ****   * @retval None
 291:Drivers/STM32F3xx_HAL_Driver/Src/stm32f3xx_hal_wwdg.c ****   */
 292:Drivers/STM32F3xx_HAL_Driver/Src/stm32f3xx_hal_wwdg.c **** __weak void HAL_WWDG_EarlyWakeupCallback(WWDG_HandleTypeDef* hwwdg)
 293:Drivers/STM32F3xx_HAL_Driver/Src/stm32f3xx_hal_wwdg.c **** {
 268              		.loc 1 293 0
 269              		.cfi_startproc
 270              		@ args = 0, pretend = 0, frame = 8
 271              		@ frame_needed = 1, uses_anonymous_args = 0
 272              		@ link register save eliminated.
 273 0000 80B4     		push	{r7}
 274              	.LCFI22:
 275              		.cfi_def_cfa_offset 4
 276              		.cfi_offset 7, -4
 277 0002 83B0     		sub	sp, sp, #12
 278              	.LCFI23:
 279              		.cfi_def_cfa_offset 16
 280 0004 00AF     		add	r7, sp, #0
 281              	.LCFI24:
 282              		.cfi_def_cfa_register 7
 283 0006 7860     		str	r0, [r7, #4]
 294:Drivers/STM32F3xx_HAL_Driver/Src/stm32f3xx_hal_wwdg.c ****   /* Prevent unused argument(s) compilation warning */
 295:Drivers/STM32F3xx_HAL_Driver/Src/stm32f3xx_hal_wwdg.c ****   UNUSED(hwwdg);
 296:Drivers/STM32F3xx_HAL_Driver/Src/stm32f3xx_hal_wwdg.c **** 
 297:Drivers/STM32F3xx_HAL_Driver/Src/stm32f3xx_hal_wwdg.c ****   /* NOTE: This function should not be modified, when the callback is needed,
 298:Drivers/STM32F3xx_HAL_Driver/Src/stm32f3xx_hal_wwdg.c ****            the HAL_WWDG_EarlyWakeupCallback could be implemented in the user file
ARM GAS  /tmp/cc1M0k5G.s 			page 11


 299:Drivers/STM32F3xx_HAL_Driver/Src/stm32f3xx_hal_wwdg.c ****    */
 300:Drivers/STM32F3xx_HAL_Driver/Src/stm32f3xx_hal_wwdg.c **** }
 284              		.loc 1 300 0
 285 0008 00BF     		nop
 286 000a 0C37     		adds	r7, r7, #12
 287              	.LCFI25:
 288              		.cfi_def_cfa_offset 4
 289 000c BD46     		mov	sp, r7
 290              	.LCFI26:
 291              		.cfi_def_cfa_register 13
 292              		@ sp needed
 293 000e 5DF8047B 		ldr	r7, [sp], #4
 294              	.LCFI27:
 295              		.cfi_restore 7
 296              		.cfi_def_cfa_offset 0
 297 0012 7047     		bx	lr
 298              		.cfi_endproc
 299              	.LFE699:
 301              		.text
 302              	.Letext0:
 303              		.file 2 "/usr/arm-none-eabi/include/machine/_default_types.h"
 304              		.file 3 "/usr/arm-none-eabi/include/sys/_stdint.h"
 305              		.file 4 "Drivers/CMSIS/Include/core_cm4.h"
 306              		.file 5 "Drivers/CMSIS/Device/ST/STM32F3xx/Include/system_stm32f3xx.h"
 307              		.file 6 "Drivers/CMSIS/Device/ST/STM32F3xx/Include/stm32f303x8.h"
 308              		.file 7 "/usr/arm-none-eabi/include/sys/lock.h"
 309              		.file 8 "/usr/arm-none-eabi/include/sys/_types.h"
 310              		.file 9 "/usr/lib/gcc/arm-none-eabi/7.3.0/include/stddef.h"
 311              		.file 10 "/usr/arm-none-eabi/include/sys/reent.h"
 312              		.file 11 "Drivers/CMSIS/Device/ST/STM32F3xx/Include/stm32f3xx.h"
 313              		.file 12 "Drivers/STM32F3xx_HAL_Driver/Inc/stm32f3xx_hal_def.h"
 314              		.file 13 "Drivers/STM32F3xx_HAL_Driver/Inc/stm32f3xx_hal_wwdg.h"
 315              		.file 14 "Drivers/STM32F3xx_HAL_Driver/Inc/stm32f3xx_ll_dma.h"
ARM GAS  /tmp/cc1M0k5G.s 			page 12


DEFINED SYMBOLS
                            *ABS*:0000000000000000 stm32f3xx_hal_wwdg.c
     /tmp/cc1M0k5G.s:18     .rodata.CHANNEL_OFFSET_TAB:0000000000000000 $d
     /tmp/cc1M0k5G.s:21     .rodata.CHANNEL_OFFSET_TAB:0000000000000000 CHANNEL_OFFSET_TAB
     /tmp/cc1M0k5G.s:30     .text.HAL_WWDG_Init:0000000000000000 $t
     /tmp/cc1M0k5G.s:37     .text.HAL_WWDG_Init:0000000000000000 HAL_WWDG_Init
     /tmp/cc1M0k5G.s:110    .text.HAL_WWDG_MspInit:0000000000000000 HAL_WWDG_MspInit
     /tmp/cc1M0k5G.s:103    .text.HAL_WWDG_MspInit:0000000000000000 $t
     /tmp/cc1M0k5G.s:146    .text.HAL_WWDG_Refresh:0000000000000000 $t
     /tmp/cc1M0k5G.s:153    .text.HAL_WWDG_Refresh:0000000000000000 HAL_WWDG_Refresh
     /tmp/cc1M0k5G.s:197    .text.HAL_WWDG_IRQHandler:0000000000000000 $t
     /tmp/cc1M0k5G.s:204    .text.HAL_WWDG_IRQHandler:0000000000000000 HAL_WWDG_IRQHandler
     /tmp/cc1M0k5G.s:266    .text.HAL_WWDG_EarlyWakeupCallback:0000000000000000 HAL_WWDG_EarlyWakeupCallback
     /tmp/cc1M0k5G.s:259    .text.HAL_WWDG_EarlyWakeupCallback:0000000000000000 $t

NO UNDEFINED SYMBOLS
