ARM GAS  /tmp/ccs6aS5S.s 			page 1


   1              		.cpu cortex-m4
   2              		.eabi_attribute 27, 1
   3              		.eabi_attribute 28, 1
   4              		.eabi_attribute 20, 1
   5              		.eabi_attribute 21, 1
   6              		.eabi_attribute 23, 3
   7              		.eabi_attribute 24, 1
   8              		.eabi_attribute 25, 1
   9              		.eabi_attribute 26, 1
  10              		.eabi_attribute 30, 1
  11              		.eabi_attribute 34, 1
  12              		.eabi_attribute 18, 4
  13              		.file	"stm32f3xx_hal_msp.c"
  14              		.text
  15              	.Ltext0:
  16              		.cfi_sections	.debug_frame
  17              		.section	.text.HAL_MspInit,"ax",%progbits
  18              		.align	1
  19              		.global	HAL_MspInit
  20              		.syntax unified
  21              		.thumb
  22              		.thumb_func
  23              		.fpu fpv4-sp-d16
  25              	HAL_MspInit:
  26              	.LFB126:
  27              		.file 1 "Src/stm32f3xx_hal_msp.c"
   1:Src/stm32f3xx_hal_msp.c **** /**
   2:Src/stm32f3xx_hal_msp.c ****   ******************************************************************************
   3:Src/stm32f3xx_hal_msp.c ****   * File Name          : stm32f3xx_hal_msp.c
   4:Src/stm32f3xx_hal_msp.c ****   * Description        : This file provides code for the MSP Initialization 
   5:Src/stm32f3xx_hal_msp.c ****   *                      and de-Initialization codes.
   6:Src/stm32f3xx_hal_msp.c ****   ******************************************************************************
   7:Src/stm32f3xx_hal_msp.c ****   ** This notice applies to any and all portions of this file
   8:Src/stm32f3xx_hal_msp.c ****   * that are not between comment pairs USER CODE BEGIN and
   9:Src/stm32f3xx_hal_msp.c ****   * USER CODE END. Other portions of this file, whether 
  10:Src/stm32f3xx_hal_msp.c ****   * inserted by the user or by software development tools
  11:Src/stm32f3xx_hal_msp.c ****   * are owned by their respective copyright owners.
  12:Src/stm32f3xx_hal_msp.c ****   *
  13:Src/stm32f3xx_hal_msp.c ****   * COPYRIGHT(c) 2018 STMicroelectronics
  14:Src/stm32f3xx_hal_msp.c ****   *
  15:Src/stm32f3xx_hal_msp.c ****   * Redistribution and use in source and binary forms, with or without modification,
  16:Src/stm32f3xx_hal_msp.c ****   * are permitted provided that the following conditions are met:
  17:Src/stm32f3xx_hal_msp.c ****   *   1. Redistributions of source code must retain the above copyright notice,
  18:Src/stm32f3xx_hal_msp.c ****   *      this list of conditions and the following disclaimer.
  19:Src/stm32f3xx_hal_msp.c ****   *   2. Redistributions in binary form must reproduce the above copyright notice,
  20:Src/stm32f3xx_hal_msp.c ****   *      this list of conditions and the following disclaimer in the documentation
  21:Src/stm32f3xx_hal_msp.c ****   *      and/or other materials provided with the distribution.
  22:Src/stm32f3xx_hal_msp.c ****   *   3. Neither the name of STMicroelectronics nor the names of its contributors
  23:Src/stm32f3xx_hal_msp.c ****   *      may be used to endorse or promote products derived from this software
  24:Src/stm32f3xx_hal_msp.c ****   *      without specific prior written permission.
  25:Src/stm32f3xx_hal_msp.c ****   *
  26:Src/stm32f3xx_hal_msp.c ****   * THIS SOFTWARE IS PROVIDED BY THE COPYRIGHT HOLDERS AND CONTRIBUTORS "AS IS"
  27:Src/stm32f3xx_hal_msp.c ****   * AND ANY EXPRESS OR IMPLIED WARRANTIES, INCLUDING, BUT NOT LIMITED TO, THE
  28:Src/stm32f3xx_hal_msp.c ****   * IMPLIED WARRANTIES OF MERCHANTABILITY AND FITNESS FOR A PARTICULAR PURPOSE ARE
  29:Src/stm32f3xx_hal_msp.c ****   * DISCLAIMED. IN NO EVENT SHALL THE COPYRIGHT HOLDER OR CONTRIBUTORS BE LIABLE
  30:Src/stm32f3xx_hal_msp.c ****   * FOR ANY DIRECT, INDIRECT, INCIDENTAL, SPECIAL, EXEMPLARY, OR CONSEQUENTIAL
  31:Src/stm32f3xx_hal_msp.c ****   * DAMAGES (INCLUDING, BUT NOT LIMITED TO, PROCUREMENT OF SUBSTITUTE GOODS OR
ARM GAS  /tmp/ccs6aS5S.s 			page 2


  32:Src/stm32f3xx_hal_msp.c ****   * SERVICES; LOSS OF USE, DATA, OR PROFITS; OR BUSINESS INTERRUPTION) HOWEVER
  33:Src/stm32f3xx_hal_msp.c ****   * CAUSED AND ON ANY THEORY OF LIABILITY, WHETHER IN CONTRACT, STRICT LIABILITY,
  34:Src/stm32f3xx_hal_msp.c ****   * OR TORT (INCLUDING NEGLIGENCE OR OTHERWISE) ARISING IN ANY WAY OUT OF THE USE
  35:Src/stm32f3xx_hal_msp.c ****   * OF THIS SOFTWARE, EVEN IF ADVISED OF THE POSSIBILITY OF SUCH DAMAGE.
  36:Src/stm32f3xx_hal_msp.c ****   *
  37:Src/stm32f3xx_hal_msp.c ****   ******************************************************************************
  38:Src/stm32f3xx_hal_msp.c ****   */
  39:Src/stm32f3xx_hal_msp.c **** /* Includes ------------------------------------------------------------------*/
  40:Src/stm32f3xx_hal_msp.c **** #include "stm32f3xx_hal.h"
  41:Src/stm32f3xx_hal_msp.c **** 
  42:Src/stm32f3xx_hal_msp.c **** extern void _Error_Handler(char *, int);
  43:Src/stm32f3xx_hal_msp.c **** /* USER CODE BEGIN 0 */
  44:Src/stm32f3xx_hal_msp.c **** 
  45:Src/stm32f3xx_hal_msp.c **** /* USER CODE END 0 */
  46:Src/stm32f3xx_hal_msp.c **** /**
  47:Src/stm32f3xx_hal_msp.c ****   * Initializes the Global MSP.
  48:Src/stm32f3xx_hal_msp.c ****   */
  49:Src/stm32f3xx_hal_msp.c **** void HAL_MspInit(void)
  50:Src/stm32f3xx_hal_msp.c **** {
  28              		.loc 1 50 0
  29              		.cfi_startproc
  30              		@ args = 0, pretend = 0, frame = 8
  31              		@ frame_needed = 0, uses_anonymous_args = 0
  32 0000 00B5     		push	{lr}
  33              	.LCFI0:
  34              		.cfi_def_cfa_offset 4
  35              		.cfi_offset 14, -4
  36 0002 83B0     		sub	sp, sp, #12
  37              	.LCFI1:
  38              		.cfi_def_cfa_offset 16
  39              	.LBB2:
  51:Src/stm32f3xx_hal_msp.c ****   /* USER CODE BEGIN MspInit 0 */
  52:Src/stm32f3xx_hal_msp.c **** 
  53:Src/stm32f3xx_hal_msp.c ****   /* USER CODE END MspInit 0 */
  54:Src/stm32f3xx_hal_msp.c **** 
  55:Src/stm32f3xx_hal_msp.c ****   __HAL_RCC_SYSCFG_CLK_ENABLE();
  40              		.loc 1 55 0
  41 0004 1C4B     		ldr	r3, .L3
  42 0006 9A69     		ldr	r2, [r3, #24]
  43 0008 42F00102 		orr	r2, r2, #1
  44 000c 9A61     		str	r2, [r3, #24]
  45 000e 9B69     		ldr	r3, [r3, #24]
  46 0010 03F00103 		and	r3, r3, #1
  47 0014 0193     		str	r3, [sp, #4]
  48 0016 019B     		ldr	r3, [sp, #4]
  49              	.LBE2:
  56:Src/stm32f3xx_hal_msp.c **** 
  57:Src/stm32f3xx_hal_msp.c ****   HAL_NVIC_SetPriorityGrouping(NVIC_PRIORITYGROUP_4);
  50              		.loc 1 57 0
  51 0018 0320     		movs	r0, #3
  52 001a FFF7FEFF 		bl	HAL_NVIC_SetPriorityGrouping
  53              	.LVL0:
  58:Src/stm32f3xx_hal_msp.c **** 
  59:Src/stm32f3xx_hal_msp.c ****   /* System interrupt init*/
  60:Src/stm32f3xx_hal_msp.c ****   /* MemoryManagement_IRQn interrupt configuration */
  61:Src/stm32f3xx_hal_msp.c ****   HAL_NVIC_SetPriority(MemoryManagement_IRQn, 0, 0);
  54              		.loc 1 61 0
ARM GAS  /tmp/ccs6aS5S.s 			page 3


  55 001e 0022     		movs	r2, #0
  56 0020 1146     		mov	r1, r2
  57 0022 6FF00B00 		mvn	r0, #11
  58 0026 FFF7FEFF 		bl	HAL_NVIC_SetPriority
  59              	.LVL1:
  62:Src/stm32f3xx_hal_msp.c ****   /* BusFault_IRQn interrupt configuration */
  63:Src/stm32f3xx_hal_msp.c ****   HAL_NVIC_SetPriority(BusFault_IRQn, 0, 0);
  60              		.loc 1 63 0
  61 002a 0022     		movs	r2, #0
  62 002c 1146     		mov	r1, r2
  63 002e 6FF00A00 		mvn	r0, #10
  64 0032 FFF7FEFF 		bl	HAL_NVIC_SetPriority
  65              	.LVL2:
  64:Src/stm32f3xx_hal_msp.c ****   /* UsageFault_IRQn interrupt configuration */
  65:Src/stm32f3xx_hal_msp.c ****   HAL_NVIC_SetPriority(UsageFault_IRQn, 0, 0);
  66              		.loc 1 65 0
  67 0036 0022     		movs	r2, #0
  68 0038 1146     		mov	r1, r2
  69 003a 6FF00900 		mvn	r0, #9
  70 003e FFF7FEFF 		bl	HAL_NVIC_SetPriority
  71              	.LVL3:
  66:Src/stm32f3xx_hal_msp.c ****   /* SVCall_IRQn interrupt configuration */
  67:Src/stm32f3xx_hal_msp.c ****   HAL_NVIC_SetPriority(SVCall_IRQn, 0, 0);
  72              		.loc 1 67 0
  73 0042 0022     		movs	r2, #0
  74 0044 1146     		mov	r1, r2
  75 0046 6FF00400 		mvn	r0, #4
  76 004a FFF7FEFF 		bl	HAL_NVIC_SetPriority
  77              	.LVL4:
  68:Src/stm32f3xx_hal_msp.c ****   /* DebugMonitor_IRQn interrupt configuration */
  69:Src/stm32f3xx_hal_msp.c ****   HAL_NVIC_SetPriority(DebugMonitor_IRQn, 0, 0);
  78              		.loc 1 69 0
  79 004e 0022     		movs	r2, #0
  80 0050 1146     		mov	r1, r2
  81 0052 6FF00300 		mvn	r0, #3
  82 0056 FFF7FEFF 		bl	HAL_NVIC_SetPriority
  83              	.LVL5:
  70:Src/stm32f3xx_hal_msp.c ****   /* PendSV_IRQn interrupt configuration */
  71:Src/stm32f3xx_hal_msp.c ****   HAL_NVIC_SetPriority(PendSV_IRQn, 0, 0);
  84              		.loc 1 71 0
  85 005a 0022     		movs	r2, #0
  86 005c 1146     		mov	r1, r2
  87 005e 6FF00100 		mvn	r0, #1
  88 0062 FFF7FEFF 		bl	HAL_NVIC_SetPriority
  89              	.LVL6:
  72:Src/stm32f3xx_hal_msp.c ****   /* SysTick_IRQn interrupt configuration */
  73:Src/stm32f3xx_hal_msp.c ****   HAL_NVIC_SetPriority(SysTick_IRQn, 0, 0);
  90              		.loc 1 73 0
  91 0066 0022     		movs	r2, #0
  92 0068 1146     		mov	r1, r2
  93 006a 4FF0FF30 		mov	r0, #-1
  94 006e FFF7FEFF 		bl	HAL_NVIC_SetPriority
  95              	.LVL7:
  74:Src/stm32f3xx_hal_msp.c **** 
  75:Src/stm32f3xx_hal_msp.c ****   /* USER CODE BEGIN MspInit 1 */
  76:Src/stm32f3xx_hal_msp.c **** 
  77:Src/stm32f3xx_hal_msp.c ****   /* USER CODE END MspInit 1 */
ARM GAS  /tmp/ccs6aS5S.s 			page 4


  78:Src/stm32f3xx_hal_msp.c **** }
  96              		.loc 1 78 0
  97 0072 03B0     		add	sp, sp, #12
  98              	.LCFI2:
  99              		.cfi_def_cfa_offset 4
 100              		@ sp needed
 101 0074 5DF804FB 		ldr	pc, [sp], #4
 102              	.L4:
 103              		.align	2
 104              	.L3:
 105 0078 00100240 		.word	1073876992
 106              		.cfi_endproc
 107              	.LFE126:
 109              		.section	.text.HAL_I2C_MspInit,"ax",%progbits
 110              		.align	1
 111              		.global	HAL_I2C_MspInit
 112              		.syntax unified
 113              		.thumb
 114              		.thumb_func
 115              		.fpu fpv4-sp-d16
 117              	HAL_I2C_MspInit:
 118              	.LFB127:
  79:Src/stm32f3xx_hal_msp.c **** 
  80:Src/stm32f3xx_hal_msp.c **** void HAL_I2C_MspInit(I2C_HandleTypeDef* hi2c)
  81:Src/stm32f3xx_hal_msp.c **** {
 119              		.loc 1 81 0
 120              		.cfi_startproc
 121              		@ args = 0, pretend = 0, frame = 24
 122              		@ frame_needed = 0, uses_anonymous_args = 0
 123              	.LVL8:
  82:Src/stm32f3xx_hal_msp.c **** 
  83:Src/stm32f3xx_hal_msp.c ****   GPIO_InitTypeDef GPIO_InitStruct;
  84:Src/stm32f3xx_hal_msp.c ****   if(hi2c->Instance==I2C1)
 124              		.loc 1 84 0
 125 0000 0268     		ldr	r2, [r0]
 126 0002 114B     		ldr	r3, .L12
 127 0004 9A42     		cmp	r2, r3
 128 0006 00D0     		beq	.L11
 129 0008 7047     		bx	lr
 130              	.L11:
  81:Src/stm32f3xx_hal_msp.c **** 
 131              		.loc 1 81 0
 132 000a 00B5     		push	{lr}
 133              	.LCFI3:
 134              		.cfi_def_cfa_offset 4
 135              		.cfi_offset 14, -4
 136 000c 87B0     		sub	sp, sp, #28
 137              	.LCFI4:
 138              		.cfi_def_cfa_offset 32
  85:Src/stm32f3xx_hal_msp.c ****   {
  86:Src/stm32f3xx_hal_msp.c ****   /* USER CODE BEGIN I2C1_MspInit 0 */
  87:Src/stm32f3xx_hal_msp.c **** 
  88:Src/stm32f3xx_hal_msp.c ****   /* USER CODE END I2C1_MspInit 0 */
  89:Src/stm32f3xx_hal_msp.c ****   
  90:Src/stm32f3xx_hal_msp.c ****     /**I2C1 GPIO Configuration    
  91:Src/stm32f3xx_hal_msp.c ****     PB6     ------> I2C1_SCL
  92:Src/stm32f3xx_hal_msp.c ****     PB7     ------> I2C1_SDA 
ARM GAS  /tmp/ccs6aS5S.s 			page 5


  93:Src/stm32f3xx_hal_msp.c ****     */
  94:Src/stm32f3xx_hal_msp.c ****     GPIO_InitStruct.Pin = GPIO_PIN_6|GPIO_PIN_7;
 139              		.loc 1 94 0
 140 000e C023     		movs	r3, #192
 141 0010 0193     		str	r3, [sp, #4]
  95:Src/stm32f3xx_hal_msp.c ****     GPIO_InitStruct.Mode = GPIO_MODE_AF_OD;
 142              		.loc 1 95 0
 143 0012 1223     		movs	r3, #18
 144 0014 0293     		str	r3, [sp, #8]
  96:Src/stm32f3xx_hal_msp.c ****     GPIO_InitStruct.Pull = GPIO_PULLUP;
 145              		.loc 1 96 0
 146 0016 0123     		movs	r3, #1
 147 0018 0393     		str	r3, [sp, #12]
  97:Src/stm32f3xx_hal_msp.c ****     GPIO_InitStruct.Speed = GPIO_SPEED_FREQ_HIGH;
 148              		.loc 1 97 0
 149 001a 0323     		movs	r3, #3
 150 001c 0493     		str	r3, [sp, #16]
  98:Src/stm32f3xx_hal_msp.c ****     GPIO_InitStruct.Alternate = GPIO_AF4_I2C1;
 151              		.loc 1 98 0
 152 001e 0423     		movs	r3, #4
 153 0020 0593     		str	r3, [sp, #20]
  99:Src/stm32f3xx_hal_msp.c ****     HAL_GPIO_Init(GPIOB, &GPIO_InitStruct);
 154              		.loc 1 99 0
 155 0022 0DEB0301 		add	r1, sp, r3
 156 0026 0948     		ldr	r0, .L12+4
 157              	.LVL9:
 158 0028 FFF7FEFF 		bl	HAL_GPIO_Init
 159              	.LVL10:
 160              	.LBB3:
 100:Src/stm32f3xx_hal_msp.c **** 
 101:Src/stm32f3xx_hal_msp.c ****     /* Peripheral clock enable */
 102:Src/stm32f3xx_hal_msp.c ****     __HAL_RCC_I2C1_CLK_ENABLE();
 161              		.loc 1 102 0
 162 002c 084B     		ldr	r3, .L12+8
 163 002e DA69     		ldr	r2, [r3, #28]
 164 0030 42F40012 		orr	r2, r2, #2097152
 165 0034 DA61     		str	r2, [r3, #28]
 166 0036 DB69     		ldr	r3, [r3, #28]
 167 0038 03F40013 		and	r3, r3, #2097152
 168 003c 0093     		str	r3, [sp]
 169 003e 009B     		ldr	r3, [sp]
 170              	.LBE3:
 103:Src/stm32f3xx_hal_msp.c ****   /* USER CODE BEGIN I2C1_MspInit 1 */
 104:Src/stm32f3xx_hal_msp.c **** 
 105:Src/stm32f3xx_hal_msp.c ****   /* USER CODE END I2C1_MspInit 1 */
 106:Src/stm32f3xx_hal_msp.c ****   }
 107:Src/stm32f3xx_hal_msp.c **** 
 108:Src/stm32f3xx_hal_msp.c **** }
 171              		.loc 1 108 0
 172 0040 07B0     		add	sp, sp, #28
 173              	.LCFI5:
 174              		.cfi_def_cfa_offset 4
 175              		@ sp needed
 176 0042 5DF804FB 		ldr	pc, [sp], #4
 177              	.L13:
 178 0046 00BF     		.align	2
 179              	.L12:
ARM GAS  /tmp/ccs6aS5S.s 			page 6


 180 0048 00540040 		.word	1073763328
 181 004c 00040048 		.word	1207960576
 182 0050 00100240 		.word	1073876992
 183              		.cfi_endproc
 184              	.LFE127:
 186              		.section	.text.HAL_I2C_MspDeInit,"ax",%progbits
 187              		.align	1
 188              		.global	HAL_I2C_MspDeInit
 189              		.syntax unified
 190              		.thumb
 191              		.thumb_func
 192              		.fpu fpv4-sp-d16
 194              	HAL_I2C_MspDeInit:
 195              	.LFB128:
 109:Src/stm32f3xx_hal_msp.c **** 
 110:Src/stm32f3xx_hal_msp.c **** void HAL_I2C_MspDeInit(I2C_HandleTypeDef* hi2c)
 111:Src/stm32f3xx_hal_msp.c **** {
 196              		.loc 1 111 0
 197              		.cfi_startproc
 198              		@ args = 0, pretend = 0, frame = 0
 199              		@ frame_needed = 0, uses_anonymous_args = 0
 200              	.LVL11:
 201 0000 08B5     		push	{r3, lr}
 202              	.LCFI6:
 203              		.cfi_def_cfa_offset 8
 204              		.cfi_offset 3, -8
 205              		.cfi_offset 14, -4
 112:Src/stm32f3xx_hal_msp.c **** 
 113:Src/stm32f3xx_hal_msp.c ****   if(hi2c->Instance==I2C1)
 206              		.loc 1 113 0
 207 0002 0268     		ldr	r2, [r0]
 208 0004 064B     		ldr	r3, .L18
 209 0006 9A42     		cmp	r2, r3
 210 0008 00D0     		beq	.L17
 211              	.LVL12:
 212              	.L14:
 114:Src/stm32f3xx_hal_msp.c ****   {
 115:Src/stm32f3xx_hal_msp.c ****   /* USER CODE BEGIN I2C1_MspDeInit 0 */
 116:Src/stm32f3xx_hal_msp.c **** 
 117:Src/stm32f3xx_hal_msp.c ****   /* USER CODE END I2C1_MspDeInit 0 */
 118:Src/stm32f3xx_hal_msp.c ****     /* Peripheral clock disable */
 119:Src/stm32f3xx_hal_msp.c ****     __HAL_RCC_I2C1_CLK_DISABLE();
 120:Src/stm32f3xx_hal_msp.c ****   
 121:Src/stm32f3xx_hal_msp.c ****     /**I2C1 GPIO Configuration    
 122:Src/stm32f3xx_hal_msp.c ****     PB6     ------> I2C1_SCL
 123:Src/stm32f3xx_hal_msp.c ****     PB7     ------> I2C1_SDA 
 124:Src/stm32f3xx_hal_msp.c ****     */
 125:Src/stm32f3xx_hal_msp.c ****     HAL_GPIO_DeInit(GPIOB, GPIO_PIN_6|GPIO_PIN_7);
 126:Src/stm32f3xx_hal_msp.c **** 
 127:Src/stm32f3xx_hal_msp.c ****   /* USER CODE BEGIN I2C1_MspDeInit 1 */
 128:Src/stm32f3xx_hal_msp.c **** 
 129:Src/stm32f3xx_hal_msp.c ****   /* USER CODE END I2C1_MspDeInit 1 */
 130:Src/stm32f3xx_hal_msp.c ****   }
 131:Src/stm32f3xx_hal_msp.c **** 
 132:Src/stm32f3xx_hal_msp.c **** }
 213              		.loc 1 132 0
 214 000a 08BD     		pop	{r3, pc}
ARM GAS  /tmp/ccs6aS5S.s 			page 7


 215              	.LVL13:
 216              	.L17:
 119:Src/stm32f3xx_hal_msp.c ****   
 217              		.loc 1 119 0
 218 000c 054A     		ldr	r2, .L18+4
 219 000e D369     		ldr	r3, [r2, #28]
 220 0010 23F40013 		bic	r3, r3, #2097152
 221 0014 D361     		str	r3, [r2, #28]
 125:Src/stm32f3xx_hal_msp.c **** 
 222              		.loc 1 125 0
 223 0016 C021     		movs	r1, #192
 224 0018 0348     		ldr	r0, .L18+8
 225              	.LVL14:
 226 001a FFF7FEFF 		bl	HAL_GPIO_DeInit
 227              	.LVL15:
 228              		.loc 1 132 0
 229 001e F4E7     		b	.L14
 230              	.L19:
 231              		.align	2
 232              	.L18:
 233 0020 00540040 		.word	1073763328
 234 0024 00100240 		.word	1073876992
 235 0028 00040048 		.word	1207960576
 236              		.cfi_endproc
 237              	.LFE128:
 239              		.section	.text.HAL_TIM_Encoder_MspInit,"ax",%progbits
 240              		.align	1
 241              		.global	HAL_TIM_Encoder_MspInit
 242              		.syntax unified
 243              		.thumb
 244              		.thumb_func
 245              		.fpu fpv4-sp-d16
 247              	HAL_TIM_Encoder_MspInit:
 248              	.LFB129:
 133:Src/stm32f3xx_hal_msp.c **** 
 134:Src/stm32f3xx_hal_msp.c **** void HAL_TIM_Encoder_MspInit(TIM_HandleTypeDef* htim_encoder)
 135:Src/stm32f3xx_hal_msp.c **** {
 249              		.loc 1 135 0
 250              		.cfi_startproc
 251              		@ args = 0, pretend = 0, frame = 32
 252              		@ frame_needed = 0, uses_anonymous_args = 0
 253              	.LVL16:
 254 0000 10B5     		push	{r4, lr}
 255              	.LCFI7:
 256              		.cfi_def_cfa_offset 8
 257              		.cfi_offset 4, -8
 258              		.cfi_offset 14, -4
 259 0002 88B0     		sub	sp, sp, #32
 260              	.LCFI8:
 261              		.cfi_def_cfa_offset 40
 136:Src/stm32f3xx_hal_msp.c **** 
 137:Src/stm32f3xx_hal_msp.c ****   GPIO_InitTypeDef GPIO_InitStruct;
 138:Src/stm32f3xx_hal_msp.c ****   if(htim_encoder->Instance==TIM1)
 262              		.loc 1 138 0
 263 0004 0368     		ldr	r3, [r0]
 264 0006 264A     		ldr	r2, .L26
 265 0008 9342     		cmp	r3, r2
ARM GAS  /tmp/ccs6aS5S.s 			page 8


 266 000a 04D0     		beq	.L24
 139:Src/stm32f3xx_hal_msp.c ****   {
 140:Src/stm32f3xx_hal_msp.c ****   /* USER CODE BEGIN TIM1_MspInit 0 */
 141:Src/stm32f3xx_hal_msp.c **** 
 142:Src/stm32f3xx_hal_msp.c ****   /* USER CODE END TIM1_MspInit 0 */
 143:Src/stm32f3xx_hal_msp.c ****     /* Peripheral clock enable */
 144:Src/stm32f3xx_hal_msp.c ****     __HAL_RCC_TIM1_CLK_ENABLE();
 145:Src/stm32f3xx_hal_msp.c ****   
 146:Src/stm32f3xx_hal_msp.c ****     /**TIM1 GPIO Configuration    
 147:Src/stm32f3xx_hal_msp.c ****     PA8     ------> TIM1_CH1
 148:Src/stm32f3xx_hal_msp.c ****     PA9     ------> TIM1_CH2 
 149:Src/stm32f3xx_hal_msp.c ****     */
 150:Src/stm32f3xx_hal_msp.c ****     GPIO_InitStruct.Pin = GPIO_PIN_8|GPIO_PIN_9;
 151:Src/stm32f3xx_hal_msp.c ****     GPIO_InitStruct.Mode = GPIO_MODE_AF_PP;
 152:Src/stm32f3xx_hal_msp.c ****     GPIO_InitStruct.Pull = GPIO_PULLUP;
 153:Src/stm32f3xx_hal_msp.c ****     GPIO_InitStruct.Speed = GPIO_SPEED_FREQ_LOW;
 154:Src/stm32f3xx_hal_msp.c ****     GPIO_InitStruct.Alternate = GPIO_AF6_TIM1;
 155:Src/stm32f3xx_hal_msp.c ****     HAL_GPIO_Init(GPIOA, &GPIO_InitStruct);
 156:Src/stm32f3xx_hal_msp.c **** 
 157:Src/stm32f3xx_hal_msp.c ****     /* TIM1 interrupt Init */
 158:Src/stm32f3xx_hal_msp.c ****     HAL_NVIC_SetPriority(TIM1_CC_IRQn, 0, 0);
 159:Src/stm32f3xx_hal_msp.c ****     HAL_NVIC_EnableIRQ(TIM1_CC_IRQn);
 160:Src/stm32f3xx_hal_msp.c ****   /* USER CODE BEGIN TIM1_MspInit 1 */
 161:Src/stm32f3xx_hal_msp.c **** 
 162:Src/stm32f3xx_hal_msp.c ****   /* USER CODE END TIM1_MspInit 1 */
 163:Src/stm32f3xx_hal_msp.c ****   }
 164:Src/stm32f3xx_hal_msp.c ****   else if(htim_encoder->Instance==TIM2)
 267              		.loc 1 164 0
 268 000c B3F1804F 		cmp	r3, #1073741824
 269 0010 24D0     		beq	.L25
 270              	.LVL17:
 271              	.L20:
 165:Src/stm32f3xx_hal_msp.c ****   {
 166:Src/stm32f3xx_hal_msp.c ****   /* USER CODE BEGIN TIM2_MspInit 0 */
 167:Src/stm32f3xx_hal_msp.c **** 
 168:Src/stm32f3xx_hal_msp.c ****   /* USER CODE END TIM2_MspInit 0 */
 169:Src/stm32f3xx_hal_msp.c ****     /* Peripheral clock enable */
 170:Src/stm32f3xx_hal_msp.c ****     __HAL_RCC_TIM2_CLK_ENABLE();
 171:Src/stm32f3xx_hal_msp.c ****   
 172:Src/stm32f3xx_hal_msp.c ****     /**TIM2 GPIO Configuration    
 173:Src/stm32f3xx_hal_msp.c ****     PA0     ------> TIM2_CH1
 174:Src/stm32f3xx_hal_msp.c ****     PA1     ------> TIM2_CH2 
 175:Src/stm32f3xx_hal_msp.c ****     */
 176:Src/stm32f3xx_hal_msp.c ****     GPIO_InitStruct.Pin = GPIO_PIN_0|GPIO_PIN_1;
 177:Src/stm32f3xx_hal_msp.c ****     GPIO_InitStruct.Mode = GPIO_MODE_AF_PP;
 178:Src/stm32f3xx_hal_msp.c ****     GPIO_InitStruct.Pull = GPIO_PULLUP;
 179:Src/stm32f3xx_hal_msp.c ****     GPIO_InitStruct.Speed = GPIO_SPEED_FREQ_LOW;
 180:Src/stm32f3xx_hal_msp.c ****     GPIO_InitStruct.Alternate = GPIO_AF1_TIM2;
 181:Src/stm32f3xx_hal_msp.c ****     HAL_GPIO_Init(GPIOA, &GPIO_InitStruct);
 182:Src/stm32f3xx_hal_msp.c **** 
 183:Src/stm32f3xx_hal_msp.c ****     /* TIM2 interrupt Init */
 184:Src/stm32f3xx_hal_msp.c ****     HAL_NVIC_SetPriority(TIM2_IRQn, 0, 0);
 185:Src/stm32f3xx_hal_msp.c ****     HAL_NVIC_EnableIRQ(TIM2_IRQn);
 186:Src/stm32f3xx_hal_msp.c ****   /* USER CODE BEGIN TIM2_MspInit 1 */
 187:Src/stm32f3xx_hal_msp.c **** 
 188:Src/stm32f3xx_hal_msp.c ****   /* USER CODE END TIM2_MspInit 1 */
 189:Src/stm32f3xx_hal_msp.c ****   }
ARM GAS  /tmp/ccs6aS5S.s 			page 9


 190:Src/stm32f3xx_hal_msp.c **** 
 191:Src/stm32f3xx_hal_msp.c **** }
 272              		.loc 1 191 0
 273 0012 08B0     		add	sp, sp, #32
 274              	.LCFI9:
 275              		.cfi_remember_state
 276              		.cfi_def_cfa_offset 8
 277              		@ sp needed
 278 0014 10BD     		pop	{r4, pc}
 279              	.LVL18:
 280              	.L24:
 281              	.LCFI10:
 282              		.cfi_restore_state
 283              	.LBB4:
 144:Src/stm32f3xx_hal_msp.c ****   
 284              		.loc 1 144 0
 285 0016 234B     		ldr	r3, .L26+4
 286 0018 9A69     		ldr	r2, [r3, #24]
 287 001a 42F40062 		orr	r2, r2, #2048
 288 001e 9A61     		str	r2, [r3, #24]
 289 0020 9B69     		ldr	r3, [r3, #24]
 290 0022 03F40063 		and	r3, r3, #2048
 291 0026 0193     		str	r3, [sp, #4]
 292 0028 019B     		ldr	r3, [sp, #4]
 293              	.LBE4:
 150:Src/stm32f3xx_hal_msp.c ****     GPIO_InitStruct.Mode = GPIO_MODE_AF_PP;
 294              		.loc 1 150 0
 295 002a 4FF44073 		mov	r3, #768
 296 002e 0393     		str	r3, [sp, #12]
 151:Src/stm32f3xx_hal_msp.c ****     GPIO_InitStruct.Pull = GPIO_PULLUP;
 297              		.loc 1 151 0
 298 0030 0223     		movs	r3, #2
 299 0032 0493     		str	r3, [sp, #16]
 152:Src/stm32f3xx_hal_msp.c ****     GPIO_InitStruct.Speed = GPIO_SPEED_FREQ_LOW;
 300              		.loc 1 152 0
 301 0034 0123     		movs	r3, #1
 302 0036 0593     		str	r3, [sp, #20]
 153:Src/stm32f3xx_hal_msp.c ****     GPIO_InitStruct.Alternate = GPIO_AF6_TIM1;
 303              		.loc 1 153 0
 304 0038 0024     		movs	r4, #0
 305 003a 0694     		str	r4, [sp, #24]
 154:Src/stm32f3xx_hal_msp.c ****     HAL_GPIO_Init(GPIOA, &GPIO_InitStruct);
 306              		.loc 1 154 0
 307 003c 0623     		movs	r3, #6
 308 003e 0793     		str	r3, [sp, #28]
 155:Src/stm32f3xx_hal_msp.c **** 
 309              		.loc 1 155 0
 310 0040 03A9     		add	r1, sp, #12
 311 0042 4FF09040 		mov	r0, #1207959552
 312              	.LVL19:
 313 0046 FFF7FEFF 		bl	HAL_GPIO_Init
 314              	.LVL20:
 158:Src/stm32f3xx_hal_msp.c ****     HAL_NVIC_EnableIRQ(TIM1_CC_IRQn);
 315              		.loc 1 158 0
 316 004a 2246     		mov	r2, r4
 317 004c 2146     		mov	r1, r4
 318 004e 1B20     		movs	r0, #27
ARM GAS  /tmp/ccs6aS5S.s 			page 10


 319 0050 FFF7FEFF 		bl	HAL_NVIC_SetPriority
 320              	.LVL21:
 159:Src/stm32f3xx_hal_msp.c ****   /* USER CODE BEGIN TIM1_MspInit 1 */
 321              		.loc 1 159 0
 322 0054 1B20     		movs	r0, #27
 323 0056 FFF7FEFF 		bl	HAL_NVIC_EnableIRQ
 324              	.LVL22:
 325 005a DAE7     		b	.L20
 326              	.LVL23:
 327              	.L25:
 328              	.LBB5:
 170:Src/stm32f3xx_hal_msp.c ****   
 329              		.loc 1 170 0
 330 005c 03F50433 		add	r3, r3, #135168
 331 0060 DA69     		ldr	r2, [r3, #28]
 332 0062 42F00102 		orr	r2, r2, #1
 333 0066 DA61     		str	r2, [r3, #28]
 334 0068 DB69     		ldr	r3, [r3, #28]
 335 006a 03F00103 		and	r3, r3, #1
 336 006e 0293     		str	r3, [sp, #8]
 337 0070 029B     		ldr	r3, [sp, #8]
 338              	.LBE5:
 176:Src/stm32f3xx_hal_msp.c ****     GPIO_InitStruct.Mode = GPIO_MODE_AF_PP;
 339              		.loc 1 176 0
 340 0072 0323     		movs	r3, #3
 341 0074 0393     		str	r3, [sp, #12]
 177:Src/stm32f3xx_hal_msp.c ****     GPIO_InitStruct.Pull = GPIO_PULLUP;
 342              		.loc 1 177 0
 343 0076 0223     		movs	r3, #2
 344 0078 0493     		str	r3, [sp, #16]
 178:Src/stm32f3xx_hal_msp.c ****     GPIO_InitStruct.Speed = GPIO_SPEED_FREQ_LOW;
 345              		.loc 1 178 0
 346 007a 0123     		movs	r3, #1
 347 007c 0593     		str	r3, [sp, #20]
 179:Src/stm32f3xx_hal_msp.c ****     GPIO_InitStruct.Alternate = GPIO_AF1_TIM2;
 348              		.loc 1 179 0
 349 007e 0024     		movs	r4, #0
 350 0080 0694     		str	r4, [sp, #24]
 180:Src/stm32f3xx_hal_msp.c ****     HAL_GPIO_Init(GPIOA, &GPIO_InitStruct);
 351              		.loc 1 180 0
 352 0082 0793     		str	r3, [sp, #28]
 181:Src/stm32f3xx_hal_msp.c **** 
 353              		.loc 1 181 0
 354 0084 03A9     		add	r1, sp, #12
 355 0086 4FF09040 		mov	r0, #1207959552
 356              	.LVL24:
 357 008a FFF7FEFF 		bl	HAL_GPIO_Init
 358              	.LVL25:
 184:Src/stm32f3xx_hal_msp.c ****     HAL_NVIC_EnableIRQ(TIM2_IRQn);
 359              		.loc 1 184 0
 360 008e 2246     		mov	r2, r4
 361 0090 2146     		mov	r1, r4
 362 0092 1C20     		movs	r0, #28
 363 0094 FFF7FEFF 		bl	HAL_NVIC_SetPriority
 364              	.LVL26:
 185:Src/stm32f3xx_hal_msp.c ****   /* USER CODE BEGIN TIM2_MspInit 1 */
 365              		.loc 1 185 0
ARM GAS  /tmp/ccs6aS5S.s 			page 11


 366 0098 1C20     		movs	r0, #28
 367 009a FFF7FEFF 		bl	HAL_NVIC_EnableIRQ
 368              	.LVL27:
 369              		.loc 1 191 0
 370 009e B8E7     		b	.L20
 371              	.L27:
 372              		.align	2
 373              	.L26:
 374 00a0 002C0140 		.word	1073818624
 375 00a4 00100240 		.word	1073876992
 376              		.cfi_endproc
 377              	.LFE129:
 379              		.section	.text.HAL_TIM_Base_MspInit,"ax",%progbits
 380              		.align	1
 381              		.global	HAL_TIM_Base_MspInit
 382              		.syntax unified
 383              		.thumb
 384              		.thumb_func
 385              		.fpu fpv4-sp-d16
 387              	HAL_TIM_Base_MspInit:
 388              	.LFB130:
 192:Src/stm32f3xx_hal_msp.c **** 
 193:Src/stm32f3xx_hal_msp.c **** void HAL_TIM_Base_MspInit(TIM_HandleTypeDef* htim_base)
 194:Src/stm32f3xx_hal_msp.c **** {
 389              		.loc 1 194 0
 390              		.cfi_startproc
 391              		@ args = 0, pretend = 0, frame = 8
 392              		@ frame_needed = 0, uses_anonymous_args = 0
 393              		@ link register save eliminated.
 394              	.LVL28:
 195:Src/stm32f3xx_hal_msp.c **** 
 196:Src/stm32f3xx_hal_msp.c ****   if(htim_base->Instance==TIM3)
 395              		.loc 1 196 0
 396 0000 0268     		ldr	r2, [r0]
 397 0002 094B     		ldr	r3, .L35
 398 0004 9A42     		cmp	r2, r3
 399 0006 00D0     		beq	.L34
 400 0008 7047     		bx	lr
 401              	.L34:
 194:Src/stm32f3xx_hal_msp.c **** 
 402              		.loc 1 194 0
 403 000a 82B0     		sub	sp, sp, #8
 404              	.LCFI11:
 405              		.cfi_def_cfa_offset 8
 406              	.LBB6:
 197:Src/stm32f3xx_hal_msp.c ****   {
 198:Src/stm32f3xx_hal_msp.c ****   /* USER CODE BEGIN TIM3_MspInit 0 */
 199:Src/stm32f3xx_hal_msp.c **** 
 200:Src/stm32f3xx_hal_msp.c ****   /* USER CODE END TIM3_MspInit 0 */
 201:Src/stm32f3xx_hal_msp.c ****     /* Peripheral clock enable */
 202:Src/stm32f3xx_hal_msp.c ****     __HAL_RCC_TIM3_CLK_ENABLE();
 407              		.loc 1 202 0
 408 000c 03F50333 		add	r3, r3, #134144
 409 0010 DA69     		ldr	r2, [r3, #28]
 410 0012 42F00202 		orr	r2, r2, #2
 411 0016 DA61     		str	r2, [r3, #28]
 412 0018 DB69     		ldr	r3, [r3, #28]
ARM GAS  /tmp/ccs6aS5S.s 			page 12


 413 001a 03F00203 		and	r3, r3, #2
 414 001e 0193     		str	r3, [sp, #4]
 415 0020 019B     		ldr	r3, [sp, #4]
 416              	.LBE6:
 203:Src/stm32f3xx_hal_msp.c ****   /* USER CODE BEGIN TIM3_MspInit 1 */
 204:Src/stm32f3xx_hal_msp.c **** 
 205:Src/stm32f3xx_hal_msp.c ****   /* USER CODE END TIM3_MspInit 1 */
 206:Src/stm32f3xx_hal_msp.c ****   }
 207:Src/stm32f3xx_hal_msp.c **** 
 208:Src/stm32f3xx_hal_msp.c **** }
 417              		.loc 1 208 0
 418 0022 02B0     		add	sp, sp, #8
 419              	.LCFI12:
 420              		.cfi_def_cfa_offset 0
 421              		@ sp needed
 422 0024 7047     		bx	lr
 423              	.L36:
 424 0026 00BF     		.align	2
 425              	.L35:
 426 0028 00040040 		.word	1073742848
 427              		.cfi_endproc
 428              	.LFE130:
 430              		.section	.text.HAL_TIM_MspPostInit,"ax",%progbits
 431              		.align	1
 432              		.global	HAL_TIM_MspPostInit
 433              		.syntax unified
 434              		.thumb
 435              		.thumb_func
 436              		.fpu fpv4-sp-d16
 438              	HAL_TIM_MspPostInit:
 439              	.LFB131:
 209:Src/stm32f3xx_hal_msp.c **** 
 210:Src/stm32f3xx_hal_msp.c **** void HAL_TIM_MspPostInit(TIM_HandleTypeDef* htim)
 211:Src/stm32f3xx_hal_msp.c **** {
 440              		.loc 1 211 0
 441              		.cfi_startproc
 442              		@ args = 0, pretend = 0, frame = 24
 443              		@ frame_needed = 0, uses_anonymous_args = 0
 444              	.LVL29:
 212:Src/stm32f3xx_hal_msp.c **** 
 213:Src/stm32f3xx_hal_msp.c ****   GPIO_InitTypeDef GPIO_InitStruct;
 214:Src/stm32f3xx_hal_msp.c ****   if(htim->Instance==TIM3)
 445              		.loc 1 214 0
 446 0000 0268     		ldr	r2, [r0]
 447 0002 0F4B     		ldr	r3, .L44
 448 0004 9A42     		cmp	r2, r3
 449 0006 00D0     		beq	.L43
 450 0008 7047     		bx	lr
 451              	.L43:
 211:Src/stm32f3xx_hal_msp.c **** 
 452              		.loc 1 211 0
 453 000a 30B5     		push	{r4, r5, lr}
 454              	.LCFI13:
 455              		.cfi_def_cfa_offset 12
 456              		.cfi_offset 4, -12
 457              		.cfi_offset 5, -8
 458              		.cfi_offset 14, -4
ARM GAS  /tmp/ccs6aS5S.s 			page 13


 459 000c 87B0     		sub	sp, sp, #28
 460              	.LCFI14:
 461              		.cfi_def_cfa_offset 40
 215:Src/stm32f3xx_hal_msp.c ****   {
 216:Src/stm32f3xx_hal_msp.c ****   /* USER CODE BEGIN TIM3_MspPostInit 0 */
 217:Src/stm32f3xx_hal_msp.c **** 
 218:Src/stm32f3xx_hal_msp.c ****   /* USER CODE END TIM3_MspPostInit 0 */
 219:Src/stm32f3xx_hal_msp.c ****   
 220:Src/stm32f3xx_hal_msp.c ****     /**TIM3 GPIO Configuration    
 221:Src/stm32f3xx_hal_msp.c ****     PA6     ------> TIM3_CH1
 222:Src/stm32f3xx_hal_msp.c ****     PB5     ------> TIM3_CH2 
 223:Src/stm32f3xx_hal_msp.c ****     */
 224:Src/stm32f3xx_hal_msp.c ****     GPIO_InitStruct.Pin = EN_1_Pin;
 462              		.loc 1 224 0
 463 000e 4023     		movs	r3, #64
 464 0010 0193     		str	r3, [sp, #4]
 225:Src/stm32f3xx_hal_msp.c ****     GPIO_InitStruct.Mode = GPIO_MODE_AF_PP;
 465              		.loc 1 225 0
 466 0012 0224     		movs	r4, #2
 467 0014 0294     		str	r4, [sp, #8]
 226:Src/stm32f3xx_hal_msp.c ****     GPIO_InitStruct.Pull = GPIO_NOPULL;
 468              		.loc 1 226 0
 469 0016 0025     		movs	r5, #0
 470 0018 0395     		str	r5, [sp, #12]
 227:Src/stm32f3xx_hal_msp.c ****     GPIO_InitStruct.Speed = GPIO_SPEED_FREQ_LOW;
 471              		.loc 1 227 0
 472 001a 0495     		str	r5, [sp, #16]
 228:Src/stm32f3xx_hal_msp.c ****     GPIO_InitStruct.Alternate = GPIO_AF2_TIM3;
 473              		.loc 1 228 0
 474 001c 0594     		str	r4, [sp, #20]
 229:Src/stm32f3xx_hal_msp.c ****     HAL_GPIO_Init(EN_1_GPIO_Port, &GPIO_InitStruct);
 475              		.loc 1 229 0
 476 001e 01A9     		add	r1, sp, #4
 477 0020 4FF09040 		mov	r0, #1207959552
 478              	.LVL30:
 479 0024 FFF7FEFF 		bl	HAL_GPIO_Init
 480              	.LVL31:
 230:Src/stm32f3xx_hal_msp.c **** 
 231:Src/stm32f3xx_hal_msp.c ****     GPIO_InitStruct.Pin = EN_2_Pin;
 481              		.loc 1 231 0
 482 0028 2023     		movs	r3, #32
 483 002a 0193     		str	r3, [sp, #4]
 232:Src/stm32f3xx_hal_msp.c ****     GPIO_InitStruct.Mode = GPIO_MODE_AF_PP;
 484              		.loc 1 232 0
 485 002c 0294     		str	r4, [sp, #8]
 233:Src/stm32f3xx_hal_msp.c ****     GPIO_InitStruct.Pull = GPIO_NOPULL;
 486              		.loc 1 233 0
 487 002e 0395     		str	r5, [sp, #12]
 234:Src/stm32f3xx_hal_msp.c ****     GPIO_InitStruct.Speed = GPIO_SPEED_FREQ_LOW;
 488              		.loc 1 234 0
 489 0030 0495     		str	r5, [sp, #16]
 235:Src/stm32f3xx_hal_msp.c ****     GPIO_InitStruct.Alternate = GPIO_AF2_TIM3;
 490              		.loc 1 235 0
 491 0032 0594     		str	r4, [sp, #20]
 236:Src/stm32f3xx_hal_msp.c ****     HAL_GPIO_Init(EN_2_GPIO_Port, &GPIO_InitStruct);
 492              		.loc 1 236 0
 493 0034 01A9     		add	r1, sp, #4
ARM GAS  /tmp/ccs6aS5S.s 			page 14


 494 0036 0348     		ldr	r0, .L44+4
 495 0038 FFF7FEFF 		bl	HAL_GPIO_Init
 496              	.LVL32:
 237:Src/stm32f3xx_hal_msp.c **** 
 238:Src/stm32f3xx_hal_msp.c ****   /* USER CODE BEGIN TIM3_MspPostInit 1 */
 239:Src/stm32f3xx_hal_msp.c **** 
 240:Src/stm32f3xx_hal_msp.c ****   /* USER CODE END TIM3_MspPostInit 1 */
 241:Src/stm32f3xx_hal_msp.c ****   }
 242:Src/stm32f3xx_hal_msp.c **** 
 243:Src/stm32f3xx_hal_msp.c **** }
 497              		.loc 1 243 0
 498 003c 07B0     		add	sp, sp, #28
 499              	.LCFI15:
 500              		.cfi_def_cfa_offset 12
 501              		@ sp needed
 502 003e 30BD     		pop	{r4, r5, pc}
 503              	.L45:
 504              		.align	2
 505              	.L44:
 506 0040 00040040 		.word	1073742848
 507 0044 00040048 		.word	1207960576
 508              		.cfi_endproc
 509              	.LFE131:
 511              		.section	.text.HAL_TIM_Encoder_MspDeInit,"ax",%progbits
 512              		.align	1
 513              		.global	HAL_TIM_Encoder_MspDeInit
 514              		.syntax unified
 515              		.thumb
 516              		.thumb_func
 517              		.fpu fpv4-sp-d16
 519              	HAL_TIM_Encoder_MspDeInit:
 520              	.LFB132:
 244:Src/stm32f3xx_hal_msp.c **** 
 245:Src/stm32f3xx_hal_msp.c **** void HAL_TIM_Encoder_MspDeInit(TIM_HandleTypeDef* htim_encoder)
 246:Src/stm32f3xx_hal_msp.c **** {
 521              		.loc 1 246 0
 522              		.cfi_startproc
 523              		@ args = 0, pretend = 0, frame = 0
 524              		@ frame_needed = 0, uses_anonymous_args = 0
 525              	.LVL33:
 526 0000 08B5     		push	{r3, lr}
 527              	.LCFI16:
 528              		.cfi_def_cfa_offset 8
 529              		.cfi_offset 3, -8
 530              		.cfi_offset 14, -4
 247:Src/stm32f3xx_hal_msp.c **** 
 248:Src/stm32f3xx_hal_msp.c ****   if(htim_encoder->Instance==TIM1)
 531              		.loc 1 248 0
 532 0002 0368     		ldr	r3, [r0]
 533 0004 124A     		ldr	r2, .L52
 534 0006 9342     		cmp	r3, r2
 535 0008 03D0     		beq	.L50
 249:Src/stm32f3xx_hal_msp.c ****   {
 250:Src/stm32f3xx_hal_msp.c ****   /* USER CODE BEGIN TIM1_MspDeInit 0 */
 251:Src/stm32f3xx_hal_msp.c **** 
 252:Src/stm32f3xx_hal_msp.c ****   /* USER CODE END TIM1_MspDeInit 0 */
 253:Src/stm32f3xx_hal_msp.c ****     /* Peripheral clock disable */
ARM GAS  /tmp/ccs6aS5S.s 			page 15


 254:Src/stm32f3xx_hal_msp.c ****     __HAL_RCC_TIM1_CLK_DISABLE();
 255:Src/stm32f3xx_hal_msp.c ****   
 256:Src/stm32f3xx_hal_msp.c ****     /**TIM1 GPIO Configuration    
 257:Src/stm32f3xx_hal_msp.c ****     PA8     ------> TIM1_CH1
 258:Src/stm32f3xx_hal_msp.c ****     PA9     ------> TIM1_CH2 
 259:Src/stm32f3xx_hal_msp.c ****     */
 260:Src/stm32f3xx_hal_msp.c ****     HAL_GPIO_DeInit(GPIOA, GPIO_PIN_8|GPIO_PIN_9);
 261:Src/stm32f3xx_hal_msp.c **** 
 262:Src/stm32f3xx_hal_msp.c ****     /* TIM1 interrupt DeInit */
 263:Src/stm32f3xx_hal_msp.c ****     HAL_NVIC_DisableIRQ(TIM1_CC_IRQn);
 264:Src/stm32f3xx_hal_msp.c ****   /* USER CODE BEGIN TIM1_MspDeInit 1 */
 265:Src/stm32f3xx_hal_msp.c **** 
 266:Src/stm32f3xx_hal_msp.c ****   /* USER CODE END TIM1_MspDeInit 1 */
 267:Src/stm32f3xx_hal_msp.c ****   }
 268:Src/stm32f3xx_hal_msp.c ****   else if(htim_encoder->Instance==TIM2)
 536              		.loc 1 268 0
 537 000a B3F1804F 		cmp	r3, #1073741824
 538 000e 10D0     		beq	.L51
 539              	.LVL34:
 540              	.L46:
 269:Src/stm32f3xx_hal_msp.c ****   {
 270:Src/stm32f3xx_hal_msp.c ****   /* USER CODE BEGIN TIM2_MspDeInit 0 */
 271:Src/stm32f3xx_hal_msp.c **** 
 272:Src/stm32f3xx_hal_msp.c ****   /* USER CODE END TIM2_MspDeInit 0 */
 273:Src/stm32f3xx_hal_msp.c ****     /* Peripheral clock disable */
 274:Src/stm32f3xx_hal_msp.c ****     __HAL_RCC_TIM2_CLK_DISABLE();
 275:Src/stm32f3xx_hal_msp.c ****   
 276:Src/stm32f3xx_hal_msp.c ****     /**TIM2 GPIO Configuration    
 277:Src/stm32f3xx_hal_msp.c ****     PA0     ------> TIM2_CH1
 278:Src/stm32f3xx_hal_msp.c ****     PA1     ------> TIM2_CH2 
 279:Src/stm32f3xx_hal_msp.c ****     */
 280:Src/stm32f3xx_hal_msp.c ****     HAL_GPIO_DeInit(GPIOA, GPIO_PIN_0|GPIO_PIN_1);
 281:Src/stm32f3xx_hal_msp.c **** 
 282:Src/stm32f3xx_hal_msp.c ****     /* TIM2 interrupt DeInit */
 283:Src/stm32f3xx_hal_msp.c ****     HAL_NVIC_DisableIRQ(TIM2_IRQn);
 284:Src/stm32f3xx_hal_msp.c ****   /* USER CODE BEGIN TIM2_MspDeInit 1 */
 285:Src/stm32f3xx_hal_msp.c **** 
 286:Src/stm32f3xx_hal_msp.c ****   /* USER CODE END TIM2_MspDeInit 1 */
 287:Src/stm32f3xx_hal_msp.c ****   }
 288:Src/stm32f3xx_hal_msp.c **** 
 289:Src/stm32f3xx_hal_msp.c **** }
 541              		.loc 1 289 0
 542 0010 08BD     		pop	{r3, pc}
 543              	.LVL35:
 544              	.L50:
 254:Src/stm32f3xx_hal_msp.c ****   
 545              		.loc 1 254 0
 546 0012 02F56442 		add	r2, r2, #58368
 547 0016 9369     		ldr	r3, [r2, #24]
 548 0018 23F40063 		bic	r3, r3, #2048
 549 001c 9361     		str	r3, [r2, #24]
 260:Src/stm32f3xx_hal_msp.c **** 
 550              		.loc 1 260 0
 551 001e 4FF44071 		mov	r1, #768
 552 0022 4FF09040 		mov	r0, #1207959552
 553              	.LVL36:
 554 0026 FFF7FEFF 		bl	HAL_GPIO_DeInit
ARM GAS  /tmp/ccs6aS5S.s 			page 16


 555              	.LVL37:
 263:Src/stm32f3xx_hal_msp.c ****   /* USER CODE BEGIN TIM1_MspDeInit 1 */
 556              		.loc 1 263 0
 557 002a 1B20     		movs	r0, #27
 558 002c FFF7FEFF 		bl	HAL_NVIC_DisableIRQ
 559              	.LVL38:
 560 0030 EEE7     		b	.L46
 561              	.LVL39:
 562              	.L51:
 274:Src/stm32f3xx_hal_msp.c ****   
 563              		.loc 1 274 0
 564 0032 084A     		ldr	r2, .L52+4
 565 0034 D369     		ldr	r3, [r2, #28]
 566 0036 23F00103 		bic	r3, r3, #1
 567 003a D361     		str	r3, [r2, #28]
 280:Src/stm32f3xx_hal_msp.c **** 
 568              		.loc 1 280 0
 569 003c 0321     		movs	r1, #3
 570 003e 4FF09040 		mov	r0, #1207959552
 571              	.LVL40:
 572 0042 FFF7FEFF 		bl	HAL_GPIO_DeInit
 573              	.LVL41:
 283:Src/stm32f3xx_hal_msp.c ****   /* USER CODE BEGIN TIM2_MspDeInit 1 */
 574              		.loc 1 283 0
 575 0046 1C20     		movs	r0, #28
 576 0048 FFF7FEFF 		bl	HAL_NVIC_DisableIRQ
 577              	.LVL42:
 578              		.loc 1 289 0
 579 004c E0E7     		b	.L46
 580              	.L53:
 581 004e 00BF     		.align	2
 582              	.L52:
 583 0050 002C0140 		.word	1073818624
 584 0054 00100240 		.word	1073876992
 585              		.cfi_endproc
 586              	.LFE132:
 588              		.section	.text.HAL_TIM_Base_MspDeInit,"ax",%progbits
 589              		.align	1
 590              		.global	HAL_TIM_Base_MspDeInit
 591              		.syntax unified
 592              		.thumb
 593              		.thumb_func
 594              		.fpu fpv4-sp-d16
 596              	HAL_TIM_Base_MspDeInit:
 597              	.LFB133:
 290:Src/stm32f3xx_hal_msp.c **** 
 291:Src/stm32f3xx_hal_msp.c **** void HAL_TIM_Base_MspDeInit(TIM_HandleTypeDef* htim_base)
 292:Src/stm32f3xx_hal_msp.c **** {
 598              		.loc 1 292 0
 599              		.cfi_startproc
 600              		@ args = 0, pretend = 0, frame = 0
 601              		@ frame_needed = 0, uses_anonymous_args = 0
 602              		@ link register save eliminated.
 603              	.LVL43:
 293:Src/stm32f3xx_hal_msp.c **** 
 294:Src/stm32f3xx_hal_msp.c ****   if(htim_base->Instance==TIM3)
 604              		.loc 1 294 0
ARM GAS  /tmp/ccs6aS5S.s 			page 17


 605 0000 0268     		ldr	r2, [r0]
 606 0002 054B     		ldr	r3, .L57
 607 0004 9A42     		cmp	r2, r3
 608 0006 00D0     		beq	.L56
 609              	.L54:
 295:Src/stm32f3xx_hal_msp.c ****   {
 296:Src/stm32f3xx_hal_msp.c ****   /* USER CODE BEGIN TIM3_MspDeInit 0 */
 297:Src/stm32f3xx_hal_msp.c **** 
 298:Src/stm32f3xx_hal_msp.c ****   /* USER CODE END TIM3_MspDeInit 0 */
 299:Src/stm32f3xx_hal_msp.c ****     /* Peripheral clock disable */
 300:Src/stm32f3xx_hal_msp.c ****     __HAL_RCC_TIM3_CLK_DISABLE();
 301:Src/stm32f3xx_hal_msp.c ****   /* USER CODE BEGIN TIM3_MspDeInit 1 */
 302:Src/stm32f3xx_hal_msp.c **** 
 303:Src/stm32f3xx_hal_msp.c ****   /* USER CODE END TIM3_MspDeInit 1 */
 304:Src/stm32f3xx_hal_msp.c ****   }
 305:Src/stm32f3xx_hal_msp.c **** 
 306:Src/stm32f3xx_hal_msp.c **** }
 610              		.loc 1 306 0
 611 0008 7047     		bx	lr
 612              	.L56:
 300:Src/stm32f3xx_hal_msp.c ****   /* USER CODE BEGIN TIM3_MspDeInit 1 */
 613              		.loc 1 300 0
 614 000a 044A     		ldr	r2, .L57+4
 615 000c D369     		ldr	r3, [r2, #28]
 616 000e 23F00203 		bic	r3, r3, #2
 617 0012 D361     		str	r3, [r2, #28]
 618              		.loc 1 306 0
 619 0014 F8E7     		b	.L54
 620              	.L58:
 621 0016 00BF     		.align	2
 622              	.L57:
 623 0018 00040040 		.word	1073742848
 624 001c 00100240 		.word	1073876992
 625              		.cfi_endproc
 626              	.LFE133:
 628              		.section	.text.HAL_UART_MspInit,"ax",%progbits
 629              		.align	1
 630              		.global	HAL_UART_MspInit
 631              		.syntax unified
 632              		.thumb
 633              		.thumb_func
 634              		.fpu fpv4-sp-d16
 636              	HAL_UART_MspInit:
 637              	.LFB134:
 307:Src/stm32f3xx_hal_msp.c **** 
 308:Src/stm32f3xx_hal_msp.c **** void HAL_UART_MspInit(UART_HandleTypeDef* huart)
 309:Src/stm32f3xx_hal_msp.c **** {
 638              		.loc 1 309 0
 639              		.cfi_startproc
 640              		@ args = 0, pretend = 0, frame = 24
 641              		@ frame_needed = 0, uses_anonymous_args = 0
 642              	.LVL44:
 310:Src/stm32f3xx_hal_msp.c **** 
 311:Src/stm32f3xx_hal_msp.c ****   GPIO_InitTypeDef GPIO_InitStruct;
 312:Src/stm32f3xx_hal_msp.c ****   if(huart->Instance==USART2)
 643              		.loc 1 312 0
 644 0000 0268     		ldr	r2, [r0]
ARM GAS  /tmp/ccs6aS5S.s 			page 18


 645 0002 114B     		ldr	r3, .L66
 646 0004 9A42     		cmp	r2, r3
 647 0006 00D0     		beq	.L65
 648 0008 7047     		bx	lr
 649              	.L65:
 309:Src/stm32f3xx_hal_msp.c **** 
 650              		.loc 1 309 0
 651 000a 00B5     		push	{lr}
 652              	.LCFI17:
 653              		.cfi_def_cfa_offset 4
 654              		.cfi_offset 14, -4
 655 000c 87B0     		sub	sp, sp, #28
 656              	.LCFI18:
 657              		.cfi_def_cfa_offset 32
 658              	.LBB7:
 313:Src/stm32f3xx_hal_msp.c ****   {
 314:Src/stm32f3xx_hal_msp.c ****   /* USER CODE BEGIN USART2_MspInit 0 */
 315:Src/stm32f3xx_hal_msp.c **** 
 316:Src/stm32f3xx_hal_msp.c ****   /* USER CODE END USART2_MspInit 0 */
 317:Src/stm32f3xx_hal_msp.c ****     /* Peripheral clock enable */
 318:Src/stm32f3xx_hal_msp.c ****     __HAL_RCC_USART2_CLK_ENABLE();
 659              		.loc 1 318 0
 660 000e 03F5E633 		add	r3, r3, #117760
 661 0012 DA69     		ldr	r2, [r3, #28]
 662 0014 42F40032 		orr	r2, r2, #131072
 663 0018 DA61     		str	r2, [r3, #28]
 664 001a DB69     		ldr	r3, [r3, #28]
 665 001c 03F40033 		and	r3, r3, #131072
 666 0020 0093     		str	r3, [sp]
 667 0022 009B     		ldr	r3, [sp]
 668              	.LBE7:
 319:Src/stm32f3xx_hal_msp.c ****   
 320:Src/stm32f3xx_hal_msp.c ****     /**USART2 GPIO Configuration    
 321:Src/stm32f3xx_hal_msp.c ****     PA2     ------> USART2_TX
 322:Src/stm32f3xx_hal_msp.c ****     PA3     ------> USART2_RX 
 323:Src/stm32f3xx_hal_msp.c ****     */
 324:Src/stm32f3xx_hal_msp.c ****     GPIO_InitStruct.Pin = GPIO_PIN_2|GPIO_PIN_3;
 669              		.loc 1 324 0
 670 0024 0C23     		movs	r3, #12
 671 0026 0193     		str	r3, [sp, #4]
 325:Src/stm32f3xx_hal_msp.c ****     GPIO_InitStruct.Mode = GPIO_MODE_AF_PP;
 672              		.loc 1 325 0
 673 0028 0223     		movs	r3, #2
 674 002a 0293     		str	r3, [sp, #8]
 326:Src/stm32f3xx_hal_msp.c ****     GPIO_InitStruct.Pull = GPIO_NOPULL;
 675              		.loc 1 326 0
 676 002c 0023     		movs	r3, #0
 677 002e 0393     		str	r3, [sp, #12]
 327:Src/stm32f3xx_hal_msp.c ****     GPIO_InitStruct.Speed = GPIO_SPEED_FREQ_HIGH;
 678              		.loc 1 327 0
 679 0030 0323     		movs	r3, #3
 680 0032 0493     		str	r3, [sp, #16]
 328:Src/stm32f3xx_hal_msp.c ****     GPIO_InitStruct.Alternate = GPIO_AF7_USART2;
 681              		.loc 1 328 0
 682 0034 0723     		movs	r3, #7
 683 0036 0593     		str	r3, [sp, #20]
 329:Src/stm32f3xx_hal_msp.c ****     HAL_GPIO_Init(GPIOA, &GPIO_InitStruct);
ARM GAS  /tmp/ccs6aS5S.s 			page 19


 684              		.loc 1 329 0
 685 0038 01A9     		add	r1, sp, #4
 686 003a 4FF09040 		mov	r0, #1207959552
 687              	.LVL45:
 688 003e FFF7FEFF 		bl	HAL_GPIO_Init
 689              	.LVL46:
 330:Src/stm32f3xx_hal_msp.c **** 
 331:Src/stm32f3xx_hal_msp.c ****   /* USER CODE BEGIN USART2_MspInit 1 */
 332:Src/stm32f3xx_hal_msp.c **** 
 333:Src/stm32f3xx_hal_msp.c ****   /* USER CODE END USART2_MspInit 1 */
 334:Src/stm32f3xx_hal_msp.c ****   }
 335:Src/stm32f3xx_hal_msp.c **** 
 336:Src/stm32f3xx_hal_msp.c **** }
 690              		.loc 1 336 0
 691 0042 07B0     		add	sp, sp, #28
 692              	.LCFI19:
 693              		.cfi_def_cfa_offset 4
 694              		@ sp needed
 695 0044 5DF804FB 		ldr	pc, [sp], #4
 696              	.L67:
 697              		.align	2
 698              	.L66:
 699 0048 00440040 		.word	1073759232
 700              		.cfi_endproc
 701              	.LFE134:
 703              		.section	.text.HAL_UART_MspDeInit,"ax",%progbits
 704              		.align	1
 705              		.global	HAL_UART_MspDeInit
 706              		.syntax unified
 707              		.thumb
 708              		.thumb_func
 709              		.fpu fpv4-sp-d16
 711              	HAL_UART_MspDeInit:
 712              	.LFB135:
 337:Src/stm32f3xx_hal_msp.c **** 
 338:Src/stm32f3xx_hal_msp.c **** void HAL_UART_MspDeInit(UART_HandleTypeDef* huart)
 339:Src/stm32f3xx_hal_msp.c **** {
 713              		.loc 1 339 0
 714              		.cfi_startproc
 715              		@ args = 0, pretend = 0, frame = 0
 716              		@ frame_needed = 0, uses_anonymous_args = 0
 717              	.LVL47:
 718 0000 08B5     		push	{r3, lr}
 719              	.LCFI20:
 720              		.cfi_def_cfa_offset 8
 721              		.cfi_offset 3, -8
 722              		.cfi_offset 14, -4
 340:Src/stm32f3xx_hal_msp.c **** 
 341:Src/stm32f3xx_hal_msp.c ****   if(huart->Instance==USART2)
 723              		.loc 1 341 0
 724 0002 0268     		ldr	r2, [r0]
 725 0004 074B     		ldr	r3, .L72
 726 0006 9A42     		cmp	r2, r3
 727 0008 00D0     		beq	.L71
 728              	.LVL48:
 729              	.L68:
 342:Src/stm32f3xx_hal_msp.c ****   {
ARM GAS  /tmp/ccs6aS5S.s 			page 20


 343:Src/stm32f3xx_hal_msp.c ****   /* USER CODE BEGIN USART2_MspDeInit 0 */
 344:Src/stm32f3xx_hal_msp.c **** 
 345:Src/stm32f3xx_hal_msp.c ****   /* USER CODE END USART2_MspDeInit 0 */
 346:Src/stm32f3xx_hal_msp.c ****     /* Peripheral clock disable */
 347:Src/stm32f3xx_hal_msp.c ****     __HAL_RCC_USART2_CLK_DISABLE();
 348:Src/stm32f3xx_hal_msp.c ****   
 349:Src/stm32f3xx_hal_msp.c ****     /**USART2 GPIO Configuration    
 350:Src/stm32f3xx_hal_msp.c ****     PA2     ------> USART2_TX
 351:Src/stm32f3xx_hal_msp.c ****     PA3     ------> USART2_RX 
 352:Src/stm32f3xx_hal_msp.c ****     */
 353:Src/stm32f3xx_hal_msp.c ****     HAL_GPIO_DeInit(GPIOA, GPIO_PIN_2|GPIO_PIN_3);
 354:Src/stm32f3xx_hal_msp.c **** 
 355:Src/stm32f3xx_hal_msp.c ****   /* USER CODE BEGIN USART2_MspDeInit 1 */
 356:Src/stm32f3xx_hal_msp.c **** 
 357:Src/stm32f3xx_hal_msp.c ****   /* USER CODE END USART2_MspDeInit 1 */
 358:Src/stm32f3xx_hal_msp.c ****   }
 359:Src/stm32f3xx_hal_msp.c **** 
 360:Src/stm32f3xx_hal_msp.c **** }
 730              		.loc 1 360 0
 731 000a 08BD     		pop	{r3, pc}
 732              	.LVL49:
 733              	.L71:
 347:Src/stm32f3xx_hal_msp.c ****   
 734              		.loc 1 347 0
 735 000c 064A     		ldr	r2, .L72+4
 736 000e D369     		ldr	r3, [r2, #28]
 737 0010 23F40033 		bic	r3, r3, #131072
 738 0014 D361     		str	r3, [r2, #28]
 353:Src/stm32f3xx_hal_msp.c **** 
 739              		.loc 1 353 0
 740 0016 0C21     		movs	r1, #12
 741 0018 4FF09040 		mov	r0, #1207959552
 742              	.LVL50:
 743 001c FFF7FEFF 		bl	HAL_GPIO_DeInit
 744              	.LVL51:
 745              		.loc 1 360 0
 746 0020 F3E7     		b	.L68
 747              	.L73:
 748 0022 00BF     		.align	2
 749              	.L72:
 750 0024 00440040 		.word	1073759232
 751 0028 00100240 		.word	1073876992
 752              		.cfi_endproc
 753              	.LFE135:
 755              		.text
 756              	.Letext0:
 757              		.file 2 "/usr/arm-none-eabi/include/machine/_default_types.h"
 758              		.file 3 "/usr/arm-none-eabi/include/sys/_stdint.h"
 759              		.file 4 "Drivers/CMSIS/Include/core_cm4.h"
 760              		.file 5 "Drivers/CMSIS/Device/ST/STM32F3xx/Include/system_stm32f3xx.h"
 761              		.file 6 "Drivers/CMSIS/Device/ST/STM32F3xx/Include/stm32f303x8.h"
 762              		.file 7 "/usr/arm-none-eabi/include/sys/lock.h"
 763              		.file 8 "/usr/arm-none-eabi/include/sys/_types.h"
 764              		.file 9 "/usr/lib/gcc/arm-none-eabi/7.3.0/include/stddef.h"
 765              		.file 10 "/usr/arm-none-eabi/include/sys/reent.h"
 766              		.file 11 "Drivers/STM32F3xx_HAL_Driver/Inc/stm32f3xx_hal_def.h"
 767              		.file 12 "Drivers/STM32F3xx_HAL_Driver/Inc/stm32f3xx_hal_gpio.h"
ARM GAS  /tmp/ccs6aS5S.s 			page 21


 768              		.file 13 "Drivers/STM32F3xx_HAL_Driver/Inc/stm32f3xx_hal_dma.h"
 769              		.file 14 "Drivers/STM32F3xx_HAL_Driver/Inc/stm32f3xx_hal_i2c.h"
 770              		.file 15 "Drivers/STM32F3xx_HAL_Driver/Inc/stm32f3xx_hal_tim.h"
 771              		.file 16 "Drivers/STM32F3xx_HAL_Driver/Inc/stm32f3xx_hal_uart.h"
 772              		.file 17 "Drivers/STM32F3xx_HAL_Driver/Inc/stm32f3xx_hal_cortex.h"
ARM GAS  /tmp/ccs6aS5S.s 			page 22


DEFINED SYMBOLS
                            *ABS*:0000000000000000 stm32f3xx_hal_msp.c
     /tmp/ccs6aS5S.s:18     .text.HAL_MspInit:0000000000000000 $t
     /tmp/ccs6aS5S.s:25     .text.HAL_MspInit:0000000000000000 HAL_MspInit
     /tmp/ccs6aS5S.s:105    .text.HAL_MspInit:0000000000000078 $d
     /tmp/ccs6aS5S.s:110    .text.HAL_I2C_MspInit:0000000000000000 $t
     /tmp/ccs6aS5S.s:117    .text.HAL_I2C_MspInit:0000000000000000 HAL_I2C_MspInit
     /tmp/ccs6aS5S.s:180    .text.HAL_I2C_MspInit:0000000000000048 $d
     /tmp/ccs6aS5S.s:187    .text.HAL_I2C_MspDeInit:0000000000000000 $t
     /tmp/ccs6aS5S.s:194    .text.HAL_I2C_MspDeInit:0000000000000000 HAL_I2C_MspDeInit
     /tmp/ccs6aS5S.s:233    .text.HAL_I2C_MspDeInit:0000000000000020 $d
     /tmp/ccs6aS5S.s:240    .text.HAL_TIM_Encoder_MspInit:0000000000000000 $t
     /tmp/ccs6aS5S.s:247    .text.HAL_TIM_Encoder_MspInit:0000000000000000 HAL_TIM_Encoder_MspInit
     /tmp/ccs6aS5S.s:374    .text.HAL_TIM_Encoder_MspInit:00000000000000a0 $d
     /tmp/ccs6aS5S.s:380    .text.HAL_TIM_Base_MspInit:0000000000000000 $t
     /tmp/ccs6aS5S.s:387    .text.HAL_TIM_Base_MspInit:0000000000000000 HAL_TIM_Base_MspInit
     /tmp/ccs6aS5S.s:426    .text.HAL_TIM_Base_MspInit:0000000000000028 $d
     /tmp/ccs6aS5S.s:431    .text.HAL_TIM_MspPostInit:0000000000000000 $t
     /tmp/ccs6aS5S.s:438    .text.HAL_TIM_MspPostInit:0000000000000000 HAL_TIM_MspPostInit
     /tmp/ccs6aS5S.s:506    .text.HAL_TIM_MspPostInit:0000000000000040 $d
     /tmp/ccs6aS5S.s:512    .text.HAL_TIM_Encoder_MspDeInit:0000000000000000 $t
     /tmp/ccs6aS5S.s:519    .text.HAL_TIM_Encoder_MspDeInit:0000000000000000 HAL_TIM_Encoder_MspDeInit
     /tmp/ccs6aS5S.s:583    .text.HAL_TIM_Encoder_MspDeInit:0000000000000050 $d
     /tmp/ccs6aS5S.s:589    .text.HAL_TIM_Base_MspDeInit:0000000000000000 $t
     /tmp/ccs6aS5S.s:596    .text.HAL_TIM_Base_MspDeInit:0000000000000000 HAL_TIM_Base_MspDeInit
     /tmp/ccs6aS5S.s:623    .text.HAL_TIM_Base_MspDeInit:0000000000000018 $d
     /tmp/ccs6aS5S.s:629    .text.HAL_UART_MspInit:0000000000000000 $t
     /tmp/ccs6aS5S.s:636    .text.HAL_UART_MspInit:0000000000000000 HAL_UART_MspInit
     /tmp/ccs6aS5S.s:699    .text.HAL_UART_MspInit:0000000000000048 $d
     /tmp/ccs6aS5S.s:704    .text.HAL_UART_MspDeInit:0000000000000000 $t
     /tmp/ccs6aS5S.s:711    .text.HAL_UART_MspDeInit:0000000000000000 HAL_UART_MspDeInit
     /tmp/ccs6aS5S.s:750    .text.HAL_UART_MspDeInit:0000000000000024 $d

UNDEFINED SYMBOLS
HAL_NVIC_SetPriorityGrouping
HAL_NVIC_SetPriority
HAL_GPIO_Init
HAL_GPIO_DeInit
HAL_NVIC_EnableIRQ
HAL_NVIC_DisableIRQ
