ARM GAS  /tmp/cc30LLSP.s 			page 1


   1              		.cpu cortex-m4
   2              		.eabi_attribute 27, 1
   3              		.eabi_attribute 28, 1
   4              		.eabi_attribute 20, 1
   5              		.eabi_attribute 21, 1
   6              		.eabi_attribute 23, 3
   7              		.eabi_attribute 24, 1
   8              		.eabi_attribute 25, 1
   9              		.eabi_attribute 26, 1
  10              		.eabi_attribute 30, 6
  11              		.eabi_attribute 34, 1
  12              		.eabi_attribute 18, 4
  13              		.file	"wwdg.c"
  14              		.text
  15              	.Ltext0:
  16              		.cfi_sections	.debug_frame
  17              		.section	.rodata.CHANNEL_OFFSET_TAB,"a",%progbits
  18              		.align	2
  21              	CHANNEL_OFFSET_TAB:
  22 0000 08       		.byte	8
  23 0001 1C       		.byte	28
  24 0002 30       		.byte	48
  25 0003 44       		.byte	68
  26 0004 58       		.byte	88
  27 0005 6C       		.byte	108
  28 0006 80       		.byte	-128
  29              		.comm	hwwdg,20,4
  30              		.section	.rodata
  31              		.align	2
  32              	.LC0:
  33 0000 5372632F 		.ascii	"Src/wwdg.c\000"
  33      77776467 
  33      2E6300
  34              		.section	.text.MX_WWDG_Init,"ax",%progbits
  35              		.align	1
  36              		.global	MX_WWDG_Init
  37              		.syntax unified
  38              		.thumb
  39              		.thumb_func
  40              		.fpu fpv4-sp-d16
  42              	MX_WWDG_Init:
  43              	.LFB695:
  44              		.file 1 "Src/wwdg.c"
   1:Src/wwdg.c    **** /**
   2:Src/wwdg.c    ****   ******************************************************************************
   3:Src/wwdg.c    ****   * File Name          : WWDG.c
   4:Src/wwdg.c    ****   * Description        : This file provides code for the configuration
   5:Src/wwdg.c    ****   *                      of the WWDG instances.
   6:Src/wwdg.c    ****   ******************************************************************************
   7:Src/wwdg.c    ****   ** This notice applies to any and all portions of this file
   8:Src/wwdg.c    ****   * that are not between comment pairs USER CODE BEGIN and
   9:Src/wwdg.c    ****   * USER CODE END. Other portions of this file, whether 
  10:Src/wwdg.c    ****   * inserted by the user or by software development tools
  11:Src/wwdg.c    ****   * are owned by their respective copyright owners.
  12:Src/wwdg.c    ****   *
  13:Src/wwdg.c    ****   * COPYRIGHT(c) 2018 STMicroelectronics
  14:Src/wwdg.c    ****   *
ARM GAS  /tmp/cc30LLSP.s 			page 2


  15:Src/wwdg.c    ****   * Redistribution and use in source and binary forms, with or without modification,
  16:Src/wwdg.c    ****   * are permitted provided that the following conditions are met:
  17:Src/wwdg.c    ****   *   1. Redistributions of source code must retain the above copyright notice,
  18:Src/wwdg.c    ****   *      this list of conditions and the following disclaimer.
  19:Src/wwdg.c    ****   *   2. Redistributions in binary form must reproduce the above copyright notice,
  20:Src/wwdg.c    ****   *      this list of conditions and the following disclaimer in the documentation
  21:Src/wwdg.c    ****   *      and/or other materials provided with the distribution.
  22:Src/wwdg.c    ****   *   3. Neither the name of STMicroelectronics nor the names of its contributors
  23:Src/wwdg.c    ****   *      may be used to endorse or promote products derived from this software
  24:Src/wwdg.c    ****   *      without specific prior written permission.
  25:Src/wwdg.c    ****   *
  26:Src/wwdg.c    ****   * THIS SOFTWARE IS PROVIDED BY THE COPYRIGHT HOLDERS AND CONTRIBUTORS "AS IS"
  27:Src/wwdg.c    ****   * AND ANY EXPRESS OR IMPLIED WARRANTIES, INCLUDING, BUT NOT LIMITED TO, THE
  28:Src/wwdg.c    ****   * IMPLIED WARRANTIES OF MERCHANTABILITY AND FITNESS FOR A PARTICULAR PURPOSE ARE
  29:Src/wwdg.c    ****   * DISCLAIMED. IN NO EVENT SHALL THE COPYRIGHT HOLDER OR CONTRIBUTORS BE LIABLE
  30:Src/wwdg.c    ****   * FOR ANY DIRECT, INDIRECT, INCIDENTAL, SPECIAL, EXEMPLARY, OR CONSEQUENTIAL
  31:Src/wwdg.c    ****   * DAMAGES (INCLUDING, BUT NOT LIMITED TO, PROCUREMENT OF SUBSTITUTE GOODS OR
  32:Src/wwdg.c    ****   * SERVICES; LOSS OF USE, DATA, OR PROFITS; OR BUSINESS INTERRUPTION) HOWEVER
  33:Src/wwdg.c    ****   * CAUSED AND ON ANY THEORY OF LIABILITY, WHETHER IN CONTRACT, STRICT LIABILITY,
  34:Src/wwdg.c    ****   * OR TORT (INCLUDING NEGLIGENCE OR OTHERWISE) ARISING IN ANY WAY OUT OF THE USE
  35:Src/wwdg.c    ****   * OF THIS SOFTWARE, EVEN IF ADVISED OF THE POSSIBILITY OF SUCH DAMAGE.
  36:Src/wwdg.c    ****   *
  37:Src/wwdg.c    ****   ******************************************************************************
  38:Src/wwdg.c    ****   */
  39:Src/wwdg.c    **** 
  40:Src/wwdg.c    **** /* Includes ------------------------------------------------------------------*/
  41:Src/wwdg.c    **** #include "wwdg.h"
  42:Src/wwdg.c    **** 
  43:Src/wwdg.c    **** /* USER CODE BEGIN 0 */
  44:Src/wwdg.c    **** 
  45:Src/wwdg.c    **** /* USER CODE END 0 */
  46:Src/wwdg.c    **** 
  47:Src/wwdg.c    **** WWDG_HandleTypeDef hwwdg;
  48:Src/wwdg.c    **** 
  49:Src/wwdg.c    **** /* WWDG init function */
  50:Src/wwdg.c    **** void MX_WWDG_Init(void)
  51:Src/wwdg.c    **** {
  45              		.loc 1 51 0
  46              		.cfi_startproc
  47              		@ args = 0, pretend = 0, frame = 0
  48              		@ frame_needed = 1, uses_anonymous_args = 0
  49 0000 80B5     		push	{r7, lr}
  50              	.LCFI0:
  51              		.cfi_def_cfa_offset 8
  52              		.cfi_offset 7, -8
  53              		.cfi_offset 14, -4
  54 0002 00AF     		add	r7, sp, #0
  55              	.LCFI1:
  56              		.cfi_def_cfa_register 7
  52:Src/wwdg.c    **** 
  53:Src/wwdg.c    ****   hwwdg.Instance = WWDG;
  57              		.loc 1 53 0
  58 0004 0E4B     		ldr	r3, .L4
  59 0006 0F4A     		ldr	r2, .L4+4
  60 0008 1A60     		str	r2, [r3]
  54:Src/wwdg.c    ****   hwwdg.Init.Prescaler = WWDG_PRESCALER_8;
  61              		.loc 1 54 0
ARM GAS  /tmp/cc30LLSP.s 			page 3


  62 000a 0D4B     		ldr	r3, .L4
  63 000c 4FF4C072 		mov	r2, #384
  64 0010 5A60     		str	r2, [r3, #4]
  55:Src/wwdg.c    ****   hwwdg.Init.Window = 120;
  65              		.loc 1 55 0
  66 0012 0B4B     		ldr	r3, .L4
  67 0014 7822     		movs	r2, #120
  68 0016 9A60     		str	r2, [r3, #8]
  56:Src/wwdg.c    ****   hwwdg.Init.Counter = 127;
  69              		.loc 1 56 0
  70 0018 094B     		ldr	r3, .L4
  71 001a 7F22     		movs	r2, #127
  72 001c DA60     		str	r2, [r3, #12]
  57:Src/wwdg.c    ****   hwwdg.Init.EWIMode = WWDG_EWI_ENABLE;
  73              		.loc 1 57 0
  74 001e 084B     		ldr	r3, .L4
  75 0020 4FF40072 		mov	r2, #512
  76 0024 1A61     		str	r2, [r3, #16]
  58:Src/wwdg.c    ****   if (HAL_WWDG_Init(&hwwdg) != HAL_OK)
  77              		.loc 1 58 0
  78 0026 0648     		ldr	r0, .L4
  79 0028 FFF7FEFF 		bl	HAL_WWDG_Init
  80 002c 0346     		mov	r3, r0
  81 002e 002B     		cmp	r3, #0
  82 0030 03D0     		beq	.L3
  59:Src/wwdg.c    ****   {
  60:Src/wwdg.c    ****     _Error_Handler(__FILE__, __LINE__);
  83              		.loc 1 60 0
  84 0032 3C21     		movs	r1, #60
  85 0034 0448     		ldr	r0, .L4+8
  86 0036 FFF7FEFF 		bl	_Error_Handler
  87              	.L3:
  61:Src/wwdg.c    ****   }
  62:Src/wwdg.c    **** 
  63:Src/wwdg.c    **** }
  88              		.loc 1 63 0
  89 003a 00BF     		nop
  90 003c 80BD     		pop	{r7, pc}
  91              	.L5:
  92 003e 00BF     		.align	2
  93              	.L4:
  94 0040 00000000 		.word	hwwdg
  95 0044 002C0040 		.word	1073753088
  96 0048 00000000 		.word	.LC0
  97              		.cfi_endproc
  98              	.LFE695:
 100              		.section	.text.HAL_WWDG_MspInit,"ax",%progbits
 101              		.align	1
 102              		.global	HAL_WWDG_MspInit
 103              		.syntax unified
 104              		.thumb
 105              		.thumb_func
 106              		.fpu fpv4-sp-d16
 108              	HAL_WWDG_MspInit:
 109              	.LFB696:
  64:Src/wwdg.c    **** 
  65:Src/wwdg.c    **** void HAL_WWDG_MspInit(WWDG_HandleTypeDef* wwdgHandle)
ARM GAS  /tmp/cc30LLSP.s 			page 4


  66:Src/wwdg.c    **** {
 110              		.loc 1 66 0
 111              		.cfi_startproc
 112              		@ args = 0, pretend = 0, frame = 16
 113              		@ frame_needed = 1, uses_anonymous_args = 0
 114              		@ link register save eliminated.
 115 0000 80B4     		push	{r7}
 116              	.LCFI2:
 117              		.cfi_def_cfa_offset 4
 118              		.cfi_offset 7, -4
 119 0002 85B0     		sub	sp, sp, #20
 120              	.LCFI3:
 121              		.cfi_def_cfa_offset 24
 122 0004 00AF     		add	r7, sp, #0
 123              	.LCFI4:
 124              		.cfi_def_cfa_register 7
 125 0006 7860     		str	r0, [r7, #4]
  67:Src/wwdg.c    **** 
  68:Src/wwdg.c    ****   if(wwdgHandle->Instance==WWDG)
 126              		.loc 1 68 0
 127 0008 7B68     		ldr	r3, [r7, #4]
 128 000a 1B68     		ldr	r3, [r3]
 129 000c 0A4A     		ldr	r2, .L9
 130 000e 9342     		cmp	r3, r2
 131 0010 0BD1     		bne	.L8
 132              	.LBB2:
  69:Src/wwdg.c    ****   {
  70:Src/wwdg.c    ****   /* USER CODE BEGIN WWDG_MspInit 0 */
  71:Src/wwdg.c    **** 
  72:Src/wwdg.c    ****   /* USER CODE END WWDG_MspInit 0 */
  73:Src/wwdg.c    ****     /* WWDG clock enable */
  74:Src/wwdg.c    ****     __HAL_RCC_WWDG_CLK_ENABLE();
 133              		.loc 1 74 0
 134 0012 0A4B     		ldr	r3, .L9+4
 135 0014 DB69     		ldr	r3, [r3, #28]
 136 0016 094A     		ldr	r2, .L9+4
 137 0018 43F40063 		orr	r3, r3, #2048
 138 001c D361     		str	r3, [r2, #28]
 139 001e 074B     		ldr	r3, .L9+4
 140 0020 DB69     		ldr	r3, [r3, #28]
 141 0022 03F40063 		and	r3, r3, #2048
 142 0026 FB60     		str	r3, [r7, #12]
 143 0028 FB68     		ldr	r3, [r7, #12]
 144              	.L8:
 145              	.LBE2:
  75:Src/wwdg.c    ****   /* USER CODE BEGIN WWDG_MspInit 1 */
  76:Src/wwdg.c    **** 
  77:Src/wwdg.c    ****   /* USER CODE END WWDG_MspInit 1 */
  78:Src/wwdg.c    ****   }
  79:Src/wwdg.c    **** }
 146              		.loc 1 79 0
 147 002a 00BF     		nop
 148 002c 1437     		adds	r7, r7, #20
 149              	.LCFI5:
 150              		.cfi_def_cfa_offset 4
 151 002e BD46     		mov	sp, r7
 152              	.LCFI6:
ARM GAS  /tmp/cc30LLSP.s 			page 5


 153              		.cfi_def_cfa_register 13
 154              		@ sp needed
 155 0030 5DF8047B 		ldr	r7, [sp], #4
 156              	.LCFI7:
 157              		.cfi_restore 7
 158              		.cfi_def_cfa_offset 0
 159 0034 7047     		bx	lr
 160              	.L10:
 161 0036 00BF     		.align	2
 162              	.L9:
 163 0038 002C0040 		.word	1073753088
 164 003c 00100240 		.word	1073876992
 165              		.cfi_endproc
 166              	.LFE696:
 168              		.text
 169              	.Letext0:
 170              		.file 2 "/usr/arm-none-eabi/include/machine/_default_types.h"
 171              		.file 3 "/usr/arm-none-eabi/include/sys/_stdint.h"
 172              		.file 4 "Drivers/CMSIS/Include/core_cm4.h"
 173              		.file 5 "Drivers/CMSIS/Device/ST/STM32F3xx/Include/system_stm32f3xx.h"
 174              		.file 6 "Drivers/CMSIS/Device/ST/STM32F3xx/Include/stm32f303x8.h"
 175              		.file 7 "/usr/arm-none-eabi/include/sys/lock.h"
 176              		.file 8 "/usr/arm-none-eabi/include/sys/_types.h"
 177              		.file 9 "/usr/lib/gcc/arm-none-eabi/7.3.0/include/stddef.h"
 178              		.file 10 "/usr/arm-none-eabi/include/sys/reent.h"
 179              		.file 11 "Drivers/STM32F3xx_HAL_Driver/Inc/stm32f3xx_hal_wwdg.h"
 180              		.file 12 "Inc/wwdg.h"
 181              		.file 13 "Drivers/STM32F3xx_HAL_Driver/Inc/stm32f3xx_ll_dma.h"
 182              		.file 14 "Drivers/STM32F3xx_HAL_Driver/Inc/stm32f3xx_hal_def.h"
ARM GAS  /tmp/cc30LLSP.s 			page 6


DEFINED SYMBOLS
                            *ABS*:0000000000000000 wwdg.c
     /tmp/cc30LLSP.s:18     .rodata.CHANNEL_OFFSET_TAB:0000000000000000 $d
     /tmp/cc30LLSP.s:21     .rodata.CHANNEL_OFFSET_TAB:0000000000000000 CHANNEL_OFFSET_TAB
                            *COM*:0000000000000014 hwwdg
     /tmp/cc30LLSP.s:31     .rodata:0000000000000000 $d
     /tmp/cc30LLSP.s:35     .text.MX_WWDG_Init:0000000000000000 $t
     /tmp/cc30LLSP.s:42     .text.MX_WWDG_Init:0000000000000000 MX_WWDG_Init
     /tmp/cc30LLSP.s:94     .text.MX_WWDG_Init:0000000000000040 $d
     /tmp/cc30LLSP.s:101    .text.HAL_WWDG_MspInit:0000000000000000 $t
     /tmp/cc30LLSP.s:108    .text.HAL_WWDG_MspInit:0000000000000000 HAL_WWDG_MspInit
     /tmp/cc30LLSP.s:163    .text.HAL_WWDG_MspInit:0000000000000038 $d

UNDEFINED SYMBOLS
HAL_WWDG_Init
_Error_Handler
