ARM GAS  /tmp/ccADrelt.s 			page 1


   1              		.syntax unified
   2              		.cpu cortex-m4
   3              		.eabi_attribute 27, 1
   4              		.eabi_attribute 28, 1
   5              		.fpu fpv4-sp-d16
   6              		.eabi_attribute 20, 1
   7              		.eabi_attribute 21, 1
   8              		.eabi_attribute 23, 3
   9              		.eabi_attribute 24, 1
  10              		.eabi_attribute 25, 1
  11              		.eabi_attribute 26, 1
  12              		.eabi_attribute 30, 2
  13              		.eabi_attribute 34, 1
  14              		.eabi_attribute 18, 4
  15              		.thumb
  16              		.file	"crc_16.c"
  17              		.text
  18              	.Ltext0:
  19              		.cfi_sections	.debug_frame
  20              		.global	crc_table
  21              		.section	.data.crc_table,"aw",%progbits
  22              		.align	2
  25              	crc_table:
  26 0000 0000     		.short	0
  27 0002 0580     		.short	-32763
  28 0004 0F80     		.short	-32753
  29 0006 0A00     		.short	10
  30 0008 1B80     		.short	-32741
  31 000a 1E00     		.short	30
  32 000c 1400     		.short	20
  33 000e 1180     		.short	-32751
  34 0010 3380     		.short	-32717
  35 0012 3600     		.short	54
  36 0014 3C00     		.short	60
  37 0016 3980     		.short	-32711
  38 0018 2800     		.short	40
  39 001a 2D80     		.short	-32723
  40 001c 2780     		.short	-32729
  41 001e 2200     		.short	34
  42 0020 6380     		.short	-32669
  43 0022 6600     		.short	102
  44 0024 6C00     		.short	108
  45 0026 6980     		.short	-32663
  46 0028 7800     		.short	120
  47 002a 7D80     		.short	-32643
  48 002c 7780     		.short	-32649
  49 002e 7200     		.short	114
  50 0030 5000     		.short	80
  51 0032 5580     		.short	-32683
  52 0034 5F80     		.short	-32673
  53 0036 5A00     		.short	90
  54 0038 4B80     		.short	-32693
  55 003a 4E00     		.short	78
  56 003c 4400     		.short	68
  57 003e 4180     		.short	-32703
  58 0040 C380     		.short	-32573
  59 0042 C600     		.short	198
ARM GAS  /tmp/ccADrelt.s 			page 2


  60 0044 CC00     		.short	204
  61 0046 C980     		.short	-32567
  62 0048 D800     		.short	216
  63 004a DD80     		.short	-32547
  64 004c D780     		.short	-32553
  65 004e D200     		.short	210
  66 0050 F000     		.short	240
  67 0052 F580     		.short	-32523
  68 0054 FF80     		.short	-32513
  69 0056 FA00     		.short	250
  70 0058 EB80     		.short	-32533
  71 005a EE00     		.short	238
  72 005c E400     		.short	228
  73 005e E180     		.short	-32543
  74 0060 A000     		.short	160
  75 0062 A580     		.short	-32603
  76 0064 AF80     		.short	-32593
  77 0066 AA00     		.short	170
  78 0068 BB80     		.short	-32581
  79 006a BE00     		.short	190
  80 006c B400     		.short	180
  81 006e B180     		.short	-32591
  82 0070 9380     		.short	-32621
  83 0072 9600     		.short	150
  84 0074 9C00     		.short	156
  85 0076 9980     		.short	-32615
  86 0078 8800     		.short	136
  87 007a 8D80     		.short	-32627
  88 007c 8780     		.short	-32633
  89 007e 8200     		.short	130
  90 0080 8381     		.short	-32381
  91 0082 8601     		.short	390
  92 0084 8C01     		.short	396
  93 0086 8981     		.short	-32375
  94 0088 9801     		.short	408
  95 008a 9D81     		.short	-32355
  96 008c 9781     		.short	-32361
  97 008e 9201     		.short	402
  98 0090 B001     		.short	432
  99 0092 B581     		.short	-32331
 100 0094 BF81     		.short	-32321
 101 0096 BA01     		.short	442
 102 0098 AB81     		.short	-32341
 103 009a AE01     		.short	430
 104 009c A401     		.short	420
 105 009e A181     		.short	-32351
 106 00a0 E001     		.short	480
 107 00a2 E581     		.short	-32283
 108 00a4 EF81     		.short	-32273
 109 00a6 EA01     		.short	490
 110 00a8 FB81     		.short	-32261
 111 00aa FE01     		.short	510
 112 00ac F401     		.short	500
 113 00ae F181     		.short	-32271
 114 00b0 D381     		.short	-32301
 115 00b2 D601     		.short	470
 116 00b4 DC01     		.short	476
ARM GAS  /tmp/ccADrelt.s 			page 3


 117 00b6 D981     		.short	-32295
 118 00b8 C801     		.short	456
 119 00ba CD81     		.short	-32307
 120 00bc C781     		.short	-32313
 121 00be C201     		.short	450
 122 00c0 4001     		.short	320
 123 00c2 4581     		.short	-32443
 124 00c4 4F81     		.short	-32433
 125 00c6 4A01     		.short	330
 126 00c8 5B81     		.short	-32421
 127 00ca 5E01     		.short	350
 128 00cc 5401     		.short	340
 129 00ce 5181     		.short	-32431
 130 00d0 7381     		.short	-32397
 131 00d2 7601     		.short	374
 132 00d4 7C01     		.short	380
 133 00d6 7981     		.short	-32391
 134 00d8 6801     		.short	360
 135 00da 6D81     		.short	-32403
 136 00dc 6781     		.short	-32409
 137 00de 6201     		.short	354
 138 00e0 2381     		.short	-32477
 139 00e2 2601     		.short	294
 140 00e4 2C01     		.short	300
 141 00e6 2981     		.short	-32471
 142 00e8 3801     		.short	312
 143 00ea 3D81     		.short	-32451
 144 00ec 3781     		.short	-32457
 145 00ee 3201     		.short	306
 146 00f0 1001     		.short	272
 147 00f2 1581     		.short	-32491
 148 00f4 1F81     		.short	-32481
 149 00f6 1A01     		.short	282
 150 00f8 0B81     		.short	-32501
 151 00fa 0E01     		.short	270
 152 00fc 0401     		.short	260
 153 00fe 0181     		.short	-32511
 154 0100 0383     		.short	-31997
 155 0102 0603     		.short	774
 156 0104 0C03     		.short	780
 157 0106 0983     		.short	-31991
 158 0108 1803     		.short	792
 159 010a 1D83     		.short	-31971
 160 010c 1783     		.short	-31977
 161 010e 1203     		.short	786
 162 0110 3003     		.short	816
 163 0112 3583     		.short	-31947
 164 0114 3F83     		.short	-31937
 165 0116 3A03     		.short	826
 166 0118 2B83     		.short	-31957
 167 011a 2E03     		.short	814
 168 011c 2403     		.short	804
 169 011e 2183     		.short	-31967
 170 0120 6003     		.short	864
 171 0122 6583     		.short	-31899
 172 0124 6F83     		.short	-31889
 173 0126 6A03     		.short	874
ARM GAS  /tmp/ccADrelt.s 			page 4


 174 0128 7B83     		.short	-31877
 175 012a 7E03     		.short	894
 176 012c 7403     		.short	884
 177 012e 7183     		.short	-31887
 178 0130 5383     		.short	-31917
 179 0132 5603     		.short	854
 180 0134 5C03     		.short	860
 181 0136 5983     		.short	-31911
 182 0138 4803     		.short	840
 183 013a 4D83     		.short	-31923
 184 013c 4783     		.short	-31929
 185 013e 4203     		.short	834
 186 0140 C003     		.short	960
 187 0142 C583     		.short	-31803
 188 0144 CF83     		.short	-31793
 189 0146 CA03     		.short	970
 190 0148 DB83     		.short	-31781
 191 014a DE03     		.short	990
 192 014c D403     		.short	980
 193 014e D183     		.short	-31791
 194 0150 F383     		.short	-31757
 195 0152 F603     		.short	1014
 196 0154 FC03     		.short	1020
 197 0156 F983     		.short	-31751
 198 0158 E803     		.short	1000
 199 015a ED83     		.short	-31763
 200 015c E783     		.short	-31769
 201 015e E203     		.short	994
 202 0160 A383     		.short	-31837
 203 0162 A603     		.short	934
 204 0164 AC03     		.short	940
 205 0166 A983     		.short	-31831
 206 0168 B803     		.short	952
 207 016a BD83     		.short	-31811
 208 016c B783     		.short	-31817
 209 016e B203     		.short	946
 210 0170 9003     		.short	912
 211 0172 9583     		.short	-31851
 212 0174 9F83     		.short	-31841
 213 0176 9A03     		.short	922
 214 0178 8B83     		.short	-31861
 215 017a 8E03     		.short	910
 216 017c 8403     		.short	900
 217 017e 8183     		.short	-31871
 218 0180 8002     		.short	640
 219 0182 8582     		.short	-32123
 220 0184 8F82     		.short	-32113
 221 0186 8A02     		.short	650
 222 0188 9B82     		.short	-32101
 223 018a 9E02     		.short	670
 224 018c 9402     		.short	660
 225 018e 9182     		.short	-32111
 226 0190 B382     		.short	-32077
 227 0192 B602     		.short	694
 228 0194 BC02     		.short	700
 229 0196 B982     		.short	-32071
 230 0198 A802     		.short	680
ARM GAS  /tmp/ccADrelt.s 			page 5


 231 019a AD82     		.short	-32083
 232 019c A782     		.short	-32089
 233 019e A202     		.short	674
 234 01a0 E382     		.short	-32029
 235 01a2 E602     		.short	742
 236 01a4 EC02     		.short	748
 237 01a6 E982     		.short	-32023
 238 01a8 F802     		.short	760
 239 01aa FD82     		.short	-32003
 240 01ac F782     		.short	-32009
 241 01ae F202     		.short	754
 242 01b0 D002     		.short	720
 243 01b2 D582     		.short	-32043
 244 01b4 DF82     		.short	-32033
 245 01b6 DA02     		.short	730
 246 01b8 CB82     		.short	-32053
 247 01ba CE02     		.short	718
 248 01bc C402     		.short	708
 249 01be C182     		.short	-32063
 250 01c0 4382     		.short	-32189
 251 01c2 4602     		.short	582
 252 01c4 4C02     		.short	588
 253 01c6 4982     		.short	-32183
 254 01c8 5802     		.short	600
 255 01ca 5D82     		.short	-32163
 256 01cc 5782     		.short	-32169
 257 01ce 5202     		.short	594
 258 01d0 7002     		.short	624
 259 01d2 7582     		.short	-32139
 260 01d4 7F82     		.short	-32129
 261 01d6 7A02     		.short	634
 262 01d8 6B82     		.short	-32149
 263 01da 6E02     		.short	622
 264 01dc 6402     		.short	612
 265 01de 6182     		.short	-32159
 266 01e0 2002     		.short	544
 267 01e2 2582     		.short	-32219
 268 01e4 2F82     		.short	-32209
 269 01e6 2A02     		.short	554
 270 01e8 3B82     		.short	-32197
 271 01ea 3E02     		.short	574
 272 01ec 3402     		.short	564
 273 01ee 3182     		.short	-32207
 274 01f0 1382     		.short	-32237
 275 01f2 1602     		.short	534
 276 01f4 1C02     		.short	540
 277 01f6 1982     		.short	-32231
 278 01f8 0802     		.short	520
 279 01fa 0D82     		.short	-32243
 280 01fc 0782     		.short	-32249
 281 01fe 0202     		.short	514
 282              		.text
 283              	.Letext0:
 284              		.file 1 "/usr/include/newlib/machine/_default_types.h"
 285              		.file 2 "/usr/include/newlib/sys/_stdint.h"
 286              		.file 3 "Src/crc_16.c"
ARM GAS  /tmp/ccADrelt.s 			page 6


DEFINED SYMBOLS
                            *ABS*:0000000000000000 crc_16.c
     /tmp/ccADrelt.s:25     .data.crc_table:0000000000000000 crc_table
     /tmp/ccADrelt.s:22     .data.crc_table:0000000000000000 $d

NO UNDEFINED SYMBOLS
