ARM GAS  /tmp/ccnK3qHT.s 			page 1


   1              		.syntax unified
   2              		.cpu cortex-m4
   3              		.eabi_attribute 27, 1
   4              		.eabi_attribute 28, 1
   5              		.fpu fpv4-sp-d16
   6              		.eabi_attribute 20, 1
   7              		.eabi_attribute 21, 1
   8              		.eabi_attribute 23, 3
   9              		.eabi_attribute 24, 1
  10              		.eabi_attribute 25, 1
  11              		.eabi_attribute 26, 1
  12              		.eabi_attribute 30, 2
  13              		.eabi_attribute 34, 1
  14              		.eabi_attribute 18, 4
  15              		.thumb
  16              		.file	"stm32f3xx_hal_msp.c"
  17              		.text
  18              	.Ltext0:
  19              		.cfi_sections	.debug_frame
  20              		.section	.text.HAL_MspInit,"ax",%progbits
  21              		.align	2
  22              		.global	HAL_MspInit
  23              		.thumb
  24              		.thumb_func
  26              	HAL_MspInit:
  27              	.LFB692:
  28              		.file 1 "Src/stm32f3xx_hal_msp.c"
   1:Src/stm32f3xx_hal_msp.c **** /**
   2:Src/stm32f3xx_hal_msp.c ****   ******************************************************************************
   3:Src/stm32f3xx_hal_msp.c ****   * File Name          : stm32f3xx_hal_msp.c
   4:Src/stm32f3xx_hal_msp.c ****   * Description        : This file provides code for the MSP Initialization 
   5:Src/stm32f3xx_hal_msp.c ****   *                      and de-Initialization codes.
   6:Src/stm32f3xx_hal_msp.c ****   ******************************************************************************
   7:Src/stm32f3xx_hal_msp.c ****   ** This notice applies to any and all portions of this file
   8:Src/stm32f3xx_hal_msp.c ****   * that are not between comment pairs USER CODE BEGIN and
   9:Src/stm32f3xx_hal_msp.c ****   * USER CODE END. Other portions of this file, whether 
  10:Src/stm32f3xx_hal_msp.c ****   * inserted by the user or by software development tools
  11:Src/stm32f3xx_hal_msp.c ****   * are owned by their respective copyright owners.
  12:Src/stm32f3xx_hal_msp.c ****   *
  13:Src/stm32f3xx_hal_msp.c ****   * COPYRIGHT(c) 2018 STMicroelectronics
  14:Src/stm32f3xx_hal_msp.c ****   *
  15:Src/stm32f3xx_hal_msp.c ****   * Redistribution and use in source and binary forms, with or without modification,
  16:Src/stm32f3xx_hal_msp.c ****   * are permitted provided that the following conditions are met:
  17:Src/stm32f3xx_hal_msp.c ****   *   1. Redistributions of source code must retain the above copyright notice,
  18:Src/stm32f3xx_hal_msp.c ****   *      this list of conditions and the following disclaimer.
  19:Src/stm32f3xx_hal_msp.c ****   *   2. Redistributions in binary form must reproduce the above copyright notice,
  20:Src/stm32f3xx_hal_msp.c ****   *      this list of conditions and the following disclaimer in the documentation
  21:Src/stm32f3xx_hal_msp.c ****   *      and/or other materials provided with the distribution.
  22:Src/stm32f3xx_hal_msp.c ****   *   3. Neither the name of STMicroelectronics nor the names of its contributors
  23:Src/stm32f3xx_hal_msp.c ****   *      may be used to endorse or promote products derived from this software
  24:Src/stm32f3xx_hal_msp.c ****   *      without specific prior written permission.
  25:Src/stm32f3xx_hal_msp.c ****   *
  26:Src/stm32f3xx_hal_msp.c ****   * THIS SOFTWARE IS PROVIDED BY THE COPYRIGHT HOLDERS AND CONTRIBUTORS "AS IS"
  27:Src/stm32f3xx_hal_msp.c ****   * AND ANY EXPRESS OR IMPLIED WARRANTIES, INCLUDING, BUT NOT LIMITED TO, THE
  28:Src/stm32f3xx_hal_msp.c ****   * IMPLIED WARRANTIES OF MERCHANTABILITY AND FITNESS FOR A PARTICULAR PURPOSE ARE
  29:Src/stm32f3xx_hal_msp.c ****   * DISCLAIMED. IN NO EVENT SHALL THE COPYRIGHT HOLDER OR CONTRIBUTORS BE LIABLE
  30:Src/stm32f3xx_hal_msp.c ****   * FOR ANY DIRECT, INDIRECT, INCIDENTAL, SPECIAL, EXEMPLARY, OR CONSEQUENTIAL
ARM GAS  /tmp/ccnK3qHT.s 			page 2


  31:Src/stm32f3xx_hal_msp.c ****   * DAMAGES (INCLUDING, BUT NOT LIMITED TO, PROCUREMENT OF SUBSTITUTE GOODS OR
  32:Src/stm32f3xx_hal_msp.c ****   * SERVICES; LOSS OF USE, DATA, OR PROFITS; OR BUSINESS INTERRUPTION) HOWEVER
  33:Src/stm32f3xx_hal_msp.c ****   * CAUSED AND ON ANY THEORY OF LIABILITY, WHETHER IN CONTRACT, STRICT LIABILITY,
  34:Src/stm32f3xx_hal_msp.c ****   * OR TORT (INCLUDING NEGLIGENCE OR OTHERWISE) ARISING IN ANY WAY OUT OF THE USE
  35:Src/stm32f3xx_hal_msp.c ****   * OF THIS SOFTWARE, EVEN IF ADVISED OF THE POSSIBILITY OF SUCH DAMAGE.
  36:Src/stm32f3xx_hal_msp.c ****   *
  37:Src/stm32f3xx_hal_msp.c ****   ******************************************************************************
  38:Src/stm32f3xx_hal_msp.c ****   */
  39:Src/stm32f3xx_hal_msp.c **** /* Includes ------------------------------------------------------------------*/
  40:Src/stm32f3xx_hal_msp.c **** #include "stm32f3xx_hal.h"
  41:Src/stm32f3xx_hal_msp.c **** 
  42:Src/stm32f3xx_hal_msp.c **** extern void _Error_Handler(char *, int);
  43:Src/stm32f3xx_hal_msp.c **** /* USER CODE BEGIN 0 */
  44:Src/stm32f3xx_hal_msp.c **** 
  45:Src/stm32f3xx_hal_msp.c **** /* USER CODE END 0 */
  46:Src/stm32f3xx_hal_msp.c **** /**
  47:Src/stm32f3xx_hal_msp.c ****   * Initializes the Global MSP.
  48:Src/stm32f3xx_hal_msp.c ****   */
  49:Src/stm32f3xx_hal_msp.c **** void HAL_MspInit(void)
  50:Src/stm32f3xx_hal_msp.c **** {
  29              		.loc 1 50 0
  30              		.cfi_startproc
  31              		@ args = 0, pretend = 0, frame = 8
  32              		@ frame_needed = 0, uses_anonymous_args = 0
  33              	.LBB2:
  51:Src/stm32f3xx_hal_msp.c ****   /* USER CODE BEGIN MspInit 0 */
  52:Src/stm32f3xx_hal_msp.c **** 
  53:Src/stm32f3xx_hal_msp.c ****   /* USER CODE END MspInit 0 */
  54:Src/stm32f3xx_hal_msp.c **** 
  55:Src/stm32f3xx_hal_msp.c ****   __HAL_RCC_SYSCFG_CLK_ENABLE();
  34              		.loc 1 55 0
  35 0000 1D4B     		ldr	r3, .L3
  36              	.LBE2:
  50:Src/stm32f3xx_hal_msp.c ****   /* USER CODE BEGIN MspInit 0 */
  37              		.loc 1 50 0
  38 0002 00B5     		push	{lr}
  39              	.LCFI0:
  40              		.cfi_def_cfa_offset 4
  41              		.cfi_offset 14, -4
  42              	.LBB3:
  43              		.loc 1 55 0
  44 0004 9A69     		ldr	r2, [r3, #24]
  45 0006 42F00102 		orr	r2, r2, #1
  46 000a 9A61     		str	r2, [r3, #24]
  47 000c 9B69     		ldr	r3, [r3, #24]
  48              	.LBE3:
  50:Src/stm32f3xx_hal_msp.c ****   /* USER CODE BEGIN MspInit 0 */
  49              		.loc 1 50 0
  50 000e 83B0     		sub	sp, sp, #12
  51              	.LCFI1:
  52              		.cfi_def_cfa_offset 16
  53              	.LBB4:
  54              		.loc 1 55 0
  55 0010 03F00103 		and	r3, r3, #1
  56 0014 0193     		str	r3, [sp, #4]
  57              	.LBE4:
  56:Src/stm32f3xx_hal_msp.c **** 
ARM GAS  /tmp/ccnK3qHT.s 			page 3


  57:Src/stm32f3xx_hal_msp.c ****   HAL_NVIC_SetPriorityGrouping(NVIC_PRIORITYGROUP_4);
  58              		.loc 1 57 0
  59 0016 0320     		movs	r0, #3
  60              	.LBB5:
  55:Src/stm32f3xx_hal_msp.c **** 
  61              		.loc 1 55 0
  62 0018 019B     		ldr	r3, [sp, #4]
  63              	.LBE5:
  64              		.loc 1 57 0
  65 001a FFF7FEFF 		bl	HAL_NVIC_SetPriorityGrouping
  66              	.LVL0:
  58:Src/stm32f3xx_hal_msp.c **** 
  59:Src/stm32f3xx_hal_msp.c ****   /* System interrupt init*/
  60:Src/stm32f3xx_hal_msp.c ****   /* MemoryManagement_IRQn interrupt configuration */
  61:Src/stm32f3xx_hal_msp.c ****   HAL_NVIC_SetPriority(MemoryManagement_IRQn, 0, 0);
  67              		.loc 1 61 0
  68 001e 0021     		movs	r1, #0
  69 0020 0A46     		mov	r2, r1
  70 0022 6FF00B00 		mvn	r0, #11
  71 0026 FFF7FEFF 		bl	HAL_NVIC_SetPriority
  72              	.LVL1:
  62:Src/stm32f3xx_hal_msp.c ****   /* BusFault_IRQn interrupt configuration */
  63:Src/stm32f3xx_hal_msp.c ****   HAL_NVIC_SetPriority(BusFault_IRQn, 0, 0);
  73              		.loc 1 63 0
  74 002a 0021     		movs	r1, #0
  75 002c 0A46     		mov	r2, r1
  76 002e 6FF00A00 		mvn	r0, #10
  77 0032 FFF7FEFF 		bl	HAL_NVIC_SetPriority
  78              	.LVL2:
  64:Src/stm32f3xx_hal_msp.c ****   /* UsageFault_IRQn interrupt configuration */
  65:Src/stm32f3xx_hal_msp.c ****   HAL_NVIC_SetPriority(UsageFault_IRQn, 0, 0);
  79              		.loc 1 65 0
  80 0036 0021     		movs	r1, #0
  81 0038 0A46     		mov	r2, r1
  82 003a 6FF00900 		mvn	r0, #9
  83 003e FFF7FEFF 		bl	HAL_NVIC_SetPriority
  84              	.LVL3:
  66:Src/stm32f3xx_hal_msp.c ****   /* SVCall_IRQn interrupt configuration */
  67:Src/stm32f3xx_hal_msp.c ****   HAL_NVIC_SetPriority(SVCall_IRQn, 0, 0);
  85              		.loc 1 67 0
  86 0042 0021     		movs	r1, #0
  87 0044 0A46     		mov	r2, r1
  88 0046 6FF00400 		mvn	r0, #4
  89 004a FFF7FEFF 		bl	HAL_NVIC_SetPriority
  90              	.LVL4:
  68:Src/stm32f3xx_hal_msp.c ****   /* DebugMonitor_IRQn interrupt configuration */
  69:Src/stm32f3xx_hal_msp.c ****   HAL_NVIC_SetPriority(DebugMonitor_IRQn, 0, 0);
  91              		.loc 1 69 0
  92 004e 0021     		movs	r1, #0
  93 0050 0A46     		mov	r2, r1
  94 0052 6FF00300 		mvn	r0, #3
  95 0056 FFF7FEFF 		bl	HAL_NVIC_SetPriority
  96              	.LVL5:
  70:Src/stm32f3xx_hal_msp.c ****   /* PendSV_IRQn interrupt configuration */
  71:Src/stm32f3xx_hal_msp.c ****   HAL_NVIC_SetPriority(PendSV_IRQn, 0, 0);
  97              		.loc 1 71 0
  98 005a 0021     		movs	r1, #0
ARM GAS  /tmp/ccnK3qHT.s 			page 4


  99 005c 0A46     		mov	r2, r1
 100 005e 6FF00100 		mvn	r0, #1
 101 0062 FFF7FEFF 		bl	HAL_NVIC_SetPriority
 102              	.LVL6:
  72:Src/stm32f3xx_hal_msp.c ****   /* SysTick_IRQn interrupt configuration */
  73:Src/stm32f3xx_hal_msp.c ****   HAL_NVIC_SetPriority(SysTick_IRQn, 0, 0);
 103              		.loc 1 73 0
 104 0066 0021     		movs	r1, #0
 105 0068 0A46     		mov	r2, r1
 106 006a 4FF0FF30 		mov	r0, #-1
 107 006e FFF7FEFF 		bl	HAL_NVIC_SetPriority
 108              	.LVL7:
  74:Src/stm32f3xx_hal_msp.c **** 
  75:Src/stm32f3xx_hal_msp.c ****   /* USER CODE BEGIN MspInit 1 */
  76:Src/stm32f3xx_hal_msp.c **** 
  77:Src/stm32f3xx_hal_msp.c ****   /* USER CODE END MspInit 1 */
  78:Src/stm32f3xx_hal_msp.c **** }
 109              		.loc 1 78 0
 110 0072 03B0     		add	sp, sp, #12
 111              	.LCFI2:
 112              		.cfi_def_cfa_offset 4
 113              		@ sp needed
 114 0074 5DF804FB 		ldr	pc, [sp], #4
 115              	.L4:
 116              		.align	2
 117              	.L3:
 118 0078 00100240 		.word	1073876992
 119              		.cfi_endproc
 120              	.LFE692:
 122              		.section	.text.HAL_ADC_MspInit,"ax",%progbits
 123              		.align	2
 124              		.global	HAL_ADC_MspInit
 125              		.thumb
 126              		.thumb_func
 128              	HAL_ADC_MspInit:
 129              	.LFB693:
  79:Src/stm32f3xx_hal_msp.c **** 
  80:Src/stm32f3xx_hal_msp.c **** void HAL_ADC_MspInit(ADC_HandleTypeDef* hadc)
  81:Src/stm32f3xx_hal_msp.c **** {
 130              		.loc 1 81 0
 131              		.cfi_startproc
 132              		@ args = 0, pretend = 0, frame = 24
 133              		@ frame_needed = 0, uses_anonymous_args = 0
 134              	.LVL8:
  82:Src/stm32f3xx_hal_msp.c **** 
  83:Src/stm32f3xx_hal_msp.c ****   GPIO_InitTypeDef GPIO_InitStruct;
  84:Src/stm32f3xx_hal_msp.c ****   if(hadc->Instance==ADC2)
 135              		.loc 1 84 0
 136 0000 0268     		ldr	r2, [r0]
 137 0002 0E4B     		ldr	r3, .L11
 138 0004 9A42     		cmp	r2, r3
 139 0006 00D0     		beq	.L10
 140 0008 7047     		bx	lr
 141              	.L10:
 142              	.LBB6:
  85:Src/stm32f3xx_hal_msp.c ****   {
  86:Src/stm32f3xx_hal_msp.c ****   /* USER CODE BEGIN ADC2_MspInit 0 */
ARM GAS  /tmp/ccnK3qHT.s 			page 5


  87:Src/stm32f3xx_hal_msp.c **** 
  88:Src/stm32f3xx_hal_msp.c ****   /* USER CODE END ADC2_MspInit 0 */
  89:Src/stm32f3xx_hal_msp.c ****     /* Peripheral clock enable */
  90:Src/stm32f3xx_hal_msp.c ****     __HAL_RCC_ADC12_CLK_ENABLE();
 143              		.loc 1 90 0
 144 000a 0D4B     		ldr	r3, .L11+4
 145              	.LBE6:
  81:Src/stm32f3xx_hal_msp.c **** 
 146              		.loc 1 81 0
 147 000c 30B5     		push	{r4, r5, lr}
 148              	.LCFI3:
 149              		.cfi_def_cfa_offset 12
 150              		.cfi_offset 4, -12
 151              		.cfi_offset 5, -8
 152              		.cfi_offset 14, -4
 153              	.LBB7:
 154              		.loc 1 90 0
 155 000e 5A69     		ldr	r2, [r3, #20]
 156 0010 42F08052 		orr	r2, r2, #268435456
 157 0014 5A61     		str	r2, [r3, #20]
 158 0016 5B69     		ldr	r3, [r3, #20]
 159              	.LBE7:
  81:Src/stm32f3xx_hal_msp.c **** 
 160              		.loc 1 81 0
 161 0018 87B0     		sub	sp, sp, #28
 162              	.LCFI4:
 163              		.cfi_def_cfa_offset 40
 164              	.LBB8:
 165              		.loc 1 90 0
 166 001a 03F08053 		and	r3, r3, #268435456
 167 001e 0093     		str	r3, [sp]
 168              	.LBE8:
  91:Src/stm32f3xx_hal_msp.c ****   
  92:Src/stm32f3xx_hal_msp.c ****     /**ADC2 GPIO Configuration    
  93:Src/stm32f3xx_hal_msp.c ****     PA6     ------> ADC2_IN3 
  94:Src/stm32f3xx_hal_msp.c ****     */
  95:Src/stm32f3xx_hal_msp.c ****     GPIO_InitStruct.Pin = FB_Pin;
  96:Src/stm32f3xx_hal_msp.c ****     GPIO_InitStruct.Mode = GPIO_MODE_ANALOG;
 169              		.loc 1 96 0
 170 0020 0322     		movs	r2, #3
  97:Src/stm32f3xx_hal_msp.c ****     GPIO_InitStruct.Pull = GPIO_NOPULL;
 171              		.loc 1 97 0
 172 0022 0023     		movs	r3, #0
  95:Src/stm32f3xx_hal_msp.c ****     GPIO_InitStruct.Mode = GPIO_MODE_ANALOG;
 173              		.loc 1 95 0
 174 0024 4024     		movs	r4, #64
  98:Src/stm32f3xx_hal_msp.c ****     HAL_GPIO_Init(FB_GPIO_Port, &GPIO_InitStruct);
 175              		.loc 1 98 0
 176 0026 4FF09040 		mov	r0, #1207959552
 177              	.LVL9:
 178 002a 01A9     		add	r1, sp, #4
 179              	.LBB9:
  90:Src/stm32f3xx_hal_msp.c ****   
 180              		.loc 1 90 0
 181 002c 009D     		ldr	r5, [sp]
 182              	.LBE9:
  95:Src/stm32f3xx_hal_msp.c ****     GPIO_InitStruct.Mode = GPIO_MODE_ANALOG;
ARM GAS  /tmp/ccnK3qHT.s 			page 6


 183              		.loc 1 95 0
 184 002e 0194     		str	r4, [sp, #4]
  96:Src/stm32f3xx_hal_msp.c ****     GPIO_InitStruct.Pull = GPIO_NOPULL;
 185              		.loc 1 96 0
 186 0030 0292     		str	r2, [sp, #8]
  97:Src/stm32f3xx_hal_msp.c ****     HAL_GPIO_Init(FB_GPIO_Port, &GPIO_InitStruct);
 187              		.loc 1 97 0
 188 0032 0393     		str	r3, [sp, #12]
 189              		.loc 1 98 0
 190 0034 FFF7FEFF 		bl	HAL_GPIO_Init
 191              	.LVL10:
  99:Src/stm32f3xx_hal_msp.c **** 
 100:Src/stm32f3xx_hal_msp.c ****   /* USER CODE BEGIN ADC2_MspInit 1 */
 101:Src/stm32f3xx_hal_msp.c **** 
 102:Src/stm32f3xx_hal_msp.c ****   /* USER CODE END ADC2_MspInit 1 */
 103:Src/stm32f3xx_hal_msp.c ****   }
 104:Src/stm32f3xx_hal_msp.c **** 
 105:Src/stm32f3xx_hal_msp.c **** }
 192              		.loc 1 105 0
 193 0038 07B0     		add	sp, sp, #28
 194              	.LCFI5:
 195              		.cfi_def_cfa_offset 12
 196              		@ sp needed
 197 003a 30BD     		pop	{r4, r5, pc}
 198              	.L12:
 199              		.align	2
 200              	.L11:
 201 003c 00010050 		.word	1342177536
 202 0040 00100240 		.word	1073876992
 203              		.cfi_endproc
 204              	.LFE693:
 206              		.section	.text.HAL_ADC_MspDeInit,"ax",%progbits
 207              		.align	2
 208              		.global	HAL_ADC_MspDeInit
 209              		.thumb
 210              		.thumb_func
 212              	HAL_ADC_MspDeInit:
 213              	.LFB694:
 106:Src/stm32f3xx_hal_msp.c **** 
 107:Src/stm32f3xx_hal_msp.c **** void HAL_ADC_MspDeInit(ADC_HandleTypeDef* hadc)
 108:Src/stm32f3xx_hal_msp.c **** {
 214              		.loc 1 108 0
 215              		.cfi_startproc
 216              		@ args = 0, pretend = 0, frame = 0
 217              		@ frame_needed = 0, uses_anonymous_args = 0
 218              		@ link register save eliminated.
 219              	.LVL11:
 109:Src/stm32f3xx_hal_msp.c **** 
 110:Src/stm32f3xx_hal_msp.c ****   if(hadc->Instance==ADC2)
 220              		.loc 1 110 0
 221 0000 0268     		ldr	r2, [r0]
 222 0002 074B     		ldr	r3, .L16
 223 0004 9A42     		cmp	r2, r3
 224 0006 00D0     		beq	.L15
 225 0008 7047     		bx	lr
 226              	.L15:
 111:Src/stm32f3xx_hal_msp.c ****   {
ARM GAS  /tmp/ccnK3qHT.s 			page 7


 112:Src/stm32f3xx_hal_msp.c ****   /* USER CODE BEGIN ADC2_MspDeInit 0 */
 113:Src/stm32f3xx_hal_msp.c **** 
 114:Src/stm32f3xx_hal_msp.c ****   /* USER CODE END ADC2_MspDeInit 0 */
 115:Src/stm32f3xx_hal_msp.c ****     /* Peripheral clock disable */
 116:Src/stm32f3xx_hal_msp.c ****     __HAL_RCC_ADC12_CLK_DISABLE();
 227              		.loc 1 116 0
 228 000a 064A     		ldr	r2, .L16+4
 229 000c 5369     		ldr	r3, [r2, #20]
 230 000e 23F08053 		bic	r3, r3, #268435456
 231 0012 5361     		str	r3, [r2, #20]
 117:Src/stm32f3xx_hal_msp.c ****   
 118:Src/stm32f3xx_hal_msp.c ****     /**ADC2 GPIO Configuration    
 119:Src/stm32f3xx_hal_msp.c ****     PA6     ------> ADC2_IN3 
 120:Src/stm32f3xx_hal_msp.c ****     */
 121:Src/stm32f3xx_hal_msp.c ****     HAL_GPIO_DeInit(FB_GPIO_Port, FB_Pin);
 232              		.loc 1 121 0
 233 0014 4FF09040 		mov	r0, #1207959552
 234              	.LVL12:
 235 0018 4021     		movs	r1, #64
 236 001a FFF7FEBF 		b	HAL_GPIO_DeInit
 237              	.LVL13:
 238              	.L17:
 239 001e 00BF     		.align	2
 240              	.L16:
 241 0020 00010050 		.word	1342177536
 242 0024 00100240 		.word	1073876992
 243              		.cfi_endproc
 244              	.LFE694:
 246              		.section	.text.HAL_I2C_MspInit,"ax",%progbits
 247              		.align	2
 248              		.global	HAL_I2C_MspInit
 249              		.thumb
 250              		.thumb_func
 252              	HAL_I2C_MspInit:
 253              	.LFB695:
 122:Src/stm32f3xx_hal_msp.c **** 
 123:Src/stm32f3xx_hal_msp.c ****   /* USER CODE BEGIN ADC2_MspDeInit 1 */
 124:Src/stm32f3xx_hal_msp.c **** 
 125:Src/stm32f3xx_hal_msp.c ****   /* USER CODE END ADC2_MspDeInit 1 */
 126:Src/stm32f3xx_hal_msp.c ****   }
 127:Src/stm32f3xx_hal_msp.c **** 
 128:Src/stm32f3xx_hal_msp.c **** }
 129:Src/stm32f3xx_hal_msp.c **** 
 130:Src/stm32f3xx_hal_msp.c **** void HAL_I2C_MspInit(I2C_HandleTypeDef* hi2c)
 131:Src/stm32f3xx_hal_msp.c **** {
 254              		.loc 1 131 0
 255              		.cfi_startproc
 256              		@ args = 0, pretend = 0, frame = 24
 257              		@ frame_needed = 0, uses_anonymous_args = 0
 258              	.LVL14:
 132:Src/stm32f3xx_hal_msp.c **** 
 133:Src/stm32f3xx_hal_msp.c ****   GPIO_InitTypeDef GPIO_InitStruct;
 134:Src/stm32f3xx_hal_msp.c ****   if(hi2c->Instance==I2C1)
 259              		.loc 1 134 0
 260 0000 0268     		ldr	r2, [r0]
 261 0002 104B     		ldr	r3, .L23
 262 0004 9A42     		cmp	r2, r3
ARM GAS  /tmp/ccnK3qHT.s 			page 8


 263 0006 00D0     		beq	.L22
 264 0008 7047     		bx	lr
 265              	.L22:
 131:Src/stm32f3xx_hal_msp.c **** 
 266              		.loc 1 131 0
 267 000a 30B5     		push	{r4, r5, lr}
 268              	.LCFI6:
 269              		.cfi_def_cfa_offset 12
 270              		.cfi_offset 4, -12
 271              		.cfi_offset 5, -8
 272              		.cfi_offset 14, -4
 273 000c 87B0     		sub	sp, sp, #28
 274              	.LCFI7:
 275              		.cfi_def_cfa_offset 40
 135:Src/stm32f3xx_hal_msp.c ****   {
 136:Src/stm32f3xx_hal_msp.c ****   /* USER CODE BEGIN I2C1_MspInit 0 */
 137:Src/stm32f3xx_hal_msp.c **** 
 138:Src/stm32f3xx_hal_msp.c ****   /* USER CODE END I2C1_MspInit 0 */
 139:Src/stm32f3xx_hal_msp.c ****   
 140:Src/stm32f3xx_hal_msp.c ****     /**I2C1 GPIO Configuration    
 141:Src/stm32f3xx_hal_msp.c ****     PB6     ------> I2C1_SCL
 142:Src/stm32f3xx_hal_msp.c ****     PB7     ------> I2C1_SDA 
 143:Src/stm32f3xx_hal_msp.c ****     */
 144:Src/stm32f3xx_hal_msp.c ****     GPIO_InitStruct.Pin = GPIO_PIN_6|GPIO_PIN_7;
 145:Src/stm32f3xx_hal_msp.c ****     GPIO_InitStruct.Mode = GPIO_MODE_AF_OD;
 146:Src/stm32f3xx_hal_msp.c ****     GPIO_InitStruct.Pull = GPIO_PULLUP;
 147:Src/stm32f3xx_hal_msp.c ****     GPIO_InitStruct.Speed = GPIO_SPEED_FREQ_HIGH;
 148:Src/stm32f3xx_hal_msp.c ****     GPIO_InitStruct.Alternate = GPIO_AF4_I2C1;
 276              		.loc 1 148 0
 277 000e 0423     		movs	r3, #4
 144:Src/stm32f3xx_hal_msp.c ****     GPIO_InitStruct.Mode = GPIO_MODE_AF_OD;
 278              		.loc 1 144 0
 279 0010 C021     		movs	r1, #192
 147:Src/stm32f3xx_hal_msp.c ****     GPIO_InitStruct.Alternate = GPIO_AF4_I2C1;
 280              		.loc 1 147 0
 281 0012 0322     		movs	r2, #3
 144:Src/stm32f3xx_hal_msp.c ****     GPIO_InitStruct.Mode = GPIO_MODE_AF_OD;
 282              		.loc 1 144 0
 283 0014 0191     		str	r1, [sp, #4]
 145:Src/stm32f3xx_hal_msp.c ****     GPIO_InitStruct.Pull = GPIO_PULLUP;
 284              		.loc 1 145 0
 285 0016 1225     		movs	r5, #18
 149:Src/stm32f3xx_hal_msp.c ****     HAL_GPIO_Init(GPIOB, &GPIO_InitStruct);
 286              		.loc 1 149 0
 287 0018 0DEB0301 		add	r1, sp, r3
 146:Src/stm32f3xx_hal_msp.c ****     GPIO_InitStruct.Speed = GPIO_SPEED_FREQ_HIGH;
 288              		.loc 1 146 0
 289 001c 0124     		movs	r4, #1
 290              		.loc 1 149 0
 291 001e 0A48     		ldr	r0, .L23+4
 292              	.LVL15:
 147:Src/stm32f3xx_hal_msp.c ****     GPIO_InitStruct.Alternate = GPIO_AF4_I2C1;
 293              		.loc 1 147 0
 294 0020 0492     		str	r2, [sp, #16]
 148:Src/stm32f3xx_hal_msp.c ****     HAL_GPIO_Init(GPIOB, &GPIO_InitStruct);
 295              		.loc 1 148 0
 296 0022 0593     		str	r3, [sp, #20]
ARM GAS  /tmp/ccnK3qHT.s 			page 9


 145:Src/stm32f3xx_hal_msp.c ****     GPIO_InitStruct.Pull = GPIO_PULLUP;
 297              		.loc 1 145 0
 298 0024 0295     		str	r5, [sp, #8]
 146:Src/stm32f3xx_hal_msp.c ****     GPIO_InitStruct.Speed = GPIO_SPEED_FREQ_HIGH;
 299              		.loc 1 146 0
 300 0026 0394     		str	r4, [sp, #12]
 301              		.loc 1 149 0
 302 0028 FFF7FEFF 		bl	HAL_GPIO_Init
 303              	.LVL16:
 304              	.LBB10:
 150:Src/stm32f3xx_hal_msp.c **** 
 151:Src/stm32f3xx_hal_msp.c ****     /* Peripheral clock enable */
 152:Src/stm32f3xx_hal_msp.c ****     __HAL_RCC_I2C1_CLK_ENABLE();
 305              		.loc 1 152 0
 306 002c 074B     		ldr	r3, .L23+8
 307 002e DA69     		ldr	r2, [r3, #28]
 308 0030 42F40012 		orr	r2, r2, #2097152
 309 0034 DA61     		str	r2, [r3, #28]
 310 0036 DB69     		ldr	r3, [r3, #28]
 311 0038 03F40013 		and	r3, r3, #2097152
 312 003c 0093     		str	r3, [sp]
 313 003e 009B     		ldr	r3, [sp]
 314              	.LBE10:
 153:Src/stm32f3xx_hal_msp.c ****   /* USER CODE BEGIN I2C1_MspInit 1 */
 154:Src/stm32f3xx_hal_msp.c **** 
 155:Src/stm32f3xx_hal_msp.c ****   /* USER CODE END I2C1_MspInit 1 */
 156:Src/stm32f3xx_hal_msp.c ****   }
 157:Src/stm32f3xx_hal_msp.c **** 
 158:Src/stm32f3xx_hal_msp.c **** }
 315              		.loc 1 158 0
 316 0040 07B0     		add	sp, sp, #28
 317              	.LCFI8:
 318              		.cfi_def_cfa_offset 12
 319              		@ sp needed
 320 0042 30BD     		pop	{r4, r5, pc}
 321              	.L24:
 322              		.align	2
 323              	.L23:
 324 0044 00540040 		.word	1073763328
 325 0048 00040048 		.word	1207960576
 326 004c 00100240 		.word	1073876992
 327              		.cfi_endproc
 328              	.LFE695:
 330              		.section	.text.HAL_I2C_MspDeInit,"ax",%progbits
 331              		.align	2
 332              		.global	HAL_I2C_MspDeInit
 333              		.thumb
 334              		.thumb_func
 336              	HAL_I2C_MspDeInit:
 337              	.LFB696:
 159:Src/stm32f3xx_hal_msp.c **** 
 160:Src/stm32f3xx_hal_msp.c **** void HAL_I2C_MspDeInit(I2C_HandleTypeDef* hi2c)
 161:Src/stm32f3xx_hal_msp.c **** {
 338              		.loc 1 161 0
 339              		.cfi_startproc
 340              		@ args = 0, pretend = 0, frame = 0
 341              		@ frame_needed = 0, uses_anonymous_args = 0
ARM GAS  /tmp/ccnK3qHT.s 			page 10


 342              		@ link register save eliminated.
 343              	.LVL17:
 162:Src/stm32f3xx_hal_msp.c **** 
 163:Src/stm32f3xx_hal_msp.c ****   if(hi2c->Instance==I2C1)
 344              		.loc 1 163 0
 345 0000 0268     		ldr	r2, [r0]
 346 0002 064B     		ldr	r3, .L28
 347 0004 9A42     		cmp	r2, r3
 348 0006 00D0     		beq	.L27
 349 0008 7047     		bx	lr
 350              	.L27:
 164:Src/stm32f3xx_hal_msp.c ****   {
 165:Src/stm32f3xx_hal_msp.c ****   /* USER CODE BEGIN I2C1_MspDeInit 0 */
 166:Src/stm32f3xx_hal_msp.c **** 
 167:Src/stm32f3xx_hal_msp.c ****   /* USER CODE END I2C1_MspDeInit 0 */
 168:Src/stm32f3xx_hal_msp.c ****     /* Peripheral clock disable */
 169:Src/stm32f3xx_hal_msp.c ****     __HAL_RCC_I2C1_CLK_DISABLE();
 351              		.loc 1 169 0
 352 000a 054A     		ldr	r2, .L28+4
 170:Src/stm32f3xx_hal_msp.c ****   
 171:Src/stm32f3xx_hal_msp.c ****     /**I2C1 GPIO Configuration    
 172:Src/stm32f3xx_hal_msp.c ****     PB6     ------> I2C1_SCL
 173:Src/stm32f3xx_hal_msp.c ****     PB7     ------> I2C1_SDA 
 174:Src/stm32f3xx_hal_msp.c ****     */
 175:Src/stm32f3xx_hal_msp.c ****     HAL_GPIO_DeInit(GPIOB, GPIO_PIN_6|GPIO_PIN_7);
 353              		.loc 1 175 0
 354 000c 0548     		ldr	r0, .L28+8
 355              	.LVL18:
 169:Src/stm32f3xx_hal_msp.c ****   
 356              		.loc 1 169 0
 357 000e D369     		ldr	r3, [r2, #28]
 358 0010 23F40013 		bic	r3, r3, #2097152
 359 0014 D361     		str	r3, [r2, #28]
 360              		.loc 1 175 0
 361 0016 C021     		movs	r1, #192
 362 0018 FFF7FEBF 		b	HAL_GPIO_DeInit
 363              	.LVL19:
 364              	.L29:
 365              		.align	2
 366              	.L28:
 367 001c 00540040 		.word	1073763328
 368 0020 00100240 		.word	1073876992
 369 0024 00040048 		.word	1207960576
 370              		.cfi_endproc
 371              	.LFE696:
 373              		.section	.text.HAL_TIM_Encoder_MspInit,"ax",%progbits
 374              		.align	2
 375              		.global	HAL_TIM_Encoder_MspInit
 376              		.thumb
 377              		.thumb_func
 379              	HAL_TIM_Encoder_MspInit:
 380              	.LFB697:
 176:Src/stm32f3xx_hal_msp.c **** 
 177:Src/stm32f3xx_hal_msp.c ****   /* USER CODE BEGIN I2C1_MspDeInit 1 */
 178:Src/stm32f3xx_hal_msp.c **** 
 179:Src/stm32f3xx_hal_msp.c ****   /* USER CODE END I2C1_MspDeInit 1 */
 180:Src/stm32f3xx_hal_msp.c ****   }
ARM GAS  /tmp/ccnK3qHT.s 			page 11


 181:Src/stm32f3xx_hal_msp.c **** 
 182:Src/stm32f3xx_hal_msp.c **** }
 183:Src/stm32f3xx_hal_msp.c **** 
 184:Src/stm32f3xx_hal_msp.c **** void HAL_TIM_Encoder_MspInit(TIM_HandleTypeDef* htim_encoder)
 185:Src/stm32f3xx_hal_msp.c **** {
 381              		.loc 1 185 0
 382              		.cfi_startproc
 383              		@ args = 0, pretend = 0, frame = 24
 384              		@ frame_needed = 0, uses_anonymous_args = 0
 385              	.LVL20:
 186:Src/stm32f3xx_hal_msp.c **** 
 187:Src/stm32f3xx_hal_msp.c ****   GPIO_InitTypeDef GPIO_InitStruct;
 188:Src/stm32f3xx_hal_msp.c ****   if(htim_encoder->Instance==TIM2)
 386              		.loc 1 188 0
 387 0000 0368     		ldr	r3, [r0]
 388 0002 B3F1804F 		cmp	r3, #1073741824
 389 0006 00D0     		beq	.L34
 390 0008 7047     		bx	lr
 391              	.L34:
 392              	.LBB11:
 189:Src/stm32f3xx_hal_msp.c ****   {
 190:Src/stm32f3xx_hal_msp.c ****   /* USER CODE BEGIN TIM2_MspInit 0 */
 191:Src/stm32f3xx_hal_msp.c **** 
 192:Src/stm32f3xx_hal_msp.c ****   /* USER CODE END TIM2_MspInit 0 */
 193:Src/stm32f3xx_hal_msp.c ****     /* Peripheral clock enable */
 194:Src/stm32f3xx_hal_msp.c ****     __HAL_RCC_TIM2_CLK_ENABLE();
 393              		.loc 1 194 0
 394 000a 03F50433 		add	r3, r3, #135168
 395              	.LBE11:
 185:Src/stm32f3xx_hal_msp.c **** 
 396              		.loc 1 185 0
 397 000e 70B5     		push	{r4, r5, r6, lr}
 398              	.LCFI9:
 399              		.cfi_def_cfa_offset 16
 400              		.cfi_offset 4, -16
 401              		.cfi_offset 5, -12
 402              		.cfi_offset 6, -8
 403              		.cfi_offset 14, -4
 404              	.LBB12:
 405              		.loc 1 194 0
 406 0010 DA69     		ldr	r2, [r3, #28]
 407 0012 42F00102 		orr	r2, r2, #1
 408 0016 DA61     		str	r2, [r3, #28]
 409 0018 DB69     		ldr	r3, [r3, #28]
 410              	.LBE12:
 185:Src/stm32f3xx_hal_msp.c **** 
 411              		.loc 1 185 0
 412 001a 86B0     		sub	sp, sp, #24
 413              	.LCFI10:
 414              		.cfi_def_cfa_offset 40
 415              	.LBB13:
 416              		.loc 1 194 0
 417 001c 03F00103 		and	r3, r3, #1
 418 0020 0093     		str	r3, [sp]
 419              	.LBE13:
 195:Src/stm32f3xx_hal_msp.c ****   
 196:Src/stm32f3xx_hal_msp.c ****     /**TIM2 GPIO Configuration    
ARM GAS  /tmp/ccnK3qHT.s 			page 12


 197:Src/stm32f3xx_hal_msp.c ****     PA0     ------> TIM2_CH1
 198:Src/stm32f3xx_hal_msp.c ****     PA1     ------> TIM2_CH2 
 199:Src/stm32f3xx_hal_msp.c ****     */
 200:Src/stm32f3xx_hal_msp.c ****     GPIO_InitStruct.Pin = Encodeur_Ch_A_Pin|Encodeur_Ch_B_Pin;
 201:Src/stm32f3xx_hal_msp.c ****     GPIO_InitStruct.Mode = GPIO_MODE_AF_PP;
 202:Src/stm32f3xx_hal_msp.c ****     GPIO_InitStruct.Pull = GPIO_NOPULL;
 203:Src/stm32f3xx_hal_msp.c ****     GPIO_InitStruct.Speed = GPIO_SPEED_FREQ_LOW;
 204:Src/stm32f3xx_hal_msp.c ****     GPIO_InitStruct.Alternate = GPIO_AF1_TIM2;
 420              		.loc 1 204 0
 421 0022 0122     		movs	r2, #1
 202:Src/stm32f3xx_hal_msp.c ****     GPIO_InitStruct.Speed = GPIO_SPEED_FREQ_LOW;
 422              		.loc 1 202 0
 423 0024 0023     		movs	r3, #0
 200:Src/stm32f3xx_hal_msp.c ****     GPIO_InitStruct.Mode = GPIO_MODE_AF_PP;
 424              		.loc 1 200 0
 425 0026 0325     		movs	r5, #3
 201:Src/stm32f3xx_hal_msp.c ****     GPIO_InitStruct.Pull = GPIO_NOPULL;
 426              		.loc 1 201 0
 427 0028 0224     		movs	r4, #2
 205:Src/stm32f3xx_hal_msp.c ****     HAL_GPIO_Init(GPIOA, &GPIO_InitStruct);
 428              		.loc 1 205 0
 429 002a 4FF09040 		mov	r0, #1207959552
 430              	.LVL21:
 431 002e 01A9     		add	r1, sp, #4
 432              	.LBB14:
 194:Src/stm32f3xx_hal_msp.c ****   
 433              		.loc 1 194 0
 434 0030 009E     		ldr	r6, [sp]
 435              	.LBE14:
 200:Src/stm32f3xx_hal_msp.c ****     GPIO_InitStruct.Mode = GPIO_MODE_AF_PP;
 436              		.loc 1 200 0
 437 0032 0195     		str	r5, [sp, #4]
 201:Src/stm32f3xx_hal_msp.c ****     GPIO_InitStruct.Pull = GPIO_NOPULL;
 438              		.loc 1 201 0
 439 0034 0294     		str	r4, [sp, #8]
 202:Src/stm32f3xx_hal_msp.c ****     GPIO_InitStruct.Speed = GPIO_SPEED_FREQ_LOW;
 440              		.loc 1 202 0
 441 0036 0393     		str	r3, [sp, #12]
 203:Src/stm32f3xx_hal_msp.c ****     GPIO_InitStruct.Alternate = GPIO_AF1_TIM2;
 442              		.loc 1 203 0
 443 0038 0493     		str	r3, [sp, #16]
 204:Src/stm32f3xx_hal_msp.c ****     HAL_GPIO_Init(GPIOA, &GPIO_InitStruct);
 444              		.loc 1 204 0
 445 003a 0592     		str	r2, [sp, #20]
 446              		.loc 1 205 0
 447 003c FFF7FEFF 		bl	HAL_GPIO_Init
 448              	.LVL22:
 206:Src/stm32f3xx_hal_msp.c **** 
 207:Src/stm32f3xx_hal_msp.c ****   /* USER CODE BEGIN TIM2_MspInit 1 */
 208:Src/stm32f3xx_hal_msp.c **** 
 209:Src/stm32f3xx_hal_msp.c ****   /* USER CODE END TIM2_MspInit 1 */
 210:Src/stm32f3xx_hal_msp.c ****   }
 211:Src/stm32f3xx_hal_msp.c **** 
 212:Src/stm32f3xx_hal_msp.c **** }
 449              		.loc 1 212 0
 450 0040 06B0     		add	sp, sp, #24
 451              	.LCFI11:
ARM GAS  /tmp/ccnK3qHT.s 			page 13


 452              		.cfi_def_cfa_offset 16
 453              		@ sp needed
 454 0042 70BD     		pop	{r4, r5, r6, pc}
 455              		.cfi_endproc
 456              	.LFE697:
 458              		.section	.text.HAL_TIM_Base_MspInit,"ax",%progbits
 459              		.align	2
 460              		.global	HAL_TIM_Base_MspInit
 461              		.thumb
 462              		.thumb_func
 464              	HAL_TIM_Base_MspInit:
 465              	.LFB698:
 213:Src/stm32f3xx_hal_msp.c **** 
 214:Src/stm32f3xx_hal_msp.c **** void HAL_TIM_Base_MspInit(TIM_HandleTypeDef* htim_base)
 215:Src/stm32f3xx_hal_msp.c **** {
 466              		.loc 1 215 0
 467              		.cfi_startproc
 468              		@ args = 0, pretend = 0, frame = 8
 469              		@ frame_needed = 0, uses_anonymous_args = 0
 470              	.LVL23:
 471 0000 00B5     		push	{lr}
 472              	.LCFI12:
 473              		.cfi_def_cfa_offset 4
 474              		.cfi_offset 14, -4
 216:Src/stm32f3xx_hal_msp.c **** 
 217:Src/stm32f3xx_hal_msp.c ****   if(htim_base->Instance==TIM3)
 475              		.loc 1 217 0
 476 0002 0368     		ldr	r3, [r0]
 477 0004 144A     		ldr	r2, .L41
 478 0006 9342     		cmp	r3, r2
 215:Src/stm32f3xx_hal_msp.c **** 
 479              		.loc 1 215 0
 480 0008 83B0     		sub	sp, sp, #12
 481              	.LCFI13:
 482              		.cfi_def_cfa_offset 16
 483              		.loc 1 217 0
 484 000a 05D0     		beq	.L39
 218:Src/stm32f3xx_hal_msp.c ****   {
 219:Src/stm32f3xx_hal_msp.c ****   /* USER CODE BEGIN TIM3_MspInit 0 */
 220:Src/stm32f3xx_hal_msp.c **** 
 221:Src/stm32f3xx_hal_msp.c ****   /* USER CODE END TIM3_MspInit 0 */
 222:Src/stm32f3xx_hal_msp.c ****     /* Peripheral clock enable */
 223:Src/stm32f3xx_hal_msp.c ****     __HAL_RCC_TIM3_CLK_ENABLE();
 224:Src/stm32f3xx_hal_msp.c ****   /* USER CODE BEGIN TIM3_MspInit 1 */
 225:Src/stm32f3xx_hal_msp.c **** 
 226:Src/stm32f3xx_hal_msp.c ****   /* USER CODE END TIM3_MspInit 1 */
 227:Src/stm32f3xx_hal_msp.c ****   }
 228:Src/stm32f3xx_hal_msp.c ****   else if(htim_base->Instance==TIM15)
 485              		.loc 1 228 0
 486 000c 134A     		ldr	r2, .L41+4
 487 000e 9342     		cmp	r3, r2
 488 0010 0FD0     		beq	.L40
 489              	.LVL24:
 490              	.L35:
 229:Src/stm32f3xx_hal_msp.c ****   {
 230:Src/stm32f3xx_hal_msp.c ****   /* USER CODE BEGIN TIM15_MspInit 0 */
 231:Src/stm32f3xx_hal_msp.c **** 
ARM GAS  /tmp/ccnK3qHT.s 			page 14


 232:Src/stm32f3xx_hal_msp.c ****   /* USER CODE END TIM15_MspInit 0 */
 233:Src/stm32f3xx_hal_msp.c ****     /* Peripheral clock enable */
 234:Src/stm32f3xx_hal_msp.c ****     __HAL_RCC_TIM15_CLK_ENABLE();
 235:Src/stm32f3xx_hal_msp.c ****     /* TIM15 interrupt Init */
 236:Src/stm32f3xx_hal_msp.c ****     HAL_NVIC_SetPriority(TIM1_BRK_TIM15_IRQn, 0, 0);
 237:Src/stm32f3xx_hal_msp.c ****     HAL_NVIC_EnableIRQ(TIM1_BRK_TIM15_IRQn);
 238:Src/stm32f3xx_hal_msp.c ****   /* USER CODE BEGIN TIM15_MspInit 1 */
 239:Src/stm32f3xx_hal_msp.c **** 
 240:Src/stm32f3xx_hal_msp.c ****   /* USER CODE END TIM15_MspInit 1 */
 241:Src/stm32f3xx_hal_msp.c ****   }
 242:Src/stm32f3xx_hal_msp.c **** 
 243:Src/stm32f3xx_hal_msp.c **** }
 491              		.loc 1 243 0
 492 0012 03B0     		add	sp, sp, #12
 493              	.LCFI14:
 494              		.cfi_remember_state
 495              		.cfi_def_cfa_offset 4
 496              		@ sp needed
 497 0014 5DF804FB 		ldr	pc, [sp], #4
 498              	.LVL25:
 499              	.L39:
 500              	.LCFI15:
 501              		.cfi_restore_state
 502              	.LBB15:
 223:Src/stm32f3xx_hal_msp.c ****   /* USER CODE BEGIN TIM3_MspInit 1 */
 503              		.loc 1 223 0
 504 0018 114B     		ldr	r3, .L41+8
 505 001a DA69     		ldr	r2, [r3, #28]
 506 001c 42F00202 		orr	r2, r2, #2
 507 0020 DA61     		str	r2, [r3, #28]
 508 0022 DB69     		ldr	r3, [r3, #28]
 509 0024 03F00203 		and	r3, r3, #2
 510 0028 0093     		str	r3, [sp]
 511 002a 009B     		ldr	r3, [sp]
 512              	.LBE15:
 513              		.loc 1 243 0
 514 002c 03B0     		add	sp, sp, #12
 515              	.LCFI16:
 516              		.cfi_remember_state
 517              		.cfi_def_cfa_offset 4
 518              		@ sp needed
 519 002e 5DF804FB 		ldr	pc, [sp], #4
 520              	.L40:
 521              	.LCFI17:
 522              		.cfi_restore_state
 523              	.LBB16:
 234:Src/stm32f3xx_hal_msp.c ****     /* TIM15 interrupt Init */
 524              		.loc 1 234 0
 525 0032 0B4B     		ldr	r3, .L41+8
 526 0034 9A69     		ldr	r2, [r3, #24]
 527 0036 42F48032 		orr	r2, r2, #65536
 528 003a 9A61     		str	r2, [r3, #24]
 529 003c 9B69     		ldr	r3, [r3, #24]
 530              	.LBE16:
 236:Src/stm32f3xx_hal_msp.c ****     HAL_NVIC_EnableIRQ(TIM1_BRK_TIM15_IRQn);
 531              		.loc 1 236 0
 532 003e 0021     		movs	r1, #0
ARM GAS  /tmp/ccnK3qHT.s 			page 15


 533              	.LBB17:
 234:Src/stm32f3xx_hal_msp.c ****     /* TIM15 interrupt Init */
 534              		.loc 1 234 0
 535 0040 03F48033 		and	r3, r3, #65536
 536 0044 0193     		str	r3, [sp, #4]
 537              	.LBE17:
 236:Src/stm32f3xx_hal_msp.c ****     HAL_NVIC_EnableIRQ(TIM1_BRK_TIM15_IRQn);
 538              		.loc 1 236 0
 539 0046 0A46     		mov	r2, r1
 540 0048 1820     		movs	r0, #24
 541              	.LVL26:
 542              	.LBB18:
 234:Src/stm32f3xx_hal_msp.c ****     /* TIM15 interrupt Init */
 543              		.loc 1 234 0
 544 004a 019B     		ldr	r3, [sp, #4]
 545              	.LBE18:
 236:Src/stm32f3xx_hal_msp.c ****     HAL_NVIC_EnableIRQ(TIM1_BRK_TIM15_IRQn);
 546              		.loc 1 236 0
 547 004c FFF7FEFF 		bl	HAL_NVIC_SetPriority
 548              	.LVL27:
 237:Src/stm32f3xx_hal_msp.c ****   /* USER CODE BEGIN TIM15_MspInit 1 */
 549              		.loc 1 237 0
 550 0050 1820     		movs	r0, #24
 551 0052 FFF7FEFF 		bl	HAL_NVIC_EnableIRQ
 552              	.LVL28:
 553 0056 DCE7     		b	.L35
 554              	.L42:
 555              		.align	2
 556              	.L41:
 557 0058 00040040 		.word	1073742848
 558 005c 00400140 		.word	1073823744
 559 0060 00100240 		.word	1073876992
 560              		.cfi_endproc
 561              	.LFE698:
 563              		.section	.text.HAL_TIM_MspPostInit,"ax",%progbits
 564              		.align	2
 565              		.global	HAL_TIM_MspPostInit
 566              		.thumb
 567              		.thumb_func
 569              	HAL_TIM_MspPostInit:
 570              	.LFB699:
 244:Src/stm32f3xx_hal_msp.c **** 
 245:Src/stm32f3xx_hal_msp.c **** void HAL_TIM_MspPostInit(TIM_HandleTypeDef* htim)
 246:Src/stm32f3xx_hal_msp.c **** {
 571              		.loc 1 246 0
 572              		.cfi_startproc
 573              		@ args = 0, pretend = 0, frame = 24
 574              		@ frame_needed = 0, uses_anonymous_args = 0
 575              	.LVL29:
 247:Src/stm32f3xx_hal_msp.c **** 
 248:Src/stm32f3xx_hal_msp.c ****   GPIO_InitTypeDef GPIO_InitStruct;
 249:Src/stm32f3xx_hal_msp.c ****   if(htim->Instance==TIM3)
 576              		.loc 1 249 0
 577 0000 0268     		ldr	r2, [r0]
 578 0002 0A4B     		ldr	r3, .L48
 579 0004 9A42     		cmp	r2, r3
 580 0006 00D0     		beq	.L47
ARM GAS  /tmp/ccnK3qHT.s 			page 16


 581 0008 7047     		bx	lr
 582              	.L47:
 246:Src/stm32f3xx_hal_msp.c **** 
 583              		.loc 1 246 0
 584 000a 00B5     		push	{lr}
 585              	.LCFI18:
 586              		.cfi_def_cfa_offset 4
 587              		.cfi_offset 14, -4
 588 000c 87B0     		sub	sp, sp, #28
 589              	.LCFI19:
 590              		.cfi_def_cfa_offset 32
 250:Src/stm32f3xx_hal_msp.c ****   {
 251:Src/stm32f3xx_hal_msp.c ****   /* USER CODE BEGIN TIM3_MspPostInit 0 */
 252:Src/stm32f3xx_hal_msp.c **** 
 253:Src/stm32f3xx_hal_msp.c ****   /* USER CODE END TIM3_MspPostInit 0 */
 254:Src/stm32f3xx_hal_msp.c ****   
 255:Src/stm32f3xx_hal_msp.c ****     /**TIM3 GPIO Configuration    
 256:Src/stm32f3xx_hal_msp.c ****     PB1     ------> TIM3_CH4 
 257:Src/stm32f3xx_hal_msp.c ****     */
 258:Src/stm32f3xx_hal_msp.c ****     GPIO_InitStruct.Pin = ND2_Pin;
 591              		.loc 1 258 0
 592 000e 0223     		movs	r3, #2
 259:Src/stm32f3xx_hal_msp.c ****     GPIO_InitStruct.Mode = GPIO_MODE_AF_PP;
 260:Src/stm32f3xx_hal_msp.c ****     GPIO_InitStruct.Pull = GPIO_NOPULL;
 593              		.loc 1 260 0
 594 0010 0022     		movs	r2, #0
 261:Src/stm32f3xx_hal_msp.c ****     GPIO_InitStruct.Speed = GPIO_SPEED_FREQ_LOW;
 262:Src/stm32f3xx_hal_msp.c ****     GPIO_InitStruct.Alternate = GPIO_AF2_TIM3;
 263:Src/stm32f3xx_hal_msp.c ****     HAL_GPIO_Init(ND2_GPIO_Port, &GPIO_InitStruct);
 595              		.loc 1 263 0
 596 0012 0748     		ldr	r0, .L48+4
 597              	.LVL30:
 258:Src/stm32f3xx_hal_msp.c ****     GPIO_InitStruct.Mode = GPIO_MODE_AF_PP;
 598              		.loc 1 258 0
 599 0014 0193     		str	r3, [sp, #4]
 600              		.loc 1 263 0
 601 0016 01A9     		add	r1, sp, #4
 259:Src/stm32f3xx_hal_msp.c ****     GPIO_InitStruct.Mode = GPIO_MODE_AF_PP;
 602              		.loc 1 259 0
 603 0018 0293     		str	r3, [sp, #8]
 262:Src/stm32f3xx_hal_msp.c ****     HAL_GPIO_Init(ND2_GPIO_Port, &GPIO_InitStruct);
 604              		.loc 1 262 0
 605 001a 0593     		str	r3, [sp, #20]
 260:Src/stm32f3xx_hal_msp.c ****     GPIO_InitStruct.Speed = GPIO_SPEED_FREQ_LOW;
 606              		.loc 1 260 0
 607 001c 0392     		str	r2, [sp, #12]
 261:Src/stm32f3xx_hal_msp.c ****     GPIO_InitStruct.Alternate = GPIO_AF2_TIM3;
 608              		.loc 1 261 0
 609 001e 0492     		str	r2, [sp, #16]
 610              		.loc 1 263 0
 611 0020 FFF7FEFF 		bl	HAL_GPIO_Init
 612              	.LVL31:
 264:Src/stm32f3xx_hal_msp.c **** 
 265:Src/stm32f3xx_hal_msp.c ****   /* USER CODE BEGIN TIM3_MspPostInit 1 */
 266:Src/stm32f3xx_hal_msp.c **** 
 267:Src/stm32f3xx_hal_msp.c ****   /* USER CODE END TIM3_MspPostInit 1 */
 268:Src/stm32f3xx_hal_msp.c ****   }
ARM GAS  /tmp/ccnK3qHT.s 			page 17


 269:Src/stm32f3xx_hal_msp.c **** 
 270:Src/stm32f3xx_hal_msp.c **** }
 613              		.loc 1 270 0
 614 0024 07B0     		add	sp, sp, #28
 615              	.LCFI20:
 616              		.cfi_def_cfa_offset 4
 617              		@ sp needed
 618 0026 5DF804FB 		ldr	pc, [sp], #4
 619              	.L49:
 620 002a 00BF     		.align	2
 621              	.L48:
 622 002c 00040040 		.word	1073742848
 623 0030 00040048 		.word	1207960576
 624              		.cfi_endproc
 625              	.LFE699:
 627              		.section	.text.HAL_TIM_Encoder_MspDeInit,"ax",%progbits
 628              		.align	2
 629              		.global	HAL_TIM_Encoder_MspDeInit
 630              		.thumb
 631              		.thumb_func
 633              	HAL_TIM_Encoder_MspDeInit:
 634              	.LFB700:
 271:Src/stm32f3xx_hal_msp.c **** 
 272:Src/stm32f3xx_hal_msp.c **** void HAL_TIM_Encoder_MspDeInit(TIM_HandleTypeDef* htim_encoder)
 273:Src/stm32f3xx_hal_msp.c **** {
 635              		.loc 1 273 0
 636              		.cfi_startproc
 637              		@ args = 0, pretend = 0, frame = 0
 638              		@ frame_needed = 0, uses_anonymous_args = 0
 639              		@ link register save eliminated.
 640              	.LVL32:
 274:Src/stm32f3xx_hal_msp.c **** 
 275:Src/stm32f3xx_hal_msp.c ****   if(htim_encoder->Instance==TIM2)
 641              		.loc 1 275 0
 642 0000 0368     		ldr	r3, [r0]
 643 0002 B3F1804F 		cmp	r3, #1073741824
 644 0006 00D0     		beq	.L52
 645 0008 7047     		bx	lr
 646              	.L52:
 276:Src/stm32f3xx_hal_msp.c ****   {
 277:Src/stm32f3xx_hal_msp.c ****   /* USER CODE BEGIN TIM2_MspDeInit 0 */
 278:Src/stm32f3xx_hal_msp.c **** 
 279:Src/stm32f3xx_hal_msp.c ****   /* USER CODE END TIM2_MspDeInit 0 */
 280:Src/stm32f3xx_hal_msp.c ****     /* Peripheral clock disable */
 281:Src/stm32f3xx_hal_msp.c ****     __HAL_RCC_TIM2_CLK_DISABLE();
 647              		.loc 1 281 0
 648 000a 054A     		ldr	r2, .L53
 649 000c D369     		ldr	r3, [r2, #28]
 650 000e 23F00103 		bic	r3, r3, #1
 651 0012 D361     		str	r3, [r2, #28]
 282:Src/stm32f3xx_hal_msp.c ****   
 283:Src/stm32f3xx_hal_msp.c ****     /**TIM2 GPIO Configuration    
 284:Src/stm32f3xx_hal_msp.c ****     PA0     ------> TIM2_CH1
 285:Src/stm32f3xx_hal_msp.c ****     PA1     ------> TIM2_CH2 
 286:Src/stm32f3xx_hal_msp.c ****     */
 287:Src/stm32f3xx_hal_msp.c ****     HAL_GPIO_DeInit(GPIOA, Encodeur_Ch_A_Pin|Encodeur_Ch_B_Pin);
 652              		.loc 1 287 0
ARM GAS  /tmp/ccnK3qHT.s 			page 18


 653 0014 4FF09040 		mov	r0, #1207959552
 654              	.LVL33:
 655 0018 0321     		movs	r1, #3
 656 001a FFF7FEBF 		b	HAL_GPIO_DeInit
 657              	.LVL34:
 658              	.L54:
 659 001e 00BF     		.align	2
 660              	.L53:
 661 0020 00100240 		.word	1073876992
 662              		.cfi_endproc
 663              	.LFE700:
 665              		.section	.text.HAL_TIM_Base_MspDeInit,"ax",%progbits
 666              		.align	2
 667              		.global	HAL_TIM_Base_MspDeInit
 668              		.thumb
 669              		.thumb_func
 671              	HAL_TIM_Base_MspDeInit:
 672              	.LFB701:
 288:Src/stm32f3xx_hal_msp.c **** 
 289:Src/stm32f3xx_hal_msp.c ****   /* USER CODE BEGIN TIM2_MspDeInit 1 */
 290:Src/stm32f3xx_hal_msp.c **** 
 291:Src/stm32f3xx_hal_msp.c ****   /* USER CODE END TIM2_MspDeInit 1 */
 292:Src/stm32f3xx_hal_msp.c ****   }
 293:Src/stm32f3xx_hal_msp.c **** 
 294:Src/stm32f3xx_hal_msp.c **** }
 295:Src/stm32f3xx_hal_msp.c **** 
 296:Src/stm32f3xx_hal_msp.c **** void HAL_TIM_Base_MspDeInit(TIM_HandleTypeDef* htim_base)
 297:Src/stm32f3xx_hal_msp.c **** {
 673              		.loc 1 297 0
 674              		.cfi_startproc
 675              		@ args = 0, pretend = 0, frame = 0
 676              		@ frame_needed = 0, uses_anonymous_args = 0
 677              		@ link register save eliminated.
 678              	.LVL35:
 298:Src/stm32f3xx_hal_msp.c **** 
 299:Src/stm32f3xx_hal_msp.c ****   if(htim_base->Instance==TIM3)
 679              		.loc 1 299 0
 680 0000 0368     		ldr	r3, [r0]
 681 0002 0B4A     		ldr	r2, .L60
 682 0004 9342     		cmp	r3, r2
 683 0006 03D0     		beq	.L58
 300:Src/stm32f3xx_hal_msp.c ****   {
 301:Src/stm32f3xx_hal_msp.c ****   /* USER CODE BEGIN TIM3_MspDeInit 0 */
 302:Src/stm32f3xx_hal_msp.c **** 
 303:Src/stm32f3xx_hal_msp.c ****   /* USER CODE END TIM3_MspDeInit 0 */
 304:Src/stm32f3xx_hal_msp.c ****     /* Peripheral clock disable */
 305:Src/stm32f3xx_hal_msp.c ****     __HAL_RCC_TIM3_CLK_DISABLE();
 306:Src/stm32f3xx_hal_msp.c ****   /* USER CODE BEGIN TIM3_MspDeInit 1 */
 307:Src/stm32f3xx_hal_msp.c **** 
 308:Src/stm32f3xx_hal_msp.c ****   /* USER CODE END TIM3_MspDeInit 1 */
 309:Src/stm32f3xx_hal_msp.c ****   }
 310:Src/stm32f3xx_hal_msp.c ****   else if(htim_base->Instance==TIM15)
 684              		.loc 1 310 0
 685 0008 0A4A     		ldr	r2, .L60+4
 686 000a 9342     		cmp	r3, r2
 687 000c 07D0     		beq	.L59
 688 000e 7047     		bx	lr
ARM GAS  /tmp/ccnK3qHT.s 			page 19


 689              	.L58:
 305:Src/stm32f3xx_hal_msp.c ****   /* USER CODE BEGIN TIM3_MspDeInit 1 */
 690              		.loc 1 305 0
 691 0010 02F50332 		add	r2, r2, #134144
 692 0014 D369     		ldr	r3, [r2, #28]
 693 0016 23F00203 		bic	r3, r3, #2
 694 001a D361     		str	r3, [r2, #28]
 695 001c 7047     		bx	lr
 696              	.L59:
 311:Src/stm32f3xx_hal_msp.c ****   {
 312:Src/stm32f3xx_hal_msp.c ****   /* USER CODE BEGIN TIM15_MspDeInit 0 */
 313:Src/stm32f3xx_hal_msp.c **** 
 314:Src/stm32f3xx_hal_msp.c ****   /* USER CODE END TIM15_MspDeInit 0 */
 315:Src/stm32f3xx_hal_msp.c ****     /* Peripheral clock disable */
 316:Src/stm32f3xx_hal_msp.c ****     __HAL_RCC_TIM15_CLK_DISABLE();
 697              		.loc 1 316 0
 698 001e 02F55042 		add	r2, r2, #53248
 317:Src/stm32f3xx_hal_msp.c **** 
 318:Src/stm32f3xx_hal_msp.c ****     /* TIM15 interrupt DeInit */
 319:Src/stm32f3xx_hal_msp.c ****     HAL_NVIC_DisableIRQ(TIM1_BRK_TIM15_IRQn);
 699              		.loc 1 319 0
 700 0022 1820     		movs	r0, #24
 701              	.LVL36:
 316:Src/stm32f3xx_hal_msp.c **** 
 702              		.loc 1 316 0
 703 0024 9369     		ldr	r3, [r2, #24]
 704 0026 23F48033 		bic	r3, r3, #65536
 705 002a 9361     		str	r3, [r2, #24]
 706              		.loc 1 319 0
 707 002c FFF7FEBF 		b	HAL_NVIC_DisableIRQ
 708              	.LVL37:
 709              	.L61:
 710              		.align	2
 711              	.L60:
 712 0030 00040040 		.word	1073742848
 713 0034 00400140 		.word	1073823744
 714              		.cfi_endproc
 715              	.LFE701:
 717              		.section	.text.HAL_UART_MspInit,"ax",%progbits
 718              		.align	2
 719              		.global	HAL_UART_MspInit
 720              		.thumb
 721              		.thumb_func
 723              	HAL_UART_MspInit:
 724              	.LFB702:
 320:Src/stm32f3xx_hal_msp.c ****   /* USER CODE BEGIN TIM15_MspDeInit 1 */
 321:Src/stm32f3xx_hal_msp.c **** 
 322:Src/stm32f3xx_hal_msp.c ****   /* USER CODE END TIM15_MspDeInit 1 */
 323:Src/stm32f3xx_hal_msp.c ****   }
 324:Src/stm32f3xx_hal_msp.c **** 
 325:Src/stm32f3xx_hal_msp.c **** }
 326:Src/stm32f3xx_hal_msp.c **** 
 327:Src/stm32f3xx_hal_msp.c **** void HAL_UART_MspInit(UART_HandleTypeDef* huart)
 328:Src/stm32f3xx_hal_msp.c **** {
 725              		.loc 1 328 0
 726              		.cfi_startproc
 727              		@ args = 0, pretend = 0, frame = 24
ARM GAS  /tmp/ccnK3qHT.s 			page 20


 728              		@ frame_needed = 0, uses_anonymous_args = 0
 729              	.LVL38:
 329:Src/stm32f3xx_hal_msp.c **** 
 330:Src/stm32f3xx_hal_msp.c ****   GPIO_InitTypeDef GPIO_InitStruct;
 331:Src/stm32f3xx_hal_msp.c ****   if(huart->Instance==USART1)
 730              		.loc 1 331 0
 731 0000 0268     		ldr	r2, [r0]
 732 0002 114B     		ldr	r3, .L67
 733 0004 9A42     		cmp	r2, r3
 734 0006 00D0     		beq	.L66
 735 0008 7047     		bx	lr
 736              	.L66:
 737              	.LBB19:
 332:Src/stm32f3xx_hal_msp.c ****   {
 333:Src/stm32f3xx_hal_msp.c ****   /* USER CODE BEGIN USART1_MspInit 0 */
 334:Src/stm32f3xx_hal_msp.c **** 
 335:Src/stm32f3xx_hal_msp.c ****   /* USER CODE END USART1_MspInit 0 */
 336:Src/stm32f3xx_hal_msp.c ****     /* Peripheral clock enable */
 337:Src/stm32f3xx_hal_msp.c ****     __HAL_RCC_USART1_CLK_ENABLE();
 738              		.loc 1 337 0
 739 000a 03F55843 		add	r3, r3, #55296
 740              	.LBE19:
 328:Src/stm32f3xx_hal_msp.c **** 
 741              		.loc 1 328 0
 742 000e F0B5     		push	{r4, r5, r6, r7, lr}
 743              	.LCFI21:
 744              		.cfi_def_cfa_offset 20
 745              		.cfi_offset 4, -20
 746              		.cfi_offset 5, -16
 747              		.cfi_offset 6, -12
 748              		.cfi_offset 7, -8
 749              		.cfi_offset 14, -4
 750              	.LBB20:
 751              		.loc 1 337 0
 752 0010 9A69     		ldr	r2, [r3, #24]
 753 0012 42F48042 		orr	r2, r2, #16384
 754 0016 9A61     		str	r2, [r3, #24]
 755 0018 9B69     		ldr	r3, [r3, #24]
 756              	.LBE20:
 328:Src/stm32f3xx_hal_msp.c **** 
 757              		.loc 1 328 0
 758 001a 87B0     		sub	sp, sp, #28
 759              	.LCFI22:
 760              		.cfi_def_cfa_offset 48
 761              	.LBB21:
 762              		.loc 1 337 0
 763 001c 03F48043 		and	r3, r3, #16384
 764 0020 0093     		str	r3, [sp]
 765              	.LBE21:
 338:Src/stm32f3xx_hal_msp.c ****   
 339:Src/stm32f3xx_hal_msp.c ****     /**USART1 GPIO Configuration    
 340:Src/stm32f3xx_hal_msp.c ****     PA9     ------> USART1_TX
 341:Src/stm32f3xx_hal_msp.c ****     PA10     ------> USART1_RX 
 342:Src/stm32f3xx_hal_msp.c ****     */
 343:Src/stm32f3xx_hal_msp.c ****     GPIO_InitStruct.Pin = TX_Servo_Pin|RX_Servo_Pin;
 344:Src/stm32f3xx_hal_msp.c ****     GPIO_InitStruct.Mode = GPIO_MODE_AF_PP;
 345:Src/stm32f3xx_hal_msp.c ****     GPIO_InitStruct.Pull = GPIO_NOPULL;
ARM GAS  /tmp/ccnK3qHT.s 			page 21


 346:Src/stm32f3xx_hal_msp.c ****     GPIO_InitStruct.Speed = GPIO_SPEED_FREQ_HIGH;
 766              		.loc 1 346 0
 767 0022 0322     		movs	r2, #3
 347:Src/stm32f3xx_hal_msp.c ****     GPIO_InitStruct.Alternate = GPIO_AF7_USART1;
 768              		.loc 1 347 0
 769 0024 0723     		movs	r3, #7
 343:Src/stm32f3xx_hal_msp.c ****     GPIO_InitStruct.Mode = GPIO_MODE_AF_PP;
 770              		.loc 1 343 0
 771 0026 4FF4C066 		mov	r6, #1536
 344:Src/stm32f3xx_hal_msp.c ****     GPIO_InitStruct.Pull = GPIO_NOPULL;
 772              		.loc 1 344 0
 773 002a 0225     		movs	r5, #2
 345:Src/stm32f3xx_hal_msp.c ****     GPIO_InitStruct.Speed = GPIO_SPEED_FREQ_HIGH;
 774              		.loc 1 345 0
 775 002c 0024     		movs	r4, #0
 348:Src/stm32f3xx_hal_msp.c ****     HAL_GPIO_Init(GPIOA, &GPIO_InitStruct);
 776              		.loc 1 348 0
 777 002e 4FF09040 		mov	r0, #1207959552
 778              	.LVL39:
 779 0032 01A9     		add	r1, sp, #4
 780              	.LBB22:
 337:Src/stm32f3xx_hal_msp.c ****   
 781              		.loc 1 337 0
 782 0034 009F     		ldr	r7, [sp]
 783              	.LBE22:
 343:Src/stm32f3xx_hal_msp.c ****     GPIO_InitStruct.Mode = GPIO_MODE_AF_PP;
 784              		.loc 1 343 0
 785 0036 0196     		str	r6, [sp, #4]
 344:Src/stm32f3xx_hal_msp.c ****     GPIO_InitStruct.Pull = GPIO_NOPULL;
 786              		.loc 1 344 0
 787 0038 0295     		str	r5, [sp, #8]
 345:Src/stm32f3xx_hal_msp.c ****     GPIO_InitStruct.Speed = GPIO_SPEED_FREQ_HIGH;
 788              		.loc 1 345 0
 789 003a 0394     		str	r4, [sp, #12]
 346:Src/stm32f3xx_hal_msp.c ****     GPIO_InitStruct.Alternate = GPIO_AF7_USART1;
 790              		.loc 1 346 0
 791 003c 0492     		str	r2, [sp, #16]
 347:Src/stm32f3xx_hal_msp.c ****     HAL_GPIO_Init(GPIOA, &GPIO_InitStruct);
 792              		.loc 1 347 0
 793 003e 0593     		str	r3, [sp, #20]
 794              		.loc 1 348 0
 795 0040 FFF7FEFF 		bl	HAL_GPIO_Init
 796              	.LVL40:
 349:Src/stm32f3xx_hal_msp.c **** 
 350:Src/stm32f3xx_hal_msp.c ****   /* USER CODE BEGIN USART1_MspInit 1 */
 351:Src/stm32f3xx_hal_msp.c **** 
 352:Src/stm32f3xx_hal_msp.c ****   /* USER CODE END USART1_MspInit 1 */
 353:Src/stm32f3xx_hal_msp.c ****   }
 354:Src/stm32f3xx_hal_msp.c **** 
 355:Src/stm32f3xx_hal_msp.c **** }
 797              		.loc 1 355 0
 798 0044 07B0     		add	sp, sp, #28
 799              	.LCFI23:
 800              		.cfi_def_cfa_offset 20
 801              		@ sp needed
 802 0046 F0BD     		pop	{r4, r5, r6, r7, pc}
 803              	.L68:
ARM GAS  /tmp/ccnK3qHT.s 			page 22


 804              		.align	2
 805              	.L67:
 806 0048 00380140 		.word	1073821696
 807              		.cfi_endproc
 808              	.LFE702:
 810              		.section	.text.HAL_UART_MspDeInit,"ax",%progbits
 811              		.align	2
 812              		.global	HAL_UART_MspDeInit
 813              		.thumb
 814              		.thumb_func
 816              	HAL_UART_MspDeInit:
 817              	.LFB703:
 356:Src/stm32f3xx_hal_msp.c **** 
 357:Src/stm32f3xx_hal_msp.c **** void HAL_UART_MspDeInit(UART_HandleTypeDef* huart)
 358:Src/stm32f3xx_hal_msp.c **** {
 818              		.loc 1 358 0
 819              		.cfi_startproc
 820              		@ args = 0, pretend = 0, frame = 0
 821              		@ frame_needed = 0, uses_anonymous_args = 0
 822              		@ link register save eliminated.
 823              	.LVL41:
 359:Src/stm32f3xx_hal_msp.c **** 
 360:Src/stm32f3xx_hal_msp.c ****   if(huart->Instance==USART1)
 824              		.loc 1 360 0
 825 0000 0268     		ldr	r2, [r0]
 826 0002 074B     		ldr	r3, .L72
 827 0004 9A42     		cmp	r2, r3
 828 0006 00D0     		beq	.L71
 829 0008 7047     		bx	lr
 830              	.L71:
 361:Src/stm32f3xx_hal_msp.c ****   {
 362:Src/stm32f3xx_hal_msp.c ****   /* USER CODE BEGIN USART1_MspDeInit 0 */
 363:Src/stm32f3xx_hal_msp.c **** 
 364:Src/stm32f3xx_hal_msp.c ****   /* USER CODE END USART1_MspDeInit 0 */
 365:Src/stm32f3xx_hal_msp.c ****     /* Peripheral clock disable */
 366:Src/stm32f3xx_hal_msp.c ****     __HAL_RCC_USART1_CLK_DISABLE();
 831              		.loc 1 366 0
 832 000a 064A     		ldr	r2, .L72+4
 833 000c 9369     		ldr	r3, [r2, #24]
 834 000e 23F48043 		bic	r3, r3, #16384
 835 0012 9361     		str	r3, [r2, #24]
 367:Src/stm32f3xx_hal_msp.c ****   
 368:Src/stm32f3xx_hal_msp.c ****     /**USART1 GPIO Configuration    
 369:Src/stm32f3xx_hal_msp.c ****     PA9     ------> USART1_TX
 370:Src/stm32f3xx_hal_msp.c ****     PA10     ------> USART1_RX 
 371:Src/stm32f3xx_hal_msp.c ****     */
 372:Src/stm32f3xx_hal_msp.c ****     HAL_GPIO_DeInit(GPIOA, TX_Servo_Pin|RX_Servo_Pin);
 836              		.loc 1 372 0
 837 0014 4FF09040 		mov	r0, #1207959552
 838              	.LVL42:
 839 0018 4FF4C061 		mov	r1, #1536
 840 001c FFF7FEBF 		b	HAL_GPIO_DeInit
 841              	.LVL43:
 842              	.L73:
 843              		.align	2
 844              	.L72:
 845 0020 00380140 		.word	1073821696
ARM GAS  /tmp/ccnK3qHT.s 			page 23


 846 0024 00100240 		.word	1073876992
 847              		.cfi_endproc
 848              	.LFE703:
 850              		.text
 851              	.Letext0:
 852              		.file 2 "Drivers/CMSIS/Device/ST/STM32F3xx/Include/stm32f303x8.h"
 853              		.file 3 "/usr/include/newlib/machine/_default_types.h"
 854              		.file 4 "/usr/include/newlib/sys/_stdint.h"
 855              		.file 5 "Drivers/STM32F3xx_HAL_Driver/Inc/stm32f3xx_hal_def.h"
 856              		.file 6 "Drivers/STM32F3xx_HAL_Driver/Inc/stm32f3xx_hal_gpio.h"
 857              		.file 7 "Drivers/STM32F3xx_HAL_Driver/Inc/stm32f3xx_hal_dma.h"
 858              		.file 8 "Drivers/STM32F3xx_HAL_Driver/Inc/stm32f3xx_hal_adc_ex.h"
 859              		.file 9 "Drivers/STM32F3xx_HAL_Driver/Inc/stm32f3xx_hal_adc.h"
 860              		.file 10 "Drivers/STM32F3xx_HAL_Driver/Inc/stm32f3xx_hal_i2c.h"
 861              		.file 11 "Drivers/STM32F3xx_HAL_Driver/Inc/stm32f3xx_hal_tim.h"
 862              		.file 12 "Drivers/STM32F3xx_HAL_Driver/Inc/stm32f3xx_hal_uart.h"
 863              		.file 13 "Drivers/STM32F3xx_HAL_Driver/Inc/stm32f3xx_ll_dma.h"
 864              		.file 14 "Drivers/STM32F3xx_HAL_Driver/Inc/stm32f3xx_hal_cortex.h"
 865              		.file 15 "Drivers/CMSIS/Include/core_cm4.h"
ARM GAS  /tmp/ccnK3qHT.s 			page 24


DEFINED SYMBOLS
                            *ABS*:0000000000000000 stm32f3xx_hal_msp.c
     /tmp/ccnK3qHT.s:21     .text.HAL_MspInit:0000000000000000 $t
     /tmp/ccnK3qHT.s:26     .text.HAL_MspInit:0000000000000000 HAL_MspInit
     /tmp/ccnK3qHT.s:118    .text.HAL_MspInit:0000000000000078 $d
     /tmp/ccnK3qHT.s:123    .text.HAL_ADC_MspInit:0000000000000000 $t
     /tmp/ccnK3qHT.s:128    .text.HAL_ADC_MspInit:0000000000000000 HAL_ADC_MspInit
     /tmp/ccnK3qHT.s:201    .text.HAL_ADC_MspInit:000000000000003c $d
     /tmp/ccnK3qHT.s:207    .text.HAL_ADC_MspDeInit:0000000000000000 $t
     /tmp/ccnK3qHT.s:212    .text.HAL_ADC_MspDeInit:0000000000000000 HAL_ADC_MspDeInit
     /tmp/ccnK3qHT.s:241    .text.HAL_ADC_MspDeInit:0000000000000020 $d
     /tmp/ccnK3qHT.s:247    .text.HAL_I2C_MspInit:0000000000000000 $t
     /tmp/ccnK3qHT.s:252    .text.HAL_I2C_MspInit:0000000000000000 HAL_I2C_MspInit
     /tmp/ccnK3qHT.s:324    .text.HAL_I2C_MspInit:0000000000000044 $d
     /tmp/ccnK3qHT.s:331    .text.HAL_I2C_MspDeInit:0000000000000000 $t
     /tmp/ccnK3qHT.s:336    .text.HAL_I2C_MspDeInit:0000000000000000 HAL_I2C_MspDeInit
     /tmp/ccnK3qHT.s:367    .text.HAL_I2C_MspDeInit:000000000000001c $d
     /tmp/ccnK3qHT.s:374    .text.HAL_TIM_Encoder_MspInit:0000000000000000 $t
     /tmp/ccnK3qHT.s:379    .text.HAL_TIM_Encoder_MspInit:0000000000000000 HAL_TIM_Encoder_MspInit
     /tmp/ccnK3qHT.s:459    .text.HAL_TIM_Base_MspInit:0000000000000000 $t
     /tmp/ccnK3qHT.s:464    .text.HAL_TIM_Base_MspInit:0000000000000000 HAL_TIM_Base_MspInit
     /tmp/ccnK3qHT.s:557    .text.HAL_TIM_Base_MspInit:0000000000000058 $d
     /tmp/ccnK3qHT.s:564    .text.HAL_TIM_MspPostInit:0000000000000000 $t
     /tmp/ccnK3qHT.s:569    .text.HAL_TIM_MspPostInit:0000000000000000 HAL_TIM_MspPostInit
     /tmp/ccnK3qHT.s:622    .text.HAL_TIM_MspPostInit:000000000000002c $d
     /tmp/ccnK3qHT.s:628    .text.HAL_TIM_Encoder_MspDeInit:0000000000000000 $t
     /tmp/ccnK3qHT.s:633    .text.HAL_TIM_Encoder_MspDeInit:0000000000000000 HAL_TIM_Encoder_MspDeInit
     /tmp/ccnK3qHT.s:661    .text.HAL_TIM_Encoder_MspDeInit:0000000000000020 $d
     /tmp/ccnK3qHT.s:666    .text.HAL_TIM_Base_MspDeInit:0000000000000000 $t
     /tmp/ccnK3qHT.s:671    .text.HAL_TIM_Base_MspDeInit:0000000000000000 HAL_TIM_Base_MspDeInit
     /tmp/ccnK3qHT.s:712    .text.HAL_TIM_Base_MspDeInit:0000000000000030 $d
     /tmp/ccnK3qHT.s:718    .text.HAL_UART_MspInit:0000000000000000 $t
     /tmp/ccnK3qHT.s:723    .text.HAL_UART_MspInit:0000000000000000 HAL_UART_MspInit
     /tmp/ccnK3qHT.s:806    .text.HAL_UART_MspInit:0000000000000048 $d
     /tmp/ccnK3qHT.s:811    .text.HAL_UART_MspDeInit:0000000000000000 $t
     /tmp/ccnK3qHT.s:816    .text.HAL_UART_MspDeInit:0000000000000000 HAL_UART_MspDeInit
     /tmp/ccnK3qHT.s:845    .text.HAL_UART_MspDeInit:0000000000000020 $d
                     .debug_frame:0000000000000010 $d

UNDEFINED SYMBOLS
HAL_NVIC_SetPriorityGrouping
HAL_NVIC_SetPriority
HAL_GPIO_Init
HAL_GPIO_DeInit
HAL_NVIC_EnableIRQ
HAL_NVIC_DisableIRQ
