ARM GAS  /tmp/ccg7zXrS.s 			page 1


   1              		.cpu cortex-m4
   2              		.eabi_attribute 27, 1
   3              		.eabi_attribute 28, 1
   4              		.eabi_attribute 20, 1
   5              		.eabi_attribute 21, 1
   6              		.eabi_attribute 23, 3
   7              		.eabi_attribute 24, 1
   8              		.eabi_attribute 25, 1
   9              		.eabi_attribute 26, 1
  10              		.eabi_attribute 30, 6
  11              		.eabi_attribute 34, 1
  12              		.eabi_attribute 18, 4
  13              		.file	"stm32f3xx_hal_gpio.c"
  14              		.text
  15              	.Ltext0:
  16              		.cfi_sections	.debug_frame
  17              		.section	.rodata.CHANNEL_OFFSET_TAB,"a",%progbits
  18              		.align	2
  21              	CHANNEL_OFFSET_TAB:
  22 0000 08       		.byte	8
  23 0001 1C       		.byte	28
  24 0002 30       		.byte	48
  25 0003 44       		.byte	68
  26 0004 58       		.byte	88
  27 0005 6C       		.byte	108
  28 0006 80       		.byte	-128
  29              		.section	.text.HAL_GPIO_Init,"ax",%progbits
  30              		.align	1
  31              		.global	HAL_GPIO_Init
  32              		.syntax unified
  33              		.thumb
  34              		.thumb_func
  35              		.fpu fpv4-sp-d16
  37              	HAL_GPIO_Init:
  38              	.LFB695:
  39              		.file 1 "Drivers/STM32F3xx_HAL_Driver/Src/stm32f3xx_hal_gpio.c"
   1:Drivers/STM32F3xx_HAL_Driver/Src/stm32f3xx_hal_gpio.c **** /**
   2:Drivers/STM32F3xx_HAL_Driver/Src/stm32f3xx_hal_gpio.c ****   ******************************************************************************
   3:Drivers/STM32F3xx_HAL_Driver/Src/stm32f3xx_hal_gpio.c ****   * @file    stm32f3xx_hal_gpio.c
   4:Drivers/STM32F3xx_HAL_Driver/Src/stm32f3xx_hal_gpio.c ****   * @author  MCD Application Team
   5:Drivers/STM32F3xx_HAL_Driver/Src/stm32f3xx_hal_gpio.c ****   * @brief   GPIO HAL module driver.
   6:Drivers/STM32F3xx_HAL_Driver/Src/stm32f3xx_hal_gpio.c ****   *          This file provides firmware functions to manage the following
   7:Drivers/STM32F3xx_HAL_Driver/Src/stm32f3xx_hal_gpio.c ****   *          functionalities of the General Purpose Input/Output (GPIO) peripheral:
   8:Drivers/STM32F3xx_HAL_Driver/Src/stm32f3xx_hal_gpio.c ****   *           + Initialization and de-initialization functions
   9:Drivers/STM32F3xx_HAL_Driver/Src/stm32f3xx_hal_gpio.c ****   *           + IO operation functions
  10:Drivers/STM32F3xx_HAL_Driver/Src/stm32f3xx_hal_gpio.c ****   *
  11:Drivers/STM32F3xx_HAL_Driver/Src/stm32f3xx_hal_gpio.c ****   @verbatim
  12:Drivers/STM32F3xx_HAL_Driver/Src/stm32f3xx_hal_gpio.c ****   ==============================================================================
  13:Drivers/STM32F3xx_HAL_Driver/Src/stm32f3xx_hal_gpio.c ****                     ##### GPIO Peripheral features #####
  14:Drivers/STM32F3xx_HAL_Driver/Src/stm32f3xx_hal_gpio.c ****   ==============================================================================
  15:Drivers/STM32F3xx_HAL_Driver/Src/stm32f3xx_hal_gpio.c ****   [..]
  16:Drivers/STM32F3xx_HAL_Driver/Src/stm32f3xx_hal_gpio.c ****     (+) Each port bit of the general-purpose I/O (GPIO) ports can be individually
  17:Drivers/STM32F3xx_HAL_Driver/Src/stm32f3xx_hal_gpio.c ****         configured by software in several modes:
  18:Drivers/STM32F3xx_HAL_Driver/Src/stm32f3xx_hal_gpio.c ****         (++) Input mode
  19:Drivers/STM32F3xx_HAL_Driver/Src/stm32f3xx_hal_gpio.c ****         (++) Analog mode
  20:Drivers/STM32F3xx_HAL_Driver/Src/stm32f3xx_hal_gpio.c ****         (++) Output mode
  21:Drivers/STM32F3xx_HAL_Driver/Src/stm32f3xx_hal_gpio.c ****         (++) Alternate function mode
ARM GAS  /tmp/ccg7zXrS.s 			page 2


  22:Drivers/STM32F3xx_HAL_Driver/Src/stm32f3xx_hal_gpio.c ****         (++) External interrupt/event lines
  23:Drivers/STM32F3xx_HAL_Driver/Src/stm32f3xx_hal_gpio.c **** 
  24:Drivers/STM32F3xx_HAL_Driver/Src/stm32f3xx_hal_gpio.c ****     (+) During and just after reset, the alternate functions and external interrupt
  25:Drivers/STM32F3xx_HAL_Driver/Src/stm32f3xx_hal_gpio.c ****         lines are not active and the I/O ports are configured in input floating mode.
  26:Drivers/STM32F3xx_HAL_Driver/Src/stm32f3xx_hal_gpio.c **** 
  27:Drivers/STM32F3xx_HAL_Driver/Src/stm32f3xx_hal_gpio.c ****     (+) All GPIO pins have weak internal pull-up and pull-down resistors, which can be
  28:Drivers/STM32F3xx_HAL_Driver/Src/stm32f3xx_hal_gpio.c ****         activated or not.
  29:Drivers/STM32F3xx_HAL_Driver/Src/stm32f3xx_hal_gpio.c **** 
  30:Drivers/STM32F3xx_HAL_Driver/Src/stm32f3xx_hal_gpio.c ****     (+) In Output or Alternate mode, each IO can be configured on open-drain or push-pull
  31:Drivers/STM32F3xx_HAL_Driver/Src/stm32f3xx_hal_gpio.c ****         type and the IO speed can be selected depending on the VDD value.
  32:Drivers/STM32F3xx_HAL_Driver/Src/stm32f3xx_hal_gpio.c **** 
  33:Drivers/STM32F3xx_HAL_Driver/Src/stm32f3xx_hal_gpio.c ****     (+) The microcontroller IO pins are connected to onboard peripherals/modules through a
  34:Drivers/STM32F3xx_HAL_Driver/Src/stm32f3xx_hal_gpio.c ****         multiplexer that allows only one peripheral alternate function (AF) connected
  35:Drivers/STM32F3xx_HAL_Driver/Src/stm32f3xx_hal_gpio.c ****        to an IO pin at a time. In this way, there can be no conflict between peripherals
  36:Drivers/STM32F3xx_HAL_Driver/Src/stm32f3xx_hal_gpio.c ****        sharing the same IO pin.
  37:Drivers/STM32F3xx_HAL_Driver/Src/stm32f3xx_hal_gpio.c **** 
  38:Drivers/STM32F3xx_HAL_Driver/Src/stm32f3xx_hal_gpio.c ****     (+) All ports have external interrupt/event capability. To use external interrupt
  39:Drivers/STM32F3xx_HAL_Driver/Src/stm32f3xx_hal_gpio.c ****         lines, the port must be configured in input mode. All available GPIO pins are
  40:Drivers/STM32F3xx_HAL_Driver/Src/stm32f3xx_hal_gpio.c ****         connected to the 16 external interrupt/event lines from EXTI0 to EXTI15.
  41:Drivers/STM32F3xx_HAL_Driver/Src/stm32f3xx_hal_gpio.c **** 
  42:Drivers/STM32F3xx_HAL_Driver/Src/stm32f3xx_hal_gpio.c ****     (+) The external interrupt/event controller consists of up to 23 edge detectors
  43:Drivers/STM32F3xx_HAL_Driver/Src/stm32f3xx_hal_gpio.c ****         (16 lines are connected to GPIO) for generating event/interrupt requests (each
  44:Drivers/STM32F3xx_HAL_Driver/Src/stm32f3xx_hal_gpio.c ****         input line can be independently configured to select the type (interrupt or event)
  45:Drivers/STM32F3xx_HAL_Driver/Src/stm32f3xx_hal_gpio.c ****         and the corresponding trigger event (rising or falling or both). Each line can
  46:Drivers/STM32F3xx_HAL_Driver/Src/stm32f3xx_hal_gpio.c ****         also be masked independently.
  47:Drivers/STM32F3xx_HAL_Driver/Src/stm32f3xx_hal_gpio.c **** 
  48:Drivers/STM32F3xx_HAL_Driver/Src/stm32f3xx_hal_gpio.c ****                      ##### How to use this driver #####
  49:Drivers/STM32F3xx_HAL_Driver/Src/stm32f3xx_hal_gpio.c ****   ==============================================================================
  50:Drivers/STM32F3xx_HAL_Driver/Src/stm32f3xx_hal_gpio.c ****   [..]
  51:Drivers/STM32F3xx_HAL_Driver/Src/stm32f3xx_hal_gpio.c ****     (#) Enable the GPIO AHB clock using the following function: __HAL_RCC_GPIOx_CLK_ENABLE().
  52:Drivers/STM32F3xx_HAL_Driver/Src/stm32f3xx_hal_gpio.c **** 
  53:Drivers/STM32F3xx_HAL_Driver/Src/stm32f3xx_hal_gpio.c ****     (#) Configure the GPIO pin(s) using HAL_GPIO_Init().
  54:Drivers/STM32F3xx_HAL_Driver/Src/stm32f3xx_hal_gpio.c ****         (++) Configure the IO mode using "Mode" member from GPIO_InitTypeDef structure
  55:Drivers/STM32F3xx_HAL_Driver/Src/stm32f3xx_hal_gpio.c ****         (++) Activate Pull-up, Pull-down resistor using "Pull" member from GPIO_InitTypeDef
  56:Drivers/STM32F3xx_HAL_Driver/Src/stm32f3xx_hal_gpio.c ****              structure.
  57:Drivers/STM32F3xx_HAL_Driver/Src/stm32f3xx_hal_gpio.c ****         (++) In case of Output or alternate function mode selection: the speed is
  58:Drivers/STM32F3xx_HAL_Driver/Src/stm32f3xx_hal_gpio.c ****              configured through "Speed" member from GPIO_InitTypeDef structure.
  59:Drivers/STM32F3xx_HAL_Driver/Src/stm32f3xx_hal_gpio.c ****         (++) In alternate mode is selection, the alternate function connected to the IO
  60:Drivers/STM32F3xx_HAL_Driver/Src/stm32f3xx_hal_gpio.c ****              is configured through "Alternate" member from GPIO_InitTypeDef structure.
  61:Drivers/STM32F3xx_HAL_Driver/Src/stm32f3xx_hal_gpio.c ****         (++) Analog mode is required when a pin is to be used as ADC channel
  62:Drivers/STM32F3xx_HAL_Driver/Src/stm32f3xx_hal_gpio.c ****              or DAC output.
  63:Drivers/STM32F3xx_HAL_Driver/Src/stm32f3xx_hal_gpio.c ****         (++) In case of external interrupt/event selection the "Mode" member from
  64:Drivers/STM32F3xx_HAL_Driver/Src/stm32f3xx_hal_gpio.c ****              GPIO_InitTypeDef structure select the type (interrupt or event) and
  65:Drivers/STM32F3xx_HAL_Driver/Src/stm32f3xx_hal_gpio.c ****              the corresponding trigger event (rising or falling or both).
  66:Drivers/STM32F3xx_HAL_Driver/Src/stm32f3xx_hal_gpio.c **** 
  67:Drivers/STM32F3xx_HAL_Driver/Src/stm32f3xx_hal_gpio.c ****     (#) In case of external interrupt/event mode selection, configure NVIC IRQ priority
  68:Drivers/STM32F3xx_HAL_Driver/Src/stm32f3xx_hal_gpio.c ****         mapped to the EXTI line using HAL_NVIC_SetPriority() and enable it using
  69:Drivers/STM32F3xx_HAL_Driver/Src/stm32f3xx_hal_gpio.c ****         HAL_NVIC_EnableIRQ().
  70:Drivers/STM32F3xx_HAL_Driver/Src/stm32f3xx_hal_gpio.c **** 
  71:Drivers/STM32F3xx_HAL_Driver/Src/stm32f3xx_hal_gpio.c ****     (#) To get the level of a pin configured in input mode use HAL_GPIO_ReadPin().
  72:Drivers/STM32F3xx_HAL_Driver/Src/stm32f3xx_hal_gpio.c **** 
  73:Drivers/STM32F3xx_HAL_Driver/Src/stm32f3xx_hal_gpio.c ****     (#) To set/reset the level of a pin configured in output mode use
  74:Drivers/STM32F3xx_HAL_Driver/Src/stm32f3xx_hal_gpio.c ****         HAL_GPIO_WritePin()/HAL_GPIO_TogglePin().
  75:Drivers/STM32F3xx_HAL_Driver/Src/stm32f3xx_hal_gpio.c **** 
  76:Drivers/STM32F3xx_HAL_Driver/Src/stm32f3xx_hal_gpio.c ****    (#) To lock pin configuration until next reset use HAL_GPIO_LockPin().
  77:Drivers/STM32F3xx_HAL_Driver/Src/stm32f3xx_hal_gpio.c ****   
  78:Drivers/STM32F3xx_HAL_Driver/Src/stm32f3xx_hal_gpio.c ****     (#) During and just after reset, the alternate functions are not
ARM GAS  /tmp/ccg7zXrS.s 			page 3


  79:Drivers/STM32F3xx_HAL_Driver/Src/stm32f3xx_hal_gpio.c ****         active and the GPIO pins are configured in input floating mode (except JTAG
  80:Drivers/STM32F3xx_HAL_Driver/Src/stm32f3xx_hal_gpio.c ****         pins).
  81:Drivers/STM32F3xx_HAL_Driver/Src/stm32f3xx_hal_gpio.c **** 
  82:Drivers/STM32F3xx_HAL_Driver/Src/stm32f3xx_hal_gpio.c ****     (#) The LSE oscillator pins OSC32_IN and OSC32_OUT can be used as general purpose
  83:Drivers/STM32F3xx_HAL_Driver/Src/stm32f3xx_hal_gpio.c ****         (PC14 and PC15U, respectively) when the LSE oscillator is off. The LSE has
  84:Drivers/STM32F3xx_HAL_Driver/Src/stm32f3xx_hal_gpio.c ****         priority over the GPIO function.
  85:Drivers/STM32F3xx_HAL_Driver/Src/stm32f3xx_hal_gpio.c **** 
  86:Drivers/STM32F3xx_HAL_Driver/Src/stm32f3xx_hal_gpio.c ****     (#) The HSE oscillator pins OSC_IN/OSC_OUT can be used as
  87:Drivers/STM32F3xx_HAL_Driver/Src/stm32f3xx_hal_gpio.c ****         general purpose PF0 and PF1, respectively, when the HSE oscillator is off.
  88:Drivers/STM32F3xx_HAL_Driver/Src/stm32f3xx_hal_gpio.c ****         The HSE has priority over the GPIO function.
  89:Drivers/STM32F3xx_HAL_Driver/Src/stm32f3xx_hal_gpio.c **** 
  90:Drivers/STM32F3xx_HAL_Driver/Src/stm32f3xx_hal_gpio.c ****   @endverbatim
  91:Drivers/STM32F3xx_HAL_Driver/Src/stm32f3xx_hal_gpio.c ****   ******************************************************************************
  92:Drivers/STM32F3xx_HAL_Driver/Src/stm32f3xx_hal_gpio.c ****   * @attention
  93:Drivers/STM32F3xx_HAL_Driver/Src/stm32f3xx_hal_gpio.c ****   *
  94:Drivers/STM32F3xx_HAL_Driver/Src/stm32f3xx_hal_gpio.c ****   * <h2><center>&copy; COPYRIGHT(c) 2016 STMicroelectronics</center></h2>
  95:Drivers/STM32F3xx_HAL_Driver/Src/stm32f3xx_hal_gpio.c ****   *
  96:Drivers/STM32F3xx_HAL_Driver/Src/stm32f3xx_hal_gpio.c ****   * Redistribution and use in source and binary forms, with or without modification,
  97:Drivers/STM32F3xx_HAL_Driver/Src/stm32f3xx_hal_gpio.c ****   * are permitted provided that the following conditions are met:
  98:Drivers/STM32F3xx_HAL_Driver/Src/stm32f3xx_hal_gpio.c ****   *   1. Redistributions of source code must retain the above copyright notice,
  99:Drivers/STM32F3xx_HAL_Driver/Src/stm32f3xx_hal_gpio.c ****   *      this list of conditions and the following disclaimer.
 100:Drivers/STM32F3xx_HAL_Driver/Src/stm32f3xx_hal_gpio.c ****   *   2. Redistributions in binary form must reproduce the above copyright notice,
 101:Drivers/STM32F3xx_HAL_Driver/Src/stm32f3xx_hal_gpio.c ****   *      this list of conditions and the following disclaimer in the documentation
 102:Drivers/STM32F3xx_HAL_Driver/Src/stm32f3xx_hal_gpio.c ****   *      and/or other materials provided with the distribution.
 103:Drivers/STM32F3xx_HAL_Driver/Src/stm32f3xx_hal_gpio.c ****   *   3. Neither the name of STMicroelectronics nor the names of its contributors
 104:Drivers/STM32F3xx_HAL_Driver/Src/stm32f3xx_hal_gpio.c ****   *      may be used to endorse or promote products derived from this software
 105:Drivers/STM32F3xx_HAL_Driver/Src/stm32f3xx_hal_gpio.c ****   *      without specific prior written permission.
 106:Drivers/STM32F3xx_HAL_Driver/Src/stm32f3xx_hal_gpio.c ****   *
 107:Drivers/STM32F3xx_HAL_Driver/Src/stm32f3xx_hal_gpio.c ****   * THIS SOFTWARE IS PROVIDED BY THE COPYRIGHT HOLDERS AND CONTRIBUTORS "AS IS"
 108:Drivers/STM32F3xx_HAL_Driver/Src/stm32f3xx_hal_gpio.c ****   * AND ANY EXPRESS OR IMPLIED WARRANTIES, INCLUDING, BUT NOT LIMITED TO, THE
 109:Drivers/STM32F3xx_HAL_Driver/Src/stm32f3xx_hal_gpio.c ****   * IMPLIED WARRANTIES OF MERCHANTABILITY AND FITNESS FOR A PARTICULAR PURPOSE ARE
 110:Drivers/STM32F3xx_HAL_Driver/Src/stm32f3xx_hal_gpio.c ****   * DISCLAIMED. IN NO EVENT SHALL THE COPYRIGHT HOLDER OR CONTRIBUTORS BE LIABLE
 111:Drivers/STM32F3xx_HAL_Driver/Src/stm32f3xx_hal_gpio.c ****   * FOR ANY DIRECT, INDIRECT, INCIDENTAL, SPECIAL, EXEMPLARY, OR CONSEQUENTIAL
 112:Drivers/STM32F3xx_HAL_Driver/Src/stm32f3xx_hal_gpio.c ****   * DAMAGES (INCLUDING, BUT NOT LIMITED TO, PROCUREMENT OF SUBSTITUTE GOODS OR
 113:Drivers/STM32F3xx_HAL_Driver/Src/stm32f3xx_hal_gpio.c ****   * SERVICES; LOSS OF USE, DATA, OR PROFITS; OR BUSINESS INTERRUPTION) HOWEVER
 114:Drivers/STM32F3xx_HAL_Driver/Src/stm32f3xx_hal_gpio.c ****   * CAUSED AND ON ANY THEORY OF LIABILITY, WHETHER IN CONTRACT, STRICT LIABILITY,
 115:Drivers/STM32F3xx_HAL_Driver/Src/stm32f3xx_hal_gpio.c ****   * OR TORT (INCLUDING NEGLIGENCE OR OTHERWISE) ARISING IN ANY WAY OUT OF THE USE
 116:Drivers/STM32F3xx_HAL_Driver/Src/stm32f3xx_hal_gpio.c ****   * OF THIS SOFTWARE, EVEN IF ADVISED OF THE POSSIBILITY OF SUCH DAMAGE.
 117:Drivers/STM32F3xx_HAL_Driver/Src/stm32f3xx_hal_gpio.c ****   *
 118:Drivers/STM32F3xx_HAL_Driver/Src/stm32f3xx_hal_gpio.c ****   ******************************************************************************
 119:Drivers/STM32F3xx_HAL_Driver/Src/stm32f3xx_hal_gpio.c ****   */
 120:Drivers/STM32F3xx_HAL_Driver/Src/stm32f3xx_hal_gpio.c **** 
 121:Drivers/STM32F3xx_HAL_Driver/Src/stm32f3xx_hal_gpio.c **** /* Includes ------------------------------------------------------------------*/
 122:Drivers/STM32F3xx_HAL_Driver/Src/stm32f3xx_hal_gpio.c **** #include "stm32f3xx_hal.h"
 123:Drivers/STM32F3xx_HAL_Driver/Src/stm32f3xx_hal_gpio.c **** 
 124:Drivers/STM32F3xx_HAL_Driver/Src/stm32f3xx_hal_gpio.c **** /** @addtogroup STM32F3xx_HAL_Driver
 125:Drivers/STM32F3xx_HAL_Driver/Src/stm32f3xx_hal_gpio.c ****   * @{
 126:Drivers/STM32F3xx_HAL_Driver/Src/stm32f3xx_hal_gpio.c ****   */
 127:Drivers/STM32F3xx_HAL_Driver/Src/stm32f3xx_hal_gpio.c **** 
 128:Drivers/STM32F3xx_HAL_Driver/Src/stm32f3xx_hal_gpio.c **** /** @defgroup GPIO GPIO
 129:Drivers/STM32F3xx_HAL_Driver/Src/stm32f3xx_hal_gpio.c ****   * @brief GPIO HAL module driver
 130:Drivers/STM32F3xx_HAL_Driver/Src/stm32f3xx_hal_gpio.c ****   * @{
 131:Drivers/STM32F3xx_HAL_Driver/Src/stm32f3xx_hal_gpio.c ****   */
 132:Drivers/STM32F3xx_HAL_Driver/Src/stm32f3xx_hal_gpio.c **** 
 133:Drivers/STM32F3xx_HAL_Driver/Src/stm32f3xx_hal_gpio.c **** #ifdef HAL_GPIO_MODULE_ENABLED
 134:Drivers/STM32F3xx_HAL_Driver/Src/stm32f3xx_hal_gpio.c **** 
 135:Drivers/STM32F3xx_HAL_Driver/Src/stm32f3xx_hal_gpio.c **** /* Private typedef -----------------------------------------------------------*/
ARM GAS  /tmp/ccg7zXrS.s 			page 4


 136:Drivers/STM32F3xx_HAL_Driver/Src/stm32f3xx_hal_gpio.c **** /* Private defines -----------------------------------------------------------*/
 137:Drivers/STM32F3xx_HAL_Driver/Src/stm32f3xx_hal_gpio.c **** /** @defgroup GPIO_Private_Defines GPIO Private Defines
 138:Drivers/STM32F3xx_HAL_Driver/Src/stm32f3xx_hal_gpio.c ****   * @{
 139:Drivers/STM32F3xx_HAL_Driver/Src/stm32f3xx_hal_gpio.c ****   */
 140:Drivers/STM32F3xx_HAL_Driver/Src/stm32f3xx_hal_gpio.c **** #define GPIO_MODE             (0x00000003U)
 141:Drivers/STM32F3xx_HAL_Driver/Src/stm32f3xx_hal_gpio.c **** #define EXTI_MODE             (0x10000000U)
 142:Drivers/STM32F3xx_HAL_Driver/Src/stm32f3xx_hal_gpio.c **** #define GPIO_MODE_IT          (0x00010000U)
 143:Drivers/STM32F3xx_HAL_Driver/Src/stm32f3xx_hal_gpio.c **** #define GPIO_MODE_EVT         (0x00020000U)
 144:Drivers/STM32F3xx_HAL_Driver/Src/stm32f3xx_hal_gpio.c **** #define RISING_EDGE           (0x00100000U)
 145:Drivers/STM32F3xx_HAL_Driver/Src/stm32f3xx_hal_gpio.c **** #define FALLING_EDGE          (0x00200000U)
 146:Drivers/STM32F3xx_HAL_Driver/Src/stm32f3xx_hal_gpio.c **** #define GPIO_OUTPUT_TYPE      (0x00000010U)
 147:Drivers/STM32F3xx_HAL_Driver/Src/stm32f3xx_hal_gpio.c **** 
 148:Drivers/STM32F3xx_HAL_Driver/Src/stm32f3xx_hal_gpio.c **** #define GPIO_NUMBER           (16U)
 149:Drivers/STM32F3xx_HAL_Driver/Src/stm32f3xx_hal_gpio.c **** /**
 150:Drivers/STM32F3xx_HAL_Driver/Src/stm32f3xx_hal_gpio.c ****   * @}
 151:Drivers/STM32F3xx_HAL_Driver/Src/stm32f3xx_hal_gpio.c ****   */
 152:Drivers/STM32F3xx_HAL_Driver/Src/stm32f3xx_hal_gpio.c ****   
 153:Drivers/STM32F3xx_HAL_Driver/Src/stm32f3xx_hal_gpio.c **** /* Private macros ------------------------------------------------------------*/
 154:Drivers/STM32F3xx_HAL_Driver/Src/stm32f3xx_hal_gpio.c **** /* Private macros ------------------------------------------------------------*/
 155:Drivers/STM32F3xx_HAL_Driver/Src/stm32f3xx_hal_gpio.c **** /** @defgroup GPIO_Private_Macros GPIO Private Macros
 156:Drivers/STM32F3xx_HAL_Driver/Src/stm32f3xx_hal_gpio.c ****   * @{
 157:Drivers/STM32F3xx_HAL_Driver/Src/stm32f3xx_hal_gpio.c ****   */
 158:Drivers/STM32F3xx_HAL_Driver/Src/stm32f3xx_hal_gpio.c **** /**
 159:Drivers/STM32F3xx_HAL_Driver/Src/stm32f3xx_hal_gpio.c ****   * @}
 160:Drivers/STM32F3xx_HAL_Driver/Src/stm32f3xx_hal_gpio.c ****   */
 161:Drivers/STM32F3xx_HAL_Driver/Src/stm32f3xx_hal_gpio.c **** /* Private variables ---------------------------------------------------------*/
 162:Drivers/STM32F3xx_HAL_Driver/Src/stm32f3xx_hal_gpio.c **** /* Private function prototypes -----------------------------------------------*/
 163:Drivers/STM32F3xx_HAL_Driver/Src/stm32f3xx_hal_gpio.c **** /* Exported functions --------------------------------------------------------*/
 164:Drivers/STM32F3xx_HAL_Driver/Src/stm32f3xx_hal_gpio.c **** 
 165:Drivers/STM32F3xx_HAL_Driver/Src/stm32f3xx_hal_gpio.c **** /** @defgroup GPIO_Exported_Functions GPIO Exported Functions
 166:Drivers/STM32F3xx_HAL_Driver/Src/stm32f3xx_hal_gpio.c ****   * @{
 167:Drivers/STM32F3xx_HAL_Driver/Src/stm32f3xx_hal_gpio.c ****   */
 168:Drivers/STM32F3xx_HAL_Driver/Src/stm32f3xx_hal_gpio.c **** 
 169:Drivers/STM32F3xx_HAL_Driver/Src/stm32f3xx_hal_gpio.c **** /** @defgroup GPIO_Exported_Functions_Group1 Initialization/de-initialization functions 
 170:Drivers/STM32F3xx_HAL_Driver/Src/stm32f3xx_hal_gpio.c ****  *  @brief    Initialization and Configuration functions
 171:Drivers/STM32F3xx_HAL_Driver/Src/stm32f3xx_hal_gpio.c ****  *
 172:Drivers/STM32F3xx_HAL_Driver/Src/stm32f3xx_hal_gpio.c **** @verbatim
 173:Drivers/STM32F3xx_HAL_Driver/Src/stm32f3xx_hal_gpio.c ****  ===============================================================================
 174:Drivers/STM32F3xx_HAL_Driver/Src/stm32f3xx_hal_gpio.c ****               ##### Initialization and de-initialization functions #####
 175:Drivers/STM32F3xx_HAL_Driver/Src/stm32f3xx_hal_gpio.c ****  ===============================================================================
 176:Drivers/STM32F3xx_HAL_Driver/Src/stm32f3xx_hal_gpio.c **** 
 177:Drivers/STM32F3xx_HAL_Driver/Src/stm32f3xx_hal_gpio.c **** @endverbatim
 178:Drivers/STM32F3xx_HAL_Driver/Src/stm32f3xx_hal_gpio.c ****   * @{
 179:Drivers/STM32F3xx_HAL_Driver/Src/stm32f3xx_hal_gpio.c ****   */
 180:Drivers/STM32F3xx_HAL_Driver/Src/stm32f3xx_hal_gpio.c **** 
 181:Drivers/STM32F3xx_HAL_Driver/Src/stm32f3xx_hal_gpio.c **** /**
 182:Drivers/STM32F3xx_HAL_Driver/Src/stm32f3xx_hal_gpio.c ****   * @brief  Initialize the GPIOx peripheral according to the specified parameters in the GPIO_Init.
 183:Drivers/STM32F3xx_HAL_Driver/Src/stm32f3xx_hal_gpio.c ****   * @param  GPIOx where x can be (A..F) to select the GPIO peripheral for STM32F3 family devices
 184:Drivers/STM32F3xx_HAL_Driver/Src/stm32f3xx_hal_gpio.c ****   * @param  GPIO_Init pointer to a GPIO_InitTypeDef structure that contains
 185:Drivers/STM32F3xx_HAL_Driver/Src/stm32f3xx_hal_gpio.c ****   *         the configuration information for the specified GPIO peripheral.
 186:Drivers/STM32F3xx_HAL_Driver/Src/stm32f3xx_hal_gpio.c ****   * @retval None
 187:Drivers/STM32F3xx_HAL_Driver/Src/stm32f3xx_hal_gpio.c ****   */
 188:Drivers/STM32F3xx_HAL_Driver/Src/stm32f3xx_hal_gpio.c **** void HAL_GPIO_Init(GPIO_TypeDef  *GPIOx, GPIO_InitTypeDef *GPIO_Init)
 189:Drivers/STM32F3xx_HAL_Driver/Src/stm32f3xx_hal_gpio.c **** {
  40              		.loc 1 189 0
  41              		.cfi_startproc
  42              		@ args = 0, pretend = 0, frame = 24
ARM GAS  /tmp/ccg7zXrS.s 			page 5


  43              		@ frame_needed = 1, uses_anonymous_args = 0
  44              		@ link register save eliminated.
  45 0000 80B4     		push	{r7}
  46              	.LCFI0:
  47              		.cfi_def_cfa_offset 4
  48              		.cfi_offset 7, -4
  49 0002 87B0     		sub	sp, sp, #28
  50              	.LCFI1:
  51              		.cfi_def_cfa_offset 32
  52 0004 00AF     		add	r7, sp, #0
  53              	.LCFI2:
  54              		.cfi_def_cfa_register 7
  55 0006 7860     		str	r0, [r7, #4]
  56 0008 3960     		str	r1, [r7]
 190:Drivers/STM32F3xx_HAL_Driver/Src/stm32f3xx_hal_gpio.c ****   uint32_t position = 0x00U;
  57              		.loc 1 190 0
  58 000a 0023     		movs	r3, #0
  59 000c 7B61     		str	r3, [r7, #20]
 191:Drivers/STM32F3xx_HAL_Driver/Src/stm32f3xx_hal_gpio.c ****   uint32_t iocurrent = 0x00U;
  60              		.loc 1 191 0
  61 000e 0023     		movs	r3, #0
  62 0010 FB60     		str	r3, [r7, #12]
 192:Drivers/STM32F3xx_HAL_Driver/Src/stm32f3xx_hal_gpio.c ****   uint32_t temp = 0x00U;
  63              		.loc 1 192 0
  64 0012 0023     		movs	r3, #0
  65 0014 3B61     		str	r3, [r7, #16]
 193:Drivers/STM32F3xx_HAL_Driver/Src/stm32f3xx_hal_gpio.c **** 
 194:Drivers/STM32F3xx_HAL_Driver/Src/stm32f3xx_hal_gpio.c ****   /* Check the parameters */
 195:Drivers/STM32F3xx_HAL_Driver/Src/stm32f3xx_hal_gpio.c ****   assert_param(IS_GPIO_ALL_INSTANCE(GPIOx));
 196:Drivers/STM32F3xx_HAL_Driver/Src/stm32f3xx_hal_gpio.c ****   assert_param(IS_GPIO_PIN(GPIO_Init->Pin));
 197:Drivers/STM32F3xx_HAL_Driver/Src/stm32f3xx_hal_gpio.c ****   assert_param(IS_GPIO_MODE(GPIO_Init->Mode));
 198:Drivers/STM32F3xx_HAL_Driver/Src/stm32f3xx_hal_gpio.c ****   assert_param(IS_GPIO_PULL(GPIO_Init->Pull));
 199:Drivers/STM32F3xx_HAL_Driver/Src/stm32f3xx_hal_gpio.c **** 
 200:Drivers/STM32F3xx_HAL_Driver/Src/stm32f3xx_hal_gpio.c ****   /* Configure the port pins */
 201:Drivers/STM32F3xx_HAL_Driver/Src/stm32f3xx_hal_gpio.c ****   while (((GPIO_Init->Pin) >> position) != RESET)
  66              		.loc 1 201 0
  67 0016 4EE1     		b	.L2
  68              	.L20:
 202:Drivers/STM32F3xx_HAL_Driver/Src/stm32f3xx_hal_gpio.c ****   {
 203:Drivers/STM32F3xx_HAL_Driver/Src/stm32f3xx_hal_gpio.c ****     /* Get current io position */
 204:Drivers/STM32F3xx_HAL_Driver/Src/stm32f3xx_hal_gpio.c ****     iocurrent = (GPIO_Init->Pin) & (1U << position);
  69              		.loc 1 204 0
  70 0018 3B68     		ldr	r3, [r7]
  71 001a 1A68     		ldr	r2, [r3]
  72 001c 0121     		movs	r1, #1
  73 001e 7B69     		ldr	r3, [r7, #20]
  74 0020 01FA03F3 		lsl	r3, r1, r3
  75 0024 1340     		ands	r3, r3, r2
  76 0026 FB60     		str	r3, [r7, #12]
 205:Drivers/STM32F3xx_HAL_Driver/Src/stm32f3xx_hal_gpio.c **** 
 206:Drivers/STM32F3xx_HAL_Driver/Src/stm32f3xx_hal_gpio.c ****     if(iocurrent)
  77              		.loc 1 206 0
  78 0028 FB68     		ldr	r3, [r7, #12]
  79 002a 002B     		cmp	r3, #0
  80 002c 00F04081 		beq	.L3
 207:Drivers/STM32F3xx_HAL_Driver/Src/stm32f3xx_hal_gpio.c ****     {
 208:Drivers/STM32F3xx_HAL_Driver/Src/stm32f3xx_hal_gpio.c ****       /*--------------------- GPIO Mode Configuration ------------------------*/
ARM GAS  /tmp/ccg7zXrS.s 			page 6


 209:Drivers/STM32F3xx_HAL_Driver/Src/stm32f3xx_hal_gpio.c ****       /* In case of Alternate function mode selection */
 210:Drivers/STM32F3xx_HAL_Driver/Src/stm32f3xx_hal_gpio.c ****       if((GPIO_Init->Mode == GPIO_MODE_AF_PP) || (GPIO_Init->Mode == GPIO_MODE_AF_OD))
  81              		.loc 1 210 0
  82 0030 3B68     		ldr	r3, [r7]
  83 0032 5B68     		ldr	r3, [r3, #4]
  84 0034 022B     		cmp	r3, #2
  85 0036 03D0     		beq	.L4
  86              		.loc 1 210 0 is_stmt 0 discriminator 1
  87 0038 3B68     		ldr	r3, [r7]
  88 003a 5B68     		ldr	r3, [r3, #4]
  89 003c 122B     		cmp	r3, #18
  90 003e 23D1     		bne	.L5
  91              	.L4:
 211:Drivers/STM32F3xx_HAL_Driver/Src/stm32f3xx_hal_gpio.c ****       {
 212:Drivers/STM32F3xx_HAL_Driver/Src/stm32f3xx_hal_gpio.c ****         /* Check the Alternate function parameters */
 213:Drivers/STM32F3xx_HAL_Driver/Src/stm32f3xx_hal_gpio.c ****         assert_param(IS_GPIO_AF_INSTANCE(GPIOx));
 214:Drivers/STM32F3xx_HAL_Driver/Src/stm32f3xx_hal_gpio.c ****         assert_param(IS_GPIO_AF(GPIO_Init->Alternate));
 215:Drivers/STM32F3xx_HAL_Driver/Src/stm32f3xx_hal_gpio.c ****         
 216:Drivers/STM32F3xx_HAL_Driver/Src/stm32f3xx_hal_gpio.c ****         /* Configure Alternate function mapped with the current IO */
 217:Drivers/STM32F3xx_HAL_Driver/Src/stm32f3xx_hal_gpio.c ****         temp = GPIOx->AFR[position >> 3];
  92              		.loc 1 217 0 is_stmt 1
  93 0040 7B69     		ldr	r3, [r7, #20]
  94 0042 DA08     		lsrs	r2, r3, #3
  95 0044 7B68     		ldr	r3, [r7, #4]
  96 0046 0832     		adds	r2, r2, #8
  97 0048 53F82230 		ldr	r3, [r3, r2, lsl #2]
  98 004c 3B61     		str	r3, [r7, #16]
 218:Drivers/STM32F3xx_HAL_Driver/Src/stm32f3xx_hal_gpio.c ****         temp &= ~(0xFU << ((uint32_t)(position & 0x07U) * 4U)) ;
  99              		.loc 1 218 0
 100 004e 7B69     		ldr	r3, [r7, #20]
 101 0050 03F00703 		and	r3, r3, #7
 102 0054 9B00     		lsls	r3, r3, #2
 103 0056 0F22     		movs	r2, #15
 104 0058 02FA03F3 		lsl	r3, r2, r3
 105 005c DB43     		mvns	r3, r3
 106 005e 3A69     		ldr	r2, [r7, #16]
 107 0060 1340     		ands	r3, r3, r2
 108 0062 3B61     		str	r3, [r7, #16]
 219:Drivers/STM32F3xx_HAL_Driver/Src/stm32f3xx_hal_gpio.c ****         temp |= ((uint32_t)(GPIO_Init->Alternate) << (((uint32_t)position & 0x07U) * 4U));
 109              		.loc 1 219 0
 110 0064 3B68     		ldr	r3, [r7]
 111 0066 1A69     		ldr	r2, [r3, #16]
 112 0068 7B69     		ldr	r3, [r7, #20]
 113 006a 03F00703 		and	r3, r3, #7
 114 006e 9B00     		lsls	r3, r3, #2
 115 0070 02FA03F3 		lsl	r3, r2, r3
 116 0074 3A69     		ldr	r2, [r7, #16]
 117 0076 1343     		orrs	r3, r3, r2
 118 0078 3B61     		str	r3, [r7, #16]
 220:Drivers/STM32F3xx_HAL_Driver/Src/stm32f3xx_hal_gpio.c ****         GPIOx->AFR[position >> 3] = temp;
 119              		.loc 1 220 0
 120 007a 7B69     		ldr	r3, [r7, #20]
 121 007c DA08     		lsrs	r2, r3, #3
 122 007e 7B68     		ldr	r3, [r7, #4]
 123 0080 0832     		adds	r2, r2, #8
 124 0082 3969     		ldr	r1, [r7, #16]
 125 0084 43F82210 		str	r1, [r3, r2, lsl #2]
ARM GAS  /tmp/ccg7zXrS.s 			page 7


 126              	.L5:
 221:Drivers/STM32F3xx_HAL_Driver/Src/stm32f3xx_hal_gpio.c ****       }
 222:Drivers/STM32F3xx_HAL_Driver/Src/stm32f3xx_hal_gpio.c **** 
 223:Drivers/STM32F3xx_HAL_Driver/Src/stm32f3xx_hal_gpio.c ****       /* Configure IO Direction mode (Input, Output, Alternate or Analog) */
 224:Drivers/STM32F3xx_HAL_Driver/Src/stm32f3xx_hal_gpio.c ****       temp = GPIOx->MODER;
 127              		.loc 1 224 0
 128 0088 7B68     		ldr	r3, [r7, #4]
 129 008a 1B68     		ldr	r3, [r3]
 130 008c 3B61     		str	r3, [r7, #16]
 225:Drivers/STM32F3xx_HAL_Driver/Src/stm32f3xx_hal_gpio.c ****       temp &= ~(GPIO_MODER_MODER0 << (position * 2U));
 131              		.loc 1 225 0
 132 008e 7B69     		ldr	r3, [r7, #20]
 133 0090 5B00     		lsls	r3, r3, #1
 134 0092 0322     		movs	r2, #3
 135 0094 02FA03F3 		lsl	r3, r2, r3
 136 0098 DB43     		mvns	r3, r3
 137 009a 3A69     		ldr	r2, [r7, #16]
 138 009c 1340     		ands	r3, r3, r2
 139 009e 3B61     		str	r3, [r7, #16]
 226:Drivers/STM32F3xx_HAL_Driver/Src/stm32f3xx_hal_gpio.c ****       temp |= ((GPIO_Init->Mode & GPIO_MODE) << (position * 2U));
 140              		.loc 1 226 0
 141 00a0 3B68     		ldr	r3, [r7]
 142 00a2 5B68     		ldr	r3, [r3, #4]
 143 00a4 03F00302 		and	r2, r3, #3
 144 00a8 7B69     		ldr	r3, [r7, #20]
 145 00aa 5B00     		lsls	r3, r3, #1
 146 00ac 02FA03F3 		lsl	r3, r2, r3
 147 00b0 3A69     		ldr	r2, [r7, #16]
 148 00b2 1343     		orrs	r3, r3, r2
 149 00b4 3B61     		str	r3, [r7, #16]
 227:Drivers/STM32F3xx_HAL_Driver/Src/stm32f3xx_hal_gpio.c ****       GPIOx->MODER = temp;
 150              		.loc 1 227 0
 151 00b6 7B68     		ldr	r3, [r7, #4]
 152 00b8 3A69     		ldr	r2, [r7, #16]
 153 00ba 1A60     		str	r2, [r3]
 228:Drivers/STM32F3xx_HAL_Driver/Src/stm32f3xx_hal_gpio.c **** 
 229:Drivers/STM32F3xx_HAL_Driver/Src/stm32f3xx_hal_gpio.c ****       /* In case of Output or Alternate function mode selection */
 230:Drivers/STM32F3xx_HAL_Driver/Src/stm32f3xx_hal_gpio.c ****       if((GPIO_Init->Mode == GPIO_MODE_OUTPUT_PP) || (GPIO_Init->Mode == GPIO_MODE_AF_PP) ||
 154              		.loc 1 230 0
 155 00bc 3B68     		ldr	r3, [r7]
 156 00be 5B68     		ldr	r3, [r3, #4]
 157 00c0 012B     		cmp	r3, #1
 158 00c2 0BD0     		beq	.L6
 159              		.loc 1 230 0 is_stmt 0 discriminator 1
 160 00c4 3B68     		ldr	r3, [r7]
 161 00c6 5B68     		ldr	r3, [r3, #4]
 162 00c8 022B     		cmp	r3, #2
 163 00ca 07D0     		beq	.L6
 231:Drivers/STM32F3xx_HAL_Driver/Src/stm32f3xx_hal_gpio.c ****          (GPIO_Init->Mode == GPIO_MODE_OUTPUT_OD) || (GPIO_Init->Mode == GPIO_MODE_AF_OD))
 164              		.loc 1 231 0 is_stmt 1 discriminator 2
 165 00cc 3B68     		ldr	r3, [r7]
 166 00ce 5B68     		ldr	r3, [r3, #4]
 230:Drivers/STM32F3xx_HAL_Driver/Src/stm32f3xx_hal_gpio.c ****          (GPIO_Init->Mode == GPIO_MODE_OUTPUT_OD) || (GPIO_Init->Mode == GPIO_MODE_AF_OD))
 167              		.loc 1 230 0 discriminator 2
 168 00d0 112B     		cmp	r3, #17
 169 00d2 03D0     		beq	.L6
 170              		.loc 1 231 0
ARM GAS  /tmp/ccg7zXrS.s 			page 8


 171 00d4 3B68     		ldr	r3, [r7]
 172 00d6 5B68     		ldr	r3, [r3, #4]
 173 00d8 122B     		cmp	r3, #18
 174 00da 30D1     		bne	.L7
 175              	.L6:
 232:Drivers/STM32F3xx_HAL_Driver/Src/stm32f3xx_hal_gpio.c ****       {
 233:Drivers/STM32F3xx_HAL_Driver/Src/stm32f3xx_hal_gpio.c ****         /* Check the Speed parameter */
 234:Drivers/STM32F3xx_HAL_Driver/Src/stm32f3xx_hal_gpio.c ****         assert_param(IS_GPIO_SPEED(GPIO_Init->Speed));
 235:Drivers/STM32F3xx_HAL_Driver/Src/stm32f3xx_hal_gpio.c ****         /* Configure the IO Speed */
 236:Drivers/STM32F3xx_HAL_Driver/Src/stm32f3xx_hal_gpio.c ****         temp = GPIOx->OSPEEDR;
 176              		.loc 1 236 0
 177 00dc 7B68     		ldr	r3, [r7, #4]
 178 00de 9B68     		ldr	r3, [r3, #8]
 179 00e0 3B61     		str	r3, [r7, #16]
 237:Drivers/STM32F3xx_HAL_Driver/Src/stm32f3xx_hal_gpio.c ****         temp &= ~(GPIO_OSPEEDER_OSPEEDR0 << (position * 2U));
 180              		.loc 1 237 0
 181 00e2 7B69     		ldr	r3, [r7, #20]
 182 00e4 5B00     		lsls	r3, r3, #1
 183 00e6 0322     		movs	r2, #3
 184 00e8 02FA03F3 		lsl	r3, r2, r3
 185 00ec DB43     		mvns	r3, r3
 186 00ee 3A69     		ldr	r2, [r7, #16]
 187 00f0 1340     		ands	r3, r3, r2
 188 00f2 3B61     		str	r3, [r7, #16]
 238:Drivers/STM32F3xx_HAL_Driver/Src/stm32f3xx_hal_gpio.c ****         temp |= (GPIO_Init->Speed << (position * 2U));
 189              		.loc 1 238 0
 190 00f4 3B68     		ldr	r3, [r7]
 191 00f6 DA68     		ldr	r2, [r3, #12]
 192 00f8 7B69     		ldr	r3, [r7, #20]
 193 00fa 5B00     		lsls	r3, r3, #1
 194 00fc 02FA03F3 		lsl	r3, r2, r3
 195 0100 3A69     		ldr	r2, [r7, #16]
 196 0102 1343     		orrs	r3, r3, r2
 197 0104 3B61     		str	r3, [r7, #16]
 239:Drivers/STM32F3xx_HAL_Driver/Src/stm32f3xx_hal_gpio.c ****         GPIOx->OSPEEDR = temp;
 198              		.loc 1 239 0
 199 0106 7B68     		ldr	r3, [r7, #4]
 200 0108 3A69     		ldr	r2, [r7, #16]
 201 010a 9A60     		str	r2, [r3, #8]
 240:Drivers/STM32F3xx_HAL_Driver/Src/stm32f3xx_hal_gpio.c **** 
 241:Drivers/STM32F3xx_HAL_Driver/Src/stm32f3xx_hal_gpio.c ****         /* Configure the IO Output Type */
 242:Drivers/STM32F3xx_HAL_Driver/Src/stm32f3xx_hal_gpio.c ****         temp = GPIOx->OTYPER;
 202              		.loc 1 242 0
 203 010c 7B68     		ldr	r3, [r7, #4]
 204 010e 5B68     		ldr	r3, [r3, #4]
 205 0110 3B61     		str	r3, [r7, #16]
 243:Drivers/STM32F3xx_HAL_Driver/Src/stm32f3xx_hal_gpio.c ****         temp &= ~(GPIO_OTYPER_OT_0 << position) ;
 206              		.loc 1 243 0
 207 0112 0122     		movs	r2, #1
 208 0114 7B69     		ldr	r3, [r7, #20]
 209 0116 02FA03F3 		lsl	r3, r2, r3
 210 011a DB43     		mvns	r3, r3
 211 011c 3A69     		ldr	r2, [r7, #16]
 212 011e 1340     		ands	r3, r3, r2
 213 0120 3B61     		str	r3, [r7, #16]
 244:Drivers/STM32F3xx_HAL_Driver/Src/stm32f3xx_hal_gpio.c ****         temp |= (((GPIO_Init->Mode & GPIO_OUTPUT_TYPE) >> 4U) << position);
 214              		.loc 1 244 0
ARM GAS  /tmp/ccg7zXrS.s 			page 9


 215 0122 3B68     		ldr	r3, [r7]
 216 0124 5B68     		ldr	r3, [r3, #4]
 217 0126 1B09     		lsrs	r3, r3, #4
 218 0128 03F00102 		and	r2, r3, #1
 219 012c 7B69     		ldr	r3, [r7, #20]
 220 012e 02FA03F3 		lsl	r3, r2, r3
 221 0132 3A69     		ldr	r2, [r7, #16]
 222 0134 1343     		orrs	r3, r3, r2
 223 0136 3B61     		str	r3, [r7, #16]
 245:Drivers/STM32F3xx_HAL_Driver/Src/stm32f3xx_hal_gpio.c ****         GPIOx->OTYPER = temp;
 224              		.loc 1 245 0
 225 0138 7B68     		ldr	r3, [r7, #4]
 226 013a 3A69     		ldr	r2, [r7, #16]
 227 013c 5A60     		str	r2, [r3, #4]
 228              	.L7:
 246:Drivers/STM32F3xx_HAL_Driver/Src/stm32f3xx_hal_gpio.c ****       }
 247:Drivers/STM32F3xx_HAL_Driver/Src/stm32f3xx_hal_gpio.c **** 
 248:Drivers/STM32F3xx_HAL_Driver/Src/stm32f3xx_hal_gpio.c ****       /* Activate the Pull-up or Pull down resistor for the current IO */
 249:Drivers/STM32F3xx_HAL_Driver/Src/stm32f3xx_hal_gpio.c ****       temp = GPIOx->PUPDR;
 229              		.loc 1 249 0
 230 013e 7B68     		ldr	r3, [r7, #4]
 231 0140 DB68     		ldr	r3, [r3, #12]
 232 0142 3B61     		str	r3, [r7, #16]
 250:Drivers/STM32F3xx_HAL_Driver/Src/stm32f3xx_hal_gpio.c ****       temp &= ~(GPIO_PUPDR_PUPDR0 << (position * 2U));
 233              		.loc 1 250 0
 234 0144 7B69     		ldr	r3, [r7, #20]
 235 0146 5B00     		lsls	r3, r3, #1
 236 0148 0322     		movs	r2, #3
 237 014a 02FA03F3 		lsl	r3, r2, r3
 238 014e DB43     		mvns	r3, r3
 239 0150 3A69     		ldr	r2, [r7, #16]
 240 0152 1340     		ands	r3, r3, r2
 241 0154 3B61     		str	r3, [r7, #16]
 251:Drivers/STM32F3xx_HAL_Driver/Src/stm32f3xx_hal_gpio.c ****       temp |= ((GPIO_Init->Pull) << (position * 2U));
 242              		.loc 1 251 0
 243 0156 3B68     		ldr	r3, [r7]
 244 0158 9A68     		ldr	r2, [r3, #8]
 245 015a 7B69     		ldr	r3, [r7, #20]
 246 015c 5B00     		lsls	r3, r3, #1
 247 015e 02FA03F3 		lsl	r3, r2, r3
 248 0162 3A69     		ldr	r2, [r7, #16]
 249 0164 1343     		orrs	r3, r3, r2
 250 0166 3B61     		str	r3, [r7, #16]
 252:Drivers/STM32F3xx_HAL_Driver/Src/stm32f3xx_hal_gpio.c ****       GPIOx->PUPDR = temp;
 251              		.loc 1 252 0
 252 0168 7B68     		ldr	r3, [r7, #4]
 253 016a 3A69     		ldr	r2, [r7, #16]
 254 016c DA60     		str	r2, [r3, #12]
 253:Drivers/STM32F3xx_HAL_Driver/Src/stm32f3xx_hal_gpio.c **** 
 254:Drivers/STM32F3xx_HAL_Driver/Src/stm32f3xx_hal_gpio.c ****       /*--------------------- EXTI Mode Configuration ------------------------*/
 255:Drivers/STM32F3xx_HAL_Driver/Src/stm32f3xx_hal_gpio.c ****       /* Configure the External Interrupt or event for the current IO */
 256:Drivers/STM32F3xx_HAL_Driver/Src/stm32f3xx_hal_gpio.c ****       if((GPIO_Init->Mode & EXTI_MODE) == EXTI_MODE)
 255              		.loc 1 256 0
 256 016e 3B68     		ldr	r3, [r7]
 257 0170 5B68     		ldr	r3, [r3, #4]
 258 0172 03F08053 		and	r3, r3, #268435456
 259 0176 002B     		cmp	r3, #0
ARM GAS  /tmp/ccg7zXrS.s 			page 10


 260 0178 00F09A80 		beq	.L3
 261              	.LBB2:
 257:Drivers/STM32F3xx_HAL_Driver/Src/stm32f3xx_hal_gpio.c ****       {
 258:Drivers/STM32F3xx_HAL_Driver/Src/stm32f3xx_hal_gpio.c ****         /* Enable SYSCFG Clock */
 259:Drivers/STM32F3xx_HAL_Driver/Src/stm32f3xx_hal_gpio.c ****         __HAL_RCC_SYSCFG_CLK_ENABLE();
 262              		.loc 1 259 0
 263 017c 554B     		ldr	r3, .L21
 264 017e 9B69     		ldr	r3, [r3, #24]
 265 0180 544A     		ldr	r2, .L21
 266 0182 43F00103 		orr	r3, r3, #1
 267 0186 9361     		str	r3, [r2, #24]
 268 0188 524B     		ldr	r3, .L21
 269 018a 9B69     		ldr	r3, [r3, #24]
 270 018c 03F00103 		and	r3, r3, #1
 271 0190 BB60     		str	r3, [r7, #8]
 272 0192 BB68     		ldr	r3, [r7, #8]
 273              	.LBE2:
 260:Drivers/STM32F3xx_HAL_Driver/Src/stm32f3xx_hal_gpio.c **** 
 261:Drivers/STM32F3xx_HAL_Driver/Src/stm32f3xx_hal_gpio.c ****         temp = SYSCFG->EXTICR[position >> 2];
 274              		.loc 1 261 0
 275 0194 504A     		ldr	r2, .L21+4
 276 0196 7B69     		ldr	r3, [r7, #20]
 277 0198 9B08     		lsrs	r3, r3, #2
 278 019a 0233     		adds	r3, r3, #2
 279 019c 52F82330 		ldr	r3, [r2, r3, lsl #2]
 280 01a0 3B61     		str	r3, [r7, #16]
 262:Drivers/STM32F3xx_HAL_Driver/Src/stm32f3xx_hal_gpio.c ****         temp &= ~((0x0FU) << (4U * (position & 0x03U)));
 281              		.loc 1 262 0
 282 01a2 7B69     		ldr	r3, [r7, #20]
 283 01a4 03F00303 		and	r3, r3, #3
 284 01a8 9B00     		lsls	r3, r3, #2
 285 01aa 0F22     		movs	r2, #15
 286 01ac 02FA03F3 		lsl	r3, r2, r3
 287 01b0 DB43     		mvns	r3, r3
 288 01b2 3A69     		ldr	r2, [r7, #16]
 289 01b4 1340     		ands	r3, r3, r2
 290 01b6 3B61     		str	r3, [r7, #16]
 263:Drivers/STM32F3xx_HAL_Driver/Src/stm32f3xx_hal_gpio.c ****         temp |= (GPIO_GET_INDEX(GPIOx) << (4U * (position & 0x03U)));
 291              		.loc 1 263 0
 292 01b8 7B68     		ldr	r3, [r7, #4]
 293 01ba B3F1904F 		cmp	r3, #1207959552
 294 01be 13D0     		beq	.L8
 295              		.loc 1 263 0 is_stmt 0 discriminator 1
 296 01c0 7B68     		ldr	r3, [r7, #4]
 297 01c2 464A     		ldr	r2, .L21+8
 298 01c4 9342     		cmp	r3, r2
 299 01c6 0DD0     		beq	.L9
 300              		.loc 1 263 0 discriminator 3
 301 01c8 7B68     		ldr	r3, [r7, #4]
 302 01ca 454A     		ldr	r2, .L21+12
 303 01cc 9342     		cmp	r3, r2
 304 01ce 07D0     		beq	.L10
 305              		.loc 1 263 0 discriminator 5
 306 01d0 7B68     		ldr	r3, [r7, #4]
 307 01d2 444A     		ldr	r2, .L21+16
 308 01d4 9342     		cmp	r3, r2
 309 01d6 01D1     		bne	.L11
ARM GAS  /tmp/ccg7zXrS.s 			page 11


 310              		.loc 1 263 0 discriminator 7
 311 01d8 0323     		movs	r3, #3
 312 01da 06E0     		b	.L15
 313              	.L11:
 314              		.loc 1 263 0 discriminator 8
 315 01dc 0523     		movs	r3, #5
 316 01de 04E0     		b	.L15
 317              	.L10:
 318              		.loc 1 263 0 discriminator 6
 319 01e0 0223     		movs	r3, #2
 320 01e2 02E0     		b	.L15
 321              	.L9:
 322              		.loc 1 263 0 discriminator 4
 323 01e4 0123     		movs	r3, #1
 324 01e6 00E0     		b	.L15
 325              	.L8:
 326              		.loc 1 263 0 discriminator 2
 327 01e8 0023     		movs	r3, #0
 328              	.L15:
 329              		.loc 1 263 0 discriminator 16
 330 01ea 7A69     		ldr	r2, [r7, #20]
 331 01ec 02F00302 		and	r2, r2, #3
 332 01f0 9200     		lsls	r2, r2, #2
 333 01f2 9340     		lsls	r3, r3, r2
 334 01f4 3A69     		ldr	r2, [r7, #16]
 335 01f6 1343     		orrs	r3, r3, r2
 336 01f8 3B61     		str	r3, [r7, #16]
 264:Drivers/STM32F3xx_HAL_Driver/Src/stm32f3xx_hal_gpio.c ****         SYSCFG->EXTICR[position >> 2] = temp;
 337              		.loc 1 264 0 is_stmt 1 discriminator 16
 338 01fa 3749     		ldr	r1, .L21+4
 339 01fc 7B69     		ldr	r3, [r7, #20]
 340 01fe 9B08     		lsrs	r3, r3, #2
 341 0200 0233     		adds	r3, r3, #2
 342 0202 3A69     		ldr	r2, [r7, #16]
 343 0204 41F82320 		str	r2, [r1, r3, lsl #2]
 265:Drivers/STM32F3xx_HAL_Driver/Src/stm32f3xx_hal_gpio.c **** 
 266:Drivers/STM32F3xx_HAL_Driver/Src/stm32f3xx_hal_gpio.c ****         /* Clear EXTI line configuration */
 267:Drivers/STM32F3xx_HAL_Driver/Src/stm32f3xx_hal_gpio.c ****         temp = EXTI->IMR;
 344              		.loc 1 267 0 discriminator 16
 345 0208 374B     		ldr	r3, .L21+20
 346 020a 1B68     		ldr	r3, [r3]
 347 020c 3B61     		str	r3, [r7, #16]
 268:Drivers/STM32F3xx_HAL_Driver/Src/stm32f3xx_hal_gpio.c ****         temp &= ~((uint32_t)iocurrent);
 348              		.loc 1 268 0 discriminator 16
 349 020e FB68     		ldr	r3, [r7, #12]
 350 0210 DB43     		mvns	r3, r3
 351 0212 3A69     		ldr	r2, [r7, #16]
 352 0214 1340     		ands	r3, r3, r2
 353 0216 3B61     		str	r3, [r7, #16]
 269:Drivers/STM32F3xx_HAL_Driver/Src/stm32f3xx_hal_gpio.c ****         if((GPIO_Init->Mode & GPIO_MODE_IT) == GPIO_MODE_IT)
 354              		.loc 1 269 0 discriminator 16
 355 0218 3B68     		ldr	r3, [r7]
 356 021a 5B68     		ldr	r3, [r3, #4]
 357 021c 03F48033 		and	r3, r3, #65536
 358 0220 002B     		cmp	r3, #0
 359 0222 03D0     		beq	.L16
 270:Drivers/STM32F3xx_HAL_Driver/Src/stm32f3xx_hal_gpio.c ****         {
ARM GAS  /tmp/ccg7zXrS.s 			page 12


 271:Drivers/STM32F3xx_HAL_Driver/Src/stm32f3xx_hal_gpio.c ****           temp |= iocurrent;
 360              		.loc 1 271 0
 361 0224 3A69     		ldr	r2, [r7, #16]
 362 0226 FB68     		ldr	r3, [r7, #12]
 363 0228 1343     		orrs	r3, r3, r2
 364 022a 3B61     		str	r3, [r7, #16]
 365              	.L16:
 272:Drivers/STM32F3xx_HAL_Driver/Src/stm32f3xx_hal_gpio.c ****         }
 273:Drivers/STM32F3xx_HAL_Driver/Src/stm32f3xx_hal_gpio.c ****         EXTI->IMR = temp;
 366              		.loc 1 273 0
 367 022c 2E4A     		ldr	r2, .L21+20
 368 022e 3B69     		ldr	r3, [r7, #16]
 369 0230 1360     		str	r3, [r2]
 274:Drivers/STM32F3xx_HAL_Driver/Src/stm32f3xx_hal_gpio.c **** 
 275:Drivers/STM32F3xx_HAL_Driver/Src/stm32f3xx_hal_gpio.c ****         temp = EXTI->EMR;
 370              		.loc 1 275 0
 371 0232 2D4B     		ldr	r3, .L21+20
 372 0234 5B68     		ldr	r3, [r3, #4]
 373 0236 3B61     		str	r3, [r7, #16]
 276:Drivers/STM32F3xx_HAL_Driver/Src/stm32f3xx_hal_gpio.c ****         temp &= ~((uint32_t)iocurrent);
 374              		.loc 1 276 0
 375 0238 FB68     		ldr	r3, [r7, #12]
 376 023a DB43     		mvns	r3, r3
 377 023c 3A69     		ldr	r2, [r7, #16]
 378 023e 1340     		ands	r3, r3, r2
 379 0240 3B61     		str	r3, [r7, #16]
 277:Drivers/STM32F3xx_HAL_Driver/Src/stm32f3xx_hal_gpio.c ****         if((GPIO_Init->Mode & GPIO_MODE_EVT) == GPIO_MODE_EVT)
 380              		.loc 1 277 0
 381 0242 3B68     		ldr	r3, [r7]
 382 0244 5B68     		ldr	r3, [r3, #4]
 383 0246 03F40033 		and	r3, r3, #131072
 384 024a 002B     		cmp	r3, #0
 385 024c 03D0     		beq	.L17
 278:Drivers/STM32F3xx_HAL_Driver/Src/stm32f3xx_hal_gpio.c ****         {
 279:Drivers/STM32F3xx_HAL_Driver/Src/stm32f3xx_hal_gpio.c ****           temp |= iocurrent;
 386              		.loc 1 279 0
 387 024e 3A69     		ldr	r2, [r7, #16]
 388 0250 FB68     		ldr	r3, [r7, #12]
 389 0252 1343     		orrs	r3, r3, r2
 390 0254 3B61     		str	r3, [r7, #16]
 391              	.L17:
 280:Drivers/STM32F3xx_HAL_Driver/Src/stm32f3xx_hal_gpio.c ****         }
 281:Drivers/STM32F3xx_HAL_Driver/Src/stm32f3xx_hal_gpio.c ****         EXTI->EMR = temp;
 392              		.loc 1 281 0
 393 0256 244A     		ldr	r2, .L21+20
 394 0258 3B69     		ldr	r3, [r7, #16]
 395 025a 5360     		str	r3, [r2, #4]
 282:Drivers/STM32F3xx_HAL_Driver/Src/stm32f3xx_hal_gpio.c **** 
 283:Drivers/STM32F3xx_HAL_Driver/Src/stm32f3xx_hal_gpio.c ****         /* Clear Rising Falling edge configuration */
 284:Drivers/STM32F3xx_HAL_Driver/Src/stm32f3xx_hal_gpio.c ****         temp = EXTI->RTSR;
 396              		.loc 1 284 0
 397 025c 224B     		ldr	r3, .L21+20
 398 025e 9B68     		ldr	r3, [r3, #8]
 399 0260 3B61     		str	r3, [r7, #16]
 285:Drivers/STM32F3xx_HAL_Driver/Src/stm32f3xx_hal_gpio.c ****         temp &= ~((uint32_t)iocurrent);
 400              		.loc 1 285 0
 401 0262 FB68     		ldr	r3, [r7, #12]
ARM GAS  /tmp/ccg7zXrS.s 			page 13


 402 0264 DB43     		mvns	r3, r3
 403 0266 3A69     		ldr	r2, [r7, #16]
 404 0268 1340     		ands	r3, r3, r2
 405 026a 3B61     		str	r3, [r7, #16]
 286:Drivers/STM32F3xx_HAL_Driver/Src/stm32f3xx_hal_gpio.c ****         if((GPIO_Init->Mode & RISING_EDGE) == RISING_EDGE)
 406              		.loc 1 286 0
 407 026c 3B68     		ldr	r3, [r7]
 408 026e 5B68     		ldr	r3, [r3, #4]
 409 0270 03F48013 		and	r3, r3, #1048576
 410 0274 002B     		cmp	r3, #0
 411 0276 03D0     		beq	.L18
 287:Drivers/STM32F3xx_HAL_Driver/Src/stm32f3xx_hal_gpio.c ****         {
 288:Drivers/STM32F3xx_HAL_Driver/Src/stm32f3xx_hal_gpio.c ****           temp |= iocurrent;
 412              		.loc 1 288 0
 413 0278 3A69     		ldr	r2, [r7, #16]
 414 027a FB68     		ldr	r3, [r7, #12]
 415 027c 1343     		orrs	r3, r3, r2
 416 027e 3B61     		str	r3, [r7, #16]
 417              	.L18:
 289:Drivers/STM32F3xx_HAL_Driver/Src/stm32f3xx_hal_gpio.c ****         }
 290:Drivers/STM32F3xx_HAL_Driver/Src/stm32f3xx_hal_gpio.c ****         EXTI->RTSR = temp;
 418              		.loc 1 290 0
 419 0280 194A     		ldr	r2, .L21+20
 420 0282 3B69     		ldr	r3, [r7, #16]
 421 0284 9360     		str	r3, [r2, #8]
 291:Drivers/STM32F3xx_HAL_Driver/Src/stm32f3xx_hal_gpio.c **** 
 292:Drivers/STM32F3xx_HAL_Driver/Src/stm32f3xx_hal_gpio.c ****         temp = EXTI->FTSR;
 422              		.loc 1 292 0
 423 0286 184B     		ldr	r3, .L21+20
 424 0288 DB68     		ldr	r3, [r3, #12]
 425 028a 3B61     		str	r3, [r7, #16]
 293:Drivers/STM32F3xx_HAL_Driver/Src/stm32f3xx_hal_gpio.c ****         temp &= ~((uint32_t)iocurrent);
 426              		.loc 1 293 0
 427 028c FB68     		ldr	r3, [r7, #12]
 428 028e DB43     		mvns	r3, r3
 429 0290 3A69     		ldr	r2, [r7, #16]
 430 0292 1340     		ands	r3, r3, r2
 431 0294 3B61     		str	r3, [r7, #16]
 294:Drivers/STM32F3xx_HAL_Driver/Src/stm32f3xx_hal_gpio.c ****         if((GPIO_Init->Mode & FALLING_EDGE) == FALLING_EDGE)
 432              		.loc 1 294 0
 433 0296 3B68     		ldr	r3, [r7]
 434 0298 5B68     		ldr	r3, [r3, #4]
 435 029a 03F40013 		and	r3, r3, #2097152
 436 029e 002B     		cmp	r3, #0
 437 02a0 03D0     		beq	.L19
 295:Drivers/STM32F3xx_HAL_Driver/Src/stm32f3xx_hal_gpio.c ****         {
 296:Drivers/STM32F3xx_HAL_Driver/Src/stm32f3xx_hal_gpio.c ****           temp |= iocurrent;
 438              		.loc 1 296 0
 439 02a2 3A69     		ldr	r2, [r7, #16]
 440 02a4 FB68     		ldr	r3, [r7, #12]
 441 02a6 1343     		orrs	r3, r3, r2
 442 02a8 3B61     		str	r3, [r7, #16]
 443              	.L19:
 297:Drivers/STM32F3xx_HAL_Driver/Src/stm32f3xx_hal_gpio.c ****         }
 298:Drivers/STM32F3xx_HAL_Driver/Src/stm32f3xx_hal_gpio.c ****         EXTI->FTSR = temp;
 444              		.loc 1 298 0
 445 02aa 0F4A     		ldr	r2, .L21+20
ARM GAS  /tmp/ccg7zXrS.s 			page 14


 446 02ac 3B69     		ldr	r3, [r7, #16]
 447 02ae D360     		str	r3, [r2, #12]
 448              	.L3:
 299:Drivers/STM32F3xx_HAL_Driver/Src/stm32f3xx_hal_gpio.c ****       }
 300:Drivers/STM32F3xx_HAL_Driver/Src/stm32f3xx_hal_gpio.c ****     }
 301:Drivers/STM32F3xx_HAL_Driver/Src/stm32f3xx_hal_gpio.c ****     
 302:Drivers/STM32F3xx_HAL_Driver/Src/stm32f3xx_hal_gpio.c ****     position++;
 449              		.loc 1 302 0
 450 02b0 7B69     		ldr	r3, [r7, #20]
 451 02b2 0133     		adds	r3, r3, #1
 452 02b4 7B61     		str	r3, [r7, #20]
 453              	.L2:
 201:Drivers/STM32F3xx_HAL_Driver/Src/stm32f3xx_hal_gpio.c ****   {
 454              		.loc 1 201 0
 455 02b6 3B68     		ldr	r3, [r7]
 456 02b8 1A68     		ldr	r2, [r3]
 457 02ba 7B69     		ldr	r3, [r7, #20]
 458 02bc 22FA03F3 		lsr	r3, r2, r3
 459 02c0 002B     		cmp	r3, #0
 460 02c2 7FF4A9AE 		bne	.L20
 303:Drivers/STM32F3xx_HAL_Driver/Src/stm32f3xx_hal_gpio.c ****   }
 304:Drivers/STM32F3xx_HAL_Driver/Src/stm32f3xx_hal_gpio.c **** }
 461              		.loc 1 304 0
 462 02c6 00BF     		nop
 463 02c8 1C37     		adds	r7, r7, #28
 464              	.LCFI3:
 465              		.cfi_def_cfa_offset 4
 466 02ca BD46     		mov	sp, r7
 467              	.LCFI4:
 468              		.cfi_def_cfa_register 13
 469              		@ sp needed
 470 02cc 5DF8047B 		ldr	r7, [sp], #4
 471              	.LCFI5:
 472              		.cfi_restore 7
 473              		.cfi_def_cfa_offset 0
 474 02d0 7047     		bx	lr
 475              	.L22:
 476 02d2 00BF     		.align	2
 477              	.L21:
 478 02d4 00100240 		.word	1073876992
 479 02d8 00000140 		.word	1073807360
 480 02dc 00040048 		.word	1207960576
 481 02e0 00080048 		.word	1207961600
 482 02e4 000C0048 		.word	1207962624
 483 02e8 00040140 		.word	1073808384
 484              		.cfi_endproc
 485              	.LFE695:
 487              		.section	.text.HAL_GPIO_DeInit,"ax",%progbits
 488              		.align	1
 489              		.global	HAL_GPIO_DeInit
 490              		.syntax unified
 491              		.thumb
 492              		.thumb_func
 493              		.fpu fpv4-sp-d16
 495              	HAL_GPIO_DeInit:
 496              	.LFB696:
 305:Drivers/STM32F3xx_HAL_Driver/Src/stm32f3xx_hal_gpio.c **** 
ARM GAS  /tmp/ccg7zXrS.s 			page 15


 306:Drivers/STM32F3xx_HAL_Driver/Src/stm32f3xx_hal_gpio.c **** /**
 307:Drivers/STM32F3xx_HAL_Driver/Src/stm32f3xx_hal_gpio.c ****   * @brief  De-initialize the GPIOx peripheral registers to their default reset values.
 308:Drivers/STM32F3xx_HAL_Driver/Src/stm32f3xx_hal_gpio.c ****   * @param  GPIOx where x can be (A..F) to select the GPIO peripheral for STM32F30X device or STM32
 309:Drivers/STM32F3xx_HAL_Driver/Src/stm32f3xx_hal_gpio.c ****   * @param  GPIO_Pin specifies the port bit to be written.
 310:Drivers/STM32F3xx_HAL_Driver/Src/stm32f3xx_hal_gpio.c ****   *         This parameter can be one of GPIO_PIN_x where x can be (0..15).
 311:Drivers/STM32F3xx_HAL_Driver/Src/stm32f3xx_hal_gpio.c ****   * @retval None
 312:Drivers/STM32F3xx_HAL_Driver/Src/stm32f3xx_hal_gpio.c ****   */
 313:Drivers/STM32F3xx_HAL_Driver/Src/stm32f3xx_hal_gpio.c **** void HAL_GPIO_DeInit(GPIO_TypeDef  *GPIOx, uint32_t GPIO_Pin)
 314:Drivers/STM32F3xx_HAL_Driver/Src/stm32f3xx_hal_gpio.c **** {
 497              		.loc 1 314 0
 498              		.cfi_startproc
 499              		@ args = 0, pretend = 0, frame = 24
 500              		@ frame_needed = 1, uses_anonymous_args = 0
 501              		@ link register save eliminated.
 502 0000 80B4     		push	{r7}
 503              	.LCFI6:
 504              		.cfi_def_cfa_offset 4
 505              		.cfi_offset 7, -4
 506 0002 87B0     		sub	sp, sp, #28
 507              	.LCFI7:
 508              		.cfi_def_cfa_offset 32
 509 0004 00AF     		add	r7, sp, #0
 510              	.LCFI8:
 511              		.cfi_def_cfa_register 7
 512 0006 7860     		str	r0, [r7, #4]
 513 0008 3960     		str	r1, [r7]
 315:Drivers/STM32F3xx_HAL_Driver/Src/stm32f3xx_hal_gpio.c ****   uint32_t position = 0x00U;
 514              		.loc 1 315 0
 515 000a 0023     		movs	r3, #0
 516 000c 7B61     		str	r3, [r7, #20]
 316:Drivers/STM32F3xx_HAL_Driver/Src/stm32f3xx_hal_gpio.c ****   uint32_t iocurrent = 0x00U;
 517              		.loc 1 316 0
 518 000e 0023     		movs	r3, #0
 519 0010 3B61     		str	r3, [r7, #16]
 317:Drivers/STM32F3xx_HAL_Driver/Src/stm32f3xx_hal_gpio.c ****   uint32_t tmp = 0x00U;
 520              		.loc 1 317 0
 521 0012 0023     		movs	r3, #0
 522 0014 FB60     		str	r3, [r7, #12]
 318:Drivers/STM32F3xx_HAL_Driver/Src/stm32f3xx_hal_gpio.c **** 
 319:Drivers/STM32F3xx_HAL_Driver/Src/stm32f3xx_hal_gpio.c ****   /* Check the parameters */
 320:Drivers/STM32F3xx_HAL_Driver/Src/stm32f3xx_hal_gpio.c ****   assert_param(IS_GPIO_ALL_INSTANCE(GPIOx));
 321:Drivers/STM32F3xx_HAL_Driver/Src/stm32f3xx_hal_gpio.c ****   assert_param(IS_GPIO_PIN(GPIO_Pin));
 322:Drivers/STM32F3xx_HAL_Driver/Src/stm32f3xx_hal_gpio.c **** 
 323:Drivers/STM32F3xx_HAL_Driver/Src/stm32f3xx_hal_gpio.c ****   /* Configure the port pins */
 324:Drivers/STM32F3xx_HAL_Driver/Src/stm32f3xx_hal_gpio.c ****   while ((GPIO_Pin >> position) != RESET)
 523              		.loc 1 324 0
 524 0016 B2E0     		b	.L24
 525              	.L34:
 325:Drivers/STM32F3xx_HAL_Driver/Src/stm32f3xx_hal_gpio.c ****   {
 326:Drivers/STM32F3xx_HAL_Driver/Src/stm32f3xx_hal_gpio.c ****     /* Get current io position */
 327:Drivers/STM32F3xx_HAL_Driver/Src/stm32f3xx_hal_gpio.c ****     iocurrent = GPIO_Pin & (1U << position);
 526              		.loc 1 327 0
 527 0018 0122     		movs	r2, #1
 528 001a 7B69     		ldr	r3, [r7, #20]
 529 001c 02FA03F3 		lsl	r3, r2, r3
 530 0020 3A68     		ldr	r2, [r7]
 531 0022 1340     		ands	r3, r3, r2
ARM GAS  /tmp/ccg7zXrS.s 			page 16


 532 0024 3B61     		str	r3, [r7, #16]
 328:Drivers/STM32F3xx_HAL_Driver/Src/stm32f3xx_hal_gpio.c **** 
 329:Drivers/STM32F3xx_HAL_Driver/Src/stm32f3xx_hal_gpio.c ****     if (iocurrent)
 533              		.loc 1 329 0
 534 0026 3B69     		ldr	r3, [r7, #16]
 535 0028 002B     		cmp	r3, #0
 536 002a 00F0A580 		beq	.L25
 330:Drivers/STM32F3xx_HAL_Driver/Src/stm32f3xx_hal_gpio.c ****     {
 331:Drivers/STM32F3xx_HAL_Driver/Src/stm32f3xx_hal_gpio.c ****       /*------------------------- GPIO Mode Configuration --------------------*/
 332:Drivers/STM32F3xx_HAL_Driver/Src/stm32f3xx_hal_gpio.c ****       /* Configure IO Direction in Input Floting Mode */
 333:Drivers/STM32F3xx_HAL_Driver/Src/stm32f3xx_hal_gpio.c ****       GPIOx->MODER &= ~(GPIO_MODER_MODER0 << (position * 2U));
 537              		.loc 1 333 0
 538 002e 7B68     		ldr	r3, [r7, #4]
 539 0030 1A68     		ldr	r2, [r3]
 540 0032 7B69     		ldr	r3, [r7, #20]
 541 0034 5B00     		lsls	r3, r3, #1
 542 0036 0321     		movs	r1, #3
 543 0038 01FA03F3 		lsl	r3, r1, r3
 544 003c DB43     		mvns	r3, r3
 545 003e 1A40     		ands	r2, r2, r3
 546 0040 7B68     		ldr	r3, [r7, #4]
 547 0042 1A60     		str	r2, [r3]
 334:Drivers/STM32F3xx_HAL_Driver/Src/stm32f3xx_hal_gpio.c **** 
 335:Drivers/STM32F3xx_HAL_Driver/Src/stm32f3xx_hal_gpio.c ****       /* Configure the default Alternate Function in current IO */
 336:Drivers/STM32F3xx_HAL_Driver/Src/stm32f3xx_hal_gpio.c ****       GPIOx->AFR[position >> 3] &= ~(0xFU << ((uint32_t)(position & 0x07U) * 4U)) ;
 548              		.loc 1 336 0
 549 0044 7B69     		ldr	r3, [r7, #20]
 550 0046 DA08     		lsrs	r2, r3, #3
 551 0048 7B68     		ldr	r3, [r7, #4]
 552 004a 0832     		adds	r2, r2, #8
 553 004c 53F82210 		ldr	r1, [r3, r2, lsl #2]
 554 0050 7B69     		ldr	r3, [r7, #20]
 555 0052 03F00703 		and	r3, r3, #7
 556 0056 9B00     		lsls	r3, r3, #2
 557 0058 0F22     		movs	r2, #15
 558 005a 02FA03F3 		lsl	r3, r2, r3
 559 005e DB43     		mvns	r3, r3
 560 0060 7A69     		ldr	r2, [r7, #20]
 561 0062 D208     		lsrs	r2, r2, #3
 562 0064 1940     		ands	r1, r1, r3
 563 0066 7B68     		ldr	r3, [r7, #4]
 564 0068 0832     		adds	r2, r2, #8
 565 006a 43F82210 		str	r1, [r3, r2, lsl #2]
 337:Drivers/STM32F3xx_HAL_Driver/Src/stm32f3xx_hal_gpio.c **** 
 338:Drivers/STM32F3xx_HAL_Driver/Src/stm32f3xx_hal_gpio.c ****       /* Configure the default value for IO Speed */
 339:Drivers/STM32F3xx_HAL_Driver/Src/stm32f3xx_hal_gpio.c ****       GPIOx->OSPEEDR &= ~(GPIO_OSPEEDER_OSPEEDR0 << (position * 2U));
 566              		.loc 1 339 0
 567 006e 7B68     		ldr	r3, [r7, #4]
 568 0070 9A68     		ldr	r2, [r3, #8]
 569 0072 7B69     		ldr	r3, [r7, #20]
 570 0074 5B00     		lsls	r3, r3, #1
 571 0076 0321     		movs	r1, #3
 572 0078 01FA03F3 		lsl	r3, r1, r3
 573 007c DB43     		mvns	r3, r3
 574 007e 1A40     		ands	r2, r2, r3
 575 0080 7B68     		ldr	r3, [r7, #4]
 576 0082 9A60     		str	r2, [r3, #8]
ARM GAS  /tmp/ccg7zXrS.s 			page 17


 340:Drivers/STM32F3xx_HAL_Driver/Src/stm32f3xx_hal_gpio.c **** 
 341:Drivers/STM32F3xx_HAL_Driver/Src/stm32f3xx_hal_gpio.c ****       /* Configure the default value IO Output Type */
 342:Drivers/STM32F3xx_HAL_Driver/Src/stm32f3xx_hal_gpio.c ****       GPIOx->OTYPER  &= ~(GPIO_OTYPER_OT_0 << position) ;
 577              		.loc 1 342 0
 578 0084 7B68     		ldr	r3, [r7, #4]
 579 0086 5A68     		ldr	r2, [r3, #4]
 580 0088 0121     		movs	r1, #1
 581 008a 7B69     		ldr	r3, [r7, #20]
 582 008c 01FA03F3 		lsl	r3, r1, r3
 583 0090 DB43     		mvns	r3, r3
 584 0092 1A40     		ands	r2, r2, r3
 585 0094 7B68     		ldr	r3, [r7, #4]
 586 0096 5A60     		str	r2, [r3, #4]
 343:Drivers/STM32F3xx_HAL_Driver/Src/stm32f3xx_hal_gpio.c **** 
 344:Drivers/STM32F3xx_HAL_Driver/Src/stm32f3xx_hal_gpio.c ****       /* Deactivate the Pull-up and Pull-down resistor for the current IO */
 345:Drivers/STM32F3xx_HAL_Driver/Src/stm32f3xx_hal_gpio.c ****       GPIOx->PUPDR &= ~(GPIO_PUPDR_PUPDR0 << (position * 2U));
 587              		.loc 1 345 0
 588 0098 7B68     		ldr	r3, [r7, #4]
 589 009a DA68     		ldr	r2, [r3, #12]
 590 009c 7B69     		ldr	r3, [r7, #20]
 591 009e 5B00     		lsls	r3, r3, #1
 592 00a0 0321     		movs	r1, #3
 593 00a2 01FA03F3 		lsl	r3, r1, r3
 594 00a6 DB43     		mvns	r3, r3
 595 00a8 1A40     		ands	r2, r2, r3
 596 00aa 7B68     		ldr	r3, [r7, #4]
 597 00ac DA60     		str	r2, [r3, #12]
 346:Drivers/STM32F3xx_HAL_Driver/Src/stm32f3xx_hal_gpio.c **** 
 347:Drivers/STM32F3xx_HAL_Driver/Src/stm32f3xx_hal_gpio.c ****   
 348:Drivers/STM32F3xx_HAL_Driver/Src/stm32f3xx_hal_gpio.c ****       /*------------------------- EXTI Mode Configuration --------------------*/
 349:Drivers/STM32F3xx_HAL_Driver/Src/stm32f3xx_hal_gpio.c ****       /* Clear the External Interrupt or Event for the current IO */
 350:Drivers/STM32F3xx_HAL_Driver/Src/stm32f3xx_hal_gpio.c ****       
 351:Drivers/STM32F3xx_HAL_Driver/Src/stm32f3xx_hal_gpio.c ****       tmp = SYSCFG->EXTICR[position >> 2];
 598              		.loc 1 351 0
 599 00ae 3A4A     		ldr	r2, .L35
 600 00b0 7B69     		ldr	r3, [r7, #20]
 601 00b2 9B08     		lsrs	r3, r3, #2
 602 00b4 0233     		adds	r3, r3, #2
 603 00b6 52F82330 		ldr	r3, [r2, r3, lsl #2]
 604 00ba FB60     		str	r3, [r7, #12]
 352:Drivers/STM32F3xx_HAL_Driver/Src/stm32f3xx_hal_gpio.c ****       tmp &= ((0x0FU) << (4U * (position & 0x03U)));
 605              		.loc 1 352 0
 606 00bc 7B69     		ldr	r3, [r7, #20]
 607 00be 03F00303 		and	r3, r3, #3
 608 00c2 9B00     		lsls	r3, r3, #2
 609 00c4 0F22     		movs	r2, #15
 610 00c6 02FA03F3 		lsl	r3, r2, r3
 611 00ca FA68     		ldr	r2, [r7, #12]
 612 00cc 1340     		ands	r3, r3, r2
 613 00ce FB60     		str	r3, [r7, #12]
 353:Drivers/STM32F3xx_HAL_Driver/Src/stm32f3xx_hal_gpio.c ****       if(tmp == (GPIO_GET_INDEX(GPIOx) << (4U * (position & 0x03U))))
 614              		.loc 1 353 0
 615 00d0 7B68     		ldr	r3, [r7, #4]
 616 00d2 B3F1904F 		cmp	r3, #1207959552
 617 00d6 13D0     		beq	.L26
 618              		.loc 1 353 0 is_stmt 0 discriminator 1
 619 00d8 7B68     		ldr	r3, [r7, #4]
ARM GAS  /tmp/ccg7zXrS.s 			page 18


 620 00da 304A     		ldr	r2, .L35+4
 621 00dc 9342     		cmp	r3, r2
 622 00de 0DD0     		beq	.L27
 623              		.loc 1 353 0 discriminator 3
 624 00e0 7B68     		ldr	r3, [r7, #4]
 625 00e2 2F4A     		ldr	r2, .L35+8
 626 00e4 9342     		cmp	r3, r2
 627 00e6 07D0     		beq	.L28
 628              		.loc 1 353 0 discriminator 5
 629 00e8 7B68     		ldr	r3, [r7, #4]
 630 00ea 2E4A     		ldr	r2, .L35+12
 631 00ec 9342     		cmp	r3, r2
 632 00ee 01D1     		bne	.L29
 633              		.loc 1 353 0 discriminator 7
 634 00f0 0323     		movs	r3, #3
 635 00f2 06E0     		b	.L33
 636              	.L29:
 637              		.loc 1 353 0 discriminator 8
 638 00f4 0523     		movs	r3, #5
 639 00f6 04E0     		b	.L33
 640              	.L28:
 641              		.loc 1 353 0 discriminator 6
 642 00f8 0223     		movs	r3, #2
 643 00fa 02E0     		b	.L33
 644              	.L27:
 645              		.loc 1 353 0 discriminator 4
 646 00fc 0123     		movs	r3, #1
 647 00fe 00E0     		b	.L33
 648              	.L26:
 649              		.loc 1 353 0 discriminator 2
 650 0100 0023     		movs	r3, #0
 651              	.L33:
 652              		.loc 1 353 0 discriminator 16
 653 0102 7A69     		ldr	r2, [r7, #20]
 654 0104 02F00302 		and	r2, r2, #3
 655 0108 9200     		lsls	r2, r2, #2
 656 010a 9340     		lsls	r3, r3, r2
 657 010c FA68     		ldr	r2, [r7, #12]
 658 010e 9A42     		cmp	r2, r3
 659 0110 32D1     		bne	.L25
 354:Drivers/STM32F3xx_HAL_Driver/Src/stm32f3xx_hal_gpio.c ****       {
 355:Drivers/STM32F3xx_HAL_Driver/Src/stm32f3xx_hal_gpio.c ****         tmp = (0x0FU) << (4U * (position & 0x03U));
 660              		.loc 1 355 0 is_stmt 1
 661 0112 7B69     		ldr	r3, [r7, #20]
 662 0114 03F00303 		and	r3, r3, #3
 663 0118 9B00     		lsls	r3, r3, #2
 664 011a 0F22     		movs	r2, #15
 665 011c 02FA03F3 		lsl	r3, r2, r3
 666 0120 FB60     		str	r3, [r7, #12]
 356:Drivers/STM32F3xx_HAL_Driver/Src/stm32f3xx_hal_gpio.c ****         SYSCFG->EXTICR[position >> 2] &= ~tmp;
 667              		.loc 1 356 0
 668 0122 1D4A     		ldr	r2, .L35
 669 0124 7B69     		ldr	r3, [r7, #20]
 670 0126 9B08     		lsrs	r3, r3, #2
 671 0128 0233     		adds	r3, r3, #2
 672 012a 52F82310 		ldr	r1, [r2, r3, lsl #2]
 673 012e FB68     		ldr	r3, [r7, #12]
ARM GAS  /tmp/ccg7zXrS.s 			page 19


 674 0130 DA43     		mvns	r2, r3
 675 0132 1948     		ldr	r0, .L35
 676 0134 7B69     		ldr	r3, [r7, #20]
 677 0136 9B08     		lsrs	r3, r3, #2
 678 0138 0A40     		ands	r2, r2, r1
 679 013a 0233     		adds	r3, r3, #2
 680 013c 40F82320 		str	r2, [r0, r3, lsl #2]
 357:Drivers/STM32F3xx_HAL_Driver/Src/stm32f3xx_hal_gpio.c **** 
 358:Drivers/STM32F3xx_HAL_Driver/Src/stm32f3xx_hal_gpio.c ****         /* Clear EXTI line configuration */
 359:Drivers/STM32F3xx_HAL_Driver/Src/stm32f3xx_hal_gpio.c ****         EXTI->IMR &= ~((uint32_t)iocurrent);
 681              		.loc 1 359 0
 682 0140 194B     		ldr	r3, .L35+16
 683 0142 1A68     		ldr	r2, [r3]
 684 0144 3B69     		ldr	r3, [r7, #16]
 685 0146 DB43     		mvns	r3, r3
 686 0148 1749     		ldr	r1, .L35+16
 687 014a 1340     		ands	r3, r3, r2
 688 014c 0B60     		str	r3, [r1]
 360:Drivers/STM32F3xx_HAL_Driver/Src/stm32f3xx_hal_gpio.c ****         EXTI->EMR &= ~((uint32_t)iocurrent);
 689              		.loc 1 360 0
 690 014e 164B     		ldr	r3, .L35+16
 691 0150 5A68     		ldr	r2, [r3, #4]
 692 0152 3B69     		ldr	r3, [r7, #16]
 693 0154 DB43     		mvns	r3, r3
 694 0156 1449     		ldr	r1, .L35+16
 695 0158 1340     		ands	r3, r3, r2
 696 015a 4B60     		str	r3, [r1, #4]
 361:Drivers/STM32F3xx_HAL_Driver/Src/stm32f3xx_hal_gpio.c **** 
 362:Drivers/STM32F3xx_HAL_Driver/Src/stm32f3xx_hal_gpio.c ****         /* Clear Rising Falling edge configuration */
 363:Drivers/STM32F3xx_HAL_Driver/Src/stm32f3xx_hal_gpio.c ****         EXTI->RTSR &= ~((uint32_t)iocurrent);
 697              		.loc 1 363 0
 698 015c 124B     		ldr	r3, .L35+16
 699 015e 9A68     		ldr	r2, [r3, #8]
 700 0160 3B69     		ldr	r3, [r7, #16]
 701 0162 DB43     		mvns	r3, r3
 702 0164 1049     		ldr	r1, .L35+16
 703 0166 1340     		ands	r3, r3, r2
 704 0168 8B60     		str	r3, [r1, #8]
 364:Drivers/STM32F3xx_HAL_Driver/Src/stm32f3xx_hal_gpio.c ****         EXTI->FTSR &= ~((uint32_t)iocurrent);
 705              		.loc 1 364 0
 706 016a 0F4B     		ldr	r3, .L35+16
 707 016c DA68     		ldr	r2, [r3, #12]
 708 016e 3B69     		ldr	r3, [r7, #16]
 709 0170 DB43     		mvns	r3, r3
 710 0172 0D49     		ldr	r1, .L35+16
 711 0174 1340     		ands	r3, r3, r2
 712 0176 CB60     		str	r3, [r1, #12]
 713              	.L25:
 365:Drivers/STM32F3xx_HAL_Driver/Src/stm32f3xx_hal_gpio.c ****       }
 366:Drivers/STM32F3xx_HAL_Driver/Src/stm32f3xx_hal_gpio.c ****     }
 367:Drivers/STM32F3xx_HAL_Driver/Src/stm32f3xx_hal_gpio.c ****     
 368:Drivers/STM32F3xx_HAL_Driver/Src/stm32f3xx_hal_gpio.c ****     position++;
 714              		.loc 1 368 0
 715 0178 7B69     		ldr	r3, [r7, #20]
 716 017a 0133     		adds	r3, r3, #1
 717 017c 7B61     		str	r3, [r7, #20]
 718              	.L24:
ARM GAS  /tmp/ccg7zXrS.s 			page 20


 324:Drivers/STM32F3xx_HAL_Driver/Src/stm32f3xx_hal_gpio.c ****   {
 719              		.loc 1 324 0
 720 017e 3A68     		ldr	r2, [r7]
 721 0180 7B69     		ldr	r3, [r7, #20]
 722 0182 22FA03F3 		lsr	r3, r2, r3
 723 0186 002B     		cmp	r3, #0
 724 0188 7FF446AF 		bne	.L34
 369:Drivers/STM32F3xx_HAL_Driver/Src/stm32f3xx_hal_gpio.c ****   }
 370:Drivers/STM32F3xx_HAL_Driver/Src/stm32f3xx_hal_gpio.c **** }
 725              		.loc 1 370 0
 726 018c 00BF     		nop
 727 018e 1C37     		adds	r7, r7, #28
 728              	.LCFI9:
 729              		.cfi_def_cfa_offset 4
 730 0190 BD46     		mov	sp, r7
 731              	.LCFI10:
 732              		.cfi_def_cfa_register 13
 733              		@ sp needed
 734 0192 5DF8047B 		ldr	r7, [sp], #4
 735              	.LCFI11:
 736              		.cfi_restore 7
 737              		.cfi_def_cfa_offset 0
 738 0196 7047     		bx	lr
 739              	.L36:
 740              		.align	2
 741              	.L35:
 742 0198 00000140 		.word	1073807360
 743 019c 00040048 		.word	1207960576
 744 01a0 00080048 		.word	1207961600
 745 01a4 000C0048 		.word	1207962624
 746 01a8 00040140 		.word	1073808384
 747              		.cfi_endproc
 748              	.LFE696:
 750              		.section	.text.HAL_GPIO_ReadPin,"ax",%progbits
 751              		.align	1
 752              		.global	HAL_GPIO_ReadPin
 753              		.syntax unified
 754              		.thumb
 755              		.thumb_func
 756              		.fpu fpv4-sp-d16
 758              	HAL_GPIO_ReadPin:
 759              	.LFB697:
 371:Drivers/STM32F3xx_HAL_Driver/Src/stm32f3xx_hal_gpio.c **** 
 372:Drivers/STM32F3xx_HAL_Driver/Src/stm32f3xx_hal_gpio.c **** /**
 373:Drivers/STM32F3xx_HAL_Driver/Src/stm32f3xx_hal_gpio.c ****   * @}
 374:Drivers/STM32F3xx_HAL_Driver/Src/stm32f3xx_hal_gpio.c ****   */
 375:Drivers/STM32F3xx_HAL_Driver/Src/stm32f3xx_hal_gpio.c **** 
 376:Drivers/STM32F3xx_HAL_Driver/Src/stm32f3xx_hal_gpio.c **** /** @defgroup GPIO_Exported_Functions_Group2 IO operation functions 
 377:Drivers/STM32F3xx_HAL_Driver/Src/stm32f3xx_hal_gpio.c ****  *  @brief GPIO Read, Write, Toggle, Lock and EXTI management functions.
 378:Drivers/STM32F3xx_HAL_Driver/Src/stm32f3xx_hal_gpio.c ****  *
 379:Drivers/STM32F3xx_HAL_Driver/Src/stm32f3xx_hal_gpio.c **** @verbatim
 380:Drivers/STM32F3xx_HAL_Driver/Src/stm32f3xx_hal_gpio.c ****  ===============================================================================
 381:Drivers/STM32F3xx_HAL_Driver/Src/stm32f3xx_hal_gpio.c ****                        ##### IO operation functions #####
 382:Drivers/STM32F3xx_HAL_Driver/Src/stm32f3xx_hal_gpio.c ****  ===============================================================================
 383:Drivers/STM32F3xx_HAL_Driver/Src/stm32f3xx_hal_gpio.c **** 
 384:Drivers/STM32F3xx_HAL_Driver/Src/stm32f3xx_hal_gpio.c **** @endverbatim
 385:Drivers/STM32F3xx_HAL_Driver/Src/stm32f3xx_hal_gpio.c ****   * @{
ARM GAS  /tmp/ccg7zXrS.s 			page 21


 386:Drivers/STM32F3xx_HAL_Driver/Src/stm32f3xx_hal_gpio.c ****   */
 387:Drivers/STM32F3xx_HAL_Driver/Src/stm32f3xx_hal_gpio.c **** 
 388:Drivers/STM32F3xx_HAL_Driver/Src/stm32f3xx_hal_gpio.c **** /**
 389:Drivers/STM32F3xx_HAL_Driver/Src/stm32f3xx_hal_gpio.c ****   * @brief  Read the specified input port pin.
 390:Drivers/STM32F3xx_HAL_Driver/Src/stm32f3xx_hal_gpio.c ****   * @param  GPIOx where x can be (A..F) to select the GPIO peripheral for STM32F3 family
 391:Drivers/STM32F3xx_HAL_Driver/Src/stm32f3xx_hal_gpio.c ****   * @param  GPIO_Pin specifies the port bit to read.
 392:Drivers/STM32F3xx_HAL_Driver/Src/stm32f3xx_hal_gpio.c ****   *         This parameter can be GPIO_PIN_x where x can be (0..15).
 393:Drivers/STM32F3xx_HAL_Driver/Src/stm32f3xx_hal_gpio.c ****   * @retval The input port pin value.
 394:Drivers/STM32F3xx_HAL_Driver/Src/stm32f3xx_hal_gpio.c ****   */
 395:Drivers/STM32F3xx_HAL_Driver/Src/stm32f3xx_hal_gpio.c **** GPIO_PinState HAL_GPIO_ReadPin(GPIO_TypeDef* GPIOx, uint16_t GPIO_Pin)
 396:Drivers/STM32F3xx_HAL_Driver/Src/stm32f3xx_hal_gpio.c **** {
 760              		.loc 1 396 0
 761              		.cfi_startproc
 762              		@ args = 0, pretend = 0, frame = 16
 763              		@ frame_needed = 1, uses_anonymous_args = 0
 764              		@ link register save eliminated.
 765 0000 80B4     		push	{r7}
 766              	.LCFI12:
 767              		.cfi_def_cfa_offset 4
 768              		.cfi_offset 7, -4
 769 0002 85B0     		sub	sp, sp, #20
 770              	.LCFI13:
 771              		.cfi_def_cfa_offset 24
 772 0004 00AF     		add	r7, sp, #0
 773              	.LCFI14:
 774              		.cfi_def_cfa_register 7
 775 0006 7860     		str	r0, [r7, #4]
 776 0008 0B46     		mov	r3, r1
 777 000a 7B80     		strh	r3, [r7, #2]	@ movhi
 397:Drivers/STM32F3xx_HAL_Driver/Src/stm32f3xx_hal_gpio.c ****   GPIO_PinState bitstatus;
 398:Drivers/STM32F3xx_HAL_Driver/Src/stm32f3xx_hal_gpio.c **** 
 399:Drivers/STM32F3xx_HAL_Driver/Src/stm32f3xx_hal_gpio.c ****   /* Check the parameters */
 400:Drivers/STM32F3xx_HAL_Driver/Src/stm32f3xx_hal_gpio.c ****   assert_param(IS_GPIO_PIN(GPIO_Pin));
 401:Drivers/STM32F3xx_HAL_Driver/Src/stm32f3xx_hal_gpio.c **** 
 402:Drivers/STM32F3xx_HAL_Driver/Src/stm32f3xx_hal_gpio.c ****   if((GPIOx->IDR & GPIO_Pin) != (uint32_t)GPIO_PIN_RESET)
 778              		.loc 1 402 0
 779 000c 7B68     		ldr	r3, [r7, #4]
 780 000e 1A69     		ldr	r2, [r3, #16]
 781 0010 7B88     		ldrh	r3, [r7, #2]
 782 0012 1340     		ands	r3, r3, r2
 783 0014 002B     		cmp	r3, #0
 784 0016 02D0     		beq	.L38
 403:Drivers/STM32F3xx_HAL_Driver/Src/stm32f3xx_hal_gpio.c ****   {
 404:Drivers/STM32F3xx_HAL_Driver/Src/stm32f3xx_hal_gpio.c ****     bitstatus = GPIO_PIN_SET;
 785              		.loc 1 404 0
 786 0018 0123     		movs	r3, #1
 787 001a FB73     		strb	r3, [r7, #15]
 788 001c 01E0     		b	.L39
 789              	.L38:
 405:Drivers/STM32F3xx_HAL_Driver/Src/stm32f3xx_hal_gpio.c ****   }
 406:Drivers/STM32F3xx_HAL_Driver/Src/stm32f3xx_hal_gpio.c ****   else
 407:Drivers/STM32F3xx_HAL_Driver/Src/stm32f3xx_hal_gpio.c ****   {
 408:Drivers/STM32F3xx_HAL_Driver/Src/stm32f3xx_hal_gpio.c ****     bitstatus = GPIO_PIN_RESET;
 790              		.loc 1 408 0
 791 001e 0023     		movs	r3, #0
 792 0020 FB73     		strb	r3, [r7, #15]
 793              	.L39:
ARM GAS  /tmp/ccg7zXrS.s 			page 22


 409:Drivers/STM32F3xx_HAL_Driver/Src/stm32f3xx_hal_gpio.c ****   }
 410:Drivers/STM32F3xx_HAL_Driver/Src/stm32f3xx_hal_gpio.c ****   return bitstatus;
 794              		.loc 1 410 0
 795 0022 FB7B     		ldrb	r3, [r7, #15]	@ zero_extendqisi2
 411:Drivers/STM32F3xx_HAL_Driver/Src/stm32f3xx_hal_gpio.c **** }
 796              		.loc 1 411 0
 797 0024 1846     		mov	r0, r3
 798 0026 1437     		adds	r7, r7, #20
 799              	.LCFI15:
 800              		.cfi_def_cfa_offset 4
 801 0028 BD46     		mov	sp, r7
 802              	.LCFI16:
 803              		.cfi_def_cfa_register 13
 804              		@ sp needed
 805 002a 5DF8047B 		ldr	r7, [sp], #4
 806              	.LCFI17:
 807              		.cfi_restore 7
 808              		.cfi_def_cfa_offset 0
 809 002e 7047     		bx	lr
 810              		.cfi_endproc
 811              	.LFE697:
 813              		.section	.text.HAL_GPIO_WritePin,"ax",%progbits
 814              		.align	1
 815              		.global	HAL_GPIO_WritePin
 816              		.syntax unified
 817              		.thumb
 818              		.thumb_func
 819              		.fpu fpv4-sp-d16
 821              	HAL_GPIO_WritePin:
 822              	.LFB698:
 412:Drivers/STM32F3xx_HAL_Driver/Src/stm32f3xx_hal_gpio.c **** 
 413:Drivers/STM32F3xx_HAL_Driver/Src/stm32f3xx_hal_gpio.c **** /**
 414:Drivers/STM32F3xx_HAL_Driver/Src/stm32f3xx_hal_gpio.c ****   * @brief  Set or clear the selected data port bit.
 415:Drivers/STM32F3xx_HAL_Driver/Src/stm32f3xx_hal_gpio.c ****   *
 416:Drivers/STM32F3xx_HAL_Driver/Src/stm32f3xx_hal_gpio.c ****   * @note   This function uses GPIOx_BSRR and GPIOx_BRR registers to allow atomic read/modify
 417:Drivers/STM32F3xx_HAL_Driver/Src/stm32f3xx_hal_gpio.c ****   *         accesses. In this way, there is no risk of an IRQ occurring between
 418:Drivers/STM32F3xx_HAL_Driver/Src/stm32f3xx_hal_gpio.c ****   *         the read and the modify access.
 419:Drivers/STM32F3xx_HAL_Driver/Src/stm32f3xx_hal_gpio.c ****   *
 420:Drivers/STM32F3xx_HAL_Driver/Src/stm32f3xx_hal_gpio.c ****   * @param  GPIOx where x can be (A..F) to select the GPIO peripheral for STM32F3 family
 421:Drivers/STM32F3xx_HAL_Driver/Src/stm32f3xx_hal_gpio.c ****   * @param  GPIO_Pin specifies the port bit to be written.
 422:Drivers/STM32F3xx_HAL_Driver/Src/stm32f3xx_hal_gpio.c ****   *         This parameter can be one of GPIO_PIN_x where x can be (0..15).
 423:Drivers/STM32F3xx_HAL_Driver/Src/stm32f3xx_hal_gpio.c ****   * @param  PinState specifies the value to be written to the selected bit.
 424:Drivers/STM32F3xx_HAL_Driver/Src/stm32f3xx_hal_gpio.c ****   *         This parameter can be one of the GPIO_PinState enum values:
 425:Drivers/STM32F3xx_HAL_Driver/Src/stm32f3xx_hal_gpio.c ****   *            @arg GPIO_PIN_RESET: to clear the port pin
 426:Drivers/STM32F3xx_HAL_Driver/Src/stm32f3xx_hal_gpio.c ****   *            @arg GPIO_PIN_SET: to set the port pin
 427:Drivers/STM32F3xx_HAL_Driver/Src/stm32f3xx_hal_gpio.c ****   * @retval None
 428:Drivers/STM32F3xx_HAL_Driver/Src/stm32f3xx_hal_gpio.c ****   */
 429:Drivers/STM32F3xx_HAL_Driver/Src/stm32f3xx_hal_gpio.c **** void HAL_GPIO_WritePin(GPIO_TypeDef* GPIOx, uint16_t GPIO_Pin, GPIO_PinState PinState)
 430:Drivers/STM32F3xx_HAL_Driver/Src/stm32f3xx_hal_gpio.c **** {
 823              		.loc 1 430 0
 824              		.cfi_startproc
 825              		@ args = 0, pretend = 0, frame = 8
 826              		@ frame_needed = 1, uses_anonymous_args = 0
 827              		@ link register save eliminated.
 828 0000 80B4     		push	{r7}
 829              	.LCFI18:
 830              		.cfi_def_cfa_offset 4
ARM GAS  /tmp/ccg7zXrS.s 			page 23


 831              		.cfi_offset 7, -4
 832 0002 83B0     		sub	sp, sp, #12
 833              	.LCFI19:
 834              		.cfi_def_cfa_offset 16
 835 0004 00AF     		add	r7, sp, #0
 836              	.LCFI20:
 837              		.cfi_def_cfa_register 7
 838 0006 7860     		str	r0, [r7, #4]
 839 0008 0B46     		mov	r3, r1
 840 000a 7B80     		strh	r3, [r7, #2]	@ movhi
 841 000c 1346     		mov	r3, r2
 842 000e 7B70     		strb	r3, [r7, #1]
 431:Drivers/STM32F3xx_HAL_Driver/Src/stm32f3xx_hal_gpio.c ****   /* Check the parameters */
 432:Drivers/STM32F3xx_HAL_Driver/Src/stm32f3xx_hal_gpio.c ****   assert_param(IS_GPIO_PIN(GPIO_Pin));
 433:Drivers/STM32F3xx_HAL_Driver/Src/stm32f3xx_hal_gpio.c ****   assert_param(IS_GPIO_PIN_ACTION(PinState));
 434:Drivers/STM32F3xx_HAL_Driver/Src/stm32f3xx_hal_gpio.c **** 
 435:Drivers/STM32F3xx_HAL_Driver/Src/stm32f3xx_hal_gpio.c ****   if(PinState != GPIO_PIN_RESET)
 843              		.loc 1 435 0
 844 0010 7B78     		ldrb	r3, [r7, #1]	@ zero_extendqisi2
 845 0012 002B     		cmp	r3, #0
 846 0014 03D0     		beq	.L42
 436:Drivers/STM32F3xx_HAL_Driver/Src/stm32f3xx_hal_gpio.c ****   {
 437:Drivers/STM32F3xx_HAL_Driver/Src/stm32f3xx_hal_gpio.c ****     GPIOx->BSRR = (uint32_t)GPIO_Pin;
 847              		.loc 1 437 0
 848 0016 7A88     		ldrh	r2, [r7, #2]
 849 0018 7B68     		ldr	r3, [r7, #4]
 850 001a 9A61     		str	r2, [r3, #24]
 438:Drivers/STM32F3xx_HAL_Driver/Src/stm32f3xx_hal_gpio.c ****   }
 439:Drivers/STM32F3xx_HAL_Driver/Src/stm32f3xx_hal_gpio.c ****   else
 440:Drivers/STM32F3xx_HAL_Driver/Src/stm32f3xx_hal_gpio.c ****   {
 441:Drivers/STM32F3xx_HAL_Driver/Src/stm32f3xx_hal_gpio.c ****     GPIOx->BRR = (uint32_t)GPIO_Pin;
 442:Drivers/STM32F3xx_HAL_Driver/Src/stm32f3xx_hal_gpio.c ****   }
 443:Drivers/STM32F3xx_HAL_Driver/Src/stm32f3xx_hal_gpio.c **** }
 851              		.loc 1 443 0
 852 001c 02E0     		b	.L44
 853              	.L42:
 441:Drivers/STM32F3xx_HAL_Driver/Src/stm32f3xx_hal_gpio.c ****   }
 854              		.loc 1 441 0
 855 001e 7A88     		ldrh	r2, [r7, #2]
 856 0020 7B68     		ldr	r3, [r7, #4]
 857 0022 9A62     		str	r2, [r3, #40]
 858              	.L44:
 859              		.loc 1 443 0
 860 0024 00BF     		nop
 861 0026 0C37     		adds	r7, r7, #12
 862              	.LCFI21:
 863              		.cfi_def_cfa_offset 4
 864 0028 BD46     		mov	sp, r7
 865              	.LCFI22:
 866              		.cfi_def_cfa_register 13
 867              		@ sp needed
 868 002a 5DF8047B 		ldr	r7, [sp], #4
 869              	.LCFI23:
 870              		.cfi_restore 7
 871              		.cfi_def_cfa_offset 0
 872 002e 7047     		bx	lr
 873              		.cfi_endproc
ARM GAS  /tmp/ccg7zXrS.s 			page 24


 874              	.LFE698:
 876              		.section	.text.HAL_GPIO_TogglePin,"ax",%progbits
 877              		.align	1
 878              		.global	HAL_GPIO_TogglePin
 879              		.syntax unified
 880              		.thumb
 881              		.thumb_func
 882              		.fpu fpv4-sp-d16
 884              	HAL_GPIO_TogglePin:
 885              	.LFB699:
 444:Drivers/STM32F3xx_HAL_Driver/Src/stm32f3xx_hal_gpio.c **** 
 445:Drivers/STM32F3xx_HAL_Driver/Src/stm32f3xx_hal_gpio.c **** /**
 446:Drivers/STM32F3xx_HAL_Driver/Src/stm32f3xx_hal_gpio.c ****   * @brief  Toggle the specified GPIO pin.
 447:Drivers/STM32F3xx_HAL_Driver/Src/stm32f3xx_hal_gpio.c ****   * @param  GPIOx where x can be (A..F) to select the GPIO peripheral for STM32F3 family
 448:Drivers/STM32F3xx_HAL_Driver/Src/stm32f3xx_hal_gpio.c ****   * @param  GPIO_Pin specifies the pin to be toggled.
 449:Drivers/STM32F3xx_HAL_Driver/Src/stm32f3xx_hal_gpio.c ****   * @retval None
 450:Drivers/STM32F3xx_HAL_Driver/Src/stm32f3xx_hal_gpio.c ****   */
 451:Drivers/STM32F3xx_HAL_Driver/Src/stm32f3xx_hal_gpio.c **** void HAL_GPIO_TogglePin(GPIO_TypeDef* GPIOx, uint16_t GPIO_Pin)
 452:Drivers/STM32F3xx_HAL_Driver/Src/stm32f3xx_hal_gpio.c **** {
 886              		.loc 1 452 0
 887              		.cfi_startproc
 888              		@ args = 0, pretend = 0, frame = 8
 889              		@ frame_needed = 1, uses_anonymous_args = 0
 890              		@ link register save eliminated.
 891 0000 80B4     		push	{r7}
 892              	.LCFI24:
 893              		.cfi_def_cfa_offset 4
 894              		.cfi_offset 7, -4
 895 0002 83B0     		sub	sp, sp, #12
 896              	.LCFI25:
 897              		.cfi_def_cfa_offset 16
 898 0004 00AF     		add	r7, sp, #0
 899              	.LCFI26:
 900              		.cfi_def_cfa_register 7
 901 0006 7860     		str	r0, [r7, #4]
 902 0008 0B46     		mov	r3, r1
 903 000a 7B80     		strh	r3, [r7, #2]	@ movhi
 453:Drivers/STM32F3xx_HAL_Driver/Src/stm32f3xx_hal_gpio.c ****   /* Check the parameters */
 454:Drivers/STM32F3xx_HAL_Driver/Src/stm32f3xx_hal_gpio.c ****   assert_param(IS_GPIO_PIN(GPIO_Pin));
 455:Drivers/STM32F3xx_HAL_Driver/Src/stm32f3xx_hal_gpio.c **** 
 456:Drivers/STM32F3xx_HAL_Driver/Src/stm32f3xx_hal_gpio.c ****   GPIOx->ODR ^= GPIO_Pin;
 904              		.loc 1 456 0
 905 000c 7B68     		ldr	r3, [r7, #4]
 906 000e 5A69     		ldr	r2, [r3, #20]
 907 0010 7B88     		ldrh	r3, [r7, #2]
 908 0012 5A40     		eors	r2, r2, r3
 909 0014 7B68     		ldr	r3, [r7, #4]
 910 0016 5A61     		str	r2, [r3, #20]
 457:Drivers/STM32F3xx_HAL_Driver/Src/stm32f3xx_hal_gpio.c **** }
 911              		.loc 1 457 0
 912 0018 00BF     		nop
 913 001a 0C37     		adds	r7, r7, #12
 914              	.LCFI27:
 915              		.cfi_def_cfa_offset 4
 916 001c BD46     		mov	sp, r7
 917              	.LCFI28:
 918              		.cfi_def_cfa_register 13
ARM GAS  /tmp/ccg7zXrS.s 			page 25


 919              		@ sp needed
 920 001e 5DF8047B 		ldr	r7, [sp], #4
 921              	.LCFI29:
 922              		.cfi_restore 7
 923              		.cfi_def_cfa_offset 0
 924 0022 7047     		bx	lr
 925              		.cfi_endproc
 926              	.LFE699:
 928              		.section	.text.HAL_GPIO_LockPin,"ax",%progbits
 929              		.align	1
 930              		.global	HAL_GPIO_LockPin
 931              		.syntax unified
 932              		.thumb
 933              		.thumb_func
 934              		.fpu fpv4-sp-d16
 936              	HAL_GPIO_LockPin:
 937              	.LFB700:
 458:Drivers/STM32F3xx_HAL_Driver/Src/stm32f3xx_hal_gpio.c **** 
 459:Drivers/STM32F3xx_HAL_Driver/Src/stm32f3xx_hal_gpio.c **** /**
 460:Drivers/STM32F3xx_HAL_Driver/Src/stm32f3xx_hal_gpio.c **** * @brief  Lock GPIO Pins configuration registers.
 461:Drivers/STM32F3xx_HAL_Driver/Src/stm32f3xx_hal_gpio.c ****   * @note   The locked registers are GPIOx_MODER, GPIOx_OTYPER, GPIOx_OSPEEDR,
 462:Drivers/STM32F3xx_HAL_Driver/Src/stm32f3xx_hal_gpio.c ****   *         GPIOx_PUPDR, GPIOx_AFRL and GPIOx_AFRH.
 463:Drivers/STM32F3xx_HAL_Driver/Src/stm32f3xx_hal_gpio.c ****   * @note   The configuration of the locked GPIO pins can no longer be modified
 464:Drivers/STM32F3xx_HAL_Driver/Src/stm32f3xx_hal_gpio.c ****   *         until the next reset.
 465:Drivers/STM32F3xx_HAL_Driver/Src/stm32f3xx_hal_gpio.c ****   * @param  GPIOx where x can be (A..F) to select the GPIO peripheral for STM32F3 family
 466:Drivers/STM32F3xx_HAL_Driver/Src/stm32f3xx_hal_gpio.c ****   * @param  GPIO_Pin specifies the port bits to be locked.
 467:Drivers/STM32F3xx_HAL_Driver/Src/stm32f3xx_hal_gpio.c ****   *         This parameter can be any combination of GPIO_Pin_x where x can be (0..15).
 468:Drivers/STM32F3xx_HAL_Driver/Src/stm32f3xx_hal_gpio.c ****   * @retval None
 469:Drivers/STM32F3xx_HAL_Driver/Src/stm32f3xx_hal_gpio.c ****   */
 470:Drivers/STM32F3xx_HAL_Driver/Src/stm32f3xx_hal_gpio.c **** HAL_StatusTypeDef HAL_GPIO_LockPin(GPIO_TypeDef* GPIOx, uint16_t GPIO_Pin)
 471:Drivers/STM32F3xx_HAL_Driver/Src/stm32f3xx_hal_gpio.c **** {
 938              		.loc 1 471 0
 939              		.cfi_startproc
 940              		@ args = 0, pretend = 0, frame = 16
 941              		@ frame_needed = 1, uses_anonymous_args = 0
 942              		@ link register save eliminated.
 943 0000 80B4     		push	{r7}
 944              	.LCFI30:
 945              		.cfi_def_cfa_offset 4
 946              		.cfi_offset 7, -4
 947 0002 85B0     		sub	sp, sp, #20
 948              	.LCFI31:
 949              		.cfi_def_cfa_offset 24
 950 0004 00AF     		add	r7, sp, #0
 951              	.LCFI32:
 952              		.cfi_def_cfa_register 7
 953 0006 7860     		str	r0, [r7, #4]
 954 0008 0B46     		mov	r3, r1
 955 000a 7B80     		strh	r3, [r7, #2]	@ movhi
 472:Drivers/STM32F3xx_HAL_Driver/Src/stm32f3xx_hal_gpio.c ****   __IO uint32_t tmp = GPIO_LCKR_LCKK;
 956              		.loc 1 472 0
 957 000c 4FF48033 		mov	r3, #65536
 958 0010 FB60     		str	r3, [r7, #12]
 473:Drivers/STM32F3xx_HAL_Driver/Src/stm32f3xx_hal_gpio.c **** 
 474:Drivers/STM32F3xx_HAL_Driver/Src/stm32f3xx_hal_gpio.c ****   /* Check the parameters */
 475:Drivers/STM32F3xx_HAL_Driver/Src/stm32f3xx_hal_gpio.c ****   assert_param(IS_GPIO_LOCK_INSTANCE(GPIOx));
 476:Drivers/STM32F3xx_HAL_Driver/Src/stm32f3xx_hal_gpio.c ****   assert_param(IS_GPIO_PIN(GPIO_Pin));
ARM GAS  /tmp/ccg7zXrS.s 			page 26


 477:Drivers/STM32F3xx_HAL_Driver/Src/stm32f3xx_hal_gpio.c **** 
 478:Drivers/STM32F3xx_HAL_Driver/Src/stm32f3xx_hal_gpio.c ****   /* Apply lock key write sequence */
 479:Drivers/STM32F3xx_HAL_Driver/Src/stm32f3xx_hal_gpio.c ****   tmp |= GPIO_Pin;
 959              		.loc 1 479 0
 960 0012 7A88     		ldrh	r2, [r7, #2]
 961 0014 FB68     		ldr	r3, [r7, #12]
 962 0016 1343     		orrs	r3, r3, r2
 963 0018 FB60     		str	r3, [r7, #12]
 480:Drivers/STM32F3xx_HAL_Driver/Src/stm32f3xx_hal_gpio.c ****   /* Set LCKx bit(s): LCKK='1' + LCK[15U-0] */
 481:Drivers/STM32F3xx_HAL_Driver/Src/stm32f3xx_hal_gpio.c ****   GPIOx->LCKR = tmp;
 964              		.loc 1 481 0
 965 001a FA68     		ldr	r2, [r7, #12]
 966 001c 7B68     		ldr	r3, [r7, #4]
 967 001e DA61     		str	r2, [r3, #28]
 482:Drivers/STM32F3xx_HAL_Driver/Src/stm32f3xx_hal_gpio.c ****   /* Reset LCKx bit(s): LCKK='0' + LCK[15U-0] */
 483:Drivers/STM32F3xx_HAL_Driver/Src/stm32f3xx_hal_gpio.c ****   GPIOx->LCKR = GPIO_Pin;
 968              		.loc 1 483 0
 969 0020 7A88     		ldrh	r2, [r7, #2]
 970 0022 7B68     		ldr	r3, [r7, #4]
 971 0024 DA61     		str	r2, [r3, #28]
 484:Drivers/STM32F3xx_HAL_Driver/Src/stm32f3xx_hal_gpio.c ****   /* Set LCKx bit(s): LCKK='1' + LCK[15U-0] */
 485:Drivers/STM32F3xx_HAL_Driver/Src/stm32f3xx_hal_gpio.c ****   GPIOx->LCKR = tmp;
 972              		.loc 1 485 0
 973 0026 FA68     		ldr	r2, [r7, #12]
 974 0028 7B68     		ldr	r3, [r7, #4]
 975 002a DA61     		str	r2, [r3, #28]
 486:Drivers/STM32F3xx_HAL_Driver/Src/stm32f3xx_hal_gpio.c ****   /* Read LCKK bit*/
 487:Drivers/STM32F3xx_HAL_Driver/Src/stm32f3xx_hal_gpio.c ****   tmp = GPIOx->LCKR;
 976              		.loc 1 487 0
 977 002c 7B68     		ldr	r3, [r7, #4]
 978 002e DB69     		ldr	r3, [r3, #28]
 979 0030 FB60     		str	r3, [r7, #12]
 488:Drivers/STM32F3xx_HAL_Driver/Src/stm32f3xx_hal_gpio.c **** 
 489:Drivers/STM32F3xx_HAL_Driver/Src/stm32f3xx_hal_gpio.c ****   if((GPIOx->LCKR & GPIO_LCKR_LCKK) != RESET)
 980              		.loc 1 489 0
 981 0032 7B68     		ldr	r3, [r7, #4]
 982 0034 DB69     		ldr	r3, [r3, #28]
 983 0036 03F48033 		and	r3, r3, #65536
 984 003a 002B     		cmp	r3, #0
 985 003c 01D0     		beq	.L47
 490:Drivers/STM32F3xx_HAL_Driver/Src/stm32f3xx_hal_gpio.c ****   {
 491:Drivers/STM32F3xx_HAL_Driver/Src/stm32f3xx_hal_gpio.c ****     return HAL_OK;
 986              		.loc 1 491 0
 987 003e 0023     		movs	r3, #0
 988 0040 00E0     		b	.L48
 989              	.L47:
 492:Drivers/STM32F3xx_HAL_Driver/Src/stm32f3xx_hal_gpio.c ****   }
 493:Drivers/STM32F3xx_HAL_Driver/Src/stm32f3xx_hal_gpio.c ****   else
 494:Drivers/STM32F3xx_HAL_Driver/Src/stm32f3xx_hal_gpio.c ****   {
 495:Drivers/STM32F3xx_HAL_Driver/Src/stm32f3xx_hal_gpio.c ****     return HAL_ERROR;
 990              		.loc 1 495 0
 991 0042 0123     		movs	r3, #1
 992              	.L48:
 496:Drivers/STM32F3xx_HAL_Driver/Src/stm32f3xx_hal_gpio.c ****   }
 497:Drivers/STM32F3xx_HAL_Driver/Src/stm32f3xx_hal_gpio.c **** }
 993              		.loc 1 497 0
 994 0044 1846     		mov	r0, r3
ARM GAS  /tmp/ccg7zXrS.s 			page 27


 995 0046 1437     		adds	r7, r7, #20
 996              	.LCFI33:
 997              		.cfi_def_cfa_offset 4
 998 0048 BD46     		mov	sp, r7
 999              	.LCFI34:
 1000              		.cfi_def_cfa_register 13
 1001              		@ sp needed
 1002 004a 5DF8047B 		ldr	r7, [sp], #4
 1003              	.LCFI35:
 1004              		.cfi_restore 7
 1005              		.cfi_def_cfa_offset 0
 1006 004e 7047     		bx	lr
 1007              		.cfi_endproc
 1008              	.LFE700:
 1010              		.section	.text.HAL_GPIO_EXTI_IRQHandler,"ax",%progbits
 1011              		.align	1
 1012              		.global	HAL_GPIO_EXTI_IRQHandler
 1013              		.syntax unified
 1014              		.thumb
 1015              		.thumb_func
 1016              		.fpu fpv4-sp-d16
 1018              	HAL_GPIO_EXTI_IRQHandler:
 1019              	.LFB701:
 498:Drivers/STM32F3xx_HAL_Driver/Src/stm32f3xx_hal_gpio.c **** 
 499:Drivers/STM32F3xx_HAL_Driver/Src/stm32f3xx_hal_gpio.c **** /**
 500:Drivers/STM32F3xx_HAL_Driver/Src/stm32f3xx_hal_gpio.c ****   * @brief  Handle EXTI interrupt request.
 501:Drivers/STM32F3xx_HAL_Driver/Src/stm32f3xx_hal_gpio.c ****   * @param  GPIO_Pin Specifies the port pin connected to corresponding EXTI line.
 502:Drivers/STM32F3xx_HAL_Driver/Src/stm32f3xx_hal_gpio.c ****   * @retval None
 503:Drivers/STM32F3xx_HAL_Driver/Src/stm32f3xx_hal_gpio.c ****   */
 504:Drivers/STM32F3xx_HAL_Driver/Src/stm32f3xx_hal_gpio.c **** void HAL_GPIO_EXTI_IRQHandler(uint16_t GPIO_Pin)
 505:Drivers/STM32F3xx_HAL_Driver/Src/stm32f3xx_hal_gpio.c **** {
 1020              		.loc 1 505 0
 1021              		.cfi_startproc
 1022              		@ args = 0, pretend = 0, frame = 8
 1023              		@ frame_needed = 1, uses_anonymous_args = 0
 1024 0000 80B5     		push	{r7, lr}
 1025              	.LCFI36:
 1026              		.cfi_def_cfa_offset 8
 1027              		.cfi_offset 7, -8
 1028              		.cfi_offset 14, -4
 1029 0002 82B0     		sub	sp, sp, #8
 1030              	.LCFI37:
 1031              		.cfi_def_cfa_offset 16
 1032 0004 00AF     		add	r7, sp, #0
 1033              	.LCFI38:
 1034              		.cfi_def_cfa_register 7
 1035 0006 0346     		mov	r3, r0
 1036 0008 FB80     		strh	r3, [r7, #6]	@ movhi
 506:Drivers/STM32F3xx_HAL_Driver/Src/stm32f3xx_hal_gpio.c ****   /* EXTI line interrupt detected */
 507:Drivers/STM32F3xx_HAL_Driver/Src/stm32f3xx_hal_gpio.c ****   if(__HAL_GPIO_EXTI_GET_IT(GPIO_Pin) != RESET)
 1037              		.loc 1 507 0
 1038 000a 084B     		ldr	r3, .L52
 1039 000c 5A69     		ldr	r2, [r3, #20]
 1040 000e FB88     		ldrh	r3, [r7, #6]
 1041 0010 1340     		ands	r3, r3, r2
 1042 0012 002B     		cmp	r3, #0
 1043 0014 06D0     		beq	.L51
ARM GAS  /tmp/ccg7zXrS.s 			page 28


 508:Drivers/STM32F3xx_HAL_Driver/Src/stm32f3xx_hal_gpio.c ****   {
 509:Drivers/STM32F3xx_HAL_Driver/Src/stm32f3xx_hal_gpio.c ****     __HAL_GPIO_EXTI_CLEAR_IT(GPIO_Pin);
 1044              		.loc 1 509 0
 1045 0016 054A     		ldr	r2, .L52
 1046 0018 FB88     		ldrh	r3, [r7, #6]
 1047 001a 5361     		str	r3, [r2, #20]
 510:Drivers/STM32F3xx_HAL_Driver/Src/stm32f3xx_hal_gpio.c ****     HAL_GPIO_EXTI_Callback(GPIO_Pin);
 1048              		.loc 1 510 0
 1049 001c FB88     		ldrh	r3, [r7, #6]
 1050 001e 1846     		mov	r0, r3
 1051 0020 FFF7FEFF 		bl	HAL_GPIO_EXTI_Callback
 1052              	.L51:
 511:Drivers/STM32F3xx_HAL_Driver/Src/stm32f3xx_hal_gpio.c ****   }
 512:Drivers/STM32F3xx_HAL_Driver/Src/stm32f3xx_hal_gpio.c **** }
 1053              		.loc 1 512 0
 1054 0024 00BF     		nop
 1055 0026 0837     		adds	r7, r7, #8
 1056              	.LCFI39:
 1057              		.cfi_def_cfa_offset 8
 1058 0028 BD46     		mov	sp, r7
 1059              	.LCFI40:
 1060              		.cfi_def_cfa_register 13
 1061              		@ sp needed
 1062 002a 80BD     		pop	{r7, pc}
 1063              	.L53:
 1064              		.align	2
 1065              	.L52:
 1066 002c 00040140 		.word	1073808384
 1067              		.cfi_endproc
 1068              	.LFE701:
 1070              		.section	.text.HAL_GPIO_EXTI_Callback,"ax",%progbits
 1071              		.align	1
 1072              		.weak	HAL_GPIO_EXTI_Callback
 1073              		.syntax unified
 1074              		.thumb
 1075              		.thumb_func
 1076              		.fpu fpv4-sp-d16
 1078              	HAL_GPIO_EXTI_Callback:
 1079              	.LFB702:
 513:Drivers/STM32F3xx_HAL_Driver/Src/stm32f3xx_hal_gpio.c **** 
 514:Drivers/STM32F3xx_HAL_Driver/Src/stm32f3xx_hal_gpio.c **** /**
 515:Drivers/STM32F3xx_HAL_Driver/Src/stm32f3xx_hal_gpio.c ****   * @brief  EXTI line detection callback.
 516:Drivers/STM32F3xx_HAL_Driver/Src/stm32f3xx_hal_gpio.c ****   * @param  GPIO_Pin Specifies the port pin connected to corresponding EXTI line.
 517:Drivers/STM32F3xx_HAL_Driver/Src/stm32f3xx_hal_gpio.c ****   * @retval None
 518:Drivers/STM32F3xx_HAL_Driver/Src/stm32f3xx_hal_gpio.c ****   */
 519:Drivers/STM32F3xx_HAL_Driver/Src/stm32f3xx_hal_gpio.c **** __weak void HAL_GPIO_EXTI_Callback(uint16_t GPIO_Pin)
 520:Drivers/STM32F3xx_HAL_Driver/Src/stm32f3xx_hal_gpio.c **** {
 1080              		.loc 1 520 0
 1081              		.cfi_startproc
 1082              		@ args = 0, pretend = 0, frame = 8
 1083              		@ frame_needed = 1, uses_anonymous_args = 0
 1084              		@ link register save eliminated.
 1085 0000 80B4     		push	{r7}
 1086              	.LCFI41:
 1087              		.cfi_def_cfa_offset 4
 1088              		.cfi_offset 7, -4
 1089 0002 83B0     		sub	sp, sp, #12
ARM GAS  /tmp/ccg7zXrS.s 			page 29


 1090              	.LCFI42:
 1091              		.cfi_def_cfa_offset 16
 1092 0004 00AF     		add	r7, sp, #0
 1093              	.LCFI43:
 1094              		.cfi_def_cfa_register 7
 1095 0006 0346     		mov	r3, r0
 1096 0008 FB80     		strh	r3, [r7, #6]	@ movhi
 521:Drivers/STM32F3xx_HAL_Driver/Src/stm32f3xx_hal_gpio.c ****   /* Prevent unused argument(s) compilation warning */
 522:Drivers/STM32F3xx_HAL_Driver/Src/stm32f3xx_hal_gpio.c ****   UNUSED(GPIO_Pin);
 523:Drivers/STM32F3xx_HAL_Driver/Src/stm32f3xx_hal_gpio.c **** 
 524:Drivers/STM32F3xx_HAL_Driver/Src/stm32f3xx_hal_gpio.c ****   /* NOTE: This function should not be modified, when the callback is needed,
 525:Drivers/STM32F3xx_HAL_Driver/Src/stm32f3xx_hal_gpio.c ****            the HAL_GPIO_EXTI_Callback could be implemented in the user file
 526:Drivers/STM32F3xx_HAL_Driver/Src/stm32f3xx_hal_gpio.c ****    */
 527:Drivers/STM32F3xx_HAL_Driver/Src/stm32f3xx_hal_gpio.c **** }
 1097              		.loc 1 527 0
 1098 000a 00BF     		nop
 1099 000c 0C37     		adds	r7, r7, #12
 1100              	.LCFI44:
 1101              		.cfi_def_cfa_offset 4
 1102 000e BD46     		mov	sp, r7
 1103              	.LCFI45:
 1104              		.cfi_def_cfa_register 13
 1105              		@ sp needed
 1106 0010 5DF8047B 		ldr	r7, [sp], #4
 1107              	.LCFI46:
 1108              		.cfi_restore 7
 1109              		.cfi_def_cfa_offset 0
 1110 0014 7047     		bx	lr
 1111              		.cfi_endproc
 1112              	.LFE702:
 1114              		.text
 1115              	.Letext0:
 1116              		.file 2 "/usr/arm-none-eabi/include/machine/_default_types.h"
 1117              		.file 3 "/usr/arm-none-eabi/include/sys/_stdint.h"
 1118              		.file 4 "Drivers/CMSIS/Include/core_cm4.h"
 1119              		.file 5 "Drivers/CMSIS/Device/ST/STM32F3xx/Include/system_stm32f3xx.h"
 1120              		.file 6 "Drivers/CMSIS/Device/ST/STM32F3xx/Include/stm32f303x8.h"
 1121              		.file 7 "/usr/arm-none-eabi/include/sys/lock.h"
 1122              		.file 8 "/usr/arm-none-eabi/include/sys/_types.h"
 1123              		.file 9 "/usr/lib/gcc/arm-none-eabi/7.3.0/include/stddef.h"
 1124              		.file 10 "/usr/arm-none-eabi/include/sys/reent.h"
 1125              		.file 11 "Drivers/CMSIS/Device/ST/STM32F3xx/Include/stm32f3xx.h"
 1126              		.file 12 "Drivers/STM32F3xx_HAL_Driver/Inc/stm32f3xx_hal_def.h"
 1127              		.file 13 "Drivers/STM32F3xx_HAL_Driver/Inc/stm32f3xx_hal_gpio.h"
 1128              		.file 14 "Drivers/STM32F3xx_HAL_Driver/Inc/stm32f3xx_ll_dma.h"
ARM GAS  /tmp/ccg7zXrS.s 			page 30


DEFINED SYMBOLS
                            *ABS*:0000000000000000 stm32f3xx_hal_gpio.c
     /tmp/ccg7zXrS.s:18     .rodata.CHANNEL_OFFSET_TAB:0000000000000000 $d
     /tmp/ccg7zXrS.s:21     .rodata.CHANNEL_OFFSET_TAB:0000000000000000 CHANNEL_OFFSET_TAB
     /tmp/ccg7zXrS.s:30     .text.HAL_GPIO_Init:0000000000000000 $t
     /tmp/ccg7zXrS.s:37     .text.HAL_GPIO_Init:0000000000000000 HAL_GPIO_Init
     /tmp/ccg7zXrS.s:478    .text.HAL_GPIO_Init:00000000000002d4 $d
     /tmp/ccg7zXrS.s:488    .text.HAL_GPIO_DeInit:0000000000000000 $t
     /tmp/ccg7zXrS.s:495    .text.HAL_GPIO_DeInit:0000000000000000 HAL_GPIO_DeInit
     /tmp/ccg7zXrS.s:742    .text.HAL_GPIO_DeInit:0000000000000198 $d
     /tmp/ccg7zXrS.s:751    .text.HAL_GPIO_ReadPin:0000000000000000 $t
     /tmp/ccg7zXrS.s:758    .text.HAL_GPIO_ReadPin:0000000000000000 HAL_GPIO_ReadPin
     /tmp/ccg7zXrS.s:814    .text.HAL_GPIO_WritePin:0000000000000000 $t
     /tmp/ccg7zXrS.s:821    .text.HAL_GPIO_WritePin:0000000000000000 HAL_GPIO_WritePin
     /tmp/ccg7zXrS.s:877    .text.HAL_GPIO_TogglePin:0000000000000000 $t
     /tmp/ccg7zXrS.s:884    .text.HAL_GPIO_TogglePin:0000000000000000 HAL_GPIO_TogglePin
     /tmp/ccg7zXrS.s:929    .text.HAL_GPIO_LockPin:0000000000000000 $t
     /tmp/ccg7zXrS.s:936    .text.HAL_GPIO_LockPin:0000000000000000 HAL_GPIO_LockPin
     /tmp/ccg7zXrS.s:1011   .text.HAL_GPIO_EXTI_IRQHandler:0000000000000000 $t
     /tmp/ccg7zXrS.s:1018   .text.HAL_GPIO_EXTI_IRQHandler:0000000000000000 HAL_GPIO_EXTI_IRQHandler
     /tmp/ccg7zXrS.s:1078   .text.HAL_GPIO_EXTI_Callback:0000000000000000 HAL_GPIO_EXTI_Callback
     /tmp/ccg7zXrS.s:1066   .text.HAL_GPIO_EXTI_IRQHandler:000000000000002c $d
     /tmp/ccg7zXrS.s:1071   .text.HAL_GPIO_EXTI_Callback:0000000000000000 $t

NO UNDEFINED SYMBOLS
