ARM GAS  /tmp/ccbVe8zJ.s 			page 1


   1              		.cpu cortex-m4
   2              		.eabi_attribute 27, 1
   3              		.eabi_attribute 28, 1
   4              		.eabi_attribute 20, 1
   5              		.eabi_attribute 21, 1
   6              		.eabi_attribute 23, 3
   7              		.eabi_attribute 24, 1
   8              		.eabi_attribute 25, 1
   9              		.eabi_attribute 26, 1
  10              		.eabi_attribute 30, 1
  11              		.eabi_attribute 34, 1
  12              		.eabi_attribute 18, 4
  13              		.file	"gpio.c"
  14              		.text
  15              	.Ltext0:
  16              		.cfi_sections	.debug_frame
  17              		.section	.text.MX_GPIO_Init,"ax",%progbits
  18              		.align	1
  19              		.global	MX_GPIO_Init
  20              		.syntax unified
  21              		.thumb
  22              		.thumb_func
  23              		.fpu fpv4-sp-d16
  25              	MX_GPIO_Init:
  26              	.LFB695:
  27              		.file 1 "Src/gpio.c"
   1:Src/gpio.c    **** /**
   2:Src/gpio.c    ****   ******************************************************************************
   3:Src/gpio.c    ****   * File Name          : gpio.c
   4:Src/gpio.c    ****   * Description        : This file provides code for the configuration
   5:Src/gpio.c    ****   *                      of all used GPIO pins.
   6:Src/gpio.c    ****   ******************************************************************************
   7:Src/gpio.c    ****   ** This notice applies to any and all portions of this file
   8:Src/gpio.c    ****   * that are not between comment pairs USER CODE BEGIN and
   9:Src/gpio.c    ****   * USER CODE END. Other portions of this file, whether 
  10:Src/gpio.c    ****   * inserted by the user or by software development tools
  11:Src/gpio.c    ****   * are owned by their respective copyright owners.
  12:Src/gpio.c    ****   *
  13:Src/gpio.c    ****   * COPYRIGHT(c) 2018 STMicroelectronics
  14:Src/gpio.c    ****   *
  15:Src/gpio.c    ****   * Redistribution and use in source and binary forms, with or without modification,
  16:Src/gpio.c    ****   * are permitted provided that the following conditions are met:
  17:Src/gpio.c    ****   *   1. Redistributions of source code must retain the above copyright notice,
  18:Src/gpio.c    ****   *      this list of conditions and the following disclaimer.
  19:Src/gpio.c    ****   *   2. Redistributions in binary form must reproduce the above copyright notice,
  20:Src/gpio.c    ****   *      this list of conditions and the following disclaimer in the documentation
  21:Src/gpio.c    ****   *      and/or other materials provided with the distribution.
  22:Src/gpio.c    ****   *   3. Neither the name of STMicroelectronics nor the names of its contributors
  23:Src/gpio.c    ****   *      may be used to endorse or promote products derived from this software
  24:Src/gpio.c    ****   *      without specific prior written permission.
  25:Src/gpio.c    ****   *
  26:Src/gpio.c    ****   * THIS SOFTWARE IS PROVIDED BY THE COPYRIGHT HOLDERS AND CONTRIBUTORS "AS IS"
  27:Src/gpio.c    ****   * AND ANY EXPRESS OR IMPLIED WARRANTIES, INCLUDING, BUT NOT LIMITED TO, THE
  28:Src/gpio.c    ****   * IMPLIED WARRANTIES OF MERCHANTABILITY AND FITNESS FOR A PARTICULAR PURPOSE ARE
  29:Src/gpio.c    ****   * DISCLAIMED. IN NO EVENT SHALL THE COPYRIGHT HOLDER OR CONTRIBUTORS BE LIABLE
  30:Src/gpio.c    ****   * FOR ANY DIRECT, INDIRECT, INCIDENTAL, SPECIAL, EXEMPLARY, OR CONSEQUENTIAL
  31:Src/gpio.c    ****   * DAMAGES (INCLUDING, BUT NOT LIMITED TO, PROCUREMENT OF SUBSTITUTE GOODS OR
ARM GAS  /tmp/ccbVe8zJ.s 			page 2


  32:Src/gpio.c    ****   * SERVICES; LOSS OF USE, DATA, OR PROFITS; OR BUSINESS INTERRUPTION) HOWEVER
  33:Src/gpio.c    ****   * CAUSED AND ON ANY THEORY OF LIABILITY, WHETHER IN CONTRACT, STRICT LIABILITY,
  34:Src/gpio.c    ****   * OR TORT (INCLUDING NEGLIGENCE OR OTHERWISE) ARISING IN ANY WAY OUT OF THE USE
  35:Src/gpio.c    ****   * OF THIS SOFTWARE, EVEN IF ADVISED OF THE POSSIBILITY OF SUCH DAMAGE.
  36:Src/gpio.c    ****   *
  37:Src/gpio.c    ****   ******************************************************************************
  38:Src/gpio.c    ****   */
  39:Src/gpio.c    **** 
  40:Src/gpio.c    **** /* Includes ------------------------------------------------------------------*/
  41:Src/gpio.c    **** #include "gpio.h"
  42:Src/gpio.c    **** /* USER CODE BEGIN 0 */
  43:Src/gpio.c    **** 
  44:Src/gpio.c    **** /* USER CODE END 0 */
  45:Src/gpio.c    **** 
  46:Src/gpio.c    **** /*----------------------------------------------------------------------------*/
  47:Src/gpio.c    **** /* Configure GPIO                                                             */
  48:Src/gpio.c    **** /*----------------------------------------------------------------------------*/
  49:Src/gpio.c    **** /* USER CODE BEGIN 1 */
  50:Src/gpio.c    **** 
  51:Src/gpio.c    **** /* USER CODE END 1 */
  52:Src/gpio.c    **** 
  53:Src/gpio.c    **** /** Configure pins as 
  54:Src/gpio.c    ****         * Analog 
  55:Src/gpio.c    ****         * Input 
  56:Src/gpio.c    ****         * Output
  57:Src/gpio.c    ****         * EVENT_OUT
  58:Src/gpio.c    ****         * EXTI
  59:Src/gpio.c    ****         * Free pins are configured automatically as Analog (this feature is enabled through 
  60:Src/gpio.c    ****         * the Code Generation settings)
  61:Src/gpio.c    **** */
  62:Src/gpio.c    **** void MX_GPIO_Init(void)
  63:Src/gpio.c    **** {
  28              		.loc 1 63 0
  29              		.cfi_startproc
  30              		@ args = 0, pretend = 0, frame = 32
  31              		@ frame_needed = 0, uses_anonymous_args = 0
  32 0000 F0B5     		push	{r4, r5, r6, r7, lr}
  33              	.LCFI0:
  34              		.cfi_def_cfa_offset 20
  35              		.cfi_offset 4, -20
  36              		.cfi_offset 5, -16
  37              		.cfi_offset 6, -12
  38              		.cfi_offset 7, -8
  39              		.cfi_offset 14, -4
  40 0002 89B0     		sub	sp, sp, #36
  41              	.LCFI1:
  42              		.cfi_def_cfa_offset 56
  43              	.LBB2:
  64:Src/gpio.c    **** 
  65:Src/gpio.c    ****   GPIO_InitTypeDef GPIO_InitStruct;
  66:Src/gpio.c    **** 
  67:Src/gpio.c    ****   /* GPIO Ports Clock Enable */
  68:Src/gpio.c    ****   __HAL_RCC_GPIOF_CLK_ENABLE();
  44              		.loc 1 68 0
  45 0004 2C4B     		ldr	r3, .L3
  46 0006 5A69     		ldr	r2, [r3, #20]
  47 0008 42F48002 		orr	r2, r2, #4194304
ARM GAS  /tmp/ccbVe8zJ.s 			page 3


  48 000c 5A61     		str	r2, [r3, #20]
  49 000e 5A69     		ldr	r2, [r3, #20]
  50 0010 02F48002 		and	r2, r2, #4194304
  51 0014 0092     		str	r2, [sp]
  52 0016 009A     		ldr	r2, [sp]
  53              	.LBE2:
  54              	.LBB3:
  69:Src/gpio.c    ****   __HAL_RCC_GPIOA_CLK_ENABLE();
  55              		.loc 1 69 0
  56 0018 5A69     		ldr	r2, [r3, #20]
  57 001a 42F40032 		orr	r2, r2, #131072
  58 001e 5A61     		str	r2, [r3, #20]
  59 0020 5A69     		ldr	r2, [r3, #20]
  60 0022 02F40032 		and	r2, r2, #131072
  61 0026 0192     		str	r2, [sp, #4]
  62 0028 019A     		ldr	r2, [sp, #4]
  63              	.LBE3:
  64              	.LBB4:
  70:Src/gpio.c    ****   __HAL_RCC_GPIOB_CLK_ENABLE();
  65              		.loc 1 70 0
  66 002a 5A69     		ldr	r2, [r3, #20]
  67 002c 42F48022 		orr	r2, r2, #262144
  68 0030 5A61     		str	r2, [r3, #20]
  69 0032 5B69     		ldr	r3, [r3, #20]
  70 0034 03F48023 		and	r3, r3, #262144
  71 0038 0293     		str	r3, [sp, #8]
  72 003a 029B     		ldr	r3, [sp, #8]
  73              	.LBE4:
  71:Src/gpio.c    **** 
  72:Src/gpio.c    ****   /*Configure GPIO pin Output Level */
  73:Src/gpio.c    ****   HAL_GPIO_WritePin(GPIOA, PURGE_Pin|BLANK_Pin|DATA_Pin|LINE_4_Pin 
  74              		.loc 1 73 0
  75 003c 0022     		movs	r2, #0
  76 003e 41F6F311 		movw	r1, #6643
  77 0042 4FF09040 		mov	r0, #1207959552
  78 0046 FFF7FEFF 		bl	HAL_GPIO_WritePin
  79              	.LVL0:
  74:Src/gpio.c    ****                           |LINE_3_Pin|LINE_2_Pin|SERIAL_IN_Pin|CLK_COL_Pin 
  75:Src/gpio.c    ****                           |LATCH_COL_Pin, GPIO_PIN_RESET);
  76:Src/gpio.c    **** 
  77:Src/gpio.c    ****   /*Configure GPIO pin Output Level */
  78:Src/gpio.c    ****   HAL_GPIO_WritePin(GPIOB, LINE_1_Pin|LINE_0_Pin, GPIO_PIN_RESET);
  80              		.loc 1 78 0
  81 004a 1C4E     		ldr	r6, .L3+4
  82 004c 0022     		movs	r2, #0
  83 004e 0321     		movs	r1, #3
  84 0050 3046     		mov	r0, r6
  85 0052 FFF7FEFF 		bl	HAL_GPIO_WritePin
  86              	.LVL1:
  79:Src/gpio.c    **** 
  80:Src/gpio.c    ****   /*Configure GPIO pins : PF0 PF1 */
  81:Src/gpio.c    ****   GPIO_InitStruct.Pin = GPIO_PIN_0|GPIO_PIN_1;
  87              		.loc 1 81 0
  88 0056 0324     		movs	r4, #3
  89 0058 0394     		str	r4, [sp, #12]
  82:Src/gpio.c    ****   GPIO_InitStruct.Mode = GPIO_MODE_ANALOG;
  90              		.loc 1 82 0
ARM GAS  /tmp/ccbVe8zJ.s 			page 4


  91 005a 0494     		str	r4, [sp, #16]
  83:Src/gpio.c    ****   GPIO_InitStruct.Pull = GPIO_NOPULL;
  92              		.loc 1 83 0
  93 005c 0025     		movs	r5, #0
  94 005e 0595     		str	r5, [sp, #20]
  84:Src/gpio.c    ****   HAL_GPIO_Init(GPIOF, &GPIO_InitStruct);
  95              		.loc 1 84 0
  96 0060 03A9     		add	r1, sp, #12
  97 0062 1748     		ldr	r0, .L3+8
  98 0064 FFF7FEFF 		bl	HAL_GPIO_Init
  99              	.LVL2:
  85:Src/gpio.c    **** 
  86:Src/gpio.c    ****   /*Configure GPIO pins : PAPin PAPin PAPin PAPin 
  87:Src/gpio.c    ****                            PAPin PAPin PAPin PAPin 
  88:Src/gpio.c    ****                            PAPin */
  89:Src/gpio.c    ****   GPIO_InitStruct.Pin = PURGE_Pin|BLANK_Pin|DATA_Pin|LINE_4_Pin 
 100              		.loc 1 89 0
 101 0068 41F6F313 		movw	r3, #6643
 102 006c 0393     		str	r3, [sp, #12]
  90:Src/gpio.c    ****                           |LINE_3_Pin|LINE_2_Pin|SERIAL_IN_Pin|CLK_COL_Pin 
  91:Src/gpio.c    ****                           |LATCH_COL_Pin;
  92:Src/gpio.c    ****   GPIO_InitStruct.Mode = GPIO_MODE_OUTPUT_PP;
 103              		.loc 1 92 0
 104 006e 0127     		movs	r7, #1
 105 0070 0497     		str	r7, [sp, #16]
  93:Src/gpio.c    ****   GPIO_InitStruct.Pull = GPIO_NOPULL;
 106              		.loc 1 93 0
 107 0072 0595     		str	r5, [sp, #20]
  94:Src/gpio.c    ****   GPIO_InitStruct.Speed = GPIO_SPEED_FREQ_HIGH;
 108              		.loc 1 94 0
 109 0074 0694     		str	r4, [sp, #24]
  95:Src/gpio.c    ****   HAL_GPIO_Init(GPIOA, &GPIO_InitStruct);
 110              		.loc 1 95 0
 111 0076 03A9     		add	r1, sp, #12
 112 0078 4FF09040 		mov	r0, #1207959552
 113 007c FFF7FEFF 		bl	HAL_GPIO_Init
 114              	.LVL3:
  96:Src/gpio.c    **** 
  97:Src/gpio.c    ****   /*Configure GPIO pins : PBPin PBPin */
  98:Src/gpio.c    ****   GPIO_InitStruct.Pin = LINE_1_Pin|LINE_0_Pin;
 115              		.loc 1 98 0
 116 0080 0394     		str	r4, [sp, #12]
  99:Src/gpio.c    ****   GPIO_InitStruct.Mode = GPIO_MODE_OUTPUT_PP;
 117              		.loc 1 99 0
 118 0082 0497     		str	r7, [sp, #16]
 100:Src/gpio.c    ****   GPIO_InitStruct.Pull = GPIO_NOPULL;
 119              		.loc 1 100 0
 120 0084 0595     		str	r5, [sp, #20]
 101:Src/gpio.c    ****   GPIO_InitStruct.Speed = GPIO_SPEED_FREQ_HIGH;
 121              		.loc 1 101 0
 122 0086 0694     		str	r4, [sp, #24]
 102:Src/gpio.c    ****   HAL_GPIO_Init(GPIOB, &GPIO_InitStruct);
 123              		.loc 1 102 0
 124 0088 03A9     		add	r1, sp, #12
 125 008a 3046     		mov	r0, r6
 126 008c FFF7FEFF 		bl	HAL_GPIO_Init
 127              	.LVL4:
ARM GAS  /tmp/ccbVe8zJ.s 			page 5


 103:Src/gpio.c    **** 
 104:Src/gpio.c    ****   /*Configure GPIO pin : PA15 */
 105:Src/gpio.c    ****   GPIO_InitStruct.Pin = GPIO_PIN_15;
 128              		.loc 1 105 0
 129 0090 4FF40043 		mov	r3, #32768
 130 0094 0393     		str	r3, [sp, #12]
 106:Src/gpio.c    ****   GPIO_InitStruct.Mode = GPIO_MODE_ANALOG;
 131              		.loc 1 106 0
 132 0096 0494     		str	r4, [sp, #16]
 107:Src/gpio.c    ****   GPIO_InitStruct.Pull = GPIO_NOPULL;
 133              		.loc 1 107 0
 134 0098 0595     		str	r5, [sp, #20]
 108:Src/gpio.c    ****   HAL_GPIO_Init(GPIOA, &GPIO_InitStruct);
 135              		.loc 1 108 0
 136 009a 03A9     		add	r1, sp, #12
 137 009c 4FF09040 		mov	r0, #1207959552
 138 00a0 FFF7FEFF 		bl	HAL_GPIO_Init
 139              	.LVL5:
 109:Src/gpio.c    **** 
 110:Src/gpio.c    ****   /*Configure GPIO pins : PB3 PB4 PB5 PB6 
 111:Src/gpio.c    ****                            PB7 */
 112:Src/gpio.c    ****   GPIO_InitStruct.Pin = GPIO_PIN_3|GPIO_PIN_4|GPIO_PIN_5|GPIO_PIN_6 
 140              		.loc 1 112 0
 141 00a4 F823     		movs	r3, #248
 142 00a6 0393     		str	r3, [sp, #12]
 113:Src/gpio.c    ****                           |GPIO_PIN_7;
 114:Src/gpio.c    ****   GPIO_InitStruct.Mode = GPIO_MODE_ANALOG;
 143              		.loc 1 114 0
 144 00a8 0494     		str	r4, [sp, #16]
 115:Src/gpio.c    ****   GPIO_InitStruct.Pull = GPIO_NOPULL;
 145              		.loc 1 115 0
 146 00aa 0595     		str	r5, [sp, #20]
 116:Src/gpio.c    ****   HAL_GPIO_Init(GPIOB, &GPIO_InitStruct);
 147              		.loc 1 116 0
 148 00ac 03A9     		add	r1, sp, #12
 149 00ae 3046     		mov	r0, r6
 150 00b0 FFF7FEFF 		bl	HAL_GPIO_Init
 151              	.LVL6:
 117:Src/gpio.c    **** 
 118:Src/gpio.c    **** }
 152              		.loc 1 118 0
 153 00b4 09B0     		add	sp, sp, #36
 154              	.LCFI2:
 155              		.cfi_def_cfa_offset 20
 156              		@ sp needed
 157 00b6 F0BD     		pop	{r4, r5, r6, r7, pc}
 158              	.L4:
 159              		.align	2
 160              	.L3:
 161 00b8 00100240 		.word	1073876992
 162 00bc 00040048 		.word	1207960576
 163 00c0 00140048 		.word	1207964672
 164              		.cfi_endproc
 165              	.LFE695:
 167              		.text
 168              	.Letext0:
 169              		.file 2 "/usr/arm-none-eabi/include/machine/_default_types.h"
ARM GAS  /tmp/ccbVe8zJ.s 			page 6


 170              		.file 3 "/usr/arm-none-eabi/include/sys/_stdint.h"
 171              		.file 4 "Drivers/CMSIS/Include/core_cm4.h"
 172              		.file 5 "Drivers/CMSIS/Device/ST/STM32F3xx/Include/system_stm32f3xx.h"
 173              		.file 6 "Drivers/CMSIS/Device/ST/STM32F3xx/Include/stm32f303x8.h"
 174              		.file 7 "Inc/main.h"
 175              		.file 8 "/usr/arm-none-eabi/include/sys/lock.h"
 176              		.file 9 "/usr/arm-none-eabi/include/sys/_types.h"
 177              		.file 10 "/usr/lib/gcc/arm-none-eabi/7.3.0/include/stddef.h"
 178              		.file 11 "/usr/arm-none-eabi/include/sys/reent.h"
 179              		.file 12 "Drivers/STM32F3xx_HAL_Driver/Inc/stm32f3xx_hal_gpio.h"
 180              		.file 13 "Drivers/STM32F3xx_HAL_Driver/Inc/stm32f3xx_ll_dma.h"
ARM GAS  /tmp/ccbVe8zJ.s 			page 7


DEFINED SYMBOLS
                            *ABS*:0000000000000000 gpio.c
     /tmp/ccbVe8zJ.s:18     .text.MX_GPIO_Init:0000000000000000 $t
     /tmp/ccbVe8zJ.s:25     .text.MX_GPIO_Init:0000000000000000 MX_GPIO_Init
     /tmp/ccbVe8zJ.s:161    .text.MX_GPIO_Init:00000000000000b8 $d

UNDEFINED SYMBOLS
HAL_GPIO_WritePin
HAL_GPIO_Init
