ARM GAS  /tmp/ccjWQ8Yy.s 			page 1


   1              		.cpu cortex-m4
   2              		.eabi_attribute 27, 1
   3              		.eabi_attribute 28, 1
   4              		.eabi_attribute 20, 1
   5              		.eabi_attribute 21, 1
   6              		.eabi_attribute 23, 3
   7              		.eabi_attribute 24, 1
   8              		.eabi_attribute 25, 1
   9              		.eabi_attribute 26, 1
  10              		.eabi_attribute 30, 1
  11              		.eabi_attribute 34, 1
  12              		.eabi_attribute 18, 4
  13              		.file	"sprites.c"
  14              		.text
  15              	.Ltext0:
  16              		.cfi_sections	.debug_frame
  17              		.global	sprites
  18              		.section	.data.sprites,"aw",%progbits
  19              		.align	2
  22              	sprites:
  23 0000 00       		.byte	0
  24 0001 00       		.byte	0
  25 0002 3F       		.byte	63
  26 0003 00       		.byte	0
  27 0004 7F       		.byte	127
  28 0005 80       		.byte	-128
  29 0006 73       		.byte	115
  30 0007 80       		.byte	-128
  31 0008 E1       		.byte	-31
  32 0009 C0       		.byte	-64
  33 000a E1       		.byte	-31
  34 000b C0       		.byte	-64
  35 000c C1       		.byte	-63
  36 000d C0       		.byte	-64
  37 000e C1       		.byte	-63
  38 000f C0       		.byte	-64
  39 0010 C1       		.byte	-63
  40 0011 C0       		.byte	-64
  41 0012 C1       		.byte	-63
  42 0013 C0       		.byte	-64
  43 0014 E1       		.byte	-31
  44 0015 C0       		.byte	-64
  45 0016 E1       		.byte	-31
  46 0017 C0       		.byte	-64
  47 0018 63       		.byte	99
  48 0019 80       		.byte	-128
  49 001a 7F       		.byte	127
  50 001b 80       		.byte	-128
  51 001c 3F       		.byte	63
  52 001d 00       		.byte	0
  53 001e 00       		.byte	0
  54 001f 00       		.byte	0
  55 0020 00       		.byte	0
  56 0021 00       		.byte	0
  57 0022 3E       		.byte	62
  58 0023 00       		.byte	0
  59 0024 7F       		.byte	127
ARM GAS  /tmp/ccjWQ8Yy.s 			page 2


  60 0025 80       		.byte	-128
  61 0026 61       		.byte	97
  62 0027 80       		.byte	-128
  63 0028 E1       		.byte	-31
  64 0029 C0       		.byte	-64
  65 002a E1       		.byte	-31
  66 002b C0       		.byte	-64
  67 002c C0       		.byte	-64
  68 002d C0       		.byte	-64
  69 002e C0       		.byte	-64
  70 002f C0       		.byte	-64
  71 0030 C0       		.byte	-64
  72 0031 C0       		.byte	-64
  73 0032 C0       		.byte	-64
  74 0033 C0       		.byte	-64
  75 0034 E1       		.byte	-31
  76 0035 C0       		.byte	-64
  77 0036 E1       		.byte	-31
  78 0037 C0       		.byte	-64
  79 0038 61       		.byte	97
  80 0039 80       		.byte	-128
  81 003a 7F       		.byte	127
  82 003b 80       		.byte	-128
  83 003c 3E       		.byte	62
  84 003d 00       		.byte	0
  85 003e 00       		.byte	0
  86 003f 00       		.byte	0
  87 0040 00       		.byte	0
  88 0041 00       		.byte	0
  89 0042 1E       		.byte	30
  90 0043 00       		.byte	0
  91 0044 3F       		.byte	63
  92 0045 00       		.byte	0
  93 0046 61       		.byte	97
  94 0047 80       		.byte	-128
  95 0048 61       		.byte	97
  96 0049 80       		.byte	-128
  97 004a C0       		.byte	-64
  98 004b C0       		.byte	-64
  99 004c C0       		.byte	-64
 100 004d C0       		.byte	-64
 101 004e C0       		.byte	-64
 102 004f C0       		.byte	-64
 103 0050 C0       		.byte	-64
 104 0051 C0       		.byte	-64
 105 0052 C0       		.byte	-64
 106 0053 C0       		.byte	-64
 107 0054 C0       		.byte	-64
 108 0055 C0       		.byte	-64
 109 0056 E1       		.byte	-31
 110 0057 80       		.byte	-128
 111 0058 61       		.byte	97
 112 0059 80       		.byte	-128
 113 005a 3F       		.byte	63
 114 005b 00       		.byte	0
 115 005c 1E       		.byte	30
 116 005d 00       		.byte	0
ARM GAS  /tmp/ccjWQ8Yy.s 			page 3


 117 005e 00       		.byte	0
 118 005f 00       		.byte	0
 119 0060 00       		.byte	0
 120 0061 00       		.byte	0
 121 0062 1E       		.byte	30
 122 0063 00       		.byte	0
 123 0064 3F       		.byte	63
 124 0065 00       		.byte	0
 125 0066 61       		.byte	97
 126 0067 80       		.byte	-128
 127 0068 61       		.byte	97
 128 0069 80       		.byte	-128
 129 006a C0       		.byte	-64
 130 006b C0       		.byte	-64
 131 006c C0       		.byte	-64
 132 006d C0       		.byte	-64
 133 006e C0       		.byte	-64
 134 006f C0       		.byte	-64
 135 0070 C0       		.byte	-64
 136 0071 C0       		.byte	-64
 137 0072 C0       		.byte	-64
 138 0073 C0       		.byte	-64
 139 0074 C0       		.byte	-64
 140 0075 C0       		.byte	-64
 141 0076 61       		.byte	97
 142 0077 80       		.byte	-128
 143 0078 61       		.byte	97
 144 0079 80       		.byte	-128
 145 007a 3F       		.byte	63
 146 007b 00       		.byte	0
 147 007c 1E       		.byte	30
 148 007d 00       		.byte	0
 149 007e 00       		.byte	0
 150 007f 00       		.byte	0
 151 0080 00       		.byte	0
 152 0081 00       		.byte	0
 153 0082 1E       		.byte	30
 154 0083 00       		.byte	0
 155 0084 37       		.byte	55
 156 0085 00       		.byte	0
 157 0086 61       		.byte	97
 158 0087 80       		.byte	-128
 159 0088 41       		.byte	65
 160 0089 80       		.byte	-128
 161 008a 40       		.byte	64
 162 008b 80       		.byte	-128
 163 008c C0       		.byte	-64
 164 008d C0       		.byte	-64
 165 008e C0       		.byte	-64
 166 008f C0       		.byte	-64
 167 0090 C0       		.byte	-64
 168 0091 C0       		.byte	-64
 169 0092 C0       		.byte	-64
 170 0093 C0       		.byte	-64
 171 0094 40       		.byte	64
 172 0095 80       		.byte	-128
 173 0096 41       		.byte	65
ARM GAS  /tmp/ccjWQ8Yy.s 			page 4


 174 0097 80       		.byte	-128
 175 0098 61       		.byte	97
 176 0099 80       		.byte	-128
 177 009a 33       		.byte	51
 178 009b 00       		.byte	0
 179 009c 1E       		.byte	30
 180 009d 00       		.byte	0
 181 009e 00       		.byte	0
 182 009f 00       		.byte	0
 183 00a0 00       		.byte	0
 184 00a1 00       		.byte	0
 185 00a2 1C       		.byte	28
 186 00a3 00       		.byte	0
 187 00a4 33       		.byte	51
 188 00a5 00       		.byte	0
 189 00a6 61       		.byte	97
 190 00a7 80       		.byte	-128
 191 00a8 40       		.byte	64
 192 00a9 80       		.byte	-128
 193 00aa 40       		.byte	64
 194 00ab 80       		.byte	-128
 195 00ac C0       		.byte	-64
 196 00ad 80       		.byte	-128
 197 00ae C0       		.byte	-64
 198 00af 80       		.byte	-128
 199 00b0 C0       		.byte	-64
 200 00b1 80       		.byte	-128
 201 00b2 C0       		.byte	-64
 202 00b3 80       		.byte	-128
 203 00b4 40       		.byte	64
 204 00b5 80       		.byte	-128
 205 00b6 40       		.byte	64
 206 00b7 80       		.byte	-128
 207 00b8 61       		.byte	97
 208 00b9 80       		.byte	-128
 209 00ba 33       		.byte	51
 210 00bb 00       		.byte	0
 211 00bc 1C       		.byte	28
 212 00bd 00       		.byte	0
 213 00be 00       		.byte	0
 214 00bf 00       		.byte	0
 215 00c0 00       		.byte	0
 216 00c1 00       		.byte	0
 217 00c2 0C       		.byte	12
 218 00c3 00       		.byte	0
 219 00c4 33       		.byte	51
 220 00c5 00       		.byte	0
 221 00c6 61       		.byte	97
 222 00c7 00       		.byte	0
 223 00c8 40       		.byte	64
 224 00c9 80       		.byte	-128
 225 00ca 40       		.byte	64
 226 00cb 80       		.byte	-128
 227 00cc 40       		.byte	64
 228 00cd 80       		.byte	-128
 229 00ce 40       		.byte	64
 230 00cf 80       		.byte	-128
ARM GAS  /tmp/ccjWQ8Yy.s 			page 5


 231 00d0 40       		.byte	64
 232 00d1 80       		.byte	-128
 233 00d2 40       		.byte	64
 234 00d3 80       		.byte	-128
 235 00d4 40       		.byte	64
 236 00d5 80       		.byte	-128
 237 00d6 40       		.byte	64
 238 00d7 80       		.byte	-128
 239 00d8 61       		.byte	97
 240 00d9 00       		.byte	0
 241 00da 33       		.byte	51
 242 00db 00       		.byte	0
 243 00dc 0C       		.byte	12
 244 00dd 00       		.byte	0
 245 00de 00       		.byte	0
 246 00df 00       		.byte	0
 247 00e0 1F       		.byte	31
 248 00e1 C0       		.byte	-64
 249 00e2 1F       		.byte	31
 250 00e3 C0       		.byte	-64
 251 00e4 1F       		.byte	31
 252 00e5 C0       		.byte	-64
 253 00e6 1C       		.byte	28
 254 00e7 00       		.byte	0
 255 00e8 1C       		.byte	28
 256 00e9 00       		.byte	0
 257 00ea 1C       		.byte	28
 258 00eb 00       		.byte	0
 259 00ec 1C       		.byte	28
 260 00ed 00       		.byte	0
 261 00ee 1C       		.byte	28
 262 00ef 00       		.byte	0
 263 00f0 1C       		.byte	28
 264 00f1 00       		.byte	0
 265 00f2 1C       		.byte	28
 266 00f3 00       		.byte	0
 267 00f4 1C       		.byte	28
 268 00f5 00       		.byte	0
 269 00f6 1C       		.byte	28
 270 00f7 00       		.byte	0
 271 00f8 1C       		.byte	28
 272 00f9 00       		.byte	0
 273 00fa 1C       		.byte	28
 274 00fb 00       		.byte	0
 275 00fc FF       		.byte	-1
 276 00fd C0       		.byte	-64
 277 00fe FF       		.byte	-1
 278 00ff C0       		.byte	-64
 279 0100 1F       		.byte	31
 280 0101 80       		.byte	-128
 281 0102 1F       		.byte	31
 282 0103 C0       		.byte	-64
 283 0104 1D       		.byte	29
 284 0105 C0       		.byte	-64
 285 0106 1C       		.byte	28
 286 0107 00       		.byte	0
 287 0108 1C       		.byte	28
ARM GAS  /tmp/ccjWQ8Yy.s 			page 6


 288 0109 00       		.byte	0
 289 010a 1C       		.byte	28
 290 010b 00       		.byte	0
 291 010c 1C       		.byte	28
 292 010d 00       		.byte	0
 293 010e 1C       		.byte	28
 294 010f 00       		.byte	0
 295 0110 1C       		.byte	28
 296 0111 00       		.byte	0
 297 0112 1C       		.byte	28
 298 0113 00       		.byte	0
 299 0114 1C       		.byte	28
 300 0115 00       		.byte	0
 301 0116 1C       		.byte	28
 302 0117 00       		.byte	0
 303 0118 1C       		.byte	28
 304 0119 00       		.byte	0
 305 011a 1C       		.byte	28
 306 011b 00       		.byte	0
 307 011c FF       		.byte	-1
 308 011d 80       		.byte	-128
 309 011e FF       		.byte	-1
 310 011f C0       		.byte	-64
 311 0120 1F       		.byte	31
 312 0121 80       		.byte	-128
 313 0122 1F       		.byte	31
 314 0123 C0       		.byte	-64
 315 0124 1C       		.byte	28
 316 0125 C0       		.byte	-64
 317 0126 1C       		.byte	28
 318 0127 00       		.byte	0
 319 0128 1C       		.byte	28
 320 0129 00       		.byte	0
 321 012a 1C       		.byte	28
 322 012b 00       		.byte	0
 323 012c 1C       		.byte	28
 324 012d 00       		.byte	0
 325 012e 1C       		.byte	28
 326 012f 00       		.byte	0
 327 0130 1C       		.byte	28
 328 0131 00       		.byte	0
 329 0132 1C       		.byte	28
 330 0133 00       		.byte	0
 331 0134 1C       		.byte	28
 332 0135 00       		.byte	0
 333 0136 1C       		.byte	28
 334 0137 00       		.byte	0
 335 0138 1C       		.byte	28
 336 0139 00       		.byte	0
 337 013a 1C       		.byte	28
 338 013b 00       		.byte	0
 339 013c FF       		.byte	-1
 340 013d 80       		.byte	-128
 341 013e FF       		.byte	-1
 342 013f 80       		.byte	-128
 343 0140 0F       		.byte	15
 344 0141 00       		.byte	0
ARM GAS  /tmp/ccjWQ8Yy.s 			page 7


 345 0142 0F       		.byte	15
 346 0143 C0       		.byte	-64
 347 0144 0C       		.byte	12
 348 0145 80       		.byte	-128
 349 0146 0C       		.byte	12
 350 0147 00       		.byte	0
 351 0148 0C       		.byte	12
 352 0149 00       		.byte	0
 353 014a 0C       		.byte	12
 354 014b 00       		.byte	0
 355 014c 0C       		.byte	12
 356 014d 00       		.byte	0
 357 014e 0C       		.byte	12
 358 014f 00       		.byte	0
 359 0150 0C       		.byte	12
 360 0151 00       		.byte	0
 361 0152 0C       		.byte	12
 362 0153 00       		.byte	0
 363 0154 0C       		.byte	12
 364 0155 00       		.byte	0
 365 0156 0C       		.byte	12
 366 0157 00       		.byte	0
 367 0158 0C       		.byte	12
 368 0159 00       		.byte	0
 369 015a 0C       		.byte	12
 370 015b 00       		.byte	0
 371 015c FF       		.byte	-1
 372 015d 80       		.byte	-128
 373 015e FF       		.byte	-1
 374 015f 80       		.byte	-128
 375 0160 0F       		.byte	15
 376 0161 00       		.byte	0
 377 0162 0F       		.byte	15
 378 0163 80       		.byte	-128
 379 0164 0C       		.byte	12
 380 0165 00       		.byte	0
 381 0166 0C       		.byte	12
 382 0167 00       		.byte	0
 383 0168 0C       		.byte	12
 384 0169 00       		.byte	0
 385 016a 0C       		.byte	12
 386 016b 00       		.byte	0
 387 016c 0C       		.byte	12
 388 016d 00       		.byte	0
 389 016e 0C       		.byte	12
 390 016f 00       		.byte	0
 391 0170 0C       		.byte	12
 392 0171 00       		.byte	0
 393 0172 0C       		.byte	12
 394 0173 00       		.byte	0
 395 0174 0C       		.byte	12
 396 0175 00       		.byte	0
 397 0176 0C       		.byte	12
 398 0177 00       		.byte	0
 399 0178 0C       		.byte	12
 400 0179 00       		.byte	0
 401 017a 0C       		.byte	12
ARM GAS  /tmp/ccjWQ8Yy.s 			page 8


 402 017b 00       		.byte	0
 403 017c FF       		.byte	-1
 404 017d 80       		.byte	-128
 405 017e FF       		.byte	-1
 406 017f 80       		.byte	-128
 407 0180 0E       		.byte	14
 408 0181 00       		.byte	0
 409 0182 0F       		.byte	15
 410 0183 80       		.byte	-128
 411 0184 08       		.byte	8
 412 0185 00       		.byte	0
 413 0186 08       		.byte	8
 414 0187 00       		.byte	0
 415 0188 08       		.byte	8
 416 0189 00       		.byte	0
 417 018a 08       		.byte	8
 418 018b 00       		.byte	0
 419 018c 08       		.byte	8
 420 018d 00       		.byte	0
 421 018e 08       		.byte	8
 422 018f 00       		.byte	0
 423 0190 08       		.byte	8
 424 0191 00       		.byte	0
 425 0192 08       		.byte	8
 426 0193 00       		.byte	0
 427 0194 08       		.byte	8
 428 0195 00       		.byte	0
 429 0196 08       		.byte	8
 430 0197 00       		.byte	0
 431 0198 08       		.byte	8
 432 0199 00       		.byte	0
 433 019a 08       		.byte	8
 434 019b 00       		.byte	0
 435 019c FF       		.byte	-1
 436 019d 80       		.byte	-128
 437 019e FF       		.byte	-1
 438 019f 80       		.byte	-128
 439 01a0 0C       		.byte	12
 440 01a1 00       		.byte	0
 441 01a2 0F       		.byte	15
 442 01a3 80       		.byte	-128
 443 01a4 08       		.byte	8
 444 01a5 00       		.byte	0
 445 01a6 08       		.byte	8
 446 01a7 00       		.byte	0
 447 01a8 08       		.byte	8
 448 01a9 00       		.byte	0
 449 01aa 08       		.byte	8
 450 01ab 00       		.byte	0
 451 01ac 08       		.byte	8
 452 01ad 00       		.byte	0
 453 01ae 08       		.byte	8
 454 01af 00       		.byte	0
 455 01b0 08       		.byte	8
 456 01b1 00       		.byte	0
 457 01b2 08       		.byte	8
 458 01b3 00       		.byte	0
ARM GAS  /tmp/ccjWQ8Yy.s 			page 9


 459 01b4 08       		.byte	8
 460 01b5 00       		.byte	0
 461 01b6 08       		.byte	8
 462 01b7 00       		.byte	0
 463 01b8 08       		.byte	8
 464 01b9 00       		.byte	0
 465 01ba 08       		.byte	8
 466 01bb 00       		.byte	0
 467 01bc 1C       		.byte	28
 468 01bd 00       		.byte	0
 469 01be FF       		.byte	-1
 470 01bf 80       		.byte	-128
 471 01c0 00       		.byte	0
 472 01c1 00       		.byte	0
 473 01c2 3F       		.byte	63
 474 01c3 80       		.byte	-128
 475 01c4 7F       		.byte	127
 476 01c5 C0       		.byte	-64
 477 01c6 F0       		.byte	-16
 478 01c7 C0       		.byte	-64
 479 01c8 E0       		.byte	-32
 480 01c9 00       		.byte	0
 481 01ca E0       		.byte	-32
 482 01cb 00       		.byte	0
 483 01cc E0       		.byte	-32
 484 01cd 00       		.byte	0
 485 01ce 70       		.byte	112
 486 01cf 00       		.byte	0
 487 01d0 38       		.byte	56
 488 01d1 00       		.byte	0
 489 01d2 1C       		.byte	28
 490 01d3 00       		.byte	0
 491 01d4 0E       		.byte	14
 492 01d5 00       		.byte	0
 493 01d6 07       		.byte	7
 494 01d7 00       		.byte	0
 495 01d8 03       		.byte	3
 496 01d9 80       		.byte	-128
 497 01da FF       		.byte	-1
 498 01db C0       		.byte	-64
 499 01dc FF       		.byte	-1
 500 01dd C0       		.byte	-64
 501 01de 00       		.byte	0
 502 01df 00       		.byte	0
 503 01e0 00       		.byte	0
 504 01e1 00       		.byte	0
 505 01e2 3F       		.byte	63
 506 01e3 80       		.byte	-128
 507 01e4 7F       		.byte	127
 508 01e5 C0       		.byte	-64
 509 01e6 E0       		.byte	-32
 510 01e7 C0       		.byte	-64
 511 01e8 E0       		.byte	-32
 512 01e9 00       		.byte	0
 513 01ea E0       		.byte	-32
 514 01eb 00       		.byte	0
 515 01ec E0       		.byte	-32
ARM GAS  /tmp/ccjWQ8Yy.s 			page 10


 516 01ed 00       		.byte	0
 517 01ee 70       		.byte	112
 518 01ef 00       		.byte	0
 519 01f0 38       		.byte	56
 520 01f1 00       		.byte	0
 521 01f2 1C       		.byte	28
 522 01f3 00       		.byte	0
 523 01f4 0E       		.byte	14
 524 01f5 00       		.byte	0
 525 01f6 07       		.byte	7
 526 01f7 00       		.byte	0
 527 01f8 03       		.byte	3
 528 01f9 80       		.byte	-128
 529 01fa FF       		.byte	-1
 530 01fb C0       		.byte	-64
 531 01fc FF       		.byte	-1
 532 01fd C0       		.byte	-64
 533 01fe 00       		.byte	0
 534 01ff 00       		.byte	0
 535 0200 00       		.byte	0
 536 0201 00       		.byte	0
 537 0202 3F       		.byte	63
 538 0203 00       		.byte	0
 539 0204 7F       		.byte	127
 540 0205 C0       		.byte	-64
 541 0206 60       		.byte	96
 542 0207 80       		.byte	-128
 543 0208 E0       		.byte	-32
 544 0209 00       		.byte	0
 545 020a E0       		.byte	-32
 546 020b 00       		.byte	0
 547 020c 60       		.byte	96
 548 020d 00       		.byte	0
 549 020e 70       		.byte	112
 550 020f 00       		.byte	0
 551 0210 38       		.byte	56
 552 0211 00       		.byte	0
 553 0212 1C       		.byte	28
 554 0213 00       		.byte	0
 555 0214 0E       		.byte	14
 556 0215 00       		.byte	0
 557 0216 07       		.byte	7
 558 0217 00       		.byte	0
 559 0218 03       		.byte	3
 560 0219 80       		.byte	-128
 561 021a FF       		.byte	-1
 562 021b C0       		.byte	-64
 563 021c FF       		.byte	-1
 564 021d C0       		.byte	-64
 565 021e 00       		.byte	0
 566 021f 00       		.byte	0
 567 0220 00       		.byte	0
 568 0221 00       		.byte	0
 569 0222 1F       		.byte	31
 570 0223 00       		.byte	0
 571 0224 7F       		.byte	127
 572 0225 80       		.byte	-128
ARM GAS  /tmp/ccjWQ8Yy.s 			page 11


 573 0226 60       		.byte	96
 574 0227 00       		.byte	0
 575 0228 C0       		.byte	-64
 576 0229 00       		.byte	0
 577 022a C0       		.byte	-64
 578 022b 00       		.byte	0
 579 022c 60       		.byte	96
 580 022d 00       		.byte	0
 581 022e 60       		.byte	96
 582 022f 00       		.byte	0
 583 0230 30       		.byte	48
 584 0231 00       		.byte	0
 585 0232 18       		.byte	24
 586 0233 00       		.byte	0
 587 0234 0C       		.byte	12
 588 0235 00       		.byte	0
 589 0236 07       		.byte	7
 590 0237 00       		.byte	0
 591 0238 03       		.byte	3
 592 0239 80       		.byte	-128
 593 023a 7F       		.byte	127
 594 023b 80       		.byte	-128
 595 023c FF       		.byte	-1
 596 023d C0       		.byte	-64
 597 023e 00       		.byte	0
 598 023f 00       		.byte	0
 599 0240 00       		.byte	0
 600 0241 00       		.byte	0
 601 0242 1F       		.byte	31
 602 0243 00       		.byte	0
 603 0244 7F       		.byte	127
 604 0245 80       		.byte	-128
 605 0246 60       		.byte	96
 606 0247 00       		.byte	0
 607 0248 40       		.byte	64
 608 0249 00       		.byte	0
 609 024a 40       		.byte	64
 610 024b 00       		.byte	0
 611 024c 60       		.byte	96
 612 024d 00       		.byte	0
 613 024e 60       		.byte	96
 614 024f 00       		.byte	0
 615 0250 30       		.byte	48
 616 0251 00       		.byte	0
 617 0252 18       		.byte	24
 618 0253 00       		.byte	0
 619 0254 0C       		.byte	12
 620 0255 00       		.byte	0
 621 0256 06       		.byte	6
 622 0257 00       		.byte	0
 623 0258 03       		.byte	3
 624 0259 00       		.byte	0
 625 025a 7F       		.byte	127
 626 025b 80       		.byte	-128
 627 025c FF       		.byte	-1
 628 025d 80       		.byte	-128
 629 025e 00       		.byte	0
ARM GAS  /tmp/ccjWQ8Yy.s 			page 12


 630 025f 00       		.byte	0
 631 0260 00       		.byte	0
 632 0261 00       		.byte	0
 633 0262 1E       		.byte	30
 634 0263 00       		.byte	0
 635 0264 3B       		.byte	59
 636 0265 80       		.byte	-128
 637 0266 60       		.byte	96
 638 0267 00       		.byte	0
 639 0268 40       		.byte	64
 640 0269 00       		.byte	0
 641 026a 40       		.byte	64
 642 026b 00       		.byte	0
 643 026c 60       		.byte	96
 644 026d 00       		.byte	0
 645 026e 20       		.byte	32
 646 026f 00       		.byte	0
 647 0270 30       		.byte	48
 648 0271 00       		.byte	0
 649 0272 18       		.byte	24
 650 0273 00       		.byte	0
 651 0274 0C       		.byte	12
 652 0275 00       		.byte	0
 653 0276 06       		.byte	6
 654 0277 00       		.byte	0
 655 0278 01       		.byte	1
 656 0279 00       		.byte	0
 657 027a 01       		.byte	1
 658 027b 80       		.byte	-128
 659 027c 7F       		.byte	127
 660 027d 80       		.byte	-128
 661 027e 00       		.byte	0
 662 027f 00       		.byte	0
 663 0280 00       		.byte	0
 664 0281 00       		.byte	0
 665 0282 0C       		.byte	12
 666 0283 00       		.byte	0
 667 0284 31       		.byte	49
 668 0285 80       		.byte	-128
 669 0286 60       		.byte	96
 670 0287 00       		.byte	0
 671 0288 40       		.byte	64
 672 0289 00       		.byte	0
 673 028a 40       		.byte	64
 674 028b 00       		.byte	0
 675 028c 40       		.byte	64
 676 028d 00       		.byte	0
 677 028e 20       		.byte	32
 678 028f 00       		.byte	0
 679 0290 10       		.byte	16
 680 0291 00       		.byte	0
 681 0292 08       		.byte	8
 682 0293 00       		.byte	0
 683 0294 04       		.byte	4
 684 0295 00       		.byte	0
 685 0296 02       		.byte	2
 686 0297 00       		.byte	0
ARM GAS  /tmp/ccjWQ8Yy.s 			page 13


 687 0298 01       		.byte	1
 688 0299 00       		.byte	0
 689 029a 01       		.byte	1
 690 029b 80       		.byte	-128
 691 029c 7F       		.byte	127
 692 029d 80       		.byte	-128
 693 029e 00       		.byte	0
 694 029f 00       		.byte	0
 695 02a0 00       		.byte	0
 696 02a1 00       		.byte	0
 697 02a2 3F       		.byte	63
 698 02a3 80       		.byte	-128
 699 02a4 7F       		.byte	127
 700 02a5 C0       		.byte	-64
 701 02a6 70       		.byte	112
 702 02a7 00       		.byte	0
 703 02a8 E0       		.byte	-32
 704 02a9 00       		.byte	0
 705 02aa 60       		.byte	96
 706 02ab 00       		.byte	0
 707 02ac 7E       		.byte	126
 708 02ad 00       		.byte	0
 709 02ae 3F       		.byte	63
 710 02af 00       		.byte	0
 711 02b0 78       		.byte	120
 712 02b1 00       		.byte	0
 713 02b2 E0       		.byte	-32
 714 02b3 00       		.byte	0
 715 02b4 E0       		.byte	-32
 716 02b5 00       		.byte	0
 717 02b6 E0       		.byte	-32
 718 02b7 00       		.byte	0
 719 02b8 F0       		.byte	-16
 720 02b9 C0       		.byte	-64
 721 02ba 7F       		.byte	127
 722 02bb C0       		.byte	-64
 723 02bc 3F       		.byte	63
 724 02bd C0       		.byte	-64
 725 02be 00       		.byte	0
 726 02bf 00       		.byte	0
 727 02c0 00       		.byte	0
 728 02c1 00       		.byte	0
 729 02c2 3F       		.byte	63
 730 02c3 80       		.byte	-128
 731 02c4 7F       		.byte	127
 732 02c5 80       		.byte	-128
 733 02c6 60       		.byte	96
 734 02c7 00       		.byte	0
 735 02c8 60       		.byte	96
 736 02c9 00       		.byte	0
 737 02ca 60       		.byte	96
 738 02cb 00       		.byte	0
 739 02cc 7E       		.byte	126
 740 02cd 00       		.byte	0
 741 02ce 3E       		.byte	62
 742 02cf 00       		.byte	0
 743 02d0 70       		.byte	112
ARM GAS  /tmp/ccjWQ8Yy.s 			page 14


 744 02d1 00       		.byte	0
 745 02d2 E0       		.byte	-32
 746 02d3 00       		.byte	0
 747 02d4 E0       		.byte	-32
 748 02d5 00       		.byte	0
 749 02d6 E0       		.byte	-32
 750 02d7 00       		.byte	0
 751 02d8 60       		.byte	96
 752 02d9 00       		.byte	0
 753 02da 7F       		.byte	127
 754 02db C0       		.byte	-64
 755 02dc 3F       		.byte	63
 756 02dd 80       		.byte	-128
 757 02de 00       		.byte	0
 758 02df 00       		.byte	0
 759 02e0 00       		.byte	0
 760 02e1 00       		.byte	0
 761 02e2 1F       		.byte	31
 762 02e3 80       		.byte	-128
 763 02e4 7F       		.byte	127
 764 02e5 80       		.byte	-128
 765 02e6 60       		.byte	96
 766 02e7 00       		.byte	0
 767 02e8 60       		.byte	96
 768 02e9 00       		.byte	0
 769 02ea 60       		.byte	96
 770 02eb 00       		.byte	0
 771 02ec 7E       		.byte	126
 772 02ed 00       		.byte	0
 773 02ee 3E       		.byte	62
 774 02ef 00       		.byte	0
 775 02f0 70       		.byte	112
 776 02f1 00       		.byte	0
 777 02f2 60       		.byte	96
 778 02f3 00       		.byte	0
 779 02f4 C0       		.byte	-64
 780 02f5 00       		.byte	0
 781 02f6 E0       		.byte	-32
 782 02f7 00       		.byte	0
 783 02f8 60       		.byte	96
 784 02f9 00       		.byte	0
 785 02fa 7F       		.byte	127
 786 02fb C0       		.byte	-64
 787 02fc 1F       		.byte	31
 788 02fd 80       		.byte	-128
 789 02fe 00       		.byte	0
 790 02ff 00       		.byte	0
 791 0300 00       		.byte	0
 792 0301 00       		.byte	0
 793 0302 1F       		.byte	31
 794 0303 80       		.byte	-128
 795 0304 7F       		.byte	127
 796 0305 80       		.byte	-128
 797 0306 60       		.byte	96
 798 0307 00       		.byte	0
 799 0308 60       		.byte	96
 800 0309 00       		.byte	0
ARM GAS  /tmp/ccjWQ8Yy.s 			page 15


 801 030a 60       		.byte	96
 802 030b 00       		.byte	0
 803 030c 3E       		.byte	62
 804 030d 00       		.byte	0
 805 030e 1E       		.byte	30
 806 030f 00       		.byte	0
 807 0310 70       		.byte	112
 808 0311 00       		.byte	0
 809 0312 60       		.byte	96
 810 0313 00       		.byte	0
 811 0314 C0       		.byte	-64
 812 0315 00       		.byte	0
 813 0316 C0       		.byte	-64
 814 0317 00       		.byte	0
 815 0318 60       		.byte	96
 816 0319 00       		.byte	0
 817 031a 7F       		.byte	127
 818 031b C0       		.byte	-64
 819 031c 1F       		.byte	31
 820 031d 80       		.byte	-128
 821 031e 00       		.byte	0
 822 031f 00       		.byte	0
 823 0320 00       		.byte	0
 824 0321 00       		.byte	0
 825 0322 1F       		.byte	31
 826 0323 00       		.byte	0
 827 0324 3F       		.byte	63
 828 0325 80       		.byte	-128
 829 0326 60       		.byte	96
 830 0327 00       		.byte	0
 831 0328 60       		.byte	96
 832 0329 00       		.byte	0
 833 032a 60       		.byte	96
 834 032b 00       		.byte	0
 835 032c 38       		.byte	56
 836 032d 00       		.byte	0
 837 032e 1E       		.byte	30
 838 032f 00       		.byte	0
 839 0330 20       		.byte	32
 840 0331 00       		.byte	0
 841 0332 40       		.byte	64
 842 0333 00       		.byte	0
 843 0334 40       		.byte	64
 844 0335 00       		.byte	0
 845 0336 40       		.byte	64
 846 0337 00       		.byte	0
 847 0338 60       		.byte	96
 848 0339 00       		.byte	0
 849 033a 3F       		.byte	63
 850 033b 80       		.byte	-128
 851 033c 1F       		.byte	31
 852 033d 00       		.byte	0
 853 033e 00       		.byte	0
 854 033f 00       		.byte	0
 855 0340 00       		.byte	0
 856 0341 00       		.byte	0
 857 0342 0F       		.byte	15
ARM GAS  /tmp/ccjWQ8Yy.s 			page 16


 858 0343 00       		.byte	0
 859 0344 31       		.byte	49
 860 0345 80       		.byte	-128
 861 0346 60       		.byte	96
 862 0347 00       		.byte	0
 863 0348 40       		.byte	64
 864 0349 00       		.byte	0
 865 034a 60       		.byte	96
 866 034b 00       		.byte	0
 867 034c 30       		.byte	48
 868 034d 00       		.byte	0
 869 034e 1E       		.byte	30
 870 034f 00       		.byte	0
 871 0350 20       		.byte	32
 872 0351 00       		.byte	0
 873 0352 40       		.byte	64
 874 0353 00       		.byte	0
 875 0354 40       		.byte	64
 876 0355 00       		.byte	0
 877 0356 40       		.byte	64
 878 0357 00       		.byte	0
 879 0358 60       		.byte	96
 880 0359 00       		.byte	0
 881 035a 39       		.byte	57
 882 035b 80       		.byte	-128
 883 035c 0F       		.byte	15
 884 035d 00       		.byte	0
 885 035e 00       		.byte	0
 886 035f 00       		.byte	0
 887 0360 00       		.byte	0
 888 0361 00       		.byte	0
 889 0362 0E       		.byte	14
 890 0363 00       		.byte	0
 891 0364 30       		.byte	48
 892 0365 80       		.byte	-128
 893 0366 60       		.byte	96
 894 0367 00       		.byte	0
 895 0368 40       		.byte	64
 896 0369 00       		.byte	0
 897 036a 60       		.byte	96
 898 036b 00       		.byte	0
 899 036c 30       		.byte	48
 900 036d 00       		.byte	0
 901 036e 1E       		.byte	30
 902 036f 00       		.byte	0
 903 0370 20       		.byte	32
 904 0371 00       		.byte	0
 905 0372 40       		.byte	64
 906 0373 00       		.byte	0
 907 0374 40       		.byte	64
 908 0375 00       		.byte	0
 909 0376 40       		.byte	64
 910 0377 00       		.byte	0
 911 0378 60       		.byte	96
 912 0379 00       		.byte	0
 913 037a 30       		.byte	48
 914 037b 80       		.byte	-128
ARM GAS  /tmp/ccjWQ8Yy.s 			page 17


 915 037c 0E       		.byte	14
 916 037d 00       		.byte	0
 917 037e 00       		.byte	0
 918 037f 00       		.byte	0
 919 0380 00       		.byte	0
 920 0381 00       		.byte	0
 921 0382 38       		.byte	56
 922 0383 00       		.byte	0
 923 0384 38       		.byte	56
 924 0385 00       		.byte	0
 925 0386 3C       		.byte	60
 926 0387 00       		.byte	0
 927 0388 3E       		.byte	62
 928 0389 00       		.byte	0
 929 038a 36       		.byte	54
 930 038b 00       		.byte	0
 931 038c 37       		.byte	55
 932 038d 00       		.byte	0
 933 038e 33       		.byte	51
 934 038f 00       		.byte	0
 935 0390 31       		.byte	49
 936 0391 80       		.byte	-128
 937 0392 7F       		.byte	127
 938 0393 80       		.byte	-128
 939 0394 FF       		.byte	-1
 940 0395 C0       		.byte	-64
 941 0396 FF       		.byte	-1
 942 0397 80       		.byte	-128
 943 0398 30       		.byte	48
 944 0399 00       		.byte	0
 945 039a 30       		.byte	48
 946 039b 00       		.byte	0
 947 039c 00       		.byte	0
 948 039d 00       		.byte	0
 949 039e 00       		.byte	0
 950 039f 00       		.byte	0
 951 03a0 00       		.byte	0
 952 03a1 00       		.byte	0
 953 03a2 38       		.byte	56
 954 03a3 00       		.byte	0
 955 03a4 38       		.byte	56
 956 03a5 00       		.byte	0
 957 03a6 3C       		.byte	60
 958 03a7 00       		.byte	0
 959 03a8 3C       		.byte	60
 960 03a9 00       		.byte	0
 961 03aa 36       		.byte	54
 962 03ab 00       		.byte	0
 963 03ac 33       		.byte	51
 964 03ad 00       		.byte	0
 965 03ae 33       		.byte	51
 966 03af 00       		.byte	0
 967 03b0 31       		.byte	49
 968 03b1 80       		.byte	-128
 969 03b2 31       		.byte	49
 970 03b3 80       		.byte	-128
 971 03b4 FF       		.byte	-1
ARM GAS  /tmp/ccjWQ8Yy.s 			page 18


 972 03b5 80       		.byte	-128
 973 03b6 FF       		.byte	-1
 974 03b7 80       		.byte	-128
 975 03b8 30       		.byte	48
 976 03b9 00       		.byte	0
 977 03ba 30       		.byte	48
 978 03bb 00       		.byte	0
 979 03bc 00       		.byte	0
 980 03bd 00       		.byte	0
 981 03be 00       		.byte	0
 982 03bf 00       		.byte	0
 983 03c0 00       		.byte	0
 984 03c1 00       		.byte	0
 985 03c2 30       		.byte	48
 986 03c3 00       		.byte	0
 987 03c4 38       		.byte	56
 988 03c5 00       		.byte	0
 989 03c6 3C       		.byte	60
 990 03c7 00       		.byte	0
 991 03c8 34       		.byte	52
 992 03c9 00       		.byte	0
 993 03ca 36       		.byte	54
 994 03cb 00       		.byte	0
 995 03cc 32       		.byte	50
 996 03cd 00       		.byte	0
 997 03ce 33       		.byte	51
 998 03cf 00       		.byte	0
 999 03d0 31       		.byte	49
 1000 03d1 80       		.byte	-128
 1001 03d2 31       		.byte	49
 1002 03d3 80       		.byte	-128
 1003 03d4 FF       		.byte	-1
 1004 03d5 80       		.byte	-128
 1005 03d6 70       		.byte	112
 1006 03d7 00       		.byte	0
 1007 03d8 30       		.byte	48
 1008 03d9 00       		.byte	0
 1009 03da 30       		.byte	48
 1010 03db 00       		.byte	0
 1011 03dc 00       		.byte	0
 1012 03dd 00       		.byte	0
 1013 03de 00       		.byte	0
 1014 03df 00       		.byte	0
 1015 03e0 00       		.byte	0
 1016 03e1 00       		.byte	0
 1017 03e2 30       		.byte	48
 1018 03e3 00       		.byte	0
 1019 03e4 38       		.byte	56
 1020 03e5 00       		.byte	0
 1021 03e6 3C       		.byte	60
 1022 03e7 00       		.byte	0
 1023 03e8 34       		.byte	52
 1024 03e9 00       		.byte	0
 1025 03ea 36       		.byte	54
 1026 03eb 00       		.byte	0
 1027 03ec 32       		.byte	50
 1028 03ed 00       		.byte	0
ARM GAS  /tmp/ccjWQ8Yy.s 			page 19


 1029 03ee 33       		.byte	51
 1030 03ef 00       		.byte	0
 1031 03f0 31       		.byte	49
 1032 03f1 80       		.byte	-128
 1033 03f2 31       		.byte	49
 1034 03f3 80       		.byte	-128
 1035 03f4 FF       		.byte	-1
 1036 03f5 80       		.byte	-128
 1037 03f6 30       		.byte	48
 1038 03f7 00       		.byte	0
 1039 03f8 30       		.byte	48
 1040 03f9 00       		.byte	0
 1041 03fa 30       		.byte	48
 1042 03fb 00       		.byte	0
 1043 03fc 00       		.byte	0
 1044 03fd 00       		.byte	0
 1045 03fe 00       		.byte	0
 1046 03ff 00       		.byte	0
 1047 0400 00       		.byte	0
 1048 0401 00       		.byte	0
 1049 0402 30       		.byte	48
 1050 0403 00       		.byte	0
 1051 0404 38       		.byte	56
 1052 0405 00       		.byte	0
 1053 0406 28       		.byte	40
 1054 0407 00       		.byte	0
 1055 0408 24       		.byte	36
 1056 0409 00       		.byte	0
 1057 040a 26       		.byte	38
 1058 040b 00       		.byte	0
 1059 040c 22       		.byte	34
 1060 040d 00       		.byte	0
 1061 040e 21       		.byte	33
 1062 040f 00       		.byte	0
 1063 0410 21       		.byte	33
 1064 0411 00       		.byte	0
 1065 0412 30       		.byte	48
 1066 0413 80       		.byte	-128
 1067 0414 FF       		.byte	-1
 1068 0415 80       		.byte	-128
 1069 0416 30       		.byte	48
 1070 0417 00       		.byte	0
 1071 0418 20       		.byte	32
 1072 0419 00       		.byte	0
 1073 041a 20       		.byte	32
 1074 041b 00       		.byte	0
 1075 041c 00       		.byte	0
 1076 041d 00       		.byte	0
 1077 041e 00       		.byte	0
 1078 041f 00       		.byte	0
 1079 0420 00       		.byte	0
 1080 0421 00       		.byte	0
 1081 0422 30       		.byte	48
 1082 0423 00       		.byte	0
 1083 0424 38       		.byte	56
 1084 0425 00       		.byte	0
 1085 0426 28       		.byte	40
ARM GAS  /tmp/ccjWQ8Yy.s 			page 20


 1086 0427 00       		.byte	0
 1087 0428 24       		.byte	36
 1088 0429 00       		.byte	0
 1089 042a 20       		.byte	32
 1090 042b 00       		.byte	0
 1091 042c 22       		.byte	34
 1092 042d 00       		.byte	0
 1093 042e 21       		.byte	33
 1094 042f 00       		.byte	0
 1095 0430 21       		.byte	33
 1096 0431 00       		.byte	0
 1097 0432 20       		.byte	32
 1098 0433 80       		.byte	-128
 1099 0434 FF       		.byte	-1
 1100 0435 80       		.byte	-128
 1101 0436 20       		.byte	32
 1102 0437 00       		.byte	0
 1103 0438 20       		.byte	32
 1104 0439 00       		.byte	0
 1105 043a 20       		.byte	32
 1106 043b 00       		.byte	0
 1107 043c 00       		.byte	0
 1108 043d 00       		.byte	0
 1109 043e 00       		.byte	0
 1110 043f 00       		.byte	0
 1111 0440 00       		.byte	0
 1112 0441 00       		.byte	0
 1113 0442 30       		.byte	48
 1114 0443 00       		.byte	0
 1115 0444 38       		.byte	56
 1116 0445 00       		.byte	0
 1117 0446 20       		.byte	32
 1118 0447 00       		.byte	0
 1119 0448 24       		.byte	36
 1120 0449 00       		.byte	0
 1121 044a 20       		.byte	32
 1122 044b 00       		.byte	0
 1123 044c 22       		.byte	34
 1124 044d 00       		.byte	0
 1125 044e 20       		.byte	32
 1126 044f 00       		.byte	0
 1127 0450 21       		.byte	33
 1128 0451 00       		.byte	0
 1129 0452 20       		.byte	32
 1130 0453 80       		.byte	-128
 1131 0454 7F       		.byte	127
 1132 0455 80       		.byte	-128
 1133 0456 20       		.byte	32
 1134 0457 00       		.byte	0
 1135 0458 20       		.byte	32
 1136 0459 00       		.byte	0
 1137 045a 20       		.byte	32
 1138 045b 00       		.byte	0
 1139 045c 00       		.byte	0
 1140 045d 00       		.byte	0
 1141 045e 00       		.byte	0
 1142 045f 00       		.byte	0
ARM GAS  /tmp/ccjWQ8Yy.s 			page 21


 1143 0460 00       		.byte	0
 1144 0461 00       		.byte	0
 1145 0462 7F       		.byte	127
 1146 0463 80       		.byte	-128
 1147 0464 7F       		.byte	127
 1148 0465 80       		.byte	-128
 1149 0466 01       		.byte	1
 1150 0467 80       		.byte	-128
 1151 0468 01       		.byte	1
 1152 0469 80       		.byte	-128
 1153 046a 1F       		.byte	31
 1154 046b 80       		.byte	-128
 1155 046c 7F       		.byte	127
 1156 046d 80       		.byte	-128
 1157 046e F9       		.byte	-7
 1158 046f 80       		.byte	-128
 1159 0470 E0       		.byte	-32
 1160 0471 00       		.byte	0
 1161 0472 C0       		.byte	-64
 1162 0473 00       		.byte	0
 1163 0474 C0       		.byte	-64
 1164 0475 00       		.byte	0
 1165 0476 E0       		.byte	-32
 1166 0477 00       		.byte	0
 1167 0478 F0       		.byte	-16
 1168 0479 C0       		.byte	-64
 1169 047a 7F       		.byte	127
 1170 047b C0       		.byte	-64
 1171 047c 3F       		.byte	63
 1172 047d C0       		.byte	-64
 1173 047e 00       		.byte	0
 1174 047f 00       		.byte	0
 1175 0480 00       		.byte	0
 1176 0481 00       		.byte	0
 1177 0482 7F       		.byte	127
 1178 0483 80       		.byte	-128
 1179 0484 7F       		.byte	127
 1180 0485 80       		.byte	-128
 1181 0486 01       		.byte	1
 1182 0487 80       		.byte	-128
 1183 0488 01       		.byte	1
 1184 0489 80       		.byte	-128
 1185 048a 1F       		.byte	31
 1186 048b 80       		.byte	-128
 1187 048c 7F       		.byte	127
 1188 048d 80       		.byte	-128
 1189 048e F1       		.byte	-15
 1190 048f 80       		.byte	-128
 1191 0490 E0       		.byte	-32
 1192 0491 00       		.byte	0
 1193 0492 C0       		.byte	-64
 1194 0493 00       		.byte	0
 1195 0494 C0       		.byte	-64
 1196 0495 00       		.byte	0
 1197 0496 E0       		.byte	-32
 1198 0497 00       		.byte	0
 1199 0498 E0       		.byte	-32
ARM GAS  /tmp/ccjWQ8Yy.s 			page 22


 1200 0499 00       		.byte	0
 1201 049a 7F       		.byte	127
 1202 049b C0       		.byte	-64
 1203 049c 3F       		.byte	63
 1204 049d 80       		.byte	-128
 1205 049e 00       		.byte	0
 1206 049f 00       		.byte	0
 1207 04a0 00       		.byte	0
 1208 04a1 00       		.byte	0
 1209 04a2 7F       		.byte	127
 1210 04a3 80       		.byte	-128
 1211 04a4 7F       		.byte	127
 1212 04a5 80       		.byte	-128
 1213 04a6 01       		.byte	1
 1214 04a7 80       		.byte	-128
 1215 04a8 01       		.byte	1
 1216 04a9 80       		.byte	-128
 1217 04aa 1F       		.byte	31
 1218 04ab 80       		.byte	-128
 1219 04ac 3F       		.byte	63
 1220 04ad 80       		.byte	-128
 1221 04ae 70       		.byte	112
 1222 04af 80       		.byte	-128
 1223 04b0 E0       		.byte	-32
 1224 04b1 00       		.byte	0
 1225 04b2 C0       		.byte	-64
 1226 04b3 00       		.byte	0
 1227 04b4 C0       		.byte	-64
 1228 04b5 00       		.byte	0
 1229 04b6 C0       		.byte	-64
 1230 04b7 00       		.byte	0
 1231 04b8 E0       		.byte	-32
 1232 04b9 00       		.byte	0
 1233 04ba 7F       		.byte	127
 1234 04bb C0       		.byte	-64
 1235 04bc 1F       		.byte	31
 1236 04bd 80       		.byte	-128
 1237 04be 00       		.byte	0
 1238 04bf 00       		.byte	0
 1239 04c0 00       		.byte	0
 1240 04c1 00       		.byte	0
 1241 04c2 7F       		.byte	127
 1242 04c3 80       		.byte	-128
 1243 04c4 7F       		.byte	127
 1244 04c5 80       		.byte	-128
 1245 04c6 01       		.byte	1
 1246 04c7 80       		.byte	-128
 1247 04c8 01       		.byte	1
 1248 04c9 80       		.byte	-128
 1249 04ca 0D       		.byte	13
 1250 04cb 80       		.byte	-128
 1251 04cc 3F       		.byte	63
 1252 04cd 80       		.byte	-128
 1253 04ce 70       		.byte	112
 1254 04cf 00       		.byte	0
 1255 04d0 E0       		.byte	-32
 1256 04d1 00       		.byte	0
ARM GAS  /tmp/ccjWQ8Yy.s 			page 23


 1257 04d2 C0       		.byte	-64
 1258 04d3 00       		.byte	0
 1259 04d4 C0       		.byte	-64
 1260 04d5 00       		.byte	0
 1261 04d6 C0       		.byte	-64
 1262 04d7 00       		.byte	0
 1263 04d8 60       		.byte	96
 1264 04d9 00       		.byte	0
 1265 04da 7F       		.byte	127
 1266 04db 80       		.byte	-128
 1267 04dc 1F       		.byte	31
 1268 04dd 80       		.byte	-128
 1269 04de 00       		.byte	0
 1270 04df 00       		.byte	0
 1271 04e0 00       		.byte	0
 1272 04e1 00       		.byte	0
 1273 04e2 7F       		.byte	127
 1274 04e3 80       		.byte	-128
 1275 04e4 3F       		.byte	63
 1276 04e5 80       		.byte	-128
 1277 04e6 01       		.byte	1
 1278 04e7 80       		.byte	-128
 1279 04e8 01       		.byte	1
 1280 04e9 80       		.byte	-128
 1281 04ea 01       		.byte	1
 1282 04eb 80       		.byte	-128
 1283 04ec 3F       		.byte	63
 1284 04ed 80       		.byte	-128
 1285 04ee 60       		.byte	96
 1286 04ef 00       		.byte	0
 1287 04f0 C0       		.byte	-64
 1288 04f1 00       		.byte	0
 1289 04f2 C0       		.byte	-64
 1290 04f3 00       		.byte	0
 1291 04f4 C0       		.byte	-64
 1292 04f5 00       		.byte	0
 1293 04f6 C0       		.byte	-64
 1294 04f7 00       		.byte	0
 1295 04f8 60       		.byte	96
 1296 04f9 00       		.byte	0
 1297 04fa 7F       		.byte	127
 1298 04fb 80       		.byte	-128
 1299 04fc 1F       		.byte	31
 1300 04fd 00       		.byte	0
 1301 04fe 00       		.byte	0
 1302 04ff 00       		.byte	0
 1303 0500 00       		.byte	0
 1304 0501 00       		.byte	0
 1305 0502 7F       		.byte	127
 1306 0503 80       		.byte	-128
 1307 0504 01       		.byte	1
 1308 0505 80       		.byte	-128
 1309 0506 01       		.byte	1
 1310 0507 80       		.byte	-128
 1311 0508 01       		.byte	1
 1312 0509 80       		.byte	-128
 1313 050a 01       		.byte	1
ARM GAS  /tmp/ccjWQ8Yy.s 			page 24


 1314 050b 80       		.byte	-128
 1315 050c 3F       		.byte	63
 1316 050d 80       		.byte	-128
 1317 050e 60       		.byte	96
 1318 050f 00       		.byte	0
 1319 0510 40       		.byte	64
 1320 0511 00       		.byte	0
 1321 0512 C0       		.byte	-64
 1322 0513 00       		.byte	0
 1323 0514 C0       		.byte	-64
 1324 0515 00       		.byte	0
 1325 0516 C0       		.byte	-64
 1326 0517 00       		.byte	0
 1327 0518 60       		.byte	96
 1328 0519 00       		.byte	0
 1329 051a 39       		.byte	57
 1330 051b 80       		.byte	-128
 1331 051c 0F       		.byte	15
 1332 051d 00       		.byte	0
 1333 051e 00       		.byte	0
 1334 051f 00       		.byte	0
 1335 0520 00       		.byte	0
 1336 0521 00       		.byte	0
 1337 0522 7F       		.byte	127
 1338 0523 00       		.byte	0
 1339 0524 01       		.byte	1
 1340 0525 00       		.byte	0
 1341 0526 01       		.byte	1
 1342 0527 00       		.byte	0
 1343 0528 01       		.byte	1
 1344 0529 00       		.byte	0
 1345 052a 01       		.byte	1
 1346 052b 00       		.byte	0
 1347 052c 3F       		.byte	63
 1348 052d 00       		.byte	0
 1349 052e 60       		.byte	96
 1350 052f 00       		.byte	0
 1351 0530 40       		.byte	64
 1352 0531 00       		.byte	0
 1353 0532 C0       		.byte	-64
 1354 0533 00       		.byte	0
 1355 0534 C0       		.byte	-64
 1356 0535 00       		.byte	0
 1357 0536 40       		.byte	64
 1358 0537 00       		.byte	0
 1359 0538 60       		.byte	96
 1360 0539 00       		.byte	0
 1361 053a 30       		.byte	48
 1362 053b 80       		.byte	-128
 1363 053c 0E       		.byte	14
 1364 053d 00       		.byte	0
 1365 053e 00       		.byte	0
 1366 053f 00       		.byte	0
 1367 0540 00       		.byte	0
 1368 0541 00       		.byte	0
 1369 0542 7E       		.byte	126
 1370 0543 00       		.byte	0
ARM GAS  /tmp/ccjWQ8Yy.s 			page 25


 1371 0544 7F       		.byte	127
 1372 0545 00       		.byte	0
 1373 0546 03       		.byte	3
 1374 0547 80       		.byte	-128
 1375 0548 01       		.byte	1
 1376 0549 80       		.byte	-128
 1377 054a 1D       		.byte	29
 1378 054b C0       		.byte	-64
 1379 054c 7F       		.byte	127
 1380 054d C0       		.byte	-64
 1381 054e F7       		.byte	-9
 1382 054f C0       		.byte	-64
 1383 0550 E1       		.byte	-31
 1384 0551 C0       		.byte	-64
 1385 0552 C1       		.byte	-63
 1386 0553 C0       		.byte	-64
 1387 0554 C1       		.byte	-63
 1388 0555 C0       		.byte	-64
 1389 0556 E1       		.byte	-31
 1390 0557 C0       		.byte	-64
 1391 0558 E3       		.byte	-29
 1392 0559 80       		.byte	-128
 1393 055a 7F       		.byte	127
 1394 055b 80       		.byte	-128
 1395 055c 3F       		.byte	63
 1396 055d 00       		.byte	0
 1397 055e 00       		.byte	0
 1398 055f 00       		.byte	0
 1399 0560 00       		.byte	0
 1400 0561 00       		.byte	0
 1401 0562 7E       		.byte	126
 1402 0563 00       		.byte	0
 1403 0564 7F       		.byte	127
 1404 0565 00       		.byte	0
 1405 0566 03       		.byte	3
 1406 0567 80       		.byte	-128
 1407 0568 01       		.byte	1
 1408 0569 80       		.byte	-128
 1409 056a 1D       		.byte	29
 1410 056b C0       		.byte	-64
 1411 056c 7F       		.byte	127
 1412 056d C0       		.byte	-64
 1413 056e 73       		.byte	115
 1414 056f C0       		.byte	-64
 1415 0570 E1       		.byte	-31
 1416 0571 C0       		.byte	-64
 1417 0572 C1       		.byte	-63
 1418 0573 C0       		.byte	-64
 1419 0574 C1       		.byte	-63
 1420 0575 C0       		.byte	-64
 1421 0576 C1       		.byte	-63
 1422 0577 80       		.byte	-128
 1423 0578 E3       		.byte	-29
 1424 0579 80       		.byte	-128
 1425 057a 7F       		.byte	127
 1426 057b 00       		.byte	0
 1427 057c 3E       		.byte	62
ARM GAS  /tmp/ccjWQ8Yy.s 			page 26


 1428 057d 00       		.byte	0
 1429 057e 00       		.byte	0
 1430 057f 00       		.byte	0
 1431 0580 00       		.byte	0
 1432 0581 00       		.byte	0
 1433 0582 7E       		.byte	126
 1434 0583 00       		.byte	0
 1435 0584 7F       		.byte	127
 1436 0585 00       		.byte	0
 1437 0586 03       		.byte	3
 1438 0587 80       		.byte	-128
 1439 0588 01       		.byte	1
 1440 0589 80       		.byte	-128
 1441 058a 1D       		.byte	29
 1442 058b 80       		.byte	-128
 1443 058c 7F       		.byte	127
 1444 058d C0       		.byte	-64
 1445 058e 63       		.byte	99
 1446 058f C0       		.byte	-64
 1447 0590 E1       		.byte	-31
 1448 0591 C0       		.byte	-64
 1449 0592 C1       		.byte	-63
 1450 0593 C0       		.byte	-64
 1451 0594 C1       		.byte	-63
 1452 0595 C0       		.byte	-64
 1453 0596 C1       		.byte	-63
 1454 0597 80       		.byte	-128
 1455 0598 E1       		.byte	-31
 1456 0599 80       		.byte	-128
 1457 059a 7F       		.byte	127
 1458 059b 00       		.byte	0
 1459 059c 3E       		.byte	62
 1460 059d 00       		.byte	0
 1461 059e 00       		.byte	0
 1462 059f 00       		.byte	0
 1463 05a0 00       		.byte	0
 1464 05a1 00       		.byte	0
 1465 05a2 7C       		.byte	124
 1466 05a3 00       		.byte	0
 1467 05a4 7F       		.byte	127
 1468 05a5 00       		.byte	0
 1469 05a6 03       		.byte	3
 1470 05a7 80       		.byte	-128
 1471 05a8 01       		.byte	1
 1472 05a9 80       		.byte	-128
 1473 05aa 08       		.byte	8
 1474 05ab 80       		.byte	-128
 1475 05ac 3F       		.byte	63
 1476 05ad C0       		.byte	-64
 1477 05ae 63       		.byte	99
 1478 05af C0       		.byte	-64
 1479 05b0 C1       		.byte	-63
 1480 05b1 C0       		.byte	-64
 1481 05b2 C1       		.byte	-63
 1482 05b3 C0       		.byte	-64
 1483 05b4 C1       		.byte	-63
 1484 05b5 80       		.byte	-128
ARM GAS  /tmp/ccjWQ8Yy.s 			page 27


 1485 05b6 C1       		.byte	-63
 1486 05b7 80       		.byte	-128
 1487 05b8 61       		.byte	97
 1488 05b9 80       		.byte	-128
 1489 05ba 7F       		.byte	127
 1490 05bb 00       		.byte	0
 1491 05bc 3E       		.byte	62
 1492 05bd 00       		.byte	0
 1493 05be 00       		.byte	0
 1494 05bf 00       		.byte	0
 1495 05c0 00       		.byte	0
 1496 05c1 00       		.byte	0
 1497 05c2 3C       		.byte	60
 1498 05c3 00       		.byte	0
 1499 05c4 7F       		.byte	127
 1500 05c5 00       		.byte	0
 1501 05c6 01       		.byte	1
 1502 05c7 00       		.byte	0
 1503 05c8 01       		.byte	1
 1504 05c9 80       		.byte	-128
 1505 05ca 00       		.byte	0
 1506 05cb 80       		.byte	-128
 1507 05cc 3E       		.byte	62
 1508 05cd 80       		.byte	-128
 1509 05ce 63       		.byte	99
 1510 05cf C0       		.byte	-64
 1511 05d0 C1       		.byte	-63
 1512 05d1 C0       		.byte	-64
 1513 05d2 C1       		.byte	-63
 1514 05d3 80       		.byte	-128
 1515 05d4 C0       		.byte	-64
 1516 05d5 80       		.byte	-128
 1517 05d6 C1       		.byte	-63
 1518 05d7 80       		.byte	-128
 1519 05d8 61       		.byte	97
 1520 05d9 80       		.byte	-128
 1521 05da 77       		.byte	119
 1522 05db 00       		.byte	0
 1523 05dc 1E       		.byte	30
 1524 05dd 00       		.byte	0
 1525 05de 00       		.byte	0
 1526 05df 00       		.byte	0
 1527 05e0 00       		.byte	0
 1528 05e1 00       		.byte	0
 1529 05e2 3C       		.byte	60
 1530 05e3 00       		.byte	0
 1531 05e4 66       		.byte	102
 1532 05e5 00       		.byte	0
 1533 05e6 01       		.byte	1
 1534 05e7 00       		.byte	0
 1535 05e8 01       		.byte	1
 1536 05e9 80       		.byte	-128
 1537 05ea 00       		.byte	0
 1538 05eb 80       		.byte	-128
 1539 05ec 3E       		.byte	62
 1540 05ed 80       		.byte	-128
 1541 05ee 61       		.byte	97
ARM GAS  /tmp/ccjWQ8Yy.s 			page 28


 1542 05ef 80       		.byte	-128
 1543 05f0 41       		.byte	65
 1544 05f1 80       		.byte	-128
 1545 05f2 C0       		.byte	-64
 1546 05f3 80       		.byte	-128
 1547 05f4 C0       		.byte	-64
 1548 05f5 80       		.byte	-128
 1549 05f6 C1       		.byte	-63
 1550 05f7 80       		.byte	-128
 1551 05f8 41       		.byte	65
 1552 05f9 80       		.byte	-128
 1553 05fa 73       		.byte	115
 1554 05fb 00       		.byte	0
 1555 05fc 1C       		.byte	28
 1556 05fd 00       		.byte	0
 1557 05fe 00       		.byte	0
 1558 05ff 00       		.byte	0
 1559 0600 00       		.byte	0
 1560 0601 00       		.byte	0
 1561 0602 18       		.byte	24
 1562 0603 00       		.byte	0
 1563 0604 46       		.byte	70
 1564 0605 00       		.byte	0
 1565 0606 01       		.byte	1
 1566 0607 00       		.byte	0
 1567 0608 00       		.byte	0
 1568 0609 80       		.byte	-128
 1569 060a 00       		.byte	0
 1570 060b 80       		.byte	-128
 1571 060c 3E       		.byte	62
 1572 060d 80       		.byte	-128
 1573 060e 61       		.byte	97
 1574 060f 80       		.byte	-128
 1575 0610 41       		.byte	65
 1576 0611 80       		.byte	-128
 1577 0612 40       		.byte	64
 1578 0613 80       		.byte	-128
 1579 0614 C0       		.byte	-64
 1580 0615 80       		.byte	-128
 1581 0616 40       		.byte	64
 1582 0617 80       		.byte	-128
 1583 0618 41       		.byte	65
 1584 0619 00       		.byte	0
 1585 061a 23       		.byte	35
 1586 061b 00       		.byte	0
 1587 061c 0C       		.byte	12
 1588 061d 00       		.byte	0
 1589 061e 00       		.byte	0
 1590 061f 00       		.byte	0
 1591 0620 00       		.byte	0
 1592 0621 00       		.byte	0
 1593 0622 FF       		.byte	-1
 1594 0623 C0       		.byte	-64
 1595 0624 FF       		.byte	-1
 1596 0625 C0       		.byte	-64
 1597 0626 60       		.byte	96
 1598 0627 00       		.byte	0
ARM GAS  /tmp/ccjWQ8Yy.s 			page 29


 1599 0628 70       		.byte	112
 1600 0629 00       		.byte	0
 1601 062a 30       		.byte	48
 1602 062b 00       		.byte	0
 1603 062c 38       		.byte	56
 1604 062d 00       		.byte	0
 1605 062e 38       		.byte	56
 1606 062f 00       		.byte	0
 1607 0630 18       		.byte	24
 1608 0631 00       		.byte	0
 1609 0632 1C       		.byte	28
 1610 0633 00       		.byte	0
 1611 0634 1C       		.byte	28
 1612 0635 00       		.byte	0
 1613 0636 0E       		.byte	14
 1614 0637 00       		.byte	0
 1615 0638 0E       		.byte	14
 1616 0639 00       		.byte	0
 1617 063a 06       		.byte	6
 1618 063b 00       		.byte	0
 1619 063c 07       		.byte	7
 1620 063d 00       		.byte	0
 1621 063e 00       		.byte	0
 1622 063f 00       		.byte	0
 1623 0640 00       		.byte	0
 1624 0641 00       		.byte	0
 1625 0642 FF       		.byte	-1
 1626 0643 C0       		.byte	-64
 1627 0644 7F       		.byte	127
 1628 0645 C0       		.byte	-64
 1629 0646 60       		.byte	96
 1630 0647 00       		.byte	0
 1631 0648 70       		.byte	112
 1632 0649 00       		.byte	0
 1633 064a 30       		.byte	48
 1634 064b 00       		.byte	0
 1635 064c 38       		.byte	56
 1636 064d 00       		.byte	0
 1637 064e 38       		.byte	56
 1638 064f 00       		.byte	0
 1639 0650 18       		.byte	24
 1640 0651 00       		.byte	0
 1641 0652 1C       		.byte	28
 1642 0653 00       		.byte	0
 1643 0654 0C       		.byte	12
 1644 0655 00       		.byte	0
 1645 0656 0C       		.byte	12
 1646 0657 00       		.byte	0
 1647 0658 0E       		.byte	14
 1648 0659 00       		.byte	0
 1649 065a 06       		.byte	6
 1650 065b 00       		.byte	0
 1651 065c 07       		.byte	7
 1652 065d 00       		.byte	0
 1653 065e 00       		.byte	0
 1654 065f 00       		.byte	0
 1655 0660 00       		.byte	0
ARM GAS  /tmp/ccjWQ8Yy.s 			page 30


 1656 0661 00       		.byte	0
 1657 0662 FF       		.byte	-1
 1658 0663 C0       		.byte	-64
 1659 0664 7F       		.byte	127
 1660 0665 80       		.byte	-128
 1661 0666 60       		.byte	96
 1662 0667 00       		.byte	0
 1663 0668 70       		.byte	112
 1664 0669 00       		.byte	0
 1665 066a 30       		.byte	48
 1666 066b 00       		.byte	0
 1667 066c 30       		.byte	48
 1668 066d 00       		.byte	0
 1669 066e 18       		.byte	24
 1670 066f 00       		.byte	0
 1671 0670 18       		.byte	24
 1672 0671 00       		.byte	0
 1673 0672 1C       		.byte	28
 1674 0673 00       		.byte	0
 1675 0674 0C       		.byte	12
 1676 0675 00       		.byte	0
 1677 0676 0C       		.byte	12
 1678 0677 00       		.byte	0
 1679 0678 0E       		.byte	14
 1680 0679 00       		.byte	0
 1681 067a 06       		.byte	6
 1682 067b 00       		.byte	0
 1683 067c 06       		.byte	6
 1684 067d 00       		.byte	0
 1685 067e 00       		.byte	0
 1686 067f 00       		.byte	0
 1687 0680 00       		.byte	0
 1688 0681 00       		.byte	0
 1689 0682 7F       		.byte	127
 1690 0683 80       		.byte	-128
 1691 0684 7F       		.byte	127
 1692 0685 80       		.byte	-128
 1693 0686 60       		.byte	96
 1694 0687 00       		.byte	0
 1695 0688 20       		.byte	32
 1696 0689 00       		.byte	0
 1697 068a 30       		.byte	48
 1698 068b 00       		.byte	0
 1699 068c 30       		.byte	48
 1700 068d 00       		.byte	0
 1701 068e 18       		.byte	24
 1702 068f 00       		.byte	0
 1703 0690 18       		.byte	24
 1704 0691 00       		.byte	0
 1705 0692 18       		.byte	24
 1706 0693 00       		.byte	0
 1707 0694 0C       		.byte	12
 1708 0695 00       		.byte	0
 1709 0696 0C       		.byte	12
 1710 0697 00       		.byte	0
 1711 0698 06       		.byte	6
 1712 0699 00       		.byte	0
ARM GAS  /tmp/ccjWQ8Yy.s 			page 31


 1713 069a 06       		.byte	6
 1714 069b 00       		.byte	0
 1715 069c 06       		.byte	6
 1716 069d 00       		.byte	0
 1717 069e 00       		.byte	0
 1718 069f 00       		.byte	0
 1719 06a0 00       		.byte	0
 1720 06a1 00       		.byte	0
 1721 06a2 7F       		.byte	127
 1722 06a3 80       		.byte	-128
 1723 06a4 7F       		.byte	127
 1724 06a5 80       		.byte	-128
 1725 06a6 60       		.byte	96
 1726 06a7 00       		.byte	0
 1727 06a8 20       		.byte	32
 1728 06a9 00       		.byte	0
 1729 06aa 30       		.byte	48
 1730 06ab 00       		.byte	0
 1731 06ac 30       		.byte	48
 1732 06ad 00       		.byte	0
 1733 06ae 18       		.byte	24
 1734 06af 00       		.byte	0
 1735 06b0 18       		.byte	24
 1736 06b1 00       		.byte	0
 1737 06b2 08       		.byte	8
 1738 06b3 00       		.byte	0
 1739 06b4 0C       		.byte	12
 1740 06b5 00       		.byte	0
 1741 06b6 0C       		.byte	12
 1742 06b7 00       		.byte	0
 1743 06b8 04       		.byte	4
 1744 06b9 00       		.byte	0
 1745 06ba 06       		.byte	6
 1746 06bb 00       		.byte	0
 1747 06bc 06       		.byte	6
 1748 06bd 00       		.byte	0
 1749 06be 00       		.byte	0
 1750 06bf 00       		.byte	0
 1751 06c0 00       		.byte	0
 1752 06c1 00       		.byte	0
 1753 06c2 7F       		.byte	127
 1754 06c3 80       		.byte	-128
 1755 06c4 60       		.byte	96
 1756 06c5 00       		.byte	0
 1757 06c6 60       		.byte	96
 1758 06c7 00       		.byte	0
 1759 06c8 20       		.byte	32
 1760 06c9 00       		.byte	0
 1761 06ca 30       		.byte	48
 1762 06cb 00       		.byte	0
 1763 06cc 10       		.byte	16
 1764 06cd 00       		.byte	0
 1765 06ce 10       		.byte	16
 1766 06cf 00       		.byte	0
 1767 06d0 18       		.byte	24
 1768 06d1 00       		.byte	0
 1769 06d2 08       		.byte	8
ARM GAS  /tmp/ccjWQ8Yy.s 			page 32


 1770 06d3 00       		.byte	0
 1771 06d4 0C       		.byte	12
 1772 06d5 00       		.byte	0
 1773 06d6 0C       		.byte	12
 1774 06d7 00       		.byte	0
 1775 06d8 04       		.byte	4
 1776 06d9 00       		.byte	0
 1777 06da 06       		.byte	6
 1778 06db 00       		.byte	0
 1779 06dc 02       		.byte	2
 1780 06dd 00       		.byte	0
 1781 06de 00       		.byte	0
 1782 06df 00       		.byte	0
 1783 06e0 00       		.byte	0
 1784 06e1 00       		.byte	0
 1785 06e2 7F       		.byte	127
 1786 06e3 80       		.byte	-128
 1787 06e4 60       		.byte	96
 1788 06e5 00       		.byte	0
 1789 06e6 20       		.byte	32
 1790 06e7 00       		.byte	0
 1791 06e8 20       		.byte	32
 1792 06e9 00       		.byte	0
 1793 06ea 20       		.byte	32
 1794 06eb 00       		.byte	0
 1795 06ec 10       		.byte	16
 1796 06ed 00       		.byte	0
 1797 06ee 10       		.byte	16
 1798 06ef 00       		.byte	0
 1799 06f0 18       		.byte	24
 1800 06f1 00       		.byte	0
 1801 06f2 08       		.byte	8
 1802 06f3 00       		.byte	0
 1803 06f4 08       		.byte	8
 1804 06f5 00       		.byte	0
 1805 06f6 04       		.byte	4
 1806 06f7 00       		.byte	0
 1807 06f8 04       		.byte	4
 1808 06f9 00       		.byte	0
 1809 06fa 06       		.byte	6
 1810 06fb 00       		.byte	0
 1811 06fc 02       		.byte	2
 1812 06fd 00       		.byte	0
 1813 06fe 00       		.byte	0
 1814 06ff 00       		.byte	0
 1815 0700 00       		.byte	0
 1816 0701 00       		.byte	0
 1817 0702 3F       		.byte	63
 1818 0703 00       		.byte	0
 1819 0704 7F       		.byte	127
 1820 0705 80       		.byte	-128
 1821 0706 E1       		.byte	-31
 1822 0707 C0       		.byte	-64
 1823 0708 E1       		.byte	-31
 1824 0709 C0       		.byte	-64
 1825 070a E1       		.byte	-31
 1826 070b C0       		.byte	-64
ARM GAS  /tmp/ccjWQ8Yy.s 			page 33


 1827 070c 7F       		.byte	127
 1828 070d 80       		.byte	-128
 1829 070e 3F       		.byte	63
 1830 070f 00       		.byte	0
 1831 0710 73       		.byte	115
 1832 0711 80       		.byte	-128
 1833 0712 E1       		.byte	-31
 1834 0713 C0       		.byte	-64
 1835 0714 C1       		.byte	-63
 1836 0715 C0       		.byte	-64
 1837 0716 E1       		.byte	-31
 1838 0717 C0       		.byte	-64
 1839 0718 E1       		.byte	-31
 1840 0719 C0       		.byte	-64
 1841 071a 7F       		.byte	127
 1842 071b 80       		.byte	-128
 1843 071c 3F       		.byte	63
 1844 071d 00       		.byte	0
 1845 071e 00       		.byte	0
 1846 071f 00       		.byte	0
 1847 0720 00       		.byte	0
 1848 0721 00       		.byte	0
 1849 0722 3F       		.byte	63
 1850 0723 00       		.byte	0
 1851 0724 7F       		.byte	127
 1852 0725 80       		.byte	-128
 1853 0726 E1       		.byte	-31
 1854 0727 80       		.byte	-128
 1855 0728 E1       		.byte	-31
 1856 0729 C0       		.byte	-64
 1857 072a 61       		.byte	97
 1858 072b 80       		.byte	-128
 1859 072c 7F       		.byte	127
 1860 072d 80       		.byte	-128
 1861 072e 3F       		.byte	63
 1862 072f 00       		.byte	0
 1863 0730 73       		.byte	115
 1864 0731 80       		.byte	-128
 1865 0732 E1       		.byte	-31
 1866 0733 C0       		.byte	-64
 1867 0734 C0       		.byte	-64
 1868 0735 C0       		.byte	-64
 1869 0736 C1       		.byte	-63
 1870 0737 C0       		.byte	-64
 1871 0738 E1       		.byte	-31
 1872 0739 C0       		.byte	-64
 1873 073a 7F       		.byte	127
 1874 073b 80       		.byte	-128
 1875 073c 3F       		.byte	63
 1876 073d 00       		.byte	0
 1877 073e 00       		.byte	0
 1878 073f 00       		.byte	0
 1879 0740 00       		.byte	0
 1880 0741 00       		.byte	0
 1881 0742 3F       		.byte	63
 1882 0743 00       		.byte	0
 1883 0744 7F       		.byte	127
ARM GAS  /tmp/ccjWQ8Yy.s 			page 34


 1884 0745 80       		.byte	-128
 1885 0746 61       		.byte	97
 1886 0747 80       		.byte	-128
 1887 0748 E1       		.byte	-31
 1888 0749 80       		.byte	-128
 1889 074a 61       		.byte	97
 1890 074b 80       		.byte	-128
 1891 074c 7F       		.byte	127
 1892 074d 80       		.byte	-128
 1893 074e 3F       		.byte	63
 1894 074f 00       		.byte	0
 1895 0750 63       		.byte	99
 1896 0751 80       		.byte	-128
 1897 0752 C1       		.byte	-63
 1898 0753 80       		.byte	-128
 1899 0754 C0       		.byte	-64
 1900 0755 C0       		.byte	-64
 1901 0756 C0       		.byte	-64
 1902 0757 C0       		.byte	-64
 1903 0758 E1       		.byte	-31
 1904 0759 C0       		.byte	-64
 1905 075a 7F       		.byte	127
 1906 075b 80       		.byte	-128
 1907 075c 3F       		.byte	63
 1908 075d 00       		.byte	0
 1909 075e 00       		.byte	0
 1910 075f 00       		.byte	0
 1911 0760 00       		.byte	0
 1912 0761 00       		.byte	0
 1913 0762 1E       		.byte	30
 1914 0763 00       		.byte	0
 1915 0764 7F       		.byte	127
 1916 0765 80       		.byte	-128
 1917 0766 61       		.byte	97
 1918 0767 80       		.byte	-128
 1919 0768 41       		.byte	65
 1920 0769 80       		.byte	-128
 1921 076a 61       		.byte	97
 1922 076b 80       		.byte	-128
 1923 076c 3F       		.byte	63
 1924 076d 80       		.byte	-128
 1925 076e 3E       		.byte	62
 1926 076f 00       		.byte	0
 1927 0770 61       		.byte	97
 1928 0771 80       		.byte	-128
 1929 0772 C0       		.byte	-64
 1930 0773 80       		.byte	-128
 1931 0774 C0       		.byte	-64
 1932 0775 C0       		.byte	-64
 1933 0776 C0       		.byte	-64
 1934 0777 C0       		.byte	-64
 1935 0778 61       		.byte	97
 1936 0779 80       		.byte	-128
 1937 077a 7F       		.byte	127
 1938 077b 80       		.byte	-128
 1939 077c 3F       		.byte	63
 1940 077d 00       		.byte	0
ARM GAS  /tmp/ccjWQ8Yy.s 			page 35


 1941 077e 00       		.byte	0
 1942 077f 00       		.byte	0
 1943 0780 00       		.byte	0
 1944 0781 00       		.byte	0
 1945 0782 1E       		.byte	30
 1946 0783 00       		.byte	0
 1947 0784 73       		.byte	115
 1948 0785 80       		.byte	-128
 1949 0786 61       		.byte	97
 1950 0787 80       		.byte	-128
 1951 0788 40       		.byte	64
 1952 0789 80       		.byte	-128
 1953 078a 61       		.byte	97
 1954 078b 80       		.byte	-128
 1955 078c 33       		.byte	51
 1956 078d 00       		.byte	0
 1957 078e 3E       		.byte	62
 1958 078f 00       		.byte	0
 1959 0790 61       		.byte	97
 1960 0791 00       		.byte	0
 1961 0792 40       		.byte	64
 1962 0793 80       		.byte	-128
 1963 0794 C0       		.byte	-64
 1964 0795 80       		.byte	-128
 1965 0796 C0       		.byte	-64
 1966 0797 C0       		.byte	-64
 1967 0798 61       		.byte	97
 1968 0799 80       		.byte	-128
 1969 079a 73       		.byte	115
 1970 079b 80       		.byte	-128
 1971 079c 1E       		.byte	30
 1972 079d 00       		.byte	0
 1973 079e 00       		.byte	0
 1974 079f 00       		.byte	0
 1975 07a0 00       		.byte	0
 1976 07a1 00       		.byte	0
 1977 07a2 1E       		.byte	30
 1978 07a3 00       		.byte	0
 1979 07a4 73       		.byte	115
 1980 07a5 00       		.byte	0
 1981 07a6 41       		.byte	65
 1982 07a7 80       		.byte	-128
 1983 07a8 40       		.byte	64
 1984 07a9 80       		.byte	-128
 1985 07aa 41       		.byte	65
 1986 07ab 80       		.byte	-128
 1987 07ac 33       		.byte	51
 1988 07ad 00       		.byte	0
 1989 07ae 1E       		.byte	30
 1990 07af 00       		.byte	0
 1991 07b0 61       		.byte	97
 1992 07b1 00       		.byte	0
 1993 07b2 40       		.byte	64
 1994 07b3 80       		.byte	-128
 1995 07b4 C0       		.byte	-64
 1996 07b5 80       		.byte	-128
 1997 07b6 40       		.byte	64
ARM GAS  /tmp/ccjWQ8Yy.s 			page 36


 1998 07b7 80       		.byte	-128
 1999 07b8 41       		.byte	65
 2000 07b9 80       		.byte	-128
 2001 07ba 73       		.byte	115
 2002 07bb 80       		.byte	-128
 2003 07bc 1E       		.byte	30
 2004 07bd 00       		.byte	0
 2005 07be 00       		.byte	0
 2006 07bf 00       		.byte	0
 2007 07c0 00       		.byte	0
 2008 07c1 00       		.byte	0
 2009 07c2 0C       		.byte	12
 2010 07c3 00       		.byte	0
 2011 07c4 23       		.byte	35
 2012 07c5 00       		.byte	0
 2013 07c6 40       		.byte	64
 2014 07c7 80       		.byte	-128
 2015 07c8 40       		.byte	64
 2016 07c9 80       		.byte	-128
 2017 07ca 40       		.byte	64
 2018 07cb 80       		.byte	-128
 2019 07cc 21       		.byte	33
 2020 07cd 00       		.byte	0
 2021 07ce 1E       		.byte	30
 2022 07cf 00       		.byte	0
 2023 07d0 61       		.byte	97
 2024 07d1 00       		.byte	0
 2025 07d2 40       		.byte	64
 2026 07d3 80       		.byte	-128
 2027 07d4 40       		.byte	64
 2028 07d5 80       		.byte	-128
 2029 07d6 40       		.byte	64
 2030 07d7 80       		.byte	-128
 2031 07d8 40       		.byte	64
 2032 07d9 80       		.byte	-128
 2033 07da 23       		.byte	35
 2034 07db 00       		.byte	0
 2035 07dc 0C       		.byte	12
 2036 07dd 00       		.byte	0
 2037 07de 00       		.byte	0
 2038 07df 00       		.byte	0
 2039 07e0 00       		.byte	0
 2040 07e1 00       		.byte	0
 2041 07e2 3F       		.byte	63
 2042 07e3 00       		.byte	0
 2043 07e4 7F       		.byte	127
 2044 07e5 80       		.byte	-128
 2045 07e6 71       		.byte	113
 2046 07e7 C0       		.byte	-64
 2047 07e8 E1       		.byte	-31
 2048 07e9 C0       		.byte	-64
 2049 07ea E1       		.byte	-31
 2050 07eb C0       		.byte	-64
 2051 07ec E1       		.byte	-31
 2052 07ed C0       		.byte	-64
 2053 07ee F1       		.byte	-15
 2054 07ef C0       		.byte	-64
ARM GAS  /tmp/ccjWQ8Yy.s 			page 37


 2055 07f0 FF       		.byte	-1
 2056 07f1 80       		.byte	-128
 2057 07f2 FF       		.byte	-1
 2058 07f3 00       		.byte	0
 2059 07f4 E0       		.byte	-32
 2060 07f5 00       		.byte	0
 2061 07f6 E0       		.byte	-32
 2062 07f7 00       		.byte	0
 2063 07f8 70       		.byte	112
 2064 07f9 80       		.byte	-128
 2065 07fa 3F       		.byte	63
 2066 07fb 80       		.byte	-128
 2067 07fc 1F       		.byte	31
 2068 07fd 80       		.byte	-128
 2069 07fe 00       		.byte	0
 2070 07ff 00       		.byte	0
 2071 0800 00       		.byte	0
 2072 0801 00       		.byte	0
 2073 0802 1F       		.byte	31
 2074 0803 00       		.byte	0
 2075 0804 7F       		.byte	127
 2076 0805 80       		.byte	-128
 2077 0806 61       		.byte	97
 2078 0807 C0       		.byte	-64
 2079 0808 E1       		.byte	-31
 2080 0809 C0       		.byte	-64
 2081 080a E0       		.byte	-32
 2082 080b C0       		.byte	-64
 2083 080c E1       		.byte	-31
 2084 080d C0       		.byte	-64
 2085 080e E1       		.byte	-31
 2086 080f C0       		.byte	-64
 2087 0810 FF       		.byte	-1
 2088 0811 80       		.byte	-128
 2089 0812 FF       		.byte	-1
 2090 0813 00       		.byte	0
 2091 0814 E0       		.byte	-32
 2092 0815 00       		.byte	0
 2093 0816 60       		.byte	96
 2094 0817 00       		.byte	0
 2095 0818 70       		.byte	112
 2096 0819 00       		.byte	0
 2097 081a 3F       		.byte	63
 2098 081b 80       		.byte	-128
 2099 081c 1F       		.byte	31
 2100 081d 80       		.byte	-128
 2101 081e 00       		.byte	0
 2102 081f 00       		.byte	0
 2103 0820 00       		.byte	0
 2104 0821 00       		.byte	0
 2105 0822 1F       		.byte	31
 2106 0823 00       		.byte	0
 2107 0824 3F       		.byte	63
 2108 0825 80       		.byte	-128
 2109 0826 61       		.byte	97
 2110 0827 80       		.byte	-128
 2111 0828 60       		.byte	96
ARM GAS  /tmp/ccjWQ8Yy.s 			page 38


 2112 0829 C0       		.byte	-64
 2113 082a E0       		.byte	-32
 2114 082b C0       		.byte	-64
 2115 082c E0       		.byte	-32
 2116 082d C0       		.byte	-64
 2117 082e E1       		.byte	-31
 2118 082f C0       		.byte	-64
 2119 0830 FF       		.byte	-1
 2120 0831 80       		.byte	-128
 2121 0832 DF       		.byte	-33
 2122 0833 00       		.byte	0
 2123 0834 E0       		.byte	-32
 2124 0835 00       		.byte	0
 2125 0836 60       		.byte	96
 2126 0837 00       		.byte	0
 2127 0838 70       		.byte	112
 2128 0839 00       		.byte	0
 2129 083a 3F       		.byte	63
 2130 083b 80       		.byte	-128
 2131 083c 1F       		.byte	31
 2132 083d 80       		.byte	-128
 2133 083e 00       		.byte	0
 2134 083f 00       		.byte	0
 2135 0840 00       		.byte	0
 2136 0841 00       		.byte	0
 2137 0842 1E       		.byte	30
 2138 0843 00       		.byte	0
 2139 0844 3F       		.byte	63
 2140 0845 80       		.byte	-128
 2141 0846 61       		.byte	97
 2142 0847 80       		.byte	-128
 2143 0848 60       		.byte	96
 2144 0849 C0       		.byte	-64
 2145 084a C0       		.byte	-64
 2146 084b C0       		.byte	-64
 2147 084c E0       		.byte	-32
 2148 084d C0       		.byte	-64
 2149 084e E1       		.byte	-31
 2150 084f 80       		.byte	-128
 2151 0850 FF       		.byte	-1
 2152 0851 80       		.byte	-128
 2153 0852 DF       		.byte	-33
 2154 0853 00       		.byte	0
 2155 0854 40       		.byte	64
 2156 0855 00       		.byte	0
 2157 0856 60       		.byte	96
 2158 0857 00       		.byte	0
 2159 0858 70       		.byte	112
 2160 0859 00       		.byte	0
 2161 085a 3F       		.byte	63
 2162 085b 80       		.byte	-128
 2163 085c 0F       		.byte	15
 2164 085d 00       		.byte	0
 2165 085e 00       		.byte	0
 2166 085f 00       		.byte	0
 2167 0860 00       		.byte	0
 2168 0861 00       		.byte	0
ARM GAS  /tmp/ccjWQ8Yy.s 			page 39


 2169 0862 1E       		.byte	30
 2170 0863 00       		.byte	0
 2171 0864 3B       		.byte	59
 2172 0865 80       		.byte	-128
 2173 0866 61       		.byte	97
 2174 0867 80       		.byte	-128
 2175 0868 40       		.byte	64
 2176 0869 C0       		.byte	-64
 2177 086a 40       		.byte	64
 2178 086b C0       		.byte	-64
 2179 086c C0       		.byte	-64
 2180 086d C0       		.byte	-64
 2181 086e E1       		.byte	-31
 2182 086f 80       		.byte	-128
 2183 0870 FB       		.byte	-5
 2184 0871 80       		.byte	-128
 2185 0872 CE       		.byte	-50
 2186 0873 00       		.byte	0
 2187 0874 40       		.byte	64
 2188 0875 00       		.byte	0
 2189 0876 60       		.byte	96
 2190 0877 00       		.byte	0
 2191 0878 20       		.byte	32
 2192 0879 00       		.byte	0
 2193 087a 3F       		.byte	63
 2194 087b 80       		.byte	-128
 2195 087c 0F       		.byte	15
 2196 087d 00       		.byte	0
 2197 087e 00       		.byte	0
 2198 087f 00       		.byte	0
 2199 0880 00       		.byte	0
 2200 0881 00       		.byte	0
 2201 0882 0E       		.byte	14
 2202 0883 00       		.byte	0
 2203 0884 33       		.byte	51
 2204 0885 00       		.byte	0
 2205 0886 61       		.byte	97
 2206 0887 80       		.byte	-128
 2207 0888 40       		.byte	64
 2208 0889 80       		.byte	-128
 2209 088a 40       		.byte	64
 2210 088b C0       		.byte	-64
 2211 088c 40       		.byte	64
 2212 088d 80       		.byte	-128
 2213 088e 60       		.byte	96
 2214 088f 80       		.byte	-128
 2215 0890 73       		.byte	115
 2216 0891 80       		.byte	-128
 2217 0892 4E       		.byte	78
 2218 0893 00       		.byte	0
 2219 0894 40       		.byte	64
 2220 0895 00       		.byte	0
 2221 0896 60       		.byte	96
 2222 0897 00       		.byte	0
 2223 0898 20       		.byte	32
 2224 0899 00       		.byte	0
 2225 089a 19       		.byte	25
ARM GAS  /tmp/ccjWQ8Yy.s 			page 40


 2226 089b 80       		.byte	-128
 2227 089c 0F       		.byte	15
 2228 089d 00       		.byte	0
 2229 089e 00       		.byte	0
 2230 089f 00       		.byte	0
 2231 08a0 00       		.byte	0
 2232 08a1 00       		.byte	0
 2233 08a2 0C       		.byte	12
 2234 08a3 00       		.byte	0
 2235 08a4 31       		.byte	49
 2236 08a5 00       		.byte	0
 2237 08a6 20       		.byte	32
 2238 08a7 80       		.byte	-128
 2239 08a8 40       		.byte	64
 2240 08a9 80       		.byte	-128
 2241 08aa 40       		.byte	64
 2242 08ab 80       		.byte	-128
 2243 08ac 40       		.byte	64
 2244 08ad 80       		.byte	-128
 2245 08ae 60       		.byte	96
 2246 08af 80       		.byte	-128
 2247 08b0 51       		.byte	81
 2248 08b1 00       		.byte	0
 2249 08b2 4C       		.byte	76
 2250 08b3 00       		.byte	0
 2251 08b4 40       		.byte	64
 2252 08b5 00       		.byte	0
 2253 08b6 40       		.byte	64
 2254 08b7 00       		.byte	0
 2255 08b8 20       		.byte	32
 2256 08b9 00       		.byte	0
 2257 08ba 18       		.byte	24
 2258 08bb 80       		.byte	-128
 2259 08bc 06       		.byte	6
 2260 08bd 00       		.byte	0
 2261 08be 00       		.byte	0
 2262 08bf 00       		.byte	0
 2263              		.text
 2264              	.Letext0:
 2265              		.file 1 "Src/sprites.c"
ARM GAS  /tmp/ccjWQ8Yy.s 			page 41


DEFINED SYMBOLS
                            *ABS*:0000000000000000 sprites.c
     /tmp/ccjWQ8Yy.s:22     .data.sprites:0000000000000000 sprites
     /tmp/ccjWQ8Yy.s:19     .data.sprites:0000000000000000 $d

NO UNDEFINED SYMBOLS
